#
# A fatal error has been detected by the Java Runtime Environment:
#
#  EXCEPTION_ACCESS_VIOLATION (0xc0000005) at pc=0x00007ff95307d65a, pid=29672, tid=10244
#
# JRE version: Java(TM) SE Runtime Environment (17.0.2+8) (build 17.0.2+8-LTS-86)
# Java VM: Java HotSpot(TM) 64-Bit Server VM (17.0.2+8-LTS-86, mixed mode, sharing, tiered, compressed oops, compressed class ptrs, g1 gc, windows-amd64)
# Problematic frame:
# V  [jvm.dll+0x73d65a]
#
# No core dump will be written. Minidumps are not enabled by default on client versions of Windows
#
# If you would like to submit a bug report, please visit:
#   https://bugreport.java.com/bugreport/crash.jsp
#

---------------  S U M M A R Y ------------

Command Line: -XX:+ShowCodeDetailsInExceptionMessages -agentlib:jdwp=transport=dt_socket,suspend=y,address=localhost:50847 -Dspring.profiles.active=local -javaagent:C:\Users\Hp\eclipse\java-2023-03\eclipse\configuration\org.eclipse.osgi\231\0\.cp\lib\javaagent-shaded.jar -Dfile.encoding=UTF-8 com.arenella.recruit.RecruitApplication

Host: Intel(R) Core(TM) i7-8565U CPU @ 1.80GHz, 8 cores, 7G,  Windows 11 , 64 bit Build 22621 (10.0.22621.3958)
Time: Sun Aug 25 20:26:13 2024 West-Europa (zomertijd) elapsed time: 194.500771 seconds (0d 0h 3m 14s)

---------------  T H R E A D  ---------------

Current thread (0x00000209e5e2b310):  JavaThread "JDWP Transport Listener: dt_socket" daemon [_thread_in_vm, id=10244, stack(0x000000ba84000000,0x000000ba84100000)]

Stack: [0x000000ba84000000,0x000000ba84100000],  sp=0x000000ba840ff7c0,  free space=1021k
Native frames: (J=compiled Java code, j=interpreted, Vv=VM code, C=native code)
V  [jvm.dll+0x73d65a]
V  [jvm.dll+0x504e0c]
V  [jvm.dll+0x4d0634]
C  [jdwp.dll+0x22e9f]


siginfo: EXCEPTION_ACCESS_VIOLATION (0xc0000005), reading address 0x0000000002150217


Register to memory mapping:

RIP=0x00007ff95307d65a jvm.dll
RAX=0x0000000000000212 is an unknown value
RBX=0x00000209e5cd9e9c points into unknown readable memory: 00 72 79 3b
RCX=0x0000000002150213 is an unknown value
RDX=0x00000209ed254810 points into unknown readable memory: 0x6572612f6d6f634c | 4c 63 6f 6d 2f 61 72 65
RSP=0x000000ba840ff7c0 is pointing into the stack for thread: 0x00000209e5e2b310
RBP=0x00000209e5d5d190 points into unknown readable memory: 0x0043005000000002 | 02 00 00 00 50 00 43 00
RSI=0x0 is NULL
RDI=0xffffffffffffffff is an unknown value
R8 =0x00000000000001b3 is an unknown value
R9 =0x0000000000000040 is an unknown value
R10=0x0000000000000180 is an unknown value
R11=0x000000ba840ff7e0 is pointing into the stack for thread: 0x00000209e5e2b310
R12=0x000000ba840ff918 is pointing into the stack for thread: 0x00000209e5e2b310
R13=0x0 is NULL
R14=0x0000000800eeefb8 is a pointer to class: 
com.arenella.recruit.candidates.repos.CandidateRepository {0x0000000800eeefc0}
 - instance size:     2
 - klass size:        63
 - access:            public interface abstract 
 - state:             fully_initialized
 - name:              'com/arenella/recruit/candidates/repos/CandidateRepository'
 - super:             'java/lang/Object'
 - sub:               
 - nof implementors:  1
 - implementor:    
   'jdk/proxy2/$Proxy171'
 - arrays:            NULL
 - methods:           Array<T>(0x00000209f0ee7e28)
 - method ordering:   Array<T>(0x00000209f0d87c00)
 - default_methods:   Array<T>(0x0000000000000000)
 - local interfaces:  Array<T>(0x00000209ec5e91b8)
 - trans. interfaces: Array<T>(0x00000209ec5ed870)
 - constants:         constant pool [715]/operands[98] {0x00000209f0e0b8c0} for 'com/arenella/recruit/candidates/repos/CandidateRepository' cache=0x00000209f1178a10
 - class loader data:  loader data: 0x00000209e5cbeca0 for instance a 'jdk/internal/loader/ClassLoaders$AppClassLoader'{0x0000000082892770}
 - source file:       'CandidateRepository.java'
 - source debug extension:       SMAP
CandidateRepository.java
Java
*S jdt
*F
1 CandidateRepository.java
2 file:/C:/eclipse-projects/recruit/recruit/target/classes/
*L
*E

 - class annotations:       Array<T>(0x0000000000000000)
 - class type annotations:  Array<T>(0x0000000000000000)
 - field annotations:       Array<T>(0x0000000000000000)
 - field type annotations:  Array<T>(0x0000000000000000)
 - generic signature: '
[error occurred during error reporting (printing register info), id 0xc0000005, EXCEPTION_ACCESS_VIOLATION (0xc0000005) at pc=0x00007ff95307e266]

Registers:
RAX=0x0000000000000212, RBX=0x00000209e5cd9e9c, RCX=0x0000000002150213, RDX=0x00000209ed254810
RSP=0x000000ba840ff7c0, RBP=0x00000209e5d5d190, RSI=0x0000000000000000, RDI=0xffffffffffffffff
R8 =0x00000000000001b3, R9 =0x0000000000000040, R10=0x0000000000000180, R11=0x000000ba840ff7e0
R12=0x000000ba840ff918, R13=0x0000000000000000, R14=0x0000000800eeefb8, R15=0x000000ba840ff940
RIP=0x00007ff95307d65a, EFLAGS=0x0000000000010206

Top of Stack: (sp=0x000000ba840ff7c0)
0x000000ba840ff7c0:   0000000000000039 0000000800eeefb8
0x000000ba840ff7d0:   00000209ed254a40 00007ff97a92aff1
0x000000ba840ff7e0:   ffffffffffffffff 00007ff952e44e0c
0x000000ba840ff7f0:   00000209e5cd9e9c 00000209e5cd9e60
0x000000ba840ff800:   00000209e5d5d190 00007ff952e479dd
0x000000ba840ff810:   00000209e5cd9e10 00000000000003d8
0x000000ba840ff820:   00000209e5cd9e20 00000209e5cda1f8
0x000000ba840ff830:   0000000000021a02 000000ba840ff918
0x000000ba840ff840:   0000000000000007 00000209e5e2b5b8
0x000000ba840ff850:   00000000837bfbf8 00007ff952e10634
0x000000ba840ff860:   00000209e5e2b310 000000ba840ff940
0x000000ba840ff870:   00000209c6f8fa40 000000ba840ff940
0x000000ba840ff880:   00000209e5e2b310 0000000000000000
0x000000ba840ff890:   0000000000000000 0000000000000000
0x000000ba840ff8a0:   00000209eca0c618 00007ff953f62e9f
0x000000ba840ff8b0:   000000ba840ff938 00007ff953f71830 

Instructions: (pc=0x00007ff95307d65a)
0x00007ff95307d55a:   48 83 c4 20 5f e9 8c 75 96 ff cc cc cc cc cc cc
0x00007ff95307d56a:   cc cc cc cc cc cc 48 89 5c 24 08 57 48 83 ec 20
0x00007ff95307d57a:   83 fa 02 8d 42 06 b9 08 00 00 00 49 8b d8 0f 4e
0x00007ff95307d58a:   c1 48 63 c8 48 83 c1 07 83 e1 f8 48 63 f9 49 8b
0x00007ff95307d59a:   48 18 48 8b c7 48 f7 d0 48 3b c1 73 16 4c 8d 05
0x00007ff95307d5aa:   9a 52 17 00 48 8b d7 48 8b cb e8 97 d8 96 ff 48
0x00007ff95307d5ba:   8b 4b 18 48 8d 04 39 48 3b 43 20 76 18 45 33 c0
0x00007ff95307d5ca:   48 8b d7 48 8b cb 48 8b 5c 24 30 48 83 c4 20 5f
0x00007ff95307d5da:   e9 f1 d4 96 ff 48 89 43 18 48 8b c1 48 8b 5c 24
0x00007ff95307d5ea:   30 48 83 c4 20 5f c3 cc cc cc cc cc cc cc cc cc
0x00007ff95307d5fa:   cc cc cc cc cc cc 4c 8b d2 4c 8b d9 45 85 c0 7e
0x00007ff95307d60a:   3c 44 0f b7 49 04 41 8d 40 ff 41 3b c1 44 0f 4c
0x00007ff95307d61a:   c8 4d 63 c1 45 85 c9 7e 1f 48 8b c2 4c 2b da 49
0x00007ff95307d62a:   8b d0 0f 1f 40 00 41 0f b6 4c 03 06 88 08 48 8d
0x00007ff95307d63a:   40 01 48 83 ea 01 75 ee 43 c6 04 10 00 49 8b c2
0x00007ff95307d64a:   c3 cc cc cc cc cc 48 89 5c 24 08 57 48 83 ec 20
0x00007ff95307d65a:   0f b7 59 04 48 8b f9 33 d2 48 8d 4b 01 e8 44 96
0x00007ff95307d66a:   f8 ff 0f b7 57 04 4c 8b c0 3b da 0f 42 d3 44 8b
0x00007ff95307d67a:   ca 85 d2 74 39 48 2b f8 0f 1f 40 00 66 66 0f 1f
0x00007ff95307d68a:   84 00 00 00 00 00 0f b6 4c 07 06 88 08 48 ff c0
0x00007ff95307d69a:   48 8b c8 49 2b c8 49 3b c9 7c eb 42 c6 04 02 00
0x00007ff95307d6aa:   49 8b c0 48 8b 5c 24 30 48 83 c4 20 5f c3 48 8b
0x00007ff95307d6ba:   5c 24 30 c6 04 02 00 48 83 c4 20 5f c3 cc cc cc
0x00007ff95307d6ca:   cc cc cc cc cc cc 4c 8b d1 45 85 c0 7e 6c 44 0f
0x00007ff95307d6da:   b7 49 04 41 8d 40 ff 41 3b c1 44 0f 4c c8 4d 63
0x00007ff95307d6ea:   d9 45 85 c9 7e 22 48 8b ca 4c 2b d2 4d 8b c3 0f
0x00007ff95307d6fa:   1f 80 00 00 00 00 41 0f b6 44 0a 06 88 01 48 8d
0x00007ff95307d70a:   49 01 49 83 e8 01 75 ee 41 c6 04 13 00 48 c7 c0
0x00007ff95307d71a:   ff ff ff ff 66 90 48 ff c0 80 3c 02 00 75 f7 48
0x00007ff95307d72a:   63 c8 85 c0 48 8b c2 7e 14 80 38 2f 75 03 c6 00
0x00007ff95307d73a:   2e 48 ff c0 48 83 e9 01 75 ef 48 8b c2 c3 cc cc
0x00007ff95307d74a:   cc cc cc cc cc cc 48 83 ec 28 e8 f7 fe ff ff 4c 


Stack slot to memory mapping:
stack at sp + 0 slots: 0x0000000000000039 is an unknown value
stack at sp + 1 slots: 0x0000000800eeefb8 is a pointer to class: 
com.arenella.recruit.candidates.repos.CandidateRepository {0x0000000800eeefc0}
 - instance size:     2
 - klass size:        63
 - access:            public interface abstract 
 - state:             fully_initialized
 - name:              'com/arenella/recruit/candidates/repos/CandidateRepository'
 - super:             'java/lang/Object'
 - sub:               
 - nof implementors:  1
 - implementor:    
   'jdk/proxy2/$Proxy171'
 - arrays:            NULL
 - methods:           Array<T>(0x00000209f0ee7e28)
 - method ordering:   Array<T>(0x00000209f0d87c00)
 - default_methods:   Array<T>(0x0000000000000000)
 - local interfaces:  Array<T>(0x00000209ec5e91b8)
 - trans. interfaces: Array<T>(0x00000209ec5ed870)
 - constants:         constant pool [715]/operands[98] {0x00000209f0e0b8c0} for 'com/arenella/recruit/candidates/repos/CandidateRepository' cache=0x00000209f1178a10
 - class loader data:  loader data: 0x00000209e5cbeca0 for instance a 'jdk/internal/loader/ClassLoaders$AppClassLoader'{0x0000000082892770}
 - source file:       'CandidateRepository.java'
 - source debug extension:       SMAP
CandidateRepository.java
Java
*S jdt
*F
1 CandidateRepository.java
2 file:/C:/eclipse-projects/recruit/recruit/target/classes/
*L
*E

 - class annotations:       Array<T>(0x0000000000000000)
 - class type annotations:  Array<T>(0x0000000000000000)
 - field annotations:       Array<T>(0x0000000000000000)
 - field type annotations:  Array<T>(0x0000000000000000)
 - generic signature: '
[error occurred during error reporting (inspecting top of stack), id 0xc0000005, EXCEPTION_ACCESS_VIOLATION (0xc0000005) at pc=0x00007ff95307e266]


---------------  P R O C E S S  ---------------

Threads class SMR info:
_java_thread_list=0x00000209e9bcb0f0, length=67, elements={
0x00000209e502c460, 0x00000209e502d3f0, 0x00000209e5041a30, 0x00000209e50424f0,
0x00000209e5044dc0, 0x00000209e5045890, 0x00000209e50521b0, 0x00000209e5053ac0,
0x00000209e50567d0, 0x00000209e5cbb350, 0x00000209e5e2b310, 0x00000209e5d7b9d0,
0x00000209e5d7bec0, 0x00000209e6c1f3a0, 0x00000209e6c1e530, 0x00000209e6c20210,
0x00000209e6c1ea00, 0x00000209e6c206e0, 0x00000209ecfc0ee0, 0x00000209ecfbbd10,
0x00000209ecfbf6d0, 0x00000209ecfbaea0, 0x00000209ecfbc6b0, 0x00000209ecfc0540,
0x00000209ecfbc1e0, 0x00000209ecfbfba0, 0x00000209ecfbb370, 0x00000209ecfbcb80,
0x00000209ecfbe390, 0x00000209ed101540, 0x00000209ed101ee0, 0x00000209ed105d70,
0x00000209ed1053d0, 0x00000209ed104560, 0x00000209ed101070, 0x00000209ed1023b0,
0x00000209ed1083f0, 0x00000209ed104a30, 0x00000209ed107a50, 0x00000209ed107f20,
0x00000209ed104090, 0x00000209ed102880, 0x00000209ed1088c0, 0x00000209ed102d50,
0x00000209ed106240, 0x00000209ed101a10, 0x00000209ed103220, 0x00000209ed1036f0,
0x00000209ed104f00, 0x00000209ed1058a0, 0x00000209ed103bc0, 0x00000209ed106710,
0x00000209ed106be0, 0x00000209ed107580, 0x00000209e7640bb0, 0x00000209e763f870,
0x00000209e76406e0, 0x00000209e7641a20, 0x00000209e7643bd0, 0x00000209e7641080,
0x00000209e763fd40, 0x00000209e7641550, 0x00000209e7640210, 0x00000209e763f3a0,
0x00000209e763ea00, 0x00000209e763e060, 0x00000209e7641ef0
}

Java Threads: ( => current thread )
  0x00000209e502c460 JavaThread "Reference Handler" daemon [_thread_blocked, id=5784, stack(0x000000ba83500000,0x000000ba83600000)]
  0x00000209e502d3f0 JavaThread "Finalizer" daemon [_thread_blocked, id=27088, stack(0x000000ba83600000,0x000000ba83700000)]
  0x00000209e5041a30 JavaThread "Signal Dispatcher" daemon [_thread_blocked, id=5304, stack(0x000000ba83700000,0x000000ba83800000)]
  0x00000209e50424f0 JavaThread "Attach Listener" daemon [_thread_blocked, id=31276, stack(0x000000ba83800000,0x000000ba83900000)]
  0x00000209e5044dc0 JavaThread "Service Thread" daemon [_thread_blocked, id=28180, stack(0x000000ba83900000,0x000000ba83a00000)]
  0x00000209e5045890 JavaThread "Monitor Deflation Thread" daemon [_thread_blocked, id=34976, stack(0x000000ba83a00000,0x000000ba83b00000)]
  0x00000209e50521b0 JavaThread "C2 CompilerThread0" daemon [_thread_blocked, id=18120, stack(0x000000ba83b00000,0x000000ba83c00000)]
  0x00000209e5053ac0 JavaThread "C1 CompilerThread0" daemon [_thread_blocked, id=36828, stack(0x000000ba83c00000,0x000000ba83d00000)]
  0x00000209e50567d0 JavaThread "Sweeper thread" daemon [_thread_blocked, id=26888, stack(0x000000ba83d00000,0x000000ba83e00000)]
  0x00000209e5cbb350 JavaThread "Common-Cleaner" daemon [_thread_blocked, id=23432, stack(0x000000ba83e00000,0x000000ba83f00000)]
=>0x00000209e5e2b310 JavaThread "JDWP Transport Listener: dt_socket" daemon [_thread_in_vm, id=10244, stack(0x000000ba84000000,0x000000ba84100000)]
  0x00000209e5d7b9d0 JavaThread "JDWP Event Helper Thread" daemon [_thread_blocked, id=32316, stack(0x000000ba84100000,0x000000ba84200000)]
  0x00000209e5d7bec0 JavaThread "JDWP Command Reader" daemon [_thread_in_native, id=16156, stack(0x000000ba84200000,0x000000ba84300000)]
  0x00000209e6c1f3a0 JavaThread "Notification Thread" daemon [_thread_blocked, id=36196, stack(0x000000ba84300000,0x000000ba84400000)]
  0x00000209e6c1e530 JavaThread "Catalina-utility-1" [_thread_blocked, id=35936, stack(0x000000ba84d00000,0x000000ba84e00000)]
  0x00000209e6c20210 JavaThread "Catalina-utility-2" [_thread_blocked, id=29504, stack(0x000000ba84e00000,0x000000ba84f00000)]
  0x00000209e6c1ea00 JavaThread "container-0" [_thread_blocked, id=27592, stack(0x000000ba84f00000,0x000000ba85000000)]
  0x00000209e6c206e0 JavaThread "PostgreSQL-JDBC-Cleaner" daemon [_thread_blocked, id=24856, stack(0x000000ba85100000,0x000000ba85200000)]
  0x00000209ecfc0ee0 JavaThread "HikariPool-1 housekeeper" daemon [_thread_blocked, id=35120, stack(0x000000ba85200000,0x000000ba85300000)]
  0x00000209ecfbbd10 JavaThread "pool-3-thread-1" [_thread_in_native, id=35652, stack(0x000000ba83f00000,0x000000ba84000000)]
  0x00000209ecfbf6d0 JavaThread "I/O dispatcher 1" [_thread_in_native, id=13180, stack(0x000000ba85300000,0x000000ba85400000)]
  0x00000209ecfbaea0 JavaThread "I/O dispatcher 2" [_thread_in_native, id=32708, stack(0x000000ba85400000,0x000000ba85500000)]
  0x00000209ecfbc6b0 JavaThread "I/O dispatcher 3" [_thread_in_native, id=23160, stack(0x000000ba85500000,0x000000ba85600000)]
  0x00000209ecfc0540 JavaThread "I/O dispatcher 4" [_thread_in_native, id=21172, stack(0x000000ba85600000,0x000000ba85700000)]
  0x00000209ecfbc1e0 JavaThread "I/O dispatcher 5" [_thread_in_native, id=8908, stack(0x000000ba85700000,0x000000ba85800000)]
  0x00000209ecfbfba0 JavaThread "I/O dispatcher 6" [_thread_in_native, id=30244, stack(0x000000ba85800000,0x000000ba85900000)]
  0x00000209ecfbb370 JavaThread "I/O dispatcher 7" [_thread_in_native, id=3248, stack(0x000000ba85900000,0x000000ba85a00000)]
  0x00000209ecfbcb80 JavaThread "I/O dispatcher 8" [_thread_in_native, id=33736, stack(0x000000ba85a00000,0x000000ba85b00000)]
  0x00000209ecfbe390 JavaThread "pool-5-thread-1" [_thread_blocked, id=35448, stack(0x000000ba85b00000,0x000000ba85c00000)]
  0x00000209ed101540 JavaThread "pool-6-thread-1" [_thread_blocked, id=28628, stack(0x000000ba85c00000,0x000000ba85d00000)]
  0x00000209ed101ee0 JavaThread "quartzScheduler_Worker-1" [_thread_blocked, id=22212, stack(0x000000ba85d00000,0x000000ba85e00000)]
  0x00000209ed105d70 JavaThread "quartzScheduler_Worker-2" [_thread_blocked, id=30288, stack(0x000000ba85e00000,0x000000ba85f00000)]
  0x00000209ed1053d0 JavaThread "quartzScheduler_Worker-3" [_thread_blocked, id=28332, stack(0x000000ba85f00000,0x000000ba86000000)]
  0x00000209ed104560 JavaThread "quartzScheduler_Worker-4" [_thread_blocked, id=20436, stack(0x000000ba86000000,0x000000ba86100000)]
  0x00000209ed101070 JavaThread "quartzScheduler_Worker-5" [_thread_blocked, id=33468, stack(0x000000ba86100000,0x000000ba86200000)]
  0x00000209ed1023b0 JavaThread "quartzScheduler_Worker-6" [_thread_blocked, id=26732, stack(0x000000ba86200000,0x000000ba86300000)]
  0x00000209ed1083f0 JavaThread "quartzScheduler_Worker-7" [_thread_blocked, id=7224, stack(0x000000ba86300000,0x000000ba86400000)]
  0x00000209ed104a30 JavaThread "quartzScheduler_Worker-8" [_thread_blocked, id=35128, stack(0x000000ba86400000,0x000000ba86500000)]
  0x00000209ed107a50 JavaThread "quartzScheduler_Worker-9" [_thread_blocked, id=4004, stack(0x000000ba86500000,0x000000ba86600000)]
  0x00000209ed107f20 JavaThread "quartzScheduler_Worker-10" [_thread_blocked, id=33236, stack(0x000000ba86600000,0x000000ba86700000)]
  0x00000209ed104090 JavaThread "quartzScheduler_QuartzSchedulerThread" [_thread_blocked, id=35884, stack(0x000000ba86700000,0x000000ba86800000)]
  0x00000209ed102880 JavaThread "http-nio-8080-exec-1" daemon [_thread_blocked, id=10712, stack(0x000000ba86800000,0x000000ba86900000)]
  0x00000209ed1088c0 JavaThread "http-nio-8080-exec-2" daemon [_thread_blocked, id=5980, stack(0x000000ba86900000,0x000000ba86a00000)]
  0x00000209ed102d50 JavaThread "http-nio-8080-exec-3" daemon [_thread_blocked, id=30132, stack(0x000000ba86a00000,0x000000ba86b00000)]
  0x00000209ed106240 JavaThread "http-nio-8080-exec-4" daemon [_thread_blocked, id=10980, stack(0x000000ba86b00000,0x000000ba86c00000)]
  0x00000209ed101a10 JavaThread "http-nio-8080-exec-5" daemon [_thread_blocked, id=13004, stack(0x000000ba86c00000,0x000000ba86d00000)]
  0x00000209ed103220 JavaThread "http-nio-8080-exec-6" daemon [_thread_blocked, id=21044, stack(0x000000ba86d00000,0x000000ba86e00000)]
  0x00000209ed1036f0 JavaThread "http-nio-8080-exec-7" daemon [_thread_blocked, id=1708, stack(0x000000ba86e00000,0x000000ba86f00000)]
  0x00000209ed104f00 JavaThread "http-nio-8080-exec-8" daemon [_thread_blocked, id=30200, stack(0x000000ba86f00000,0x000000ba87000000)]
  0x00000209ed1058a0 JavaThread "http-nio-8080-exec-9" daemon [_thread_blocked, id=36252, stack(0x000000ba87000000,0x000000ba87100000)]
  0x00000209ed103bc0 JavaThread "http-nio-8080-exec-10" daemon [_thread_blocked, id=21568, stack(0x000000ba87100000,0x000000ba87200000)]
  0x00000209ed106710 JavaThread "http-nio-8080-Poller" daemon [_thread_in_native, id=21600, stack(0x000000ba87200000,0x000000ba87300000)]
  0x00000209ed106be0 JavaThread "http-nio-8080-Acceptor" daemon [_thread_in_native, id=28292, stack(0x000000ba87300000,0x000000ba87400000)]
  0x00000209ed107580 JavaThread "ajp-nio-127.0.0.1-9090-exec-1" daemon [_thread_blocked, id=20256, stack(0x000000ba87400000,0x000000ba87500000)]
  0x00000209e7640bb0 JavaThread "ajp-nio-127.0.0.1-9090-exec-2" daemon [_thread_blocked, id=19864, stack(0x000000ba87500000,0x000000ba87600000)]
  0x00000209e763f870 JavaThread "ajp-nio-127.0.0.1-9090-exec-3" daemon [_thread_blocked, id=26680, stack(0x000000ba87600000,0x000000ba87700000)]
  0x00000209e76406e0 JavaThread "ajp-nio-127.0.0.1-9090-exec-4" daemon [_thread_blocked, id=21016, stack(0x000000ba87700000,0x000000ba87800000)]
  0x00000209e7641a20 JavaThread "ajp-nio-127.0.0.1-9090-exec-5" daemon [_thread_blocked, id=27304, stack(0x000000ba87800000,0x000000ba87900000)]
  0x00000209e7643bd0 JavaThread "ajp-nio-127.0.0.1-9090-exec-6" daemon [_thread_blocked, id=8464, stack(0x000000ba87900000,0x000000ba87a00000)]
  0x00000209e7641080 JavaThread "ajp-nio-127.0.0.1-9090-exec-7" daemon [_thread_blocked, id=7248, stack(0x000000ba87a00000,0x000000ba87b00000)]
  0x00000209e763fd40 JavaThread "ajp-nio-127.0.0.1-9090-exec-8" daemon [_thread_blocked, id=29952, stack(0x000000ba87b00000,0x000000ba87c00000)]
  0x00000209e7641550 JavaThread "ajp-nio-127.0.0.1-9090-exec-9" daemon [_thread_blocked, id=21032, stack(0x000000ba87c00000,0x000000ba87d00000)]
  0x00000209e7640210 JavaThread "ajp-nio-127.0.0.1-9090-exec-10" daemon [_thread_blocked, id=15100, stack(0x000000ba87d00000,0x000000ba87e00000)]
  0x00000209e763f3a0 JavaThread "ajp-nio-127.0.0.1-9090-Poller" daemon [_thread_in_native, id=35048, stack(0x000000ba87e00000,0x000000ba87f00000)]
  0x00000209e763ea00 JavaThread "ajp-nio-127.0.0.1-9090-Acceptor" daemon [_thread_in_native, id=15420, stack(0x000000ba87f00000,0x000000ba88000000)]
  0x00000209e763e060 JavaThread "scheduling-1" [_thread_blocked, id=28652, stack(0x000000ba88000000,0x000000ba88100000)]
  0x00000209e7641ef0 JavaThread "DestroyJavaVM" [_thread_blocked, id=32652, stack(0x000000ba82e00000,0x000000ba82f00000)]

Other Threads:
  0x00000209e50264d0 VMThread "VM Thread" [stack: 0x000000ba83400000,0x000000ba83500000] [id=20920]
  0x00000209e6c24030 WatcherThread [stack: 0x000000ba84400000,0x000000ba84500000] [id=16160]
  0x00000209c6fe19e0 GCTaskThread "GC Thread#0" [stack: 0x000000ba82f00000,0x000000ba83000000] [id=24556]
  0x00000209e6bf3cd0 GCTaskThread "GC Thread#1" [stack: 0x000000ba84500000,0x000000ba84600000] [id=35484]
  0x00000209e6bf3f80 GCTaskThread "GC Thread#2" [stack: 0x000000ba84600000,0x000000ba84700000] [id=2780]
  0x00000209e71f0950 GCTaskThread "GC Thread#3" [stack: 0x000000ba84700000,0x000000ba84800000] [id=17820]
  0x00000209e68bac10 GCTaskThread "GC Thread#4" [stack: 0x000000ba84800000,0x000000ba84900000] [id=34516]
  0x00000209e6927a00 GCTaskThread "GC Thread#5" [stack: 0x000000ba84900000,0x000000ba84a00000] [id=15540]
  0x00000209e7242e70 GCTaskThread "GC Thread#6" [stack: 0x000000ba84a00000,0x000000ba84b00000] [id=29456]
  0x00000209e7420890 GCTaskThread "GC Thread#7" [stack: 0x000000ba84b00000,0x000000ba84c00000] [id=26640]
  0x00000209c6ff24b0 ConcurrentGCThread "G1 Main Marker" [stack: 0x000000ba83000000,0x000000ba83100000] [id=12332]
  0x00000209c6ff4580 ConcurrentGCThread "G1 Conc#0" [stack: 0x000000ba83100000,0x000000ba83200000] [id=35832]
  0x00000209e9599de0 ConcurrentGCThread "G1 Conc#1" [stack: 0x000000ba84c00000,0x000000ba84d00000] [id=35460]
  0x00000209e4ee2cd0 ConcurrentGCThread "G1 Refine#0" [stack: 0x000000ba83200000,0x000000ba83300000] [id=19296]
  0x00000209e4ee3600 ConcurrentGCThread "G1 Service" [stack: 0x000000ba83300000,0x000000ba83400000] [id=34308]

Threads with active compile tasks:

VM state: not at safepoint (normal execution)

VM Mutex/Monitor currently owned by a thread: None

Heap address: 0x0000000081c00000, size: 2020 MB, Compressed Oops mode: 32-bit

CDS archive(s) mapped at: [0x0000000800000000-0x0000000800bc0000-0x0000000800bc0000), size 12320768, SharedBaseAddress: 0x0000000800000000, ArchiveRelocationMode: 0.
Compressed class space mapped at: 0x0000000800c00000-0x0000000840c00000, reserved size: 1073741824
Narrow klass base: 0x0000000800000000, Narrow klass shift: 0, Narrow klass range: 0x100000000

GC Precious Log:
 CPUs: 8 total, 8 available
 Memory: 8079M
 Large Page Support: Disabled
 NUMA Support: Disabled
 Compressed Oops: Enabled (32-bit)
 Heap Region Size: 1M
 Heap Min Capacity: 8M
 Heap Initial Capacity: 128M
 Heap Max Capacity: 2020M
 Pre-touch: Disabled
 Parallel Workers: 8
 Concurrent Workers: 2
 Concurrent Refinement Workers: 8
 Periodic GC: Disabled

Heap:
 garbage-first heap   total 184320K, used 71938K [0x0000000081c00000, 0x0000000100000000)
  region size 1024K, 12 young (12288K), 8 survivors (8192K)
 Metaspace       used 100397K, committed 101120K, reserved 1138688K
  class space    used 13163K, committed 13504K, reserved 1048576K

Heap Regions: E=young(eden), S=young(survivor), O=old, HS=humongous(starts), HC=humongous(continues), CS=collection set, F=free, OA=open archive, CA=closed archive, TAMS=top-at-mark-start (previous, next)
|   0|0x0000000081c00000, 0x0000000081d00000, 0x0000000081d00000|100%|HS|  |TAMS 0x0000000081d00000, 0x0000000081c00000| Complete 
|   1|0x0000000081d00000, 0x0000000081e00000, 0x0000000081e00000|100%|HS|  |TAMS 0x0000000081e00000, 0x0000000081d00000| Complete 
|   2|0x0000000081e00000, 0x0000000081f00000, 0x0000000081f00000|100%|HC|  |TAMS 0x0000000081f00000, 0x0000000081e00000| Complete 
|   3|0x0000000081f00000, 0x0000000082000000, 0x0000000082000000|100%|HS|  |TAMS 0x0000000082000000, 0x0000000081f00000| Complete 
|   4|0x0000000082000000, 0x0000000082100000, 0x0000000082100000|100%| O|  |TAMS 0x0000000082100000, 0x0000000082000000| Untracked 
|   5|0x0000000082100000, 0x0000000082200000, 0x0000000082200000|100%| O|  |TAMS 0x0000000082200000, 0x0000000082100000| Untracked 
|   6|0x0000000082200000, 0x0000000082300000, 0x0000000082300000|100%| O|  |TAMS 0x0000000082300000, 0x0000000082200000| Untracked 
|   7|0x0000000082300000, 0x0000000082400000, 0x0000000082400000|100%| O|  |TAMS 0x0000000082400000, 0x0000000082300000| Untracked 
|   8|0x0000000082400000, 0x0000000082500000, 0x0000000082500000|100%| O|  |TAMS 0x0000000082500000, 0x0000000082400000| Untracked 
|   9|0x0000000082500000, 0x0000000082600000, 0x0000000082600000|100%| O|  |TAMS 0x0000000082600000, 0x0000000082500000| Untracked 
|  10|0x0000000082600000, 0x0000000082700000, 0x0000000082700000|100%| O|  |TAMS 0x0000000082700000, 0x0000000082600000| Untracked 
|  11|0x0000000082700000, 0x0000000082800000, 0x0000000082800000|100%| O|  |TAMS 0x0000000082800000, 0x0000000082700000| Untracked 
|  12|0x0000000082800000, 0x0000000082900000, 0x0000000082900000|100%| O|  |TAMS 0x0000000082900000, 0x0000000082800000| Untracked 
|  13|0x0000000082900000, 0x0000000082a00000, 0x0000000082a00000|100%| O|  |TAMS 0x0000000082a00000, 0x0000000082900000| Untracked 
|  14|0x0000000082a00000, 0x0000000082b00000, 0x0000000082b00000|100%| O|  |TAMS 0x0000000082b00000, 0x0000000082a00000| Untracked 
|  15|0x0000000082b00000, 0x0000000082c00000, 0x0000000082c00000|100%| O|  |TAMS 0x0000000082c00000, 0x0000000082b00000| Untracked 
|  16|0x0000000082c00000, 0x0000000082d00000, 0x0000000082d00000|100%| O|  |TAMS 0x0000000082d00000, 0x0000000082c00000| Untracked 
|  17|0x0000000082d00000, 0x0000000082e00000, 0x0000000082e00000|100%| O|  |TAMS 0x0000000082e00000, 0x0000000082d00000| Untracked 
|  18|0x0000000082e00000, 0x0000000082f00000, 0x0000000082f00000|100%| O|  |TAMS 0x0000000082f00000, 0x0000000082e00000| Untracked 
|  19|0x0000000082f00000, 0x0000000083000000, 0x0000000083000000|100%| O|  |TAMS 0x0000000083000000, 0x0000000082f00000| Untracked 
|  20|0x0000000083000000, 0x0000000083100000, 0x0000000083100000|100%| O|  |TAMS 0x0000000083100000, 0x0000000083000000| Untracked 
|  21|0x0000000083100000, 0x0000000083200000, 0x0000000083200000|100%| O|  |TAMS 0x0000000083200000, 0x0000000083100000| Untracked 
|  22|0x0000000083200000, 0x0000000083300000, 0x0000000083300000|100%| O|  |TAMS 0x0000000083300000, 0x0000000083200000| Untracked 
|  23|0x0000000083300000, 0x0000000083400000, 0x0000000083400000|100%| O|  |TAMS 0x0000000083400000, 0x0000000083300000| Untracked 
|  24|0x0000000083400000, 0x0000000083500000, 0x0000000083500000|100%| O|  |TAMS 0x0000000083500000, 0x0000000083400000| Untracked 
|  25|0x0000000083500000, 0x0000000083600000, 0x0000000083600000|100%| O|  |TAMS 0x0000000083600000, 0x0000000083500000| Untracked 
|  26|0x0000000083600000, 0x0000000083700000, 0x0000000083700000|100%| O|  |TAMS 0x0000000083700000, 0x0000000083600000| Complete 
|  27|0x0000000083700000, 0x0000000083800000, 0x0000000083800000|100%| O|  |TAMS 0x0000000083800000, 0x0000000083700000| Complete 
|  28|0x0000000083800000, 0x0000000083900000, 0x0000000083900000|100%| O|  |TAMS 0x0000000083900000, 0x0000000083800000| Untracked 
|  29|0x0000000083900000, 0x0000000083a00000, 0x0000000083a00000|100%| O|  |TAMS 0x0000000083a00000, 0x0000000083900000| Untracked 
|  30|0x0000000083a00000, 0x0000000083b00000, 0x0000000083b00000|100%| O|  |TAMS 0x0000000083b00000, 0x0000000083a00000| Untracked 
|  31|0x0000000083b00000, 0x0000000083c00000, 0x0000000083c00000|100%| O|  |TAMS 0x0000000083c00000, 0x0000000083b00000| Untracked 
|  32|0x0000000083c00000, 0x0000000083d00000, 0x0000000083d00000|100%| O|  |TAMS 0x0000000083d00000, 0x0000000083c00000| Untracked 
|  33|0x0000000083d00000, 0x0000000083e00000, 0x0000000083e00000|100%| O|  |TAMS 0x0000000083e00000, 0x0000000083d00000| Untracked 
|  34|0x0000000083e00000, 0x0000000083e52a00, 0x0000000083f00000| 32%| O|  |TAMS 0x0000000083e52a00, 0x0000000083e00000| Complete 
|  35|0x0000000083f00000, 0x0000000084000000, 0x0000000084000000|100%| O|  |TAMS 0x0000000084000000, 0x0000000083f00000| Untracked 
|  36|0x0000000084000000, 0x0000000084100000, 0x0000000084100000|100%| O|  |TAMS 0x0000000084100000, 0x0000000084000000| Untracked 
|  37|0x0000000084100000, 0x0000000084200000, 0x0000000084200000|100%| O|  |TAMS 0x0000000084200000, 0x0000000084100000| Untracked 
|  38|0x0000000084200000, 0x0000000084300000, 0x0000000084300000|100%| O|  |TAMS 0x0000000084300000, 0x0000000084200000| Untracked 
|  39|0x0000000084300000, 0x0000000084400000, 0x0000000084400000|100%| O|  |TAMS 0x0000000084400000, 0x0000000084300000| Untracked 
|  40|0x0000000084400000, 0x0000000084500000, 0x0000000084500000|100%| O|  |TAMS 0x0000000084500000, 0x0000000084400000| Untracked 
|  41|0x0000000084500000, 0x0000000084600000, 0x0000000084600000|100%| O|  |TAMS 0x0000000084600000, 0x0000000084500000| Untracked 
|  42|0x0000000084600000, 0x0000000084700000, 0x0000000084700000|100%| O|  |TAMS 0x0000000084700000, 0x0000000084600000| Untracked 
|  43|0x0000000084700000, 0x0000000084800000, 0x0000000084800000|100%| O|  |TAMS 0x0000000084800000, 0x0000000084700000| Untracked 
|  44|0x0000000084800000, 0x0000000084900000, 0x0000000084900000|100%| O|  |TAMS 0x0000000084900000, 0x0000000084800000| Untracked 
|  45|0x0000000084900000, 0x0000000084a00000, 0x0000000084a00000|100%| O|  |TAMS 0x0000000084a00000, 0x0000000084900000| Untracked 
|  46|0x0000000084a00000, 0x0000000084b00000, 0x0000000084b00000|100%| O|  |TAMS 0x0000000084b00000, 0x0000000084a00000| Untracked 
|  47|0x0000000084b00000, 0x0000000084c00000, 0x0000000084c00000|100%| O|  |TAMS 0x0000000084c00000, 0x0000000084b00000| Untracked 
|  48|0x0000000084c00000, 0x0000000084d00000, 0x0000000084d00000|100%| O|  |TAMS 0x0000000084d00000, 0x0000000084c00000| Untracked 
|  49|0x0000000084d00000, 0x0000000084e00000, 0x0000000084e00000|100%| O|  |TAMS 0x0000000084e00000, 0x0000000084d00000| Untracked 
|  50|0x0000000084e00000, 0x0000000084f00000, 0x0000000084f00000|100%| O|  |TAMS 0x0000000084f00000, 0x0000000084e00000| Untracked 
|  51|0x0000000084f00000, 0x0000000085000000, 0x0000000085000000|100%| O|  |TAMS 0x0000000085000000, 0x0000000084f00000| Untracked 
|  52|0x0000000085000000, 0x0000000085100000, 0x0000000085100000|100%| O|  |TAMS 0x0000000085100000, 0x0000000085000000| Untracked 
|  53|0x0000000085100000, 0x0000000085200000, 0x0000000085200000|100%| O|  |TAMS 0x0000000085200000, 0x0000000085100000| Untracked 
|  54|0x0000000085200000, 0x0000000085300000, 0x0000000085300000|100%| O|  |TAMS 0x0000000085300000, 0x0000000085200000| Untracked 
|  55|0x0000000085300000, 0x0000000085400000, 0x0000000085400000|100%| O|  |TAMS 0x0000000085400000, 0x0000000085300000| Untracked 
|  56|0x0000000085400000, 0x0000000085500000, 0x0000000085500000|100%| O|  |TAMS 0x0000000085500000, 0x0000000085400000| Untracked 
|  57|0x0000000085500000, 0x0000000085500000, 0x0000000085600000|  0%| F|  |TAMS 0x0000000085500000, 0x0000000085500000| Untracked 
|  58|0x0000000085600000, 0x0000000085700000, 0x0000000085700000|100%| O|  |TAMS 0x0000000085700000, 0x0000000085600000| Untracked 
|  59|0x0000000085700000, 0x0000000085800000, 0x0000000085800000|100%| O|  |TAMS 0x0000000085800000, 0x0000000085700000| Untracked 
|  60|0x0000000085800000, 0x0000000085900000, 0x0000000085900000|100%| O|  |TAMS 0x0000000085900000, 0x0000000085800000| Untracked 
|  61|0x0000000085900000, 0x0000000085926800, 0x0000000085a00000| 15%| O|  |TAMS 0x0000000085926800, 0x0000000085900000| Untracked 
|  62|0x0000000085a00000, 0x0000000085a00000, 0x0000000085b00000|  0%| F|  |TAMS 0x0000000085a00000, 0x0000000085a00000| Untracked 
|  63|0x0000000085b00000, 0x0000000085b00000, 0x0000000085c00000|  0%| F|  |TAMS 0x0000000085b00000, 0x0000000085b00000| Untracked 
|  64|0x0000000085c00000, 0x0000000085c00000, 0x0000000085d00000|  0%| F|  |TAMS 0x0000000085c00000, 0x0000000085c00000| Untracked 
|  65|0x0000000085d00000, 0x0000000085d00000, 0x0000000085e00000|  0%| F|  |TAMS 0x0000000085d00000, 0x0000000085d00000| Untracked 
|  66|0x0000000085e00000, 0x0000000085e00000, 0x0000000085f00000|  0%| F|  |TAMS 0x0000000085e00000, 0x0000000085e00000| Untracked 
|  67|0x0000000085f00000, 0x0000000085f00000, 0x0000000086000000|  0%| F|  |TAMS 0x0000000085f00000, 0x0000000085f00000| Untracked 
|  68|0x0000000086000000, 0x0000000086000000, 0x0000000086100000|  0%| F|  |TAMS 0x0000000086000000, 0x0000000086000000| Untracked 
|  69|0x0000000086100000, 0x0000000086100000, 0x0000000086200000|  0%| F|  |TAMS 0x0000000086100000, 0x0000000086100000| Untracked 
|  70|0x0000000086200000, 0x0000000086200000, 0x0000000086300000|  0%| F|  |TAMS 0x0000000086200000, 0x0000000086200000| Untracked 
|  71|0x0000000086300000, 0x0000000086300000, 0x0000000086400000|  0%| F|  |TAMS 0x0000000086300000, 0x0000000086300000| Untracked 
|  72|0x0000000086400000, 0x0000000086400000, 0x0000000086500000|  0%| F|  |TAMS 0x0000000086400000, 0x0000000086400000| Untracked 
|  73|0x0000000086500000, 0x0000000086500000, 0x0000000086600000|  0%| F|  |TAMS 0x0000000086500000, 0x0000000086500000| Untracked 
|  74|0x0000000086600000, 0x0000000086600000, 0x0000000086700000|  0%| F|  |TAMS 0x0000000086600000, 0x0000000086600000| Untracked 
|  75|0x0000000086700000, 0x0000000086700000, 0x0000000086800000|  0%| F|  |TAMS 0x0000000086700000, 0x0000000086700000| Untracked 
|  76|0x0000000086800000, 0x0000000086800000, 0x0000000086900000|  0%| F|  |TAMS 0x0000000086800000, 0x0000000086800000| Untracked 
|  77|0x0000000086900000, 0x0000000086900000, 0x0000000086a00000|  0%| F|  |TAMS 0x0000000086900000, 0x0000000086900000| Untracked 
|  78|0x0000000086a00000, 0x0000000086a00000, 0x0000000086b00000|  0%| F|  |TAMS 0x0000000086a00000, 0x0000000086a00000| Untracked 
|  79|0x0000000086b00000, 0x0000000086b00000, 0x0000000086c00000|  0%| F|  |TAMS 0x0000000086b00000, 0x0000000086b00000| Untracked 
|  80|0x0000000086c00000, 0x0000000086c00000, 0x0000000086d00000|  0%| F|  |TAMS 0x0000000086c00000, 0x0000000086c00000| Untracked 
|  81|0x0000000086d00000, 0x0000000086d00000, 0x0000000086e00000|  0%| F|  |TAMS 0x0000000086d00000, 0x0000000086d00000| Untracked 
|  82|0x0000000086e00000, 0x0000000086e00000, 0x0000000086f00000|  0%| F|  |TAMS 0x0000000086e00000, 0x0000000086e00000| Untracked 
|  83|0x0000000086f00000, 0x0000000086f00000, 0x0000000087000000|  0%| F|  |TAMS 0x0000000086f00000, 0x0000000086f00000| Untracked 
|  84|0x0000000087000000, 0x0000000087000000, 0x0000000087100000|  0%| F|  |TAMS 0x0000000087000000, 0x0000000087000000| Untracked 
|  85|0x0000000087100000, 0x0000000087100000, 0x0000000087200000|  0%| F|  |TAMS 0x0000000087100000, 0x0000000087100000| Untracked 
|  86|0x0000000087200000, 0x0000000087200000, 0x0000000087300000|  0%| F|  |TAMS 0x0000000087200000, 0x0000000087200000| Untracked 
|  87|0x0000000087300000, 0x0000000087300000, 0x0000000087400000|  0%| F|  |TAMS 0x0000000087300000, 0x0000000087300000| Untracked 
|  88|0x0000000087400000, 0x0000000087400000, 0x0000000087500000|  0%| F|  |TAMS 0x0000000087400000, 0x0000000087400000| Untracked 
|  89|0x0000000087500000, 0x0000000087500000, 0x0000000087600000|  0%| F|  |TAMS 0x0000000087500000, 0x0000000087500000| Untracked 
|  90|0x0000000087600000, 0x0000000087600000, 0x0000000087700000|  0%| F|  |TAMS 0x0000000087600000, 0x0000000087600000| Untracked 
|  91|0x0000000087700000, 0x0000000087700000, 0x0000000087800000|  0%| F|  |TAMS 0x0000000087700000, 0x0000000087700000| Untracked 
|  92|0x0000000087800000, 0x0000000087800000, 0x0000000087900000|  0%| F|  |TAMS 0x0000000087800000, 0x0000000087800000| Untracked 
|  93|0x0000000087900000, 0x0000000087900000, 0x0000000087a00000|  0%| F|  |TAMS 0x0000000087900000, 0x0000000087900000| Untracked 
|  94|0x0000000087a00000, 0x0000000087a00000, 0x0000000087b00000|  0%| F|  |TAMS 0x0000000087a00000, 0x0000000087a00000| Untracked 
|  95|0x0000000087b00000, 0x0000000087b00000, 0x0000000087c00000|  0%| F|  |TAMS 0x0000000087b00000, 0x0000000087b00000| Untracked 
|  96|0x0000000087c00000, 0x0000000087c00000, 0x0000000087d00000|  0%| F|  |TAMS 0x0000000087c00000, 0x0000000087c00000| Untracked 
|  97|0x0000000087d00000, 0x0000000087d00000, 0x0000000087e00000|  0%| F|  |TAMS 0x0000000087d00000, 0x0000000087d00000| Untracked 
|  98|0x0000000087e00000, 0x0000000087e00000, 0x0000000087f00000|  0%| F|  |TAMS 0x0000000087e00000, 0x0000000087e00000| Untracked 
|  99|0x0000000087f00000, 0x0000000087f00000, 0x0000000088000000|  0%| F|  |TAMS 0x0000000087f00000, 0x0000000087f00000| Untracked 
| 100|0x0000000088000000, 0x0000000088000000, 0x0000000088100000|  0%| F|  |TAMS 0x0000000088000000, 0x0000000088000000| Untracked 
| 101|0x0000000088100000, 0x0000000088100000, 0x0000000088200000|  0%| F|  |TAMS 0x0000000088100000, 0x0000000088100000| Untracked 
| 102|0x0000000088200000, 0x0000000088200000, 0x0000000088300000|  0%| F|  |TAMS 0x0000000088200000, 0x0000000088200000| Untracked 
| 103|0x0000000088300000, 0x0000000088300000, 0x0000000088400000|  0%| F|  |TAMS 0x0000000088300000, 0x0000000088300000| Untracked 
| 104|0x0000000088400000, 0x0000000088400000, 0x0000000088500000|  0%| F|  |TAMS 0x0000000088400000, 0x0000000088400000| Untracked 
| 105|0x0000000088500000, 0x0000000088500000, 0x0000000088600000|  0%| F|  |TAMS 0x0000000088500000, 0x0000000088500000| Untracked 
| 106|0x0000000088600000, 0x0000000088600000, 0x0000000088700000|  0%| F|  |TAMS 0x0000000088600000, 0x0000000088600000| Untracked 
| 107|0x0000000088700000, 0x0000000088700000, 0x0000000088800000|  0%| F|  |TAMS 0x0000000088700000, 0x0000000088700000| Untracked 
| 108|0x0000000088800000, 0x0000000088800000, 0x0000000088900000|  0%| F|  |TAMS 0x0000000088800000, 0x0000000088800000| Untracked 
| 109|0x0000000088900000, 0x0000000088900000, 0x0000000088a00000|  0%| F|  |TAMS 0x0000000088900000, 0x0000000088900000| Untracked 
| 110|0x0000000088a00000, 0x0000000088a00000, 0x0000000088b00000|  0%| F|  |TAMS 0x0000000088a00000, 0x0000000088a00000| Untracked 
| 111|0x0000000088b00000, 0x0000000088b00000, 0x0000000088c00000|  0%| F|  |TAMS 0x0000000088b00000, 0x0000000088b00000| Untracked 
| 112|0x0000000088c00000, 0x0000000088c00000, 0x0000000088d00000|  0%| F|  |TAMS 0x0000000088c00000, 0x0000000088c00000| Untracked 
| 113|0x0000000088d00000, 0x0000000088d00000, 0x0000000088e00000|  0%| F|  |TAMS 0x0000000088d00000, 0x0000000088d00000| Untracked 
| 114|0x0000000088e00000, 0x0000000088e00000, 0x0000000088f00000|  0%| F|  |TAMS 0x0000000088e00000, 0x0000000088e00000| Untracked 
| 115|0x0000000088f00000, 0x0000000088f00000, 0x0000000089000000|  0%| F|  |TAMS 0x0000000088f00000, 0x0000000088f00000| Untracked 
| 116|0x0000000089000000, 0x0000000089000000, 0x0000000089100000|  0%| F|  |TAMS 0x0000000089000000, 0x0000000089000000| Untracked 
| 117|0x0000000089100000, 0x0000000089100000, 0x0000000089200000|  0%| F|  |TAMS 0x0000000089100000, 0x0000000089100000| Untracked 
| 118|0x0000000089200000, 0x0000000089200000, 0x0000000089300000|  0%| F|  |TAMS 0x0000000089200000, 0x0000000089200000| Untracked 
| 119|0x0000000089300000, 0x0000000089300000, 0x0000000089400000|  0%| F|  |TAMS 0x0000000089300000, 0x0000000089300000| Untracked 
| 120|0x0000000089400000, 0x0000000089400000, 0x0000000089500000|  0%| F|  |TAMS 0x0000000089400000, 0x0000000089400000| Untracked 
| 121|0x0000000089500000, 0x0000000089500000, 0x0000000089600000|  0%| F|  |TAMS 0x0000000089500000, 0x0000000089500000| Untracked 
| 122|0x0000000089600000, 0x0000000089600000, 0x0000000089700000|  0%| F|  |TAMS 0x0000000089600000, 0x0000000089600000| Untracked 
| 123|0x0000000089700000, 0x00000000897c7810, 0x0000000089800000| 77%| S|CS|TAMS 0x0000000089700000, 0x0000000089700000| Complete 
| 124|0x0000000089800000, 0x0000000089900000, 0x0000000089900000|100%| S|CS|TAMS 0x0000000089800000, 0x0000000089800000| Complete 
| 125|0x0000000089900000, 0x0000000089a00000, 0x0000000089a00000|100%| S|CS|TAMS 0x0000000089900000, 0x0000000089900000| Complete 
| 126|0x0000000089a00000, 0x0000000089b00000, 0x0000000089b00000|100%| S|CS|TAMS 0x0000000089a00000, 0x0000000089a00000| Complete 
| 127|0x0000000089b00000, 0x0000000089c00000, 0x0000000089c00000|100%| S|CS|TAMS 0x0000000089b00000, 0x0000000089b00000| Complete 
| 128|0x0000000089c00000, 0x0000000089d00000, 0x0000000089d00000|100%| S|CS|TAMS 0x0000000089c00000, 0x0000000089c00000| Complete 
| 129|0x0000000089d00000, 0x0000000089e00000, 0x0000000089e00000|100%| S|CS|TAMS 0x0000000089d00000, 0x0000000089d00000| Complete 
| 130|0x0000000089e00000, 0x0000000089f00000, 0x0000000089f00000|100%| S|CS|TAMS 0x0000000089e00000, 0x0000000089e00000| Complete 
| 131|0x0000000089f00000, 0x0000000089f00000, 0x000000008a000000|  0%| F|  |TAMS 0x0000000089f00000, 0x0000000089f00000| Untracked 
| 132|0x000000008a000000, 0x000000008a000000, 0x000000008a100000|  0%| F|  |TAMS 0x000000008a000000, 0x000000008a000000| Untracked 
| 133|0x000000008a100000, 0x000000008a100000, 0x000000008a200000|  0%| F|  |TAMS 0x000000008a100000, 0x000000008a100000| Untracked 
| 134|0x000000008a200000, 0x000000008a200000, 0x000000008a300000|  0%| F|  |TAMS 0x000000008a200000, 0x000000008a200000| Untracked 
| 135|0x000000008a300000, 0x000000008a300000, 0x000000008a400000|  0%| F|  |TAMS 0x000000008a300000, 0x000000008a300000| Untracked 
| 136|0x000000008a400000, 0x000000008a400000, 0x000000008a500000|  0%| F|  |TAMS 0x000000008a400000, 0x000000008a400000| Untracked 
| 137|0x000000008a500000, 0x000000008a500000, 0x000000008a600000|  0%| F|  |TAMS 0x000000008a500000, 0x000000008a500000| Untracked 
| 138|0x000000008a600000, 0x000000008a600000, 0x000000008a700000|  0%| F|  |TAMS 0x000000008a600000, 0x000000008a600000| Untracked 
| 139|0x000000008a700000, 0x000000008a700000, 0x000000008a800000|  0%| F|  |TAMS 0x000000008a700000, 0x000000008a700000| Untracked 
| 140|0x000000008a800000, 0x000000008a800000, 0x000000008a900000|  0%| F|  |TAMS 0x000000008a800000, 0x000000008a800000| Untracked 
| 141|0x000000008a900000, 0x000000008a900000, 0x000000008aa00000|  0%| F|  |TAMS 0x000000008a900000, 0x000000008a900000| Untracked 
| 142|0x000000008aa00000, 0x000000008aa00000, 0x000000008ab00000|  0%| F|  |TAMS 0x000000008aa00000, 0x000000008aa00000| Untracked 
| 143|0x000000008ab00000, 0x000000008ab00000, 0x000000008ac00000|  0%| F|  |TAMS 0x000000008ab00000, 0x000000008ab00000| Untracked 
| 144|0x000000008ac00000, 0x000000008ac00000, 0x000000008ad00000|  0%| F|  |TAMS 0x000000008ac00000, 0x000000008ac00000| Untracked 
| 145|0x000000008ad00000, 0x000000008ad00000, 0x000000008ae00000|  0%| F|  |TAMS 0x000000008ad00000, 0x000000008ad00000| Untracked 
| 146|0x000000008ae00000, 0x000000008ae00000, 0x000000008af00000|  0%| F|  |TAMS 0x000000008ae00000, 0x000000008ae00000| Untracked 
| 147|0x000000008af00000, 0x000000008af00000, 0x000000008b000000|  0%| F|  |TAMS 0x000000008af00000, 0x000000008af00000| Untracked 
| 148|0x000000008b000000, 0x000000008b000000, 0x000000008b100000|  0%| F|  |TAMS 0x000000008b000000, 0x000000008b000000| Untracked 
| 149|0x000000008b100000, 0x000000008b100000, 0x000000008b200000|  0%| F|  |TAMS 0x000000008b100000, 0x000000008b100000| Untracked 
| 150|0x000000008b200000, 0x000000008b200000, 0x000000008b300000|  0%| F|  |TAMS 0x000000008b200000, 0x000000008b200000| Untracked 
| 151|0x000000008b300000, 0x000000008b300000, 0x000000008b400000|  0%| F|  |TAMS 0x000000008b300000, 0x000000008b300000| Untracked 
| 152|0x000000008b400000, 0x000000008b400000, 0x000000008b500000|  0%| F|  |TAMS 0x000000008b400000, 0x000000008b400000| Untracked 
| 153|0x000000008b500000, 0x000000008b500000, 0x000000008b600000|  0%| F|  |TAMS 0x000000008b500000, 0x000000008b500000| Untracked 
| 154|0x000000008b600000, 0x000000008b600000, 0x000000008b700000|  0%| F|  |TAMS 0x000000008b600000, 0x000000008b600000| Untracked 
| 155|0x000000008b700000, 0x000000008b700000, 0x000000008b800000|  0%| F|  |TAMS 0x000000008b700000, 0x000000008b700000| Untracked 
| 156|0x000000008b800000, 0x000000008b800000, 0x000000008b900000|  0%| F|  |TAMS 0x000000008b800000, 0x000000008b800000| Untracked 
| 157|0x000000008b900000, 0x000000008b900000, 0x000000008ba00000|  0%| F|  |TAMS 0x000000008b900000, 0x000000008b900000| Untracked 
| 158|0x000000008ba00000, 0x000000008ba00000, 0x000000008bb00000|  0%| F|  |TAMS 0x000000008ba00000, 0x000000008ba00000| Untracked 
| 159|0x000000008bb00000, 0x000000008bb00000, 0x000000008bc00000|  0%| F|  |TAMS 0x000000008bb00000, 0x000000008bb00000| Untracked 
| 160|0x000000008bc00000, 0x000000008bc00000, 0x000000008bd00000|  0%| F|  |TAMS 0x000000008bc00000, 0x000000008bc00000| Untracked 
| 161|0x000000008bd00000, 0x000000008bd00000, 0x000000008be00000|  0%| F|  |TAMS 0x000000008bd00000, 0x000000008bd00000| Untracked 
| 162|0x000000008be00000, 0x000000008be00000, 0x000000008bf00000|  0%| F|  |TAMS 0x000000008be00000, 0x000000008be00000| Untracked 
| 163|0x000000008bf00000, 0x000000008bf00000, 0x000000008c000000|  0%| F|  |TAMS 0x000000008bf00000, 0x000000008bf00000| Untracked 
| 164|0x000000008c000000, 0x000000008c000000, 0x000000008c100000|  0%| F|  |TAMS 0x000000008c000000, 0x000000008c000000| Untracked 
| 165|0x000000008c100000, 0x000000008c100000, 0x000000008c200000|  0%| F|  |TAMS 0x000000008c100000, 0x000000008c100000| Untracked 
| 166|0x000000008c200000, 0x000000008c200000, 0x000000008c300000|  0%| F|  |TAMS 0x000000008c200000, 0x000000008c200000| Untracked 
| 167|0x000000008c300000, 0x000000008c300000, 0x000000008c400000|  0%| F|  |TAMS 0x000000008c300000, 0x000000008c300000| Untracked 
| 168|0x000000008c400000, 0x000000008c400000, 0x000000008c500000|  0%| F|  |TAMS 0x000000008c400000, 0x000000008c400000| Untracked 
| 169|0x000000008c500000, 0x000000008c500000, 0x000000008c600000|  0%| F|  |TAMS 0x000000008c500000, 0x000000008c500000| Untracked 
| 170|0x000000008c600000, 0x000000008c600000, 0x000000008c700000|  0%| F|  |TAMS 0x000000008c600000, 0x000000008c600000| Untracked 
| 171|0x000000008c700000, 0x000000008c700000, 0x000000008c800000|  0%| F|  |TAMS 0x000000008c700000, 0x000000008c700000| Untracked 
| 172|0x000000008c800000, 0x000000008c800000, 0x000000008c900000|  0%| F|  |TAMS 0x000000008c800000, 0x000000008c800000| Untracked 
| 173|0x000000008c900000, 0x000000008c900000, 0x000000008ca00000|  0%| F|  |TAMS 0x000000008c900000, 0x000000008c900000| Untracked 
| 174|0x000000008ca00000, 0x000000008ca00000, 0x000000008cb00000|  0%| F|  |TAMS 0x000000008ca00000, 0x000000008ca00000| Untracked 
| 175|0x000000008cb00000, 0x000000008cb00000, 0x000000008cc00000|  0%| F|  |TAMS 0x000000008cb00000, 0x000000008cb00000| Untracked 
| 176|0x000000008cc00000, 0x000000008cd00000, 0x000000008cd00000|100%| E|  |TAMS 0x000000008cc00000, 0x000000008cc00000| Complete 
| 177|0x000000008cd00000, 0x000000008ce00000, 0x000000008ce00000|100%| E|CS|TAMS 0x000000008cd00000, 0x000000008cd00000| Complete 
| 178|0x000000008ce00000, 0x000000008cf00000, 0x000000008cf00000|100%| E|CS|TAMS 0x000000008ce00000, 0x000000008ce00000| Complete 
| 179|0x000000008cf00000, 0x000000008d000000, 0x000000008d000000|100%| E|CS|TAMS 0x000000008cf00000, 0x000000008cf00000| Complete 

Card table byte_map: [0x00000209ddf00000,0x00000209de300000] _byte_map_base: 0x00000209ddaf2000

Marking Bits (Prev, Next): (CMBitMap*) 0x00000209c6fe1f00, (CMBitMap*) 0x00000209c6fe1f40
 Prev Bits: [0x00000209de700000, 0x00000209e0690000)
 Next Bits: [0x00000209e0690000, 0x00000209e2620000)

Polling page: 0x00000209c4f50000

Metaspace:

Usage:
  Non-class:     85.19 MB used.
      Class:     12.85 MB used.
       Both:     98.04 MB used.

Virtual space:
  Non-class space:       88.00 MB reserved,      85.56 MB ( 97%) committed,  11 nodes.
      Class space:        1.00 GB reserved,      13.19 MB (  1%) committed,  1 nodes.
             Both:        1.09 GB reserved,      98.75 MB (  9%) committed. 

Chunk freelists:
   Non-Class:  2.17 MB
       Class:  2.85 MB
        Both:  5.01 MB

MaxMetaspaceSize: unlimited
CompressedClassSpaceSize: 1.00 GB
Initial GC threshold: 21.00 MB
Current GC threshold: 164.50 MB
CDS: on
MetaspaceReclaimPolicy: balanced
 - commit_granule_bytes: 65536.
 - commit_granule_words: 8192.
 - virtual_space_node_default_size: 1048576.
 - enlarge_chunks_in_place: 1.
 - new_chunks_are_fully_committed: 0.
 - uncommit_free_chunks: 1.
 - use_allocation_guard: 0.
 - handle_deallocations: 1.


Internal statistics:

num_allocs_failed_limit: 12.
num_arena_births: 1096.
num_arena_deaths: 0.
num_vsnodes_births: 12.
num_vsnodes_deaths: 0.
num_space_committed: 1580.
num_space_uncommitted: 0.
num_chunks_returned_to_freelist: 12.
num_chunks_taken_from_freelist: 4765.
num_chunk_merges: 6.
num_chunk_splits: 3495.
num_chunks_enlarged: 2759.
num_purges: 0.
num_inconsistent_stats: 0.

CodeHeap 'non-profiled nmethods': size=120000Kb used=6385Kb max_used=6385Kb free=113614Kb
 bounds [0x00000209d62a0000, 0x00000209d68e0000, 0x00000209dd7d0000]
CodeHeap 'profiled nmethods': size=120000Kb used=20818Kb max_used=20818Kb free=99181Kb
 bounds [0x00000209ced70000, 0x00000209d01d0000, 0x00000209d62a0000]
CodeHeap 'non-nmethods': size=5760Kb used=1449Kb max_used=1562Kb free=4310Kb
 bounds [0x00000209ce7d0000, 0x00000209cea40000, 0x00000209ced70000]
 total_blobs=11938 nmethods=11213 adapters=633
 compilation: enabled
              stopped_count=0, restarted_count=0
 full_count=0

Compilation events (20 events):
Event: 190.967 Thread 0x00000209e5053ac0 12930   !   3       org.apache.http.impl.nio.reactor.AbstractIODispatch::outputReady (94 bytes)
Event: 190.970 Thread 0x00000209e5053ac0 nmethod 12930 0x00000209d01ba910 code [0x00000209d01babe0, 0x00000209d01bbdf8]
Event: 191.002 Thread 0x00000209e5053ac0 12931       3       org.springframework.scheduling.support.CronExpression::nextOrSameInternal (44 bytes)
Event: 191.002 Thread 0x00000209e5053ac0 nmethod 12931 0x00000209d01bc610 code [0x00000209d01bc7c0, 0x00000209d01bcb08]
Event: 191.962 Thread 0x00000209e5053ac0 12932       3       java.lang.Math::max (46 bytes)
Event: 191.963 Thread 0x00000209e5053ac0 nmethod 12932 0x00000209d01bcc90 code [0x00000209d01bce40, 0x00000209d01bd198]
Event: 192.962 Thread 0x00000209e5053ac0 12933       3       org.apache.http.client.utils.URLEncodedUtils::urlEncode (149 bytes)
Event: 192.964 Thread 0x00000209e5053ac0 nmethod 12933 0x00000209d01bd210 code [0x00000209d01bd5c0, 0x00000209d01bec98]
Event: 192.964 Thread 0x00000209e5053ac0 12934       3       org.apache.http.client.utils.URLEncodedUtils::urlDecode (183 bytes)
Event: 192.966 Thread 0x00000209e5053ac0 nmethod 12934 0x00000209d01bf610 code [0x00000209d01bf9c0, 0x00000209d01c1508]
Event: 192.966 Thread 0x00000209e5053ac0 12936       3       org.apache.http.message.TokenParser::parseValue (149 bytes)
Event: 192.967 Thread 0x00000209e5053ac0 nmethod 12936 0x00000209d01c1f90 code [0x00000209d01c2240, 0x00000209d01c3008]
Event: 192.967 Thread 0x00000209e5053ac0 12935       3       org.apache.http.client.methods.HttpRequestWrapper::getProtocolVersion (24 bytes)
Event: 192.967 Thread 0x00000209e5053ac0 nmethod 12935 0x00000209d01c3510 code [0x00000209d01c36c0, 0x00000209d01c38e8]
Event: 193.971 Thread 0x00000209e50521b0 12937       4       java.lang.StringBuilder::append (8 bytes)
Event: 193.997 Thread 0x00000209e50521b0 nmethod 12937 0x00000209d68db590 code [0x00000209d68db740, 0x00000209d68dc018]
Event: 193.999 Thread 0x00000209e5053ac0 12938       3       java.nio.Buffer$1::acquireScope (41 bytes)
Event: 194.001 Thread 0x00000209e5053ac0 nmethod 12938 0x00000209d01c3990 code [0x00000209d01c3ba0, 0x00000209d01c4198]
Event: 194.001 Thread 0x00000209e5053ac0 12939       3       java.nio.MappedByteBuffer::flip (5 bytes)
Event: 194.002 Thread 0x00000209e5053ac0 nmethod 12939 0x00000209d01c4390 code [0x00000209d01c4540, 0x00000209d01c4778]

GC Heap History (20 events):
Event: 16.834 GC heap before
{Heap before GC invocations=18 (full 0):
 garbage-first heap   total 177152K, used 45943K [0x0000000081c00000, 0x0000000100000000)
  region size 1024K, 13 young (13312K), 8 survivors (8192K)
 Metaspace       used 59828K, committed 60288K, reserved 1105920K
  class space    used 7662K, committed 7872K, reserved 1048576K
}
Event: 16.844 GC heap after
{Heap after GC invocations=19 (full 0):
 garbage-first heap   total 177152K, used 42159K [0x0000000081c00000, 0x0000000100000000)
  region size 1024K, 7 young (7168K), 7 survivors (7168K)
 Metaspace       used 59828K, committed 60288K, reserved 1105920K
  class space    used 7662K, committed 7872K, reserved 1048576K
}
Event: 18.414 GC heap before
{Heap before GC invocations=20 (full 0):
 garbage-first heap   total 153600K, used 127151K [0x0000000081c00000, 0x0000000100000000)
  region size 1024K, 90 young (92160K), 7 survivors (7168K)
 Metaspace       used 65131K, committed 65728K, reserved 1105920K
  class space    used 8524K, committed 8832K, reserved 1048576K
}
Event: 18.425 GC heap after
{Heap after GC invocations=21 (full 0):
 garbage-first heap   total 153600K, used 43637K [0x0000000081c00000, 0x0000000100000000)
  region size 1024K, 7 young (7168K), 7 survivors (7168K)
 Metaspace       used 65131K, committed 65728K, reserved 1105920K
  class space    used 8524K, committed 8832K, reserved 1048576K
}
Event: 19.569 GC heap before
{Heap before GC invocations=21 (full 0):
 garbage-first heap   total 153600K, used 127605K [0x0000000081c00000, 0x0000000100000000)
  region size 1024K, 90 young (92160K), 7 survivors (7168K)
 Metaspace       used 72020K, committed 72576K, reserved 1114112K
  class space    used 9653K, committed 9920K, reserved 1048576K
}
Event: 19.579 GC heap after
{Heap after GC invocations=22 (full 0):
 garbage-first heap   total 153600K, used 47712K [0x0000000081c00000, 0x0000000100000000)
  region size 1024K, 11 young (11264K), 11 survivors (11264K)
 Metaspace       used 72020K, committed 72576K, reserved 1114112K
  class space    used 9653K, committed 9920K, reserved 1048576K
}
Event: 20.388 GC heap before
{Heap before GC invocations=22 (full 0):
 garbage-first heap   total 153600K, used 124512K [0x0000000081c00000, 0x0000000100000000)
  region size 1024K, 87 young (89088K), 11 survivors (11264K)
 Metaspace       used 76413K, committed 76992K, reserved 1122304K
  class space    used 10274K, committed 10560K, reserved 1048576K
}
Event: 20.401 GC heap after
{Heap after GC invocations=23 (full 0):
 garbage-first heap   total 153600K, used 50550K [0x0000000081c00000, 0x0000000100000000)
  region size 1024K, 8 young (8192K), 8 survivors (8192K)
 Metaspace       used 76413K, committed 76992K, reserved 1122304K
  class space    used 10274K, committed 10560K, reserved 1048576K
}
Event: 21.974 GC heap before
{Heap before GC invocations=23 (full 0):
 garbage-first heap   total 153600K, used 126326K [0x0000000081c00000, 0x0000000100000000)
  region size 1024K, 83 young (84992K), 8 survivors (8192K)
 Metaspace       used 81394K, committed 81984K, reserved 1122304K
  class space    used 10871K, committed 11136K, reserved 1048576K
}
Event: 21.985 GC heap after
{Heap after GC invocations=24 (full 0):
 garbage-first heap   total 153600K, used 54001K [0x0000000081c00000, 0x0000000100000000)
  region size 1024K, 7 young (7168K), 7 survivors (7168K)
 Metaspace       used 81394K, committed 81984K, reserved 1122304K
  class space    used 10871K, committed 11136K, reserved 1048576K
}
Event: 22.841 GC heap before
{Heap before GC invocations=24 (full 0):
 garbage-first heap   total 153600K, used 127729K [0x0000000081c00000, 0x0000000100000000)
  region size 1024K, 79 young (80896K), 7 survivors (7168K)
 Metaspace       used 84677K, committed 85312K, reserved 1130496K
  class space    used 11239K, committed 11520K, reserved 1048576K
}
Event: 22.849 GC heap after
{Heap after GC invocations=25 (full 0):
 garbage-first heap   total 153600K, used 57651K [0x0000000081c00000, 0x0000000100000000)
  region size 1024K, 7 young (7168K), 7 survivors (7168K)
 Metaspace       used 84677K, committed 85312K, reserved 1130496K
  class space    used 11239K, committed 11520K, reserved 1048576K
}
Event: 23.662 GC heap before
{Heap before GC invocations=25 (full 0):
 garbage-first heap   total 153600K, used 127283K [0x0000000081c00000, 0x0000000100000000)
  region size 1024K, 75 young (76800K), 7 survivors (7168K)
 Metaspace       used 87577K, committed 88192K, reserved 1130496K
  class space    used 11561K, committed 11840K, reserved 1048576K
}
Event: 23.674 GC heap after
{Heap after GC invocations=26 (full 0):
 garbage-first heap   total 153600K, used 61539K [0x0000000081c00000, 0x0000000100000000)
  region size 1024K, 8 young (8192K), 8 survivors (8192K)
 Metaspace       used 87577K, committed 88192K, reserved 1130496K
  class space    used 11561K, committed 11840K, reserved 1048576K
}
Event: 24.488 GC heap before
{Heap before GC invocations=26 (full 0):
 garbage-first heap   total 153600K, used 126051K [0x0000000081c00000, 0x0000000100000000)
  region size 1024K, 72 young (73728K), 8 survivors (8192K)
 Metaspace       used 90834K, committed 91456K, reserved 1130496K
  class space    used 12003K, committed 12352K, reserved 1048576K
}
Event: 24.499 GC heap after
{Heap after GC invocations=27 (full 0):
 garbage-first heap   total 153600K, used 64419K [0x0000000081c00000, 0x0000000100000000)
  region size 1024K, 7 young (7168K), 7 survivors (7168K)
 Metaspace       used 90834K, committed 91456K, reserved 1130496K
  class space    used 12003K, committed 12352K, reserved 1048576K
}
Event: 32.187 GC heap before
{Heap before GC invocations=27 (full 0):
 garbage-first heap   total 153600K, used 127907K [0x0000000081c00000, 0x0000000100000000)
  region size 1024K, 69 young (70656K), 7 survivors (7168K)
 Metaspace       used 95437K, committed 96128K, reserved 1138688K
  class space    used 12703K, committed 13056K, reserved 1048576K
}
Event: 32.201 GC heap after
{Heap after GC invocations=28 (full 0):
 garbage-first heap   total 184320K, used 67364K [0x0000000081c00000, 0x0000000100000000)
  region size 1024K, 6 young (6144K), 6 survivors (6144K)
 Metaspace       used 95437K, committed 96128K, reserved 1138688K
  class space    used 12703K, committed 13056K, reserved 1048576K
}
Event: 143.496 GC heap before
{Heap before GC invocations=28 (full 0):
 garbage-first heap   total 184320K, used 115492K [0x0000000081c00000, 0x0000000100000000)
  region size 1024K, 55 young (56320K), 6 survivors (6144K)
 Metaspace       used 100242K, committed 100928K, reserved 1138688K
  class space    used 13161K, committed 13504K, reserved 1048576K
}
Event: 143.506 GC heap after
{Heap after GC invocations=29 (full 0):
 garbage-first heap   total 184320K, used 68866K [0x0000000081c00000, 0x0000000100000000)
  region size 1024K, 8 young (8192K), 8 survivors (8192K)
 Metaspace       used 100242K, committed 100928K, reserved 1138688K
  class space    used 13161K, committed 13504K, reserved 1048576K
}

Deoptimization events (20 events):
Event: 56.961 Thread 0x00000209e763e060 Uncommon trap: trap_request=0xffffffde fr.pc=0x00000209d6854a8c relative=0x0000000000000eec
Event: 56.961 Thread 0x00000209e763e060 Uncommon trap: reason=class_check action=maybe_recompile pc=0x00000209d6854a8c method=org.springframework.util.ConcurrentReferenceHashMap$Segment.findInChain(Lorg/springframework/util/ConcurrentReferenceHashMap$Reference;Ljava/lang/Object;I)Lorg/springfra
Event: 56.961 Thread 0x00000209e763e060 DEOPT PACKING pc=0x00000209d6854a8c sp=0x000000ba880fd910
Event: 56.961 Thread 0x00000209e763e060 DEOPT UNPACKING pc=0x00000209ce8223a3 sp=0x000000ba880fd7e8 mode 2
Event: 72.970 Thread 0x00000209e763e060 Uncommon trap: trap_request=0xfffffff4 fr.pc=0x00000209d6870ed0 relative=0x0000000000000350
Event: 72.970 Thread 0x00000209e763e060 Uncommon trap: reason=null_check action=make_not_entrant pc=0x00000209d6870ed0 method=sun.invoke.util.VerifyType.isNullConversion(Ljava/lang/Class;Ljava/lang/Class;Z)Z @ 67 c2
Event: 72.970 Thread 0x00000209e763e060 DEOPT PACKING pc=0x00000209d6870ed0 sp=0x000000ba880fe2c0
Event: 72.970 Thread 0x00000209e763e060 DEOPT UNPACKING pc=0x00000209ce8223a3 sp=0x000000ba880fe250 mode 2
Event: 83.511 Thread 0x00000209ed101540 DEOPT PACKING pc=0x00000209cef789cf sp=0x000000ba85cfb610
Event: 83.511 Thread 0x00000209ed101540 DEOPT UNPACKING pc=0x00000209ce822b43 sp=0x000000ba85cfaaa0 mode 0
Event: 83.569 Thread 0x00000209ed101540 DEOPT PACKING pc=0x00000209cee6a6d1 sp=0x000000ba85cfb4e0
Event: 83.569 Thread 0x00000209ed101540 DEOPT UNPACKING pc=0x00000209ce822b43 sp=0x000000ba85cfa970 mode 0
Event: 98.979 Thread 0x00000209e763e060 DEOPT PACKING pc=0x00000209cf7ea263 sp=0x000000ba880fcc60
Event: 98.979 Thread 0x00000209e763e060 DEOPT UNPACKING pc=0x00000209ce822b43 sp=0x000000ba880fc110 mode 0
Event: 145.962 Thread 0x00000209e763e060 DEOPT PACKING pc=0x00000209cf0690ad sp=0x000000ba880fd400
Event: 145.962 Thread 0x00000209e763e060 DEOPT UNPACKING pc=0x00000209ce822b43 sp=0x000000ba880fc908 mode 0
Event: 194.283 Thread 0x00000209e5e2b310 Uncommon trap: trap_request=0xffffff45 fr.pc=0x00000209d6646904 relative=0x0000000000000264
Event: 194.283 Thread 0x00000209e5e2b310 Uncommon trap: reason=unstable_if action=reinterpret pc=0x00000209d6646904 method=sun.instrument.InstrumentationImpl.transform(Ljava/lang/Module;Ljava/lang/ClassLoader;Ljava/lang/String;Ljava/lang/Class;Ljava/security/ProtectionDomain;[BZ)[B @ 24 c2
Event: 194.283 Thread 0x00000209e5e2b310 DEOPT PACKING pc=0x00000209d6646904 sp=0x000000ba840fe8b0
Event: 194.283 Thread 0x00000209e5e2b310 DEOPT UNPACKING pc=0x00000209ce8223a3 sp=0x000000ba840fe908 mode 2

Classes unloaded (0 events):
No events

Classes redefined (1 events):
Event: 194.322 Thread 0x00000209e50264d0 redefined class name=com.arenella.recruit.candidates.repos.CandidateRepository, count=1

Internal exceptions (20 events):
Event: 24.968 Thread 0x00000209e763e060 Exception <a 'java/lang/NoSuchMethodError'{0x0000000089440bc8}: 'java.lang.Object java.lang.invoke.DirectMethodHandle$Holder.invokeStatic(java.lang.Object, java.lang.Object, java.lang.Object, java.lang.Object, int)'> (0x0000000089440bc8) 
thrown [t:\workspace\open\src\hotspot\share\interpreter\linkResolver.cpp, line 766]
Event: 24.998 Thread 0x00000209e763e060 Exception <a 'java/lang/NoSuchMethodError'{0x00000000892b18a8}: 'java.lang.Object java.lang.invoke.DirectMethodHandle$Holder.invokeStatic(java.lang.Object, int, java.lang.Object, java.lang.Object, java.lang.Object, java.lang.Object)'> (0x00000000892b18a8) 
thrown [t:\workspace\open\src\hotspot\share\interpreter\linkResolver.cpp, line 766]
Event: 24.998 Thread 0x00000209e763e060 Exception <a 'java/lang/NoSuchMethodError'{0x00000000892ba568}: 'java.lang.Object java.lang.invoke.DirectMethodHandle$Holder.newInvokeSpecial(java.lang.Object, int, java.lang.Object, java.lang.Object, java.lang.Object)'> (0x00000000892ba568) 
thrown [t:\workspace\open\src\hotspot\share\interpreter\linkResolver.cpp, line 766]
Event: 32.343 Thread 0x00000209e763e060 Exception <a 'java/lang/NoSuchMethodError'{0x000000008ce22d48}: 'java.lang.Object java.lang.invoke.DirectMethodHandle$Holder.invokeSpecialIFC(java.lang.Object, java.lang.Object, long)'> (0x000000008ce22d48) 
thrown [t:\workspace\open\src\hotspot\share\interpreter\linkResolver.cpp, line 766]
Event: 32.343 Thread 0x00000209e763e060 Exception <a 'java/lang/NoSuchMethodError'{0x000000008ce26d40}: 'long java.lang.invoke.DirectMethodHandle$Holder.invokeStatic(java.lang.Object, java.lang.Object, int)'> (0x000000008ce26d40) 
thrown [t:\workspace\open\src\hotspot\share\interpreter\linkResolver.cpp, line 766]
Event: 32.643 Thread 0x00000209e763e060 Exception <a 'java/lang/ClassNotFoundException'{0x000000008cbcb608}: sun/awt/resources/spi/awtProvider> (0x000000008cbcb608) 
thrown [t:\workspace\open\src\hotspot\share\classfile\systemDictionary.cpp, line 256]
Event: 32.648 Thread 0x00000209e763e060 Exception <a 'java/io/FileNotFoundException'{0x000000008cbd8e80}> (0x000000008cbd8e80) 
thrown [t:\workspace\open\src\hotspot\share\prims\jni.cpp, line 516]
Event: 32.649 Thread 0x00000209e763e060 Exception <a 'java/io/FileNotFoundException'{0x000000008cbda680}> (0x000000008cbda680) 
thrown [t:\workspace\open\src\hotspot\share\prims\jni.cpp, line 516]
Event: 41.447 Thread 0x00000209e763e060 Exception <a 'java/lang/NoSuchMethodError'{0x000000008af40908}: 'void java.lang.invoke.Invokers$Holder.invoke_MT(java.lang.Object, java.lang.Object, java.lang.Object, java.lang.Object)'> (0x000000008af40908) 
thrown [t:\workspace\open\src\hotspot\share\interpreter\linkResolver.cpp, line 766]
Event: 41.448 Thread 0x00000209e763e060 Exception <a 'java/lang/NoSuchMethodError'{0x000000008af50258}: 'void java.lang.invoke.DelegatingMethodHandle$Holder.reinvoke_L(java.lang.Object, java.lang.Object, int)'> (0x000000008af50258) 
thrown [t:\workspace\open\src\hotspot\share\interpreter\linkResolver.cpp, line 766]
Event: 41.464 Thread 0x00000209e763e060 Exception <a 'java/lang/NoSuchMethodError'{0x000000008afb0878}: 'float java.lang.invoke.DelegatingMethodHandle$Holder.reinvoke_L(java.lang.Object, java.lang.Object, int)'> (0x000000008afb0878) 
thrown [t:\workspace\open\src\hotspot\share\interpreter\linkResolver.cpp, line 766]
Event: 41.466 Thread 0x00000209e763e060 Exception <a 'java/lang/NoSuchMethodError'{0x000000008afbb0f0}: 'void java.lang.invoke.DelegatingMethodHandle$Holder.reinvoke_L(java.lang.Object, java.lang.Object, float)'> (0x000000008afbb0f0) 
thrown [t:\workspace\open\src\hotspot\share\interpreter\linkResolver.cpp, line 766]
Event: 41.491 Thread 0x00000209e763e060 Exception <a 'java/lang/NoSuchMethodError'{0x000000008aeb6bb0}: 'long java.lang.invoke.DirectMethodHandle$Holder.invokeSpecialIFC(java.lang.Object, java.lang.Object, java.lang.Object)'> (0x000000008aeb6bb0) 
thrown [t:\workspace\open\src\hotspot\share\interpreter\linkResolver.cpp, line 766]
Event: 53.214 Thread 0x00000209e763e060 Exception <a 'java/lang/NoSuchMethodError'{0x000000008ad1d060}: 'java.lang.Object java.lang.invoke.Invokers$Holder.invoke_MT(java.lang.Object, java.lang.Object, java.lang.Object)'> (0x000000008ad1d060) 
thrown [t:\workspace\open\src\hotspot\share\interpreter\linkResolver.cpp, line 766]
Event: 53.225 Thread 0x00000209e763e060 Exception <a 'java/lang/NoSuchMethodError'{0x000000008ad8b110}: 'float java.lang.invoke.DelegatingMethodHandle$Holder.reinvoke_L(java.lang.Object, java.lang.Object)'> (0x000000008ad8b110) 
thrown [t:\workspace\open\src\hotspot\share\interpreter\linkResolver.cpp, line 766]
Event: 53.242 Thread 0x00000209e763e060 Exception <a 'java/lang/NoSuchMethodError'{0x000000008aca1b20}: 'java.lang.Object java.lang.invoke.DirectMethodHandle$Holder.invokeStaticInit(java.lang.Object, java.lang.Object, java.lang.Object, java.lang.Object, java.lang.Object)'> (0x000000008aca1b20) 
thrown [t:\workspace\open\src\hotspot\share\interpreter\linkResolver.cpp, line 766]
Event: 53.252 Thread 0x00000209e763e060 Implicit null exception at 0x00000209d681a700 to 0x00000209d681adc8
Event: 53.257 Thread 0x00000209e763e060 Implicit null exception at 0x00000209d64b69cf to 0x00000209d64b6b68
Event: 53.484 Thread 0x00000209e763e060 Exception <a 'java/lang/NoSuchMethodError'{0x000000008a94fd58}: 'void java.lang.invoke.DirectMethodHandle$Holder.invokeSpecialIFC(java.lang.Object, java.lang.Object, java.lang.Object)'> (0x000000008a94fd58) 
thrown [t:\workspace\open\src\hotspot\share\interpreter\linkResolver.cpp, line 766]
Event: 72.970 Thread 0x00000209e763e060 Implicit null exception at 0x00000209d6870c37 to 0x00000209d6870ebc

VM Operations (20 events):
Event: 166.632 Executing VM operation: Cleanup
Event: 166.632 Executing VM operation: Cleanup done
Event: 168.632 Executing VM operation: Cleanup
Event: 168.632 Executing VM operation: Cleanup done
Event: 172.634 Executing VM operation: Cleanup
Event: 172.634 Executing VM operation: Cleanup done
Event: 174.635 Executing VM operation: Cleanup
Event: 174.635 Executing VM operation: Cleanup done
Event: 175.635 Executing VM operation: Cleanup
Event: 175.636 Executing VM operation: Cleanup done
Event: 176.636 Executing VM operation: Cleanup
Event: 176.636 Executing VM operation: Cleanup done
Event: 183.638 Executing VM operation: Cleanup
Event: 183.638 Executing VM operation: Cleanup done
Event: 185.639 Executing VM operation: Cleanup
Event: 185.640 Executing VM operation: Cleanup done
Event: 188.642 Executing VM operation: Cleanup
Event: 188.642 Executing VM operation: Cleanup done
Event: 194.288 Executing VM operation: RedefineClasses
Event: 194.376 Executing VM operation: RedefineClasses done

Events (20 events):
Event: 41.451 loading class java/time/format/DateTimeParseContext done
Event: 41.451 loading class java/time/format/Parsed
Event: 41.452 loading class java/time/format/Parsed done
Event: 41.453 loading class java/time/chrono/HijrahDate
Event: 41.454 loading class java/time/chrono/ChronoLocalDateImpl
Event: 41.454 loading class java/time/chrono/ChronoLocalDateImpl done
Event: 41.454 loading class java/time/chrono/HijrahDate done
Event: 41.455 loading class java/time/chrono/JapaneseDate
Event: 41.455 loading class java/time/chrono/JapaneseDate done
Event: 41.455 loading class java/time/chrono/ThaiBuddhistDate
Event: 41.456 loading class java/time/chrono/ThaiBuddhistDate done
Event: 41.826 Thread 0x00000209e8c8b4a0 Thread exited: 0x00000209e8c8b4a0
Event: 53.223 loading class java/time/temporal/UnsupportedTemporalTypeException
Event: 53.224 loading class java/time/temporal/UnsupportedTemporalTypeException done
Event: 55.154 Thread 0x00000209e9b56da0 Thread added: 0x00000209e9b56da0
Event: 56.241 Thread 0x00000209e9b56da0 Thread exited: 0x00000209e9b56da0
Event: 143.540 Thread 0x00000209e9b54a30 Thread added: 0x00000209e9b54a30
Event: 143.964 Thread 0x00000209e9b54a30 Thread exited: 0x00000209e9b54a30
Event: 166.963 loading class jdk/internal/access/foreign/MemorySegmentProxy
Event: 166.963 loading class jdk/internal/access/foreign/MemorySegmentProxy done


Dynamic libraries:
0x00007ff7600c0000 - 0x00007ff7600d0000 	C:\Program Files\Java\jdk-17.0.2\bin\javaw.exe
0x00007ff97a8f0000 - 0x00007ff97ab07000 	C:\WINDOWS\SYSTEM32\ntdll.dll
0x00007ff978f70000 - 0x00007ff979034000 	C:\WINDOWS\System32\KERNEL32.DLL
0x00007ff977f10000 - 0x00007ff9782bd000 	C:\WINDOWS\System32\KERNELBASE.dll
0x00007ff9784d0000 - 0x00007ff9785e1000 	C:\WINDOWS\System32\ucrtbase.dll
0x00007ff9535a0000 - 0x00007ff9535ba000 	C:\Program Files\Java\jdk-17.0.2\bin\VCRUNTIME140.dll
0x00007ff9535c0000 - 0x00007ff9535d8000 	C:\Program Files\Java\jdk-17.0.2\bin\jli.dll
0x00007ff979040000 - 0x00007ff9790f2000 	C:\WINDOWS\System32\ADVAPI32.dll
0x00007ff979fd0000 - 0x00007ff97a077000 	C:\WINDOWS\System32\msvcrt.dll
0x00007ff979190000 - 0x00007ff979239000 	C:\WINDOWS\System32\sechost.dll
0x00007ff9785f0000 - 0x00007ff978618000 	C:\WINDOWS\System32\bcrypt.dll
0x00007ff979260000 - 0x00007ff979374000 	C:\WINDOWS\System32\RPCRT4.dll
0x00007ff978620000 - 0x00007ff9787ce000 	C:\WINDOWS\System32\USER32.dll
0x00007ff977ee0000 - 0x00007ff977f06000 	C:\WINDOWS\System32\win32u.dll
0x00007ff95bdf0000 - 0x00007ff95c083000 	C:\WINDOWS\WinSxS\amd64_microsoft.windows.common-controls_6595b64144ccf1df_6.0.22621.3672_none_2713b9d173822955\COMCTL32.dll
0x00007ff978ae0000 - 0x00007ff978b09000 	C:\WINDOWS\System32\GDI32.dll
0x00007ff9783b0000 - 0x00007ff9784c9000 	C:\WINDOWS\System32\gdi32full.dll
0x00007ff977c10000 - 0x00007ff977caa000 	C:\WINDOWS\System32\msvcp_win.dll
0x00007ff973040000 - 0x00007ff97304a000 	C:\WINDOWS\SYSTEM32\VERSION.dll
0x00007ff9793e0000 - 0x00007ff979411000 	C:\WINDOWS\System32\IMM32.DLL
0x00007ff9569b0000 - 0x00007ff9569bc000 	C:\Program Files\Java\jdk-17.0.2\bin\vcruntime140_1.dll
0x00007ff953510000 - 0x00007ff95359d000 	C:\Program Files\Java\jdk-17.0.2\bin\msvcp140.dll
0x00007ff952940000 - 0x00007ff953501000 	C:\Program Files\Java\jdk-17.0.2\bin\server\jvm.dll
0x00007ff979250000 - 0x00007ff979258000 	C:\WINDOWS\System32\PSAPI.DLL
0x00007ff958390000 - 0x00007ff958399000 	C:\WINDOWS\SYSTEM32\WSOCK32.dll
0x00007ff972a60000 - 0x00007ff972a94000 	C:\WINDOWS\SYSTEM32\WINMM.dll
0x00007ff97a080000 - 0x00007ff97a0f1000 	C:\WINDOWS\System32\WS2_32.dll
0x00007ff976cf0000 - 0x00007ff976d08000 	C:\WINDOWS\SYSTEM32\kernel.appcore.dll
0x00007ff9557b0000 - 0x00007ff9557ba000 	C:\Program Files\Java\jdk-17.0.2\bin\jimage.dll
0x00007ff974970000 - 0x00007ff974ba2000 	C:\WINDOWS\SYSTEM32\DBGHELP.DLL
0x00007ff978b30000 - 0x00007ff978ebd000 	C:\WINDOWS\System32\combase.dll
0x00007ff979630000 - 0x00007ff979707000 	C:\WINDOWS\System32\OLEAUT32.dll
0x00007ff971390000 - 0x00007ff9713c2000 	C:\WINDOWS\SYSTEM32\dbgcore.DLL
0x00007ff9782c0000 - 0x00007ff97833b000 	C:\WINDOWS\System32\bcryptPrimitives.dll
0x00007ff953f40000 - 0x00007ff953f7b000 	C:\Program Files\Java\jdk-17.0.2\bin\jdwp.dll
0x00007ff972fb0000 - 0x00007ff972fbe000 	C:\Program Files\Java\jdk-17.0.2\bin\instrument.dll
0x00007ff9526e0000 - 0x00007ff952705000 	C:\Program Files\Java\jdk-17.0.2\bin\java.dll
0x00007ff952240000 - 0x00007ff952316000 	C:\Program Files\Java\jdk-17.0.2\bin\jsvml.dll
0x00007ff979710000 - 0x00007ff979f78000 	C:\WINDOWS\System32\SHELL32.dll
0x00007ff975b10000 - 0x00007ff97640e000 	C:\WINDOWS\SYSTEM32\windows.storage.dll
0x00007ff9759d0000 - 0x00007ff975b0f000 	C:\WINDOWS\SYSTEM32\wintypes.dll
0x00007ff9789e0000 - 0x00007ff978ad9000 	C:\WINDOWS\System32\SHCORE.dll
0x00007ff97a850000 - 0x00007ff97a8ae000 	C:\WINDOWS\System32\shlwapi.dll
0x00007ff977b40000 - 0x00007ff977b61000 	C:\WINDOWS\SYSTEM32\profapi.dll
0x00007ff972fa0000 - 0x00007ff972fac000 	C:\Program Files\Java\jdk-17.0.2\bin\dt_socket.dll
0x00007ff976730000 - 0x00007ff97675d000 	C:\WINDOWS\SYSTEM32\IPHLPAPI.DLL
0x00007ff977160000 - 0x00007ff9771c9000 	C:\WINDOWS\system32\mswsock.dll
0x00007ff976760000 - 0x00007ff976858000 	C:\WINDOWS\SYSTEM32\DNSAPI.dll
0x00007ff979100000 - 0x00007ff979109000 	C:\WINDOWS\System32\NSI.dll
0x00007ff95d370000 - 0x00007ff95d37a000 	C:\Windows\System32\rasadhlp.dll
0x00007ff9723d0000 - 0x00007ff972453000 	C:\WINDOWS\System32\fwpuclnt.dll
0x00007ff952330000 - 0x00007ff952348000 	C:\Program Files\Java\jdk-17.0.2\bin\zip.dll
0x00007ff958a90000 - 0x00007ff958aa9000 	C:\Program Files\Java\jdk-17.0.2\bin\net.dll
0x00007ff972e60000 - 0x00007ff972f96000 	C:\WINDOWS\SYSTEM32\WINHTTP.dll
0x00007ff958a70000 - 0x00007ff958a86000 	C:\Program Files\Java\jdk-17.0.2\bin\nio.dll
0x00007ff952320000 - 0x00007ff952330000 	C:\Program Files\Java\jdk-17.0.2\bin\verify.dll
0x00007ff9521c0000 - 0x00007ff9521ce000 	C:\Program Files\Java\jdk-17.0.2\bin\sunmscapi.dll
0x00007ff977d70000 - 0x00007ff977ed7000 	C:\WINDOWS\System32\CRYPT32.dll
0x00007ff9775c0000 - 0x00007ff9775ee000 	C:\WINDOWS\SYSTEM32\ncrypt.dll
0x00007ff977580000 - 0x00007ff9775b7000 	C:\WINDOWS\SYSTEM32\NTASN1.dll
0x00007ff972da0000 - 0x00007ff972db9000 	C:\WINDOWS\SYSTEM32\dhcpcsvc6.DLL
0x00007ff972fc0000 - 0x00007ff972fdf000 	C:\WINDOWS\SYSTEM32\dhcpcsvc.DLL
0x00007ff977390000 - 0x00007ff9773ab000 	C:\WINDOWS\SYSTEM32\CRYPTSP.dll
0x00007ff976c50000 - 0x00007ff976c85000 	C:\WINDOWS\system32\rsaenh.dll
0x00007ff977220000 - 0x00007ff977248000 	C:\WINDOWS\SYSTEM32\USERENV.dll
0x00007ff9773b0000 - 0x00007ff9773bc000 	C:\WINDOWS\SYSTEM32\CRYPTBASE.dll
0x00007ff951f90000 - 0x00007ff951f99000 	C:\Program Files\Java\jdk-17.0.2\bin\management.dll
0x00007ff94da00000 - 0x00007ff94da0b000 	C:\Program Files\Java\jdk-17.0.2\bin\management_ext.dll
0x00007ff9120c0000 - 0x00007ff9120d7000 	C:\WINDOWS\system32\napinsp.dll
0x00007ff9120a0000 - 0x00007ff9120bb000 	C:\WINDOWS\system32\pnrpnsp.dll
0x00007ff912080000 - 0x00007ff912091000 	C:\WINDOWS\System32\winrnr.dll
0x00007ff942360000 - 0x00007ff942375000 	C:\WINDOWS\system32\wshbth.dll
0x00007ff9120e0000 - 0x00007ff912107000 	C:\WINDOWS\system32\nlansp_c.dll
0x00007ff952710000 - 0x00007ff952718000 	C:\WINDOWS\system32\wshunix.dll
0x00007ff94b650000 - 0x00007ff94b7df000 	C:\Program Files\Java\jdk-17.0.2\bin\awt.dll
0x00007ff96ff70000 - 0x00007ff970007000 	C:\WINDOWS\SYSTEM32\apphelp.dll

dbghelp: loaded successfully - version: 4.0.5 - missing functions: none
symbol engine: initialized successfully - sym options: 0x614 - pdb path: .;C:\Program Files\Java\jdk-17.0.2\bin;C:\WINDOWS\SYSTEM32;C:\WINDOWS\WinSxS\amd64_microsoft.windows.common-controls_6595b64144ccf1df_6.0.22621.3672_none_2713b9d173822955;C:\Program Files\Java\jdk-17.0.2\bin\server

VM Arguments:
jvm_args: -XX:+ShowCodeDetailsInExceptionMessages -agentlib:jdwp=transport=dt_socket,suspend=y,address=localhost:50847 -Dspring.profiles.active=local -javaagent:C:\Users\Hp\eclipse\java-2023-03\eclipse\configuration\org.eclipse.osgi\231\0\.cp\lib\javaagent-shaded.jar -Dfile.encoding=UTF-8 
java_command: com.arenella.recruit.RecruitApplication
java_class_path (initial): C:\eclipse-projects\recruit\recruit\target\classes;C:\Users\Hp\.p2\pool\plugins\org.junit_4.13.2.v20211018-1956.jar;C:\Users\Hp\.p2\pool\plugins\org.hamcrest.core_1.3.0.v20180420-1519.jar;C:\Users\Hp\.m2\repository\org\springframework\boot\spring-boot-starter-web\3.2.4\spring-boot-starter-web-3.2.4.jar;C:\Users\Hp\.m2\repository\org\springframework\boot\spring-boot-starter\3.2.4\spring-boot-starter-3.2.4.jar;C:\Users\Hp\.m2\repository\org\springframework\boot\spring-boot\3.2.4\spring-boot-3.2.4.jar;C:\Users\Hp\.m2\repository\org\springframework\boot\spring-boot-autoconfigure\3.2.4\spring-boot-autoconfigure-3.2.4.jar;C:\Users\Hp\.m2\repository\org\springframework\boot\spring-boot-starter-logging\3.2.4\spring-boot-starter-logging-3.2.4.jar;C:\Users\Hp\.m2\repository\ch\qos\logback\logback-classic\1.4.14\logback-classic-1.4.14.jar;C:\Users\Hp\.m2\repository\ch\qos\logback\logback-core\1.4.14\logback-core-1.4.14.jar;C:\Users\Hp\.m2\repository\org\springframework\boot\spring-boot-starter-json\3.2.4\spring-boot-starter-json-3.2.4.jar;C:\Users\Hp\.m2\repository\com\fasterxml\jackson\datatype\jackson-datatype-jdk8\2.15.4\jackson-datatype-jdk8-2.15.4.jar;C:\Users\Hp\.m2\repository\com\fasterxml\jackson\datatype\jackson-datatype-jsr310\2.15.4\jackson-datatype-jsr310-2.15.4.jar;C:\Users\Hp\.m2\repository\com\fasterxml\jackson\module\jackson-module-parameter-names\2.15.4\jackson-module-parameter-names-2.15.4.jar;C:\Users\Hp\.m2\repository\org\springframework\spring-web\6.1.5\spring-web-6.1.5.jar;C:\Users\Hp\.m2\repository\org\springframework\spring-beans\6.1.5\spring-beans-6.1.5.jar;C:\Users\Hp\.m2\repository\io\micrometer\micrometer-observation\1.12.4\micrometer-observation-1.12.4.jar;C:\Users\Hp\.m2\repository\io\micrometer\micrometer-commons\1.12.4\micrometer-commons-1.12.4.jar;C:\Users\Hp\.m2\repository\org\springframework\spring-webmvc\6.1.5\spring-webmvc-6.1.5.jar;C:\Users\Hp\.m2\repository\org\springframework\spring-expression\6.1.5\spring-ex
Launcher Type: SUN_STANDARD

[Global flags]
     intx CICompilerCount                          = 4                                         {product} {ergonomic}
     uint ConcGCThreads                            = 2                                         {product} {ergonomic}
     uint G1ConcRefinementThreads                  = 8                                         {product} {ergonomic}
   size_t G1HeapRegionSize                         = 1048576                                   {product} {ergonomic}
    uintx GCDrainStackTargetSize                   = 64                                        {product} {ergonomic}
   size_t InitialHeapSize                          = 134217728                                 {product} {ergonomic}
   size_t MarkStackSize                            = 4194304                                   {product} {ergonomic}
   size_t MaxHeapSize                              = 2118123520                                {product} {ergonomic}
   size_t MaxNewSize                               = 1270874112                                {product} {ergonomic}
   size_t MinHeapDeltaBytes                        = 1048576                                   {product} {ergonomic}
   size_t MinHeapSize                              = 8388608                                   {product} {ergonomic}
    uintx NonNMethodCodeHeapSize                   = 5839372                                {pd product} {ergonomic}
    uintx NonProfiledCodeHeapSize                  = 122909434                              {pd product} {ergonomic}
    uintx ProfiledCodeHeapSize                     = 122909434                              {pd product} {ergonomic}
    uintx ReservedCodeCacheSize                    = 251658240                              {pd product} {ergonomic}
     bool SegmentedCodeCache                       = true                                      {product} {ergonomic}
     bool ShowCodeDetailsInExceptionMessages       = true                                   {manageable} {command line}
   size_t SoftMaxHeapSize                          = 2118123520                             {manageable} {ergonomic}
     bool UseCompressedClassPointers               = true                           {product lp64_product} {ergonomic}
     bool UseCompressedOops                        = true                           {product lp64_product} {ergonomic}
     bool UseG1GC                                  = true                                      {product} {ergonomic}
     bool UseLargePagesIndividualAllocation        = false                                  {pd product} {ergonomic}

Logging:
Log output configuration:
 #0: stdout all=warning uptime,level,tags
 #1: stderr all=off uptime,level,tags

Environment Variables:
PATH=C:/Program Files/Java/jdk-17.0.2/bin/server;C:/Program Files/Java/jdk-17.0.2/bin;C:\Program Files\Eclipse Adoptium\jdk-17.0.7.7-hotspot\bin;C:\Python311\Scripts\;C:\Python311\;C:\Program Files\Common Files\Oracle\Java\javapath;C:\Program Files (x86)\Common Files\Oracle\Java\javapath;C:\windows\system32;C:\windows;C:\windows\System32\Wbem;C:\windows\System32\WindowsPowerShell\v1.0\;C:\windows\System32\OpenSSH\;C:\Program Files (x86)\NVIDIA Corporation\PhysX\Common;C:\Program Files\NVIDIA Corporation\NVIDIA NvDLISR;C:\java\jdk-14\bin;C:\WINDOWS\system32;C:\WINDOWS;C:\WINDOWS\System32\Wbem;C:\WINDOWS\System32\WindowsPowerShell\v1.0\;C:\WINDOWS\System32\OpenSSH\;C:\ProgramData\chocolatey\bin;C:\Program Files\Git\cmd;C:\maven\bin;%NVM_HOME%;%NVM_SYMLINK%;C:\Program Files\Docker\Docker\resources\bin;C:\ProgramData\DockerDesktop\version-bin;C:\Program Files\nodejs\;C:\Program Files\PuTTY\;C:\Users\Hp\AppData\Local\Microsoft\WindowsApps;C:\Users\Hp\AppData\Local\Programs\Microsoft VS Code\bin;C:\Program Files\JetBrains\IntelliJ IDEA 2021.3.2\bin;;C:\Users\Hp\AppData\Roaming\nvm;C:\Program Files\nodejs;C:\Users\Hp\AppData\Roaming\npm;;C:\WINDOWS\system32;
USERNAME=Hp
OS=Windows_NT
PROCESSOR_IDENTIFIER=Intel64 Family 6 Model 142 Stepping 11, GenuineIntel



---------------  S Y S T E M  ---------------

OS:
 Windows 11 , 64 bit Build 22621 (10.0.22621.3958)
OS uptime: 11 days 15:51 hours
Hyper-V role detected

CPU: total 8 (initial active 8) (4 cores per cpu, 2 threads per core) family 6 model 142 stepping 11 microcode 0xde, cx8, cmov, fxsr, ht, mmx, 3dnowpref, sse, sse2, sse3, ssse3, sse4.1, sse4.2, popcnt, lzcnt, tsc, tscinvbit, avx, avx2, aes, erms, clmul, bmi1, bmi2, adx, fma, vzeroupper, clflush, clflushopt, hv

Memory: 4k page, system-wide physical 8079M (496M free)
TotalPageFile size 27535M (AvailPageFile size 6802M)
current process WorkingSet (physical memory assigned to process): 393M, peak: 456M
current process commit charge ("private bytes"): 460M, peak: 512M

vm_info: Java HotSpot(TM) 64-Bit Server VM (17.0.2+8-LTS-86) for windows-amd64 JRE (17.0.2+8-LTS-86), built on Dec  7 2021 21:51:03 by "mach5one" with MS VC++ 16.8 / 16.9 (VS2019)

END.
