#
# A fatal error has been detected by the Java Runtime Environment:
#
#  EXCEPTION_ACCESS_VIOLATION (0xc0000005) at pc=0x00007ffe8ee5d65a, pid=32436, tid=33976
#
# JRE version: Java(TM) SE Runtime Environment (17.0.2+8) (build 17.0.2+8-LTS-86)
# Java VM: Java HotSpot(TM) 64-Bit Server VM (17.0.2+8-LTS-86, mixed mode, sharing, tiered, compressed oops, compressed class ptrs, g1 gc, windows-amd64)
# Problematic frame:
# V  [jvm.dll+0x73d65a]
#
# No core dump will be written. Minidumps are not enabled by default on client versions of Windows
#
# If you would like to submit a bug report, please visit:
#   https://bugreport.java.com/bugreport/crash.jsp
#

---------------  S U M M A R Y ------------

Command Line: -XX:+ShowCodeDetailsInExceptionMessages -agentlib:jdwp=transport=dt_socket,suspend=y,address=localhost:57594 -Dspring.profiles.active=local -javaagent:C:\Users\Hp\eclipse\java-2023-03\eclipse\configuration\org.eclipse.osgi\231\0\.cp\lib\javaagent-shaded.jar -Dfile.encoding=UTF-8 com.arenella.recruit.RecruitApplication

Host: Intel(R) Core(TM) i7-8565U CPU @ 1.80GHz, 8 cores, 7G,  Windows 11 , 64 bit Build 22621 (10.0.22621.3374)
Time: Thu Apr 18 02:07:47 2024 West-Europa (zomertijd) elapsed time: 585.009531 seconds (0d 0h 9m 45s)

---------------  T H R E A D  ---------------

Current thread (0x000002377fd45080):  JavaThread "JDWP Transport Listener: dt_socket" daemon [_thread_in_vm, id=33976, stack(0x00000089c3900000,0x00000089c3a00000)]

Stack: [0x00000089c3900000,0x00000089c3a00000],  sp=0x00000089c39ff8e0,  free space=1022k
Native frames: (J=compiled Java code, j=interpreted, Vv=VM code, C=native code)
V  [jvm.dll+0x73d65a]
V  [jvm.dll+0x504e0c]
V  [jvm.dll+0x4d0634]
C  [jdwp.dll+0x22e9f]


siginfo: EXCEPTION_ACCESS_VIOLATION (0xc0000005), reading address 0x00000000020e002e


Register to memory mapping:

RIP=0x00007ffe8ee5d65a jvm.dll
RAX=0x000000000000020d is an unknown value
RBX=0x000002377fcf69bc points into unknown readable memory: 00 72 79 3b
RCX=0x00000000020e002a is an unknown value
RDX=0x000002370574f380 points into unknown readable memory: 0x6572612f6d6f634c | 4c 63 6f 6d 2f 61 72 65
RSP=0x00000089c39ff8e0 is pointing into the stack for thread: 0x000002377fd45080
RBP=0x000002377fd6ac60 points into unknown readable memory: 0x0000000000000002 | 02 00 00 00 00 00 00 00
RSI=0x0 is NULL
RDI=0xffffffffffffffff is an unknown value
R8 =0x000000000000008b is an unknown value
R9 =0x0000000000000040 is an unknown value
R10=0x0000000000000080 is an unknown value
R11=0x00000089c39ff900 is pointing into the stack for thread: 0x000002377fd45080
R12=0x00000089c39ffa38 is pointing into the stack for thread: 0x000002377fd45080
R13=0x0 is NULL
R14=0x0000000800eeedf0 is a pointer to class: 
com.arenella.recruit.candidates.repos.CandidateRepository {0x0000000800eeedf8}
 - instance size:     2
 - klass size:        63
 - access:            public interface abstract 
 - state:             fully_initialized
 - name:              'com/arenella/recruit/candidates/repos/CandidateRepository'
 - super:             'java/lang/Object'
 - sub:               
 - nof implementors:  1
 - implementor:    
   'jdk/proxy2/$Proxy172'
 - arrays:            NULL
 - methods:           Array<T>(0x000002371409ba48)
 - method ordering:   Array<T>(0x000002371409bbd8)
 - default_methods:   Array<T>(0x0000000000000000)
 - local interfaces:  Array<T>(0x000002370a169460)
 - trans. interfaces: Array<T>(0x000002370a16a9b8)
 - constants:         constant pool [725]/operands[133] {0x00000237140a0008} for 'com/arenella/recruit/candidates/repos/CandidateRepository' cache=0x00000237140a16f0
 - class loader data:  loader data: 0x000002377fcb8e60 for instance a 'jdk/internal/loader/ClassLoaders$AppClassLoader'{0x000000008283c028}
 - source file:       'CandidateRepository.java'
 - source debug extension:       SMAP
CandidateRepository.java
Java
*S jdt
*F
1 CandidateRepository.java
2 file:/C:/eclipse-projects/recruit/recruit/target/classes/
*L
*E

 - class annotations:       Array<T>(0x0000000000000000)
 - class type annotations:  Array<T>(0x0000000000000000)
 - field annotations:       Array<T>(0x0000000000000000)
 - field type annotations:  Array<T>(0x0000000000000000)
 - generic signature: '
[error occurred during error reporting (printing register info), id 0xc0000005, EXCEPTION_ACCESS_VIOLATION (0xc0000005) at pc=0x00007ffe8ee5e266]

Registers:
RAX=0x000000000000020d, RBX=0x000002377fcf69bc, RCX=0x00000000020e002a, RDX=0x000002370574f380
RSP=0x00000089c39ff8e0, RBP=0x000002377fd6ac60, RSI=0x0000000000000000, RDI=0xffffffffffffffff
R8 =0x000000000000008b, R9 =0x0000000000000040, R10=0x0000000000000080, R11=0x00000089c39ff900
R12=0x00000089c39ffa38, R13=0x0000000000000000, R14=0x0000000800eeedf0, R15=0x00000089c39ffa60
RIP=0x00007ffe8ee5d65a, EFLAGS=0x0000000000010202

Top of Stack: (sp=0x00000089c39ff8e0)
0x00000089c39ff8e0:   0000000000000039 0000000800eeedf0
0x00000089c39ff8f0:   000002370574ff10 00007ffeb77aab11
0x00000089c39ff900:   ffffffffffffffff 00007ffe8ec24e0c
0x00000089c39ff910:   000002377fcf69bc 000002377fcf6980
0x00000089c39ff920:   000002377fd6ac60 0000000000000000
0x00000089c39ff930:   000002377fcf6930 00000000000003d8
0x00000089c39ff940:   000002377fcf6940 000002377fcf6d18
0x00000089c39ff950:   0000000000021a02 00000089c39ffa38
0x00000089c39ff960:   0000000000000007 000002377fd45328
0x00000089c39ff970:   0000000085b00538 00007ffe8ebf0634
0x00000089c39ff980:   000002377fd45080 00000089c39ffa60
0x00000089c39ff990:   0000023762ed81d0 00000089c39ffa60
0x00000089c39ff9a0:   000002377fd45080 0000000000000000
0x00000089c39ff9b0:   0000000000000000 0000000000000000
0x00000089c39ff9c0:   000002370c5e2608 00007ffe989b2e9f
0x00000089c39ff9d0:   00000089c39ffa58 00007ffe989c1830 

Instructions: (pc=0x00007ffe8ee5d65a)
0x00007ffe8ee5d55a:   48 83 c4 20 5f e9 8c 75 96 ff cc cc cc cc cc cc
0x00007ffe8ee5d56a:   cc cc cc cc cc cc 48 89 5c 24 08 57 48 83 ec 20
0x00007ffe8ee5d57a:   83 fa 02 8d 42 06 b9 08 00 00 00 49 8b d8 0f 4e
0x00007ffe8ee5d58a:   c1 48 63 c8 48 83 c1 07 83 e1 f8 48 63 f9 49 8b
0x00007ffe8ee5d59a:   48 18 48 8b c7 48 f7 d0 48 3b c1 73 16 4c 8d 05
0x00007ffe8ee5d5aa:   9a 52 17 00 48 8b d7 48 8b cb e8 97 d8 96 ff 48
0x00007ffe8ee5d5ba:   8b 4b 18 48 8d 04 39 48 3b 43 20 76 18 45 33 c0
0x00007ffe8ee5d5ca:   48 8b d7 48 8b cb 48 8b 5c 24 30 48 83 c4 20 5f
0x00007ffe8ee5d5da:   e9 f1 d4 96 ff 48 89 43 18 48 8b c1 48 8b 5c 24
0x00007ffe8ee5d5ea:   30 48 83 c4 20 5f c3 cc cc cc cc cc cc cc cc cc
0x00007ffe8ee5d5fa:   cc cc cc cc cc cc 4c 8b d2 4c 8b d9 45 85 c0 7e
0x00007ffe8ee5d60a:   3c 44 0f b7 49 04 41 8d 40 ff 41 3b c1 44 0f 4c
0x00007ffe8ee5d61a:   c8 4d 63 c1 45 85 c9 7e 1f 48 8b c2 4c 2b da 49
0x00007ffe8ee5d62a:   8b d0 0f 1f 40 00 41 0f b6 4c 03 06 88 08 48 8d
0x00007ffe8ee5d63a:   40 01 48 83 ea 01 75 ee 43 c6 04 10 00 49 8b c2
0x00007ffe8ee5d64a:   c3 cc cc cc cc cc 48 89 5c 24 08 57 48 83 ec 20
0x00007ffe8ee5d65a:   0f b7 59 04 48 8b f9 33 d2 48 8d 4b 01 e8 44 96
0x00007ffe8ee5d66a:   f8 ff 0f b7 57 04 4c 8b c0 3b da 0f 42 d3 44 8b
0x00007ffe8ee5d67a:   ca 85 d2 74 39 48 2b f8 0f 1f 40 00 66 66 0f 1f
0x00007ffe8ee5d68a:   84 00 00 00 00 00 0f b6 4c 07 06 88 08 48 ff c0
0x00007ffe8ee5d69a:   48 8b c8 49 2b c8 49 3b c9 7c eb 42 c6 04 02 00
0x00007ffe8ee5d6aa:   49 8b c0 48 8b 5c 24 30 48 83 c4 20 5f c3 48 8b
0x00007ffe8ee5d6ba:   5c 24 30 c6 04 02 00 48 83 c4 20 5f c3 cc cc cc
0x00007ffe8ee5d6ca:   cc cc cc cc cc cc 4c 8b d1 45 85 c0 7e 6c 44 0f
0x00007ffe8ee5d6da:   b7 49 04 41 8d 40 ff 41 3b c1 44 0f 4c c8 4d 63
0x00007ffe8ee5d6ea:   d9 45 85 c9 7e 22 48 8b ca 4c 2b d2 4d 8b c3 0f
0x00007ffe8ee5d6fa:   1f 80 00 00 00 00 41 0f b6 44 0a 06 88 01 48 8d
0x00007ffe8ee5d70a:   49 01 49 83 e8 01 75 ee 41 c6 04 13 00 48 c7 c0
0x00007ffe8ee5d71a:   ff ff ff ff 66 90 48 ff c0 80 3c 02 00 75 f7 48
0x00007ffe8ee5d72a:   63 c8 85 c0 48 8b c2 7e 14 80 38 2f 75 03 c6 00
0x00007ffe8ee5d73a:   2e 48 ff c0 48 83 e9 01 75 ef 48 8b c2 c3 cc cc
0x00007ffe8ee5d74a:   cc cc cc cc cc cc 48 83 ec 28 e8 f7 fe ff ff 4c 


Stack slot to memory mapping:
stack at sp + 0 slots: 0x0000000000000039 is an unknown value
stack at sp + 1 slots: 0x0000000800eeedf0 is a pointer to class: 
com.arenella.recruit.candidates.repos.CandidateRepository {0x0000000800eeedf8}
 - instance size:     2
 - klass size:        63
 - access:            public interface abstract 
 - state:             fully_initialized
 - name:              'com/arenella/recruit/candidates/repos/CandidateRepository'
 - super:             'java/lang/Object'
 - sub:               
 - nof implementors:  1
 - implementor:    
   'jdk/proxy2/$Proxy172'
 - arrays:            NULL
 - methods:           Array<T>(0x000002371409ba48)
 - method ordering:   Array<T>(0x000002371409bbd8)
 - default_methods:   Array<T>(0x0000000000000000)
 - local interfaces:  Array<T>(0x000002370a169460)
 - trans. interfaces: Array<T>(0x000002370a16a9b8)
 - constants:         constant pool [725]/operands[133] {0x00000237140a0008} for 'com/arenella/recruit/candidates/repos/CandidateRepository' cache=0x00000237140a16f0
 - class loader data:  loader data: 0x000002377fcb8e60 for instance a 'jdk/internal/loader/ClassLoaders$AppClassLoader'{0x000000008283c028}
 - source file:       'CandidateRepository.java'
 - source debug extension:       SMAP
CandidateRepository.java
Java
*S jdt
*F
1 CandidateRepository.java
2 file:/C:/eclipse-projects/recruit/recruit/target/classes/
*L
*E

 - class annotations:       Array<T>(0x0000000000000000)
 - class type annotations:  Array<T>(0x0000000000000000)
 - field annotations:       Array<T>(0x0000000000000000)
 - field type annotations:  Array<T>(0x0000000000000000)
 - generic signature: '
[error occurred during error reporting (inspecting top of stack), id 0xc0000005, EXCEPTION_ACCESS_VIOLATION (0xc0000005) at pc=0x00007ffe8ee5e266]


---------------  P R O C E S S  ---------------

Threads class SMR info:
_java_thread_list=0x000002370b807820, length=67, elements={
0x000002377f11ca70, 0x000002377f11d2f0, 0x000002377f12fa20, 0x000002377f12fef0,
0x000002377f1303c0, 0x000002377f1388a0, 0x000002377f140a70, 0x000002377f141030,
0x000002377f153530, 0x000002377fcb1d80, 0x000002377fd45080, 0x000002377fda31b0,
0x000002377fda36a0, 0x0000023704a76540, 0x0000023706aa2720, 0x0000023706aa18b0,
0x000002370aa0d1f0, 0x000002370aa09360, 0x000002370aa0d6c0, 0x000002370aa0e530,
0x000002370aa0eed0, 0x000002370aa0f870, 0x000002370aa089c0, 0x000002370aa08020,
0x000002370aa0f3a0, 0x000002370aa084f0, 0x000002370aa0beb0, 0x000002370aa0c380,
0x000002370aa0c850, 0x0000023707535e60, 0x00000237075354c0, 0x0000023707535990,
0x000002370753a1c0, 0x0000023707539cf0, 0x0000023707533cb0, 0x00000237075389b0,
0x0000023707536cd0, 0x00000237075371a0, 0x0000023707534650, 0x0000023707538010,
0x0000023707537670, 0x000002370753b500, 0x000002370753a690, 0x0000023707537b40,
0x0000023707536800, 0x0000023707538e80, 0x0000023707539350, 0x0000023707539820,
0x0000023707534180, 0x000002370753ab60, 0x000002370753b030, 0x0000023707534ff0,
0x0000023707536330, 0x000002370aa0b040, 0x000002370aa0e060, 0x0000023706aa13e0,
0x0000023712c0d2b0, 0x0000023712c0b100, 0x0000023712c098f0, 0x0000023712c0e5f0,
0x0000023712c0b5d0, 0x0000023712c08a80, 0x0000023712c0f460, 0x0000023712c0f930,
0x0000023712c0a290, 0x0000023712c0eac0, 0x0000023712c0e120
}

Java Threads: ( => current thread )
  0x000002377f11ca70 JavaThread "Reference Handler" daemon [_thread_blocked, id=29840, stack(0x00000089c2e00000,0x00000089c2f00000)]
  0x000002377f11d2f0 JavaThread "Finalizer" daemon [_thread_blocked, id=27052, stack(0x00000089c2f00000,0x00000089c3000000)]
  0x000002377f12fa20 JavaThread "Signal Dispatcher" daemon [_thread_blocked, id=27796, stack(0x00000089c3000000,0x00000089c3100000)]
  0x000002377f12fef0 JavaThread "Attach Listener" daemon [_thread_blocked, id=14684, stack(0x00000089c3100000,0x00000089c3200000)]
  0x000002377f1303c0 JavaThread "Service Thread" daemon [_thread_blocked, id=10800, stack(0x00000089c3200000,0x00000089c3300000)]
  0x000002377f1388a0 JavaThread "Monitor Deflation Thread" daemon [_thread_blocked, id=16628, stack(0x00000089c3300000,0x00000089c3400000)]
  0x000002377f140a70 JavaThread "C2 CompilerThread0" daemon [_thread_blocked, id=30084, stack(0x00000089c3400000,0x00000089c3500000)]
  0x000002377f141030 JavaThread "C1 CompilerThread0" daemon [_thread_blocked, id=34048, stack(0x00000089c3500000,0x00000089c3600000)]
  0x000002377f153530 JavaThread "Sweeper thread" daemon [_thread_blocked, id=14472, stack(0x00000089c3600000,0x00000089c3700000)]
  0x000002377fcb1d80 JavaThread "Common-Cleaner" daemon [_thread_blocked, id=5620, stack(0x00000089c3700000,0x00000089c3800000)]
=>0x000002377fd45080 JavaThread "JDWP Transport Listener: dt_socket" daemon [_thread_in_vm, id=33976, stack(0x00000089c3900000,0x00000089c3a00000)]
  0x000002377fda31b0 JavaThread "JDWP Event Helper Thread" daemon [_thread_blocked, id=26356, stack(0x00000089c3a00000,0x00000089c3b00000)]
  0x000002377fda36a0 JavaThread "JDWP Command Reader" daemon [_thread_in_native, id=29316, stack(0x00000089c3b00000,0x00000089c3c00000)]
  0x0000023704a76540 JavaThread "Notification Thread" daemon [_thread_blocked, id=12428, stack(0x00000089c3c00000,0x00000089c3d00000)]
  0x0000023706aa2720 JavaThread "Catalina-utility-1" [_thread_blocked, id=23480, stack(0x00000089c4700000,0x00000089c4800000)]
  0x0000023706aa18b0 JavaThread "Catalina-utility-2" [_thread_blocked, id=22596, stack(0x00000089c4800000,0x00000089c4900000)]
  0x000002370aa0d1f0 JavaThread "container-0" [_thread_blocked, id=13176, stack(0x00000089c4900000,0x00000089c4a00000)]
  0x000002370aa09360 JavaThread "PostgreSQL-JDBC-Cleaner" daemon [_thread_blocked, id=12060, stack(0x00000089c4b00000,0x00000089c4c00000)]
  0x000002370aa0d6c0 JavaThread "HikariPool-1 housekeeper" daemon [_thread_blocked, id=34236, stack(0x00000089c4c00000,0x00000089c4d00000)]
  0x000002370aa0e530 JavaThread "pool-3-thread-1" [_thread_in_native, id=17212, stack(0x00000089c4e00000,0x00000089c4f00000)]
  0x000002370aa0eed0 JavaThread "I/O dispatcher 1" [_thread_in_native, id=30688, stack(0x00000089c4f00000,0x00000089c5000000)]
  0x000002370aa0f870 JavaThread "I/O dispatcher 2" [_thread_in_native, id=17312, stack(0x00000089c5000000,0x00000089c5100000)]
  0x000002370aa089c0 JavaThread "I/O dispatcher 3" [_thread_in_native, id=33400, stack(0x00000089c5100000,0x00000089c5200000)]
  0x000002370aa08020 JavaThread "I/O dispatcher 4" [_thread_in_native, id=26636, stack(0x00000089c5200000,0x00000089c5300000)]
  0x000002370aa0f3a0 JavaThread "I/O dispatcher 5" [_thread_in_native, id=20768, stack(0x00000089c5300000,0x00000089c5400000)]
  0x000002370aa084f0 JavaThread "I/O dispatcher 6" [_thread_in_native, id=30336, stack(0x00000089c5400000,0x00000089c5500000)]
  0x000002370aa0beb0 JavaThread "I/O dispatcher 7" [_thread_in_native, id=35280, stack(0x00000089c5500000,0x00000089c5600000)]
  0x000002370aa0c380 JavaThread "I/O dispatcher 8" [_thread_in_native, id=30384, stack(0x00000089c5600000,0x00000089c5700000)]
  0x000002370aa0c850 JavaThread "pool-5-thread-1" [_thread_blocked, id=23616, stack(0x00000089c5700000,0x00000089c5800000)]
  0x0000023707535e60 JavaThread "pool-6-thread-1" [_thread_blocked, id=28744, stack(0x00000089c5800000,0x00000089c5900000)]
  0x00000237075354c0 JavaThread "quartzScheduler_Worker-1" [_thread_blocked, id=24872, stack(0x00000089c5900000,0x00000089c5a00000)]
  0x0000023707535990 JavaThread "quartzScheduler_Worker-2" [_thread_blocked, id=31252, stack(0x00000089c5a00000,0x00000089c5b00000)]
  0x000002370753a1c0 JavaThread "quartzScheduler_Worker-3" [_thread_blocked, id=30200, stack(0x00000089c5b00000,0x00000089c5c00000)]
  0x0000023707539cf0 JavaThread "quartzScheduler_Worker-4" [_thread_blocked, id=35828, stack(0x00000089c5c00000,0x00000089c5d00000)]
  0x0000023707533cb0 JavaThread "quartzScheduler_Worker-5" [_thread_blocked, id=32312, stack(0x00000089c5d00000,0x00000089c5e00000)]
  0x00000237075389b0 JavaThread "quartzScheduler_Worker-6" [_thread_blocked, id=20964, stack(0x00000089c5e00000,0x00000089c5f00000)]
  0x0000023707536cd0 JavaThread "quartzScheduler_Worker-7" [_thread_blocked, id=29008, stack(0x00000089c5f00000,0x00000089c6000000)]
  0x00000237075371a0 JavaThread "quartzScheduler_Worker-8" [_thread_blocked, id=22056, stack(0x00000089c6000000,0x00000089c6100000)]
  0x0000023707534650 JavaThread "quartzScheduler_Worker-9" [_thread_blocked, id=21160, stack(0x00000089c6100000,0x00000089c6200000)]
  0x0000023707538010 JavaThread "quartzScheduler_Worker-10" [_thread_blocked, id=10484, stack(0x00000089c6200000,0x00000089c6300000)]
  0x0000023707537670 JavaThread "quartzScheduler_QuartzSchedulerThread" [_thread_blocked, id=10216, stack(0x00000089c6300000,0x00000089c6400000)]
  0x000002370753b500 JavaThread "http-nio-8080-exec-1" daemon [_thread_blocked, id=14596, stack(0x00000089c6400000,0x00000089c6500000)]
  0x000002370753a690 JavaThread "http-nio-8080-exec-2" daemon [_thread_blocked, id=28708, stack(0x00000089c6500000,0x00000089c6600000)]
  0x0000023707537b40 JavaThread "http-nio-8080-exec-3" daemon [_thread_blocked, id=28252, stack(0x00000089c6600000,0x00000089c6700000)]
  0x0000023707536800 JavaThread "http-nio-8080-exec-4" daemon [_thread_blocked, id=31908, stack(0x00000089c6700000,0x00000089c6800000)]
  0x0000023707538e80 JavaThread "http-nio-8080-exec-5" daemon [_thread_blocked, id=25036, stack(0x00000089c6800000,0x00000089c6900000)]
  0x0000023707539350 JavaThread "http-nio-8080-exec-6" daemon [_thread_blocked, id=13760, stack(0x00000089c6900000,0x00000089c6a00000)]
  0x0000023707539820 JavaThread "http-nio-8080-exec-7" daemon [_thread_blocked, id=35516, stack(0x00000089c6a00000,0x00000089c6b00000)]
  0x0000023707534180 JavaThread "http-nio-8080-exec-8" daemon [_thread_blocked, id=25380, stack(0x00000089c6b00000,0x00000089c6c00000)]
  0x000002370753ab60 JavaThread "http-nio-8080-exec-9" daemon [_thread_blocked, id=33264, stack(0x00000089c6c00000,0x00000089c6d00000)]
  0x000002370753b030 JavaThread "http-nio-8080-exec-10" daemon [_thread_blocked, id=22140, stack(0x00000089c6d00000,0x00000089c6e00000)]
  0x0000023707534ff0 JavaThread "http-nio-8080-Poller" daemon [_thread_in_native, id=34172, stack(0x00000089c6e00000,0x00000089c6f00000)]
  0x0000023707536330 JavaThread "http-nio-8080-Acceptor" daemon [_thread_in_native, id=16500, stack(0x00000089c6f00000,0x00000089c7000000)]
  0x000002370aa0b040 JavaThread "ajp-nio-127.0.0.1-9090-exec-1" daemon [_thread_blocked, id=32544, stack(0x00000089c7000000,0x00000089c7100000)]
  0x000002370aa0e060 JavaThread "ajp-nio-127.0.0.1-9090-exec-2" daemon [_thread_blocked, id=30788, stack(0x00000089c7100000,0x00000089c7200000)]
  0x0000023706aa13e0 JavaThread "ajp-nio-127.0.0.1-9090-exec-3" daemon [_thread_blocked, id=33540, stack(0x00000089c7200000,0x00000089c7300000)]
  0x0000023712c0d2b0 JavaThread "ajp-nio-127.0.0.1-9090-exec-4" daemon [_thread_blocked, id=21512, stack(0x00000089c7300000,0x00000089c7400000)]
  0x0000023712c0b100 JavaThread "ajp-nio-127.0.0.1-9090-exec-5" daemon [_thread_blocked, id=34928, stack(0x00000089c7400000,0x00000089c7500000)]
  0x0000023712c098f0 JavaThread "ajp-nio-127.0.0.1-9090-exec-6" daemon [_thread_blocked, id=32956, stack(0x00000089c7500000,0x00000089c7600000)]
  0x0000023712c0e5f0 JavaThread "ajp-nio-127.0.0.1-9090-exec-7" daemon [_thread_blocked, id=29548, stack(0x00000089c7600000,0x00000089c7700000)]
  0x0000023712c0b5d0 JavaThread "ajp-nio-127.0.0.1-9090-exec-8" daemon [_thread_blocked, id=27424, stack(0x00000089c7700000,0x00000089c7800000)]
  0x0000023712c08a80 JavaThread "ajp-nio-127.0.0.1-9090-exec-9" daemon [_thread_blocked, id=28368, stack(0x00000089c7800000,0x00000089c7900000)]
  0x0000023712c0f460 JavaThread "ajp-nio-127.0.0.1-9090-exec-10" daemon [_thread_blocked, id=3956, stack(0x00000089c7900000,0x00000089c7a00000)]
  0x0000023712c0f930 JavaThread "ajp-nio-127.0.0.1-9090-Poller" daemon [_thread_in_native, id=27600, stack(0x00000089c7a00000,0x00000089c7b00000)]
  0x0000023712c0a290 JavaThread "ajp-nio-127.0.0.1-9090-Acceptor" daemon [_thread_in_native, id=16416, stack(0x00000089c7b00000,0x00000089c7c00000)]
  0x0000023712c0eac0 JavaThread "scheduling-1" [_thread_blocked, id=26140, stack(0x00000089c7c00000,0x00000089c7d00000)]
  0x0000023712c0e120 JavaThread "DestroyJavaVM" [_thread_blocked, id=3456, stack(0x00000089c2700000,0x00000089c2800000)]

Other Threads:
  0x000002377f116f70 VMThread "VM Thread" [stack: 0x00000089c2d00000,0x00000089c2e00000] [id=31344]
  0x0000023704a76a10 WatcherThread [stack: 0x00000089c3d00000,0x00000089c3e00000] [id=22636]
  0x0000023765060330 GCTaskThread "GC Thread#0" [stack: 0x00000089c2800000,0x00000089c2900000] [id=24692]
  0x00000237050a6670 GCTaskThread "GC Thread#1" [stack: 0x00000089c3e00000,0x00000089c3f00000] [id=22304]
  0x0000023705198740 GCTaskThread "GC Thread#2" [stack: 0x00000089c3f00000,0x00000089c4000000] [id=5480]
  0x0000023704d778d0 GCTaskThread "GC Thread#3" [stack: 0x00000089c4000000,0x00000089c4100000] [id=35540]
  0x0000023704a2d570 GCTaskThread "GC Thread#4" [stack: 0x00000089c4100000,0x00000089c4200000] [id=34528]
  0x0000023704e44710 GCTaskThread "GC Thread#5" [stack: 0x00000089c4200000,0x00000089c4300000] [id=29580]
  0x00000237051ee1b0 GCTaskThread "GC Thread#6" [stack: 0x00000089c4300000,0x00000089c4400000] [id=6196]
  0x00000237050a5440 GCTaskThread "GC Thread#7" [stack: 0x00000089c4400000,0x00000089c4500000] [id=29772]
  0x00000237650725a0 ConcurrentGCThread "G1 Main Marker" [stack: 0x00000089c2900000,0x00000089c2a00000] [id=6292]
  0x0000023765074ed0 ConcurrentGCThread "G1 Conc#0" [stack: 0x00000089c2a00000,0x00000089c2b00000] [id=32488]
  0x0000023706cdd0b0 ConcurrentGCThread "G1 Conc#1" [stack: 0x00000089c4500000,0x00000089c4600000] [id=31724]
  0x00000237650ce610 ConcurrentGCThread "G1 Refine#0" [stack: 0x00000089c2b00000,0x00000089c2c00000] [id=28716]
  0x00000237650ceb40 ConcurrentGCThread "G1 Service" [stack: 0x00000089c2c00000,0x00000089c2d00000] [id=4244]

Threads with active compile tasks:

VM state: not at safepoint (normal execution)

VM Mutex/Monitor currently owned by a thread: None

Heap address: 0x0000000081c00000, size: 2020 MB, Compressed Oops mode: 32-bit

CDS archive(s) mapped at: [0x0000000800000000-0x0000000800bc0000-0x0000000800bc0000), size 12320768, SharedBaseAddress: 0x0000000800000000, ArchiveRelocationMode: 0.
Compressed class space mapped at: 0x0000000800c00000-0x0000000840c00000, reserved size: 1073741824
Narrow klass base: 0x0000000800000000, Narrow klass shift: 0, Narrow klass range: 0x100000000

GC Precious Log:
 CPUs: 8 total, 8 available
 Memory: 8079M
 Large Page Support: Disabled
 NUMA Support: Disabled
 Compressed Oops: Enabled (32-bit)
 Heap Region Size: 1M
 Heap Min Capacity: 8M
 Heap Initial Capacity: 128M
 Heap Max Capacity: 2020M
 Pre-touch: Disabled
 Parallel Workers: 8
 Concurrent Workers: 2
 Concurrent Refinement Workers: 8
 Periodic GC: Disabled

Heap:
 garbage-first heap   total 133120K, used 89581K [0x0000000081c00000, 0x0000000100000000)
  region size 1024K, 22 young (22528K), 1 survivors (1024K)
 Metaspace       used 99158K, committed 99840K, reserved 1138688K
  class space    used 13163K, committed 13504K, reserved 1048576K

Heap Regions: E=young(eden), S=young(survivor), O=old, HS=humongous(starts), HC=humongous(continues), CS=collection set, F=free, OA=open archive, CA=closed archive, TAMS=top-at-mark-start (previous, next)
|   0|0x0000000081c00000, 0x0000000081d00000, 0x0000000081d00000|100%|HS|  |TAMS 0x0000000081d00000, 0x0000000081c00000| Complete 
|   1|0x0000000081d00000, 0x0000000081e00000, 0x0000000081e00000|100%|HS|  |TAMS 0x0000000081e00000, 0x0000000081d00000| Complete 
|   2|0x0000000081e00000, 0x0000000081f00000, 0x0000000081f00000|100%|HC|  |TAMS 0x0000000081f00000, 0x0000000081e00000| Complete 
|   3|0x0000000081f00000, 0x0000000082000000, 0x0000000082000000|100%|HS|  |TAMS 0x0000000082000000, 0x0000000081f00000| Complete 
|   4|0x0000000082000000, 0x0000000082100000, 0x0000000082100000|100%| O|  |TAMS 0x0000000082100000, 0x0000000082000000| Untracked 
|   5|0x0000000082100000, 0x0000000082200000, 0x0000000082200000|100%| O|  |TAMS 0x0000000082200000, 0x0000000082100000| Untracked 
|   6|0x0000000082200000, 0x0000000082300000, 0x0000000082300000|100%| O|  |TAMS 0x0000000082300000, 0x0000000082200000| Untracked 
|   7|0x0000000082300000, 0x0000000082400000, 0x0000000082400000|100%| O|  |TAMS 0x0000000082400000, 0x0000000082300000| Untracked 
|   8|0x0000000082400000, 0x0000000082500000, 0x0000000082500000|100%| O|  |TAMS 0x0000000082500000, 0x0000000082400000| Untracked 
|   9|0x0000000082500000, 0x0000000082600000, 0x0000000082600000|100%| O|  |TAMS 0x0000000082600000, 0x0000000082500000| Untracked 
|  10|0x0000000082600000, 0x0000000082700000, 0x0000000082700000|100%| O|  |TAMS 0x0000000082700000, 0x0000000082600000| Untracked 
|  11|0x0000000082700000, 0x0000000082800000, 0x0000000082800000|100%| O|  |TAMS 0x0000000082800000, 0x0000000082700000| Untracked 
|  12|0x0000000082800000, 0x0000000082900000, 0x0000000082900000|100%| O|  |TAMS 0x0000000082900000, 0x0000000082800000| Untracked 
|  13|0x0000000082900000, 0x0000000082a00000, 0x0000000082a00000|100%| O|  |TAMS 0x0000000082a00000, 0x0000000082900000| Untracked 
|  14|0x0000000082a00000, 0x0000000082b00000, 0x0000000082b00000|100%| O|  |TAMS 0x0000000082b00000, 0x0000000082a00000| Untracked 
|  15|0x0000000082b00000, 0x0000000082c00000, 0x0000000082c00000|100%| O|  |TAMS 0x0000000082c00000, 0x0000000082b00000| Untracked 
|  16|0x0000000082c00000, 0x0000000082d00000, 0x0000000082d00000|100%| O|  |TAMS 0x0000000082d00000, 0x0000000082c00000| Untracked 
|  17|0x0000000082d00000, 0x0000000082e00000, 0x0000000082e00000|100%| O|  |TAMS 0x0000000082e00000, 0x0000000082d00000| Untracked 
|  18|0x0000000082e00000, 0x0000000082f00000, 0x0000000082f00000|100%| O|  |TAMS 0x0000000082f00000, 0x0000000082e00000| Untracked 
|  19|0x0000000082f00000, 0x0000000083000000, 0x0000000083000000|100%| O|  |TAMS 0x0000000083000000, 0x0000000082f00000| Untracked 
|  20|0x0000000083000000, 0x0000000083100000, 0x0000000083100000|100%| O|  |TAMS 0x0000000083100000, 0x0000000083000000| Untracked 
|  21|0x0000000083100000, 0x0000000083200000, 0x0000000083200000|100%| O|  |TAMS 0x0000000083200000, 0x0000000083100000| Untracked 
|  22|0x0000000083200000, 0x0000000083300000, 0x0000000083300000|100%| O|  |TAMS 0x0000000083300000, 0x0000000083200000| Untracked 
|  23|0x0000000083300000, 0x0000000083400000, 0x0000000083400000|100%| O|  |TAMS 0x0000000083400000, 0x0000000083300000| Untracked 
|  24|0x0000000083400000, 0x0000000083500000, 0x0000000083500000|100%| O|  |TAMS 0x0000000083500000, 0x0000000083400000| Untracked 
|  25|0x0000000083500000, 0x0000000083600000, 0x0000000083600000|100%| O|  |TAMS 0x0000000083600000, 0x0000000083500000| Untracked 
|  26|0x0000000083600000, 0x0000000083600000, 0x0000000083700000|  0%| F|  |TAMS 0x0000000083600000, 0x0000000083600000| Untracked 
|  27|0x0000000083700000, 0x0000000083700000, 0x0000000083800000|  0%| F|  |TAMS 0x0000000083700000, 0x0000000083700000| Untracked 
|  28|0x0000000083800000, 0x0000000083900000, 0x0000000083900000|100%| O|  |TAMS 0x0000000083900000, 0x0000000083800000| Untracked 
|  29|0x0000000083900000, 0x0000000083a00000, 0x0000000083a00000|100%| O|  |TAMS 0x0000000083a00000, 0x0000000083900000| Untracked 
|  30|0x0000000083a00000, 0x0000000083b00000, 0x0000000083b00000|100%| O|  |TAMS 0x0000000083b00000, 0x0000000083a00000| Untracked 
|  31|0x0000000083b00000, 0x0000000083c00000, 0x0000000083c00000|100%| O|  |TAMS 0x0000000083c00000, 0x0000000083b00000| Untracked 
|  32|0x0000000083c00000, 0x0000000083d00000, 0x0000000083d00000|100%| O|  |TAMS 0x0000000083d00000, 0x0000000083c00000| Untracked 
|  33|0x0000000083d00000, 0x0000000083e00000, 0x0000000083e00000|100%| O|  |TAMS 0x0000000083e00000, 0x0000000083d00000| Untracked 
|  34|0x0000000083e00000, 0x0000000083f00000, 0x0000000083f00000|100%| O|  |TAMS 0x0000000083f00000, 0x0000000083e00000| Untracked 
|  35|0x0000000083f00000, 0x0000000084000000, 0x0000000084000000|100%| O|  |TAMS 0x0000000084000000, 0x0000000083f00000| Untracked 
|  36|0x0000000084000000, 0x0000000084100000, 0x0000000084100000|100%| O|  |TAMS 0x0000000084100000, 0x0000000084000000| Untracked 
|  37|0x0000000084100000, 0x0000000084200000, 0x0000000084200000|100%| O|  |TAMS 0x0000000084200000, 0x0000000084100000| Untracked 
|  38|0x0000000084200000, 0x0000000084300000, 0x0000000084300000|100%| O|  |TAMS 0x0000000084300000, 0x0000000084200000| Untracked 
|  39|0x0000000084300000, 0x0000000084400000, 0x0000000084400000|100%| O|  |TAMS 0x0000000084400000, 0x0000000084300000| Untracked 
|  40|0x0000000084400000, 0x0000000084500000, 0x0000000084500000|100%| O|  |TAMS 0x0000000084500000, 0x0000000084400000| Untracked 
|  41|0x0000000084500000, 0x0000000084600000, 0x0000000084600000|100%| O|  |TAMS 0x0000000084600000, 0x0000000084500000| Untracked 
|  42|0x0000000084600000, 0x0000000084700000, 0x0000000084700000|100%| O|  |TAMS 0x0000000084700000, 0x0000000084600000| Untracked 
|  43|0x0000000084700000, 0x0000000084800000, 0x0000000084800000|100%| O|  |TAMS 0x0000000084800000, 0x0000000084700000| Untracked 
|  44|0x0000000084800000, 0x0000000084900000, 0x0000000084900000|100%| O|  |TAMS 0x0000000084900000, 0x0000000084800000| Untracked 
|  45|0x0000000084900000, 0x0000000084a00000, 0x0000000084a00000|100%| O|  |TAMS 0x0000000084a00000, 0x0000000084900000| Untracked 
|  46|0x0000000084a00000, 0x0000000084b00000, 0x0000000084b00000|100%| O|  |TAMS 0x0000000084b00000, 0x0000000084a00000| Untracked 
|  47|0x0000000084b00000, 0x0000000084c00000, 0x0000000084c00000|100%| O|  |TAMS 0x0000000084c00000, 0x0000000084b00000| Untracked 
|  48|0x0000000084c00000, 0x0000000084d00000, 0x0000000084d00000|100%| O|  |TAMS 0x0000000084d00000, 0x0000000084c00000| Untracked 
|  49|0x0000000084d00000, 0x0000000084e00000, 0x0000000084e00000|100%| O|  |TAMS 0x0000000084e00000, 0x0000000084d00000| Untracked 
|  50|0x0000000084e00000, 0x0000000084f00000, 0x0000000084f00000|100%| O|  |TAMS 0x0000000084f00000, 0x0000000084e00000| Untracked 
|  51|0x0000000084f00000, 0x0000000085000000, 0x0000000085000000|100%| O|  |TAMS 0x0000000085000000, 0x0000000084f00000| Untracked 
|  52|0x0000000085000000, 0x0000000085100000, 0x0000000085100000|100%| O|  |TAMS 0x0000000085100000, 0x0000000085000000| Untracked 
|  53|0x0000000085100000, 0x0000000085200000, 0x0000000085200000|100%| O|  |TAMS 0x0000000085200000, 0x0000000085100000| Untracked 
|  54|0x0000000085200000, 0x0000000085300000, 0x0000000085300000|100%| O|  |TAMS 0x0000000085300000, 0x0000000085200000| Untracked 
|  55|0x0000000085300000, 0x0000000085400000, 0x0000000085400000|100%| O|  |TAMS 0x0000000085400000, 0x0000000085300000| Untracked 
|  56|0x0000000085400000, 0x0000000085500000, 0x0000000085500000|100%| O|  |TAMS 0x0000000085500000, 0x0000000085400000| Untracked 
|  57|0x0000000085500000, 0x0000000085600000, 0x0000000085600000|100%| O|  |TAMS 0x0000000085600000, 0x0000000085500000| Untracked 
|  58|0x0000000085600000, 0x0000000085700000, 0x0000000085700000|100%| O|  |TAMS 0x0000000085661a00, 0x0000000085600000| Untracked 
|  59|0x0000000085700000, 0x0000000085800000, 0x0000000085800000|100%| O|  |TAMS 0x0000000085700000, 0x0000000085700000| Untracked 
|  60|0x0000000085800000, 0x0000000085900000, 0x0000000085900000|100%| O|  |TAMS 0x0000000085800000, 0x0000000085800000| Untracked 
|  61|0x0000000085900000, 0x0000000085a00000, 0x0000000085a00000|100%| O|  |TAMS 0x0000000085900000, 0x0000000085900000| Untracked 
|  62|0x0000000085a00000, 0x0000000085b00000, 0x0000000085b00000|100%| O|  |TAMS 0x0000000085a00000, 0x0000000085a00000| Untracked 
|  63|0x0000000085b00000, 0x0000000085c00000, 0x0000000085c00000|100%| O|  |TAMS 0x0000000085b00000, 0x0000000085b00000| Untracked 
|  64|0x0000000085c00000, 0x0000000085d00000, 0x0000000085d00000|100%| O|  |TAMS 0x0000000085c00000, 0x0000000085c00000| Untracked 
|  65|0x0000000085d00000, 0x0000000085e00000, 0x0000000085e00000|100%| O|  |TAMS 0x0000000085d00000, 0x0000000085d00000| Untracked 
|  66|0x0000000085e00000, 0x0000000085f00000, 0x0000000085f00000|100%| O|  |TAMS 0x0000000085e00000, 0x0000000085e00000| Untracked 
|  67|0x0000000085f00000, 0x0000000086000000, 0x0000000086000000|100%| O|  |TAMS 0x0000000085f00000, 0x0000000085f00000| Untracked 
|  68|0x0000000086000000, 0x00000000860c2a00, 0x0000000086100000| 76%| O|  |TAMS 0x0000000086000000, 0x0000000086000000| Untracked 
|  69|0x0000000086100000, 0x0000000086100000, 0x0000000086200000|  0%| F|  |TAMS 0x0000000086100000, 0x0000000086100000| Untracked 
|  70|0x0000000086200000, 0x0000000086200000, 0x0000000086300000|  0%| F|  |TAMS 0x0000000086200000, 0x0000000086200000| Untracked 
|  71|0x0000000086300000, 0x0000000086300000, 0x0000000086400000|  0%| F|  |TAMS 0x0000000086300000, 0x0000000086300000| Untracked 
|  72|0x0000000086400000, 0x0000000086400000, 0x0000000086500000|  0%| F|  |TAMS 0x0000000086400000, 0x0000000086400000| Untracked 
|  73|0x0000000086500000, 0x0000000086500000, 0x0000000086600000|  0%| F|  |TAMS 0x0000000086500000, 0x0000000086500000| Untracked 
|  74|0x0000000086600000, 0x0000000086600000, 0x0000000086700000|  0%| F|  |TAMS 0x0000000086600000, 0x0000000086600000| Untracked 
|  75|0x0000000086700000, 0x0000000086700000, 0x0000000086800000|  0%| F|  |TAMS 0x0000000086700000, 0x0000000086700000| Untracked 
|  76|0x0000000086800000, 0x0000000086800000, 0x0000000086900000|  0%| F|  |TAMS 0x0000000086800000, 0x0000000086800000| Untracked 
|  77|0x0000000086900000, 0x0000000086900000, 0x0000000086a00000|  0%| F|  |TAMS 0x0000000086900000, 0x0000000086900000| Untracked 
|  78|0x0000000086a00000, 0x0000000086a00000, 0x0000000086b00000|  0%| F|  |TAMS 0x0000000086a00000, 0x0000000086a00000| Untracked 
|  79|0x0000000086b00000, 0x0000000086b00000, 0x0000000086c00000|  0%| F|  |TAMS 0x0000000086b00000, 0x0000000086b00000| Untracked 
|  80|0x0000000086c00000, 0x0000000086c00000, 0x0000000086d00000|  0%| F|  |TAMS 0x0000000086c00000, 0x0000000086c00000| Untracked 
|  81|0x0000000086d00000, 0x0000000086d00000, 0x0000000086e00000|  0%| F|  |TAMS 0x0000000086d00000, 0x0000000086d00000| Untracked 
|  82|0x0000000086e00000, 0x0000000086e00000, 0x0000000086f00000|  0%| F|  |TAMS 0x0000000086e00000, 0x0000000086e00000| Untracked 
|  83|0x0000000086f00000, 0x0000000086f00000, 0x0000000087000000|  0%| F|  |TAMS 0x0000000086f00000, 0x0000000086f00000| Untracked 
|  84|0x0000000087000000, 0x0000000087000000, 0x0000000087100000|  0%| F|  |TAMS 0x0000000087000000, 0x0000000087000000| Untracked 
|  85|0x0000000087100000, 0x0000000087100000, 0x0000000087200000|  0%| F|  |TAMS 0x0000000087100000, 0x0000000087100000| Untracked 
|  86|0x0000000087200000, 0x0000000087200000, 0x0000000087300000|  0%| F|  |TAMS 0x0000000087200000, 0x0000000087200000| Untracked 
|  87|0x0000000087300000, 0x0000000087300000, 0x0000000087400000|  0%| F|  |TAMS 0x0000000087300000, 0x0000000087300000| Untracked 
|  88|0x0000000087400000, 0x0000000087400000, 0x0000000087500000|  0%| F|  |TAMS 0x0000000087400000, 0x0000000087400000| Untracked 
|  89|0x0000000087500000, 0x0000000087500000, 0x0000000087600000|  0%| F|  |TAMS 0x0000000087500000, 0x0000000087500000| Untracked 
|  90|0x0000000087600000, 0x0000000087600000, 0x0000000087700000|  0%| F|  |TAMS 0x0000000087600000, 0x0000000087600000| Untracked 
|  91|0x0000000087700000, 0x0000000087700000, 0x0000000087800000|  0%| F|  |TAMS 0x0000000087700000, 0x0000000087700000| Untracked 
|  92|0x0000000087800000, 0x0000000087800000, 0x0000000087900000|  0%| F|  |TAMS 0x0000000087800000, 0x0000000087800000| Untracked 
|  93|0x0000000087900000, 0x0000000087900000, 0x0000000087a00000|  0%| F|  |TAMS 0x0000000087900000, 0x0000000087900000| Untracked 
|  94|0x0000000087a00000, 0x0000000087a00000, 0x0000000087b00000|  0%| F|  |TAMS 0x0000000087a00000, 0x0000000087a00000| Untracked 
|  95|0x0000000087b00000, 0x0000000087b00000, 0x0000000087c00000|  0%| F|  |TAMS 0x0000000087b00000, 0x0000000087b00000| Untracked 
|  96|0x0000000087c00000, 0x0000000087c00000, 0x0000000087d00000|  0%| F|  |TAMS 0x0000000087c00000, 0x0000000087c00000| Untracked 
|  97|0x0000000087d00000, 0x0000000087d00000, 0x0000000087e00000|  0%| F|  |TAMS 0x0000000087d00000, 0x0000000087d00000| Untracked 
|  98|0x0000000087e00000, 0x0000000087e00000, 0x0000000087f00000|  0%| F|  |TAMS 0x0000000087e00000, 0x0000000087e00000| Untracked 
|  99|0x0000000087f00000, 0x0000000087f00000, 0x0000000088000000|  0%| F|  |TAMS 0x0000000087f00000, 0x0000000087f00000| Untracked 
| 100|0x0000000088000000, 0x0000000088000000, 0x0000000088100000|  0%| F|  |TAMS 0x0000000088000000, 0x0000000088000000| Untracked 
| 101|0x0000000088100000, 0x0000000088100000, 0x0000000088200000|  0%| F|  |TAMS 0x0000000088100000, 0x0000000088100000| Untracked 
| 102|0x0000000088200000, 0x0000000088200000, 0x0000000088300000|  0%| F|  |TAMS 0x0000000088200000, 0x0000000088200000| Untracked 
| 103|0x0000000088300000, 0x0000000088300000, 0x0000000088400000|  0%| F|  |TAMS 0x0000000088300000, 0x0000000088300000| Untracked 
| 104|0x0000000088400000, 0x0000000088400000, 0x0000000088500000|  0%| F|  |TAMS 0x0000000088400000, 0x0000000088400000| Untracked 
| 105|0x0000000088500000, 0x0000000088500000, 0x0000000088600000|  0%| F|  |TAMS 0x0000000088500000, 0x0000000088500000| Untracked 
| 106|0x0000000088600000, 0x0000000088600000, 0x0000000088700000|  0%| F|  |TAMS 0x0000000088600000, 0x0000000088600000| Untracked 
| 107|0x0000000088700000, 0x0000000088700000, 0x0000000088800000|  0%| F|  |TAMS 0x0000000088700000, 0x0000000088700000| Untracked 
| 108|0x0000000088800000, 0x000000008889ec68, 0x0000000088900000| 62%| E|  |TAMS 0x0000000088800000, 0x0000000088800000| Complete 
| 109|0x0000000088900000, 0x0000000088a00000, 0x0000000088a00000|100%| E|CS|TAMS 0x0000000088900000, 0x0000000088900000| Complete 
| 110|0x0000000088a00000, 0x0000000088b00000, 0x0000000088b00000|100%| E|CS|TAMS 0x0000000088a00000, 0x0000000088a00000| Complete 
| 111|0x0000000088b00000, 0x0000000088c00000, 0x0000000088c00000|100%| E|CS|TAMS 0x0000000088b00000, 0x0000000088b00000| Complete 
| 112|0x0000000088c00000, 0x0000000088d00000, 0x0000000088d00000|100%| E|CS|TAMS 0x0000000088c00000, 0x0000000088c00000| Complete 
| 113|0x0000000088d00000, 0x0000000088e00000, 0x0000000088e00000|100%| E|CS|TAMS 0x0000000088d00000, 0x0000000088d00000| Complete 
| 114|0x0000000088e00000, 0x0000000088f00000, 0x0000000088f00000|100%| E|CS|TAMS 0x0000000088e00000, 0x0000000088e00000| Complete 
| 115|0x0000000088f00000, 0x0000000089000000, 0x0000000089000000|100%| E|CS|TAMS 0x0000000088f00000, 0x0000000088f00000| Complete 
| 116|0x0000000089000000, 0x0000000089100000, 0x0000000089100000|100%| E|CS|TAMS 0x0000000089000000, 0x0000000089000000| Complete 
| 117|0x0000000089100000, 0x0000000089200000, 0x0000000089200000|100%| E|CS|TAMS 0x0000000089100000, 0x0000000089100000| Complete 
| 118|0x0000000089200000, 0x0000000089300000, 0x0000000089300000|100%| E|CS|TAMS 0x0000000089200000, 0x0000000089200000| Complete 
| 119|0x0000000089300000, 0x0000000089400000, 0x0000000089400000|100%| E|CS|TAMS 0x0000000089300000, 0x0000000089300000| Complete 
| 120|0x0000000089400000, 0x0000000089500000, 0x0000000089500000|100%| E|CS|TAMS 0x0000000089400000, 0x0000000089400000| Complete 
| 121|0x0000000089500000, 0x0000000089600000, 0x0000000089600000|100%| E|CS|TAMS 0x0000000089500000, 0x0000000089500000| Complete 
| 122|0x0000000089600000, 0x0000000089700000, 0x0000000089700000|100%| E|CS|TAMS 0x0000000089600000, 0x0000000089600000| Complete 
| 123|0x0000000089700000, 0x0000000089800000, 0x0000000089800000|100%| E|CS|TAMS 0x0000000089700000, 0x0000000089700000| Complete 
| 124|0x0000000089800000, 0x0000000089900000, 0x0000000089900000|100%| E|CS|TAMS 0x0000000089800000, 0x0000000089800000| Complete 
| 125|0x0000000089900000, 0x0000000089a00000, 0x0000000089a00000|100%| E|CS|TAMS 0x0000000089900000, 0x0000000089900000| Complete 
| 126|0x0000000089a00000, 0x0000000089b00000, 0x0000000089b00000|100%| E|CS|TAMS 0x0000000089a00000, 0x0000000089a00000| Complete 
| 127|0x0000000089b00000, 0x0000000089c00000, 0x0000000089c00000|100%| E|CS|TAMS 0x0000000089b00000, 0x0000000089b00000| Complete 
| 128|0x0000000089c00000, 0x0000000089cb8d70, 0x0000000089d00000| 72%| S|CS|TAMS 0x0000000089c00000, 0x0000000089c00000| Complete 
| 129|0x0000000089d00000, 0x0000000089e00000, 0x0000000089e00000|100%| E|CS|TAMS 0x0000000089d00000, 0x0000000089d00000| Complete 

Card table byte_map: [0x000002377bf80000,0x000002377c380000] _byte_map_base: 0x000002377bb72000

Marking Bits (Prev, Next): (CMBitMap*) 0x0000023765060880, (CMBitMap*) 0x0000023765060840
 Prev Bits: [0x0000023700000000, 0x0000023701f90000)
 Next Bits: [0x000002377c780000, 0x000002377e710000)

Polling page: 0x00000237647d0000

Metaspace:

Usage:
  Non-class:     83.98 MB used.
      Class:     12.85 MB used.
       Both:     96.83 MB used.

Virtual space:
  Non-class space:       88.00 MB reserved,      84.31 MB ( 96%) committed,  11 nodes.
      Class space:        1.00 GB reserved,      13.19 MB (  1%) committed,  1 nodes.
             Both:        1.09 GB reserved,      97.50 MB (  9%) committed. 

Chunk freelists:
   Non-Class:  3.36 MB
       Class:  2.79 MB
        Both:  6.15 MB

MaxMetaspaceSize: unlimited
CompressedClassSpaceSize: 1.00 GB
Initial GC threshold: 21.00 MB
Current GC threshold: 155.62 MB
CDS: on
MetaspaceReclaimPolicy: balanced
 - commit_granule_bytes: 65536.
 - commit_granule_words: 8192.
 - virtual_space_node_default_size: 1048576.
 - enlarge_chunks_in_place: 1.
 - new_chunks_are_fully_committed: 0.
 - uncommit_free_chunks: 1.
 - use_allocation_guard: 0.
 - handle_deallocations: 1.


Internal statistics:

num_allocs_failed_limit: 12.
num_arena_births: 1046.
num_arena_deaths: 0.
num_vsnodes_births: 12.
num_vsnodes_deaths: 0.
num_space_committed: 1560.
num_space_uncommitted: 0.
num_chunks_returned_to_freelist: 12.
num_chunks_taken_from_freelist: 4714.
num_chunk_merges: 12.
num_chunk_splits: 3447.
num_chunks_enlarged: 2733.
num_purges: 0.
num_inconsistent_stats: 0.

CodeHeap 'non-profiled nmethods': size=120000Kb used=7666Kb max_used=7666Kb free=112333Kb
 bounds [0x0000023774320000, 0x0000023774aa0000, 0x000002377b850000]
CodeHeap 'profiled nmethods': size=120000Kb used=21383Kb max_used=21383Kb free=98616Kb
 bounds [0x000002376cdf0000, 0x000002376e2e0000, 0x0000023774320000]
CodeHeap 'non-nmethods': size=5760Kb used=1438Kb max_used=1560Kb free=4321Kb
 bounds [0x000002376c850000, 0x000002376cac0000, 0x000002376cdf0000]
 total_blobs=11377 nmethods=10670 adapters=616
 compilation: enabled
              stopped_count=0, restarted_count=0
 full_count=0

Compilation events (20 events):
Event: 563.097 Thread 0x000002377f141030 12834       3       org.hibernate.sql.results.graph.collection.internal.AbstractCollectionAssembler::getAssembledJavaType (10 bytes)
Event: 563.098 Thread 0x000002377f141030 nmethod 12834 0x000002376e2cf010 code [0x000002376e2cf1e0, 0x000002376e2cf598]
Event: 563.098 Thread 0x000002377f141030 12837       3       org.hibernate.type.descriptor.java.StringJavaType::unwrap (143 bytes)
Event: 563.101 Thread 0x000002377f141030 nmethod 12837 0x000002376e2cf710 code [0x000002376e2cfa80, 0x000002376e2d0d38]
Event: 563.101 Thread 0x000002377f141030 12835       3       org.hibernate.metamodel.mapping.internal.AbstractAttributeMapping::getJavaType (10 bytes)
Event: 563.101 Thread 0x000002377f141030 nmethod 12835 0x000002376e2d1310 code [0x000002376e2d14c0, 0x000002376e2d1758]
Event: 563.101 Thread 0x000002377f141030 12836       3       org.hibernate.metamodel.mapping.internal.PluralAttributeMappingImpl::getMappedType (5 bytes)
Event: 563.101 Thread 0x000002377f141030 nmethod 12836 0x000002376e2d1810 code [0x000002376e2d19a0, 0x000002376e2d1ad8]
Event: 563.105 Thread 0x000002377f141030 12838       1       com.arenella.recruit.recruiters.beans.PaidPeriodRecruiterSubscription::getActivatedDate (5 bytes)
Event: 563.105 Thread 0x000002377f141030 nmethod 12838 0x0000023774a9b910 code [0x0000023774a9baa0, 0x0000023774a9bb78]
Event: 563.107 Thread 0x000002377f140a70 12839       4       java.util.ImmutableCollections$SetN::probe (56 bytes)
Event: 563.109 Thread 0x000002377f140a70 nmethod 12839 0x0000023774a9bc10 code [0x0000023774a9bda0, 0x0000023774a9c018]
Event: 567.860 Thread 0x000002377f141030 12840   !   3       org.apache.catalina.core.ContainerBase::findChildren (34 bytes)
Event: 567.863 Thread 0x000002377f141030 nmethod 12840 0x000002376e2d1b90 code [0x000002376e2d1d60, 0x000002376e2d22b8]
Event: 575.425 Thread 0x000002377f140a70 12841       4       java.util.concurrent.ThreadPoolExecutor::beforeExecute (1 bytes)
Event: 575.426 Thread 0x000002377f140a70 nmethod 12841 0x0000023774a9c210 code [0x0000023774a9c380, 0x0000023774a9c3f8]
Event: 575.426 Thread 0x000002377f140a70 12842       4       java.util.concurrent.ThreadPoolExecutor::afterExecute (1 bytes)
Event: 575.426 Thread 0x000002377f140a70 nmethod 12842 0x0000023774a9c510 code [0x0000023774a9c680, 0x0000023774a9c6f8]
Event: 575.818 Thread 0x000002377f140a70 12843       4       sun.nio.ch.SelectorImpl::keys (9 bytes)
Event: 575.819 Thread 0x000002377f140a70 nmethod 12843 0x0000023774a9c810 code [0x0000023774a9c980, 0x0000023774a9ca18]

GC Heap History (20 events):
Event: 19.060 GC heap before
{Heap before GC invocations=26 (full 0):
 garbage-first heap   total 110592K, used 91662K [0x0000000081c00000, 0x0000000100000000)
  region size 1024K, 47 young (48128K), 5 survivors (5120K)
 Metaspace       used 75737K, committed 76352K, reserved 1122304K
  class space    used 10196K, committed 10496K, reserved 1048576K
}
Event: 19.066 GC heap after
{Heap after GC invocations=27 (full 0):
 garbage-first heap   total 110592K, used 50837K [0x0000000081c00000, 0x0000000100000000)
  region size 1024K, 4 young (4096K), 4 survivors (4096K)
 Metaspace       used 75737K, committed 76352K, reserved 1122304K
  class space    used 10196K, committed 10496K, reserved 1048576K
}
Event: 19.675 GC heap before
{Heap before GC invocations=27 (full 0):
 garbage-first heap   total 110592K, used 91797K [0x0000000081c00000, 0x0000000100000000)
  region size 1024K, 45 young (46080K), 4 survivors (4096K)
 Metaspace       used 77953K, committed 78464K, reserved 1122304K
  class space    used 10496K, committed 10752K, reserved 1048576K
}
Event: 19.682 GC heap after
{Heap after GC invocations=28 (full 0):
 garbage-first heap   total 133120K, used 52395K [0x0000000081c00000, 0x0000000100000000)
  region size 1024K, 4 young (4096K), 4 survivors (4096K)
 Metaspace       used 77953K, committed 78464K, reserved 1122304K
  class space    used 10496K, committed 10752K, reserved 1048576K
}
Event: 20.928 GC heap before
{Heap before GC invocations=28 (full 0):
 garbage-first heap   total 133120K, used 107691K [0x0000000081c00000, 0x0000000100000000)
  region size 1024K, 58 young (59392K), 4 survivors (4096K)
 Metaspace       used 81780K, committed 82368K, reserved 1122304K
  class space    used 10907K, committed 11200K, reserved 1048576K
}
Event: 20.939 GC heap after
{Heap after GC invocations=29 (full 0):
 garbage-first heap   total 133120K, used 54796K [0x0000000081c00000, 0x0000000100000000)
  region size 1024K, 7 young (7168K), 7 survivors (7168K)
 Metaspace       used 81780K, committed 82368K, reserved 1122304K
  class space    used 10907K, committed 11200K, reserved 1048576K
}
Event: 21.802 GC heap before
{Heap before GC invocations=29 (full 0):
 garbage-first heap   total 133120K, used 108044K [0x0000000081c00000, 0x0000000100000000)
  region size 1024K, 59 young (60416K), 7 survivors (7168K)
 Metaspace       used 84461K, committed 85056K, reserved 1122304K
  class space    used 11229K, committed 11520K, reserved 1048576K
}
Event: 21.813 GC heap after
{Heap after GC invocations=30 (full 0):
 garbage-first heap   total 133120K, used 57413K [0x0000000081c00000, 0x0000000100000000)
  region size 1024K, 6 young (6144K), 6 survivors (6144K)
 Metaspace       used 84461K, committed 85056K, reserved 1122304K
  class space    used 11229K, committed 11520K, reserved 1048576K
}
Event: 22.880 GC heap before
{Heap before GC invocations=30 (full 0):
 garbage-first heap   total 133120K, used 109637K [0x0000000081c00000, 0x0000000100000000)
  region size 1024K, 57 young (58368K), 6 survivors (6144K)
 Metaspace       used 86053K, committed 86656K, reserved 1130496K
  class space    used 11379K, committed 11648K, reserved 1048576K
}
Event: 22.890 GC heap after
{Heap after GC invocations=31 (full 0):
 garbage-first heap   total 133120K, used 59888K [0x0000000081c00000, 0x0000000100000000)
  region size 1024K, 6 young (6144K), 6 survivors (6144K)
 Metaspace       used 86053K, committed 86656K, reserved 1130496K
  class space    used 11379K, committed 11648K, reserved 1048576K
}
Event: 23.818 GC heap before
{Heap before GC invocations=31 (full 0):
 garbage-first heap   total 133120K, used 110064K [0x0000000081c00000, 0x0000000100000000)
  region size 1024K, 55 young (56320K), 6 survivors (6144K)
 Metaspace       used 88345K, committed 88960K, reserved 1130496K
  class space    used 11679K, committed 11968K, reserved 1048576K
}
Event: 23.828 GC heap after
{Heap after GC invocations=32 (full 0):
 garbage-first heap   total 133120K, used 62772K [0x0000000081c00000, 0x0000000100000000)
  region size 1024K, 6 young (6144K), 6 survivors (6144K)
 Metaspace       used 88345K, committed 88960K, reserved 1130496K
  class space    used 11679K, committed 11968K, reserved 1048576K
}
Event: 24.993 GC heap before
{Heap before GC invocations=32 (full 0):
 garbage-first heap   total 133120K, used 110900K [0x0000000081c00000, 0x0000000100000000)
  region size 1024K, 53 young (54272K), 6 survivors (6144K)
 Metaspace       used 91194K, committed 91840K, reserved 1130496K
  class space    used 12093K, committed 12416K, reserved 1048576K
}
Event: 25.004 GC heap after
{Heap after GC invocations=33 (full 0):
 garbage-first heap   total 133120K, used 64902K [0x0000000081c00000, 0x0000000100000000)
  region size 1024K, 5 young (5120K), 5 survivors (5120K)
 Metaspace       used 91194K, committed 91840K, reserved 1130496K
  class space    used 12093K, committed 12416K, reserved 1048576K
}
Event: 56.331 GC heap before
{Heap before GC invocations=33 (full 0):
 garbage-first heap   total 133120K, used 110982K [0x0000000081c00000, 0x0000000100000000)
  region size 1024K, 51 young (52224K), 5 survivors (5120K)
 Metaspace       used 94703K, committed 95296K, reserved 1138688K
  class space    used 12554K, committed 12864K, reserved 1048576K
}
Event: 56.341 GC heap after
{Heap after GC invocations=34 (full 0):
 garbage-first heap   total 133120K, used 67859K [0x0000000081c00000, 0x0000000100000000)
  region size 1024K, 6 young (6144K), 6 survivors (6144K)
 Metaspace       used 94703K, committed 95296K, reserved 1138688K
  class space    used 12554K, committed 12864K, reserved 1048576K
}
Event: 64.125 GC heap before
{Heap before GC invocations=35 (full 0):
 garbage-first heap   total 133120K, used 109843K [0x0000000081c00000, 0x0000000100000000)
  region size 1024K, 48 young (49152K), 6 survivors (6144K)
 Metaspace       used 98003K, committed 98688K, reserved 1138688K
  class space    used 13099K, committed 13440K, reserved 1048576K
}
Event: 64.133 GC heap after
{Heap after GC invocations=36 (full 0):
 garbage-first heap   total 133120K, used 70080K [0x0000000081c00000, 0x0000000100000000)
  region size 1024K, 6 young (6144K), 6 survivors (6144K)
 Metaspace       used 98003K, committed 98688K, reserved 1138688K
  class space    used 13099K, committed 13440K, reserved 1048576K
}
Event: 64.152 GC heap before
{Heap before GC invocations=36 (full 0):
 garbage-first heap   total 133120K, used 70080K [0x0000000081c00000, 0x0000000100000000)
  region size 1024K, 7 young (7168K), 6 survivors (6144K)
 Metaspace       used 98109K, committed 98816K, reserved 1138688K
  class space    used 13109K, committed 13440K, reserved 1048576K
}
Event: 64.159 GC heap after
{Heap after GC invocations=37 (full 0):
 garbage-first heap   total 133120K, used 69101K [0x0000000081c00000, 0x0000000100000000)
  region size 1024K, 1 young (1024K), 1 survivors (1024K)
 Metaspace       used 98109K, committed 98816K, reserved 1138688K
  class space    used 13109K, committed 13440K, reserved 1048576K
}

Deoptimization events (20 events):
Event: 150.201 Thread 0x000002377fd45080 DEOPT PACKING pc=0x00000237748309b4 sp=0x00000089c39fea60
Event: 150.201 Thread 0x000002377fd45080 DEOPT UNPACKING pc=0x000002376c8a23a3 sp=0x00000089c39fea28 mode 2
Event: 203.108 Thread 0x0000023707535e60 Uncommon trap: trap_request=0xffffffde fr.pc=0x0000023774a52598 relative=0x00000000000006d8
Event: 203.108 Thread 0x0000023707535e60 Uncommon trap: reason=class_check action=maybe_recompile pc=0x0000023774a52598 method=org.hibernate.type.descriptor.java.AbstractClassJavaType.extractHashCode(Ljava/lang/Object;)I @ 1 c2
Event: 203.108 Thread 0x0000023707535e60 DEOPT PACKING pc=0x0000023774a52598 sp=0x00000089c58fbd50
Event: 203.108 Thread 0x0000023707535e60 DEOPT UNPACKING pc=0x000002376c8a23a3 sp=0x00000089c58fbc40 mode 2
Event: 203.108 Thread 0x0000023707535e60 Uncommon trap: trap_request=0xffffffde fr.pc=0x0000023774a52598 relative=0x00000000000006d8
Event: 203.108 Thread 0x0000023707535e60 Uncommon trap: reason=class_check action=maybe_recompile pc=0x0000023774a52598 method=org.hibernate.type.descriptor.java.AbstractClassJavaType.extractHashCode(Ljava/lang/Object;)I @ 1 c2
Event: 203.108 Thread 0x0000023707535e60 DEOPT PACKING pc=0x0000023774a52598 sp=0x00000089c58fbd50
Event: 203.108 Thread 0x0000023707535e60 DEOPT UNPACKING pc=0x000002376c8a23a3 sp=0x00000089c58fbc40 mode 2
Event: 203.109 Thread 0x0000023707535e60 Uncommon trap: trap_request=0xffffffde fr.pc=0x0000023774a52598 relative=0x00000000000006d8
Event: 203.109 Thread 0x0000023707535e60 Uncommon trap: reason=class_check action=maybe_recompile pc=0x0000023774a52598 method=org.hibernate.type.descriptor.java.AbstractClassJavaType.extractHashCode(Ljava/lang/Object;)I @ 1 c2
Event: 203.109 Thread 0x0000023707535e60 DEOPT PACKING pc=0x0000023774a52598 sp=0x00000089c58fbd50
Event: 203.109 Thread 0x0000023707535e60 DEOPT UNPACKING pc=0x000002376c8a23a3 sp=0x00000089c58fbc40 mode 2
Event: 203.109 Thread 0x0000023707535e60 Uncommon trap: trap_request=0xffffffde fr.pc=0x0000023774a52598 relative=0x00000000000006d8
Event: 203.109 Thread 0x0000023707535e60 Uncommon trap: reason=class_check action=maybe_recompile pc=0x0000023774a52598 method=org.hibernate.type.descriptor.java.AbstractClassJavaType.extractHashCode(Ljava/lang/Object;)I @ 1 c2
Event: 203.109 Thread 0x0000023707535e60 DEOPT PACKING pc=0x0000023774a52598 sp=0x00000089c58fbd50
Event: 203.109 Thread 0x0000023707535e60 DEOPT UNPACKING pc=0x000002376c8a23a3 sp=0x00000089c58fbc40 mode 2
Event: 383.135 Thread 0x0000023707535e60 DEOPT PACKING pc=0x000002376e094234 sp=0x00000089c58fb250
Event: 383.135 Thread 0x0000023707535e60 DEOPT UNPACKING pc=0x000002376c8a2b43 sp=0x00000089c58fa818 mode 0

Classes unloaded (0 events):
No events

Classes redefined (2 events):
Event: 150.257 Thread 0x000002377f116f70 redefined class name=com.arenella.recruit.candidates.services.CandidateServiceImpl, count=1
Event: 584.726 Thread 0x000002377f116f70 redefined class name=com.arenella.recruit.candidates.repos.CandidateRepository, count=1

Internal exceptions (20 events):
Event: 24.317 Thread 0x0000023707535e60 Exception <a 'java/lang/IncompatibleClassChangeError'{0x0000000088d9b6e0}: Found class java.lang.Object, but interface was expected> (0x0000000088d9b6e0) 
thrown [t:\workspace\open\src\hotspot\share\interpreter\linkResolver.cpp, line 833]
Event: 24.418 Thread 0x0000023765026640 Exception <a 'java/lang/NoSuchMethodError'{0x0000000088ad2498}: 'void java.lang.invoke.DirectMethodHandle$Holder.invokeVirtual(java.lang.Object, java.lang.Object, long)'> (0x0000000088ad2498) 
thrown [t:\workspace\open\src\hotspot\share\interpreter\linkResolver.cpp, line 766]
Event: 24.772 Thread 0x0000023765026640 Implicit null exception at 0x000002377484e9e0 to 0x0000023774850c24
Event: 25.089 Thread 0x0000023765026640 Exception <a 'java/lang/ClassNotFoundException'{0x0000000089b749d8}: org/quartz/simpl/SimpleThreadPoolBeanInfo> (0x0000000089b749d8) 
thrown [t:\workspace\open\src\hotspot\share\classfile\systemDictionary.cpp, line 256]
Event: 25.094 Thread 0x0000023765026640 Exception <a 'java/lang/ClassNotFoundException'{0x0000000089b81c70}: org/quartz/simpl/SimpleThreadPoolCustomizer> (0x0000000089b81c70) 
thrown [t:\workspace\open\src\hotspot\share\classfile\systemDictionary.cpp, line 256]
Event: 25.136 Thread 0x0000023765026640 Exception <a 'java/lang/ClassNotFoundException'{0x0000000089abed00}: org/quartz/simpl/RAMJobStoreBeanInfo> (0x0000000089abed00) 
thrown [t:\workspace\open\src\hotspot\share\classfile\systemDictionary.cpp, line 256]
Event: 25.139 Thread 0x0000023765026640 Exception <a 'java/lang/ClassNotFoundException'{0x0000000089acbad8}: org/quartz/simpl/RAMJobStoreCustomizer> (0x0000000089acbad8) 
thrown [t:\workspace\open\src\hotspot\share\classfile\systemDictionary.cpp, line 256]
Event: 25.371 Thread 0x0000023765026640 Exception <a 'java/lang/NoSuchMethodError'{0x0000000089167df0}: 'void java.lang.invoke.DirectMethodHandle$Holder.invokeSpecial(java.lang.Object, java.lang.Object, int, java.lang.Object, java.lang.Object, java.lang.Object, java.lang.Object)'> (0x0000000089167df0) 
thrown [t:\workspace\open\src\hotspot\share\interpreter\linkResolver.cpp, line 766]
Event: 25.372 Thread 0x0000023765026640 Exception <a 'java/lang/NoSuchMethodError'{0x000000008916fca8}: 'java.lang.Object java.lang.invoke.DirectMethodHandle$Holder.newInvokeSpecial(java.lang.Object, java.lang.Object, int, java.lang.Object, java.lang.Object)'> (0x000000008916fca8) 
thrown [t:\workspace\open\src\hotspot\share\interpreter\linkResolver.cpp, line 766]
Event: 25.374 Thread 0x0000023765026640 Exception <a 'java/lang/NoSuchMethodError'{0x000000008917b228}: 'java.lang.Object java.lang.invoke.DirectMethodHandle$Holder.invokeSpecial(java.lang.Object, java.lang.Object, int, java.lang.Object, int, java.lang.Object)'> (0x000000008917b228) 
thrown [t:\workspace\open\src\hotspot\share\interpreter\linkResolver.cpp, line 766]
Event: 25.374 Thread 0x0000023765026640 Exception <a 'java/lang/NoSuchMethodError'{0x0000000089183270}: 'java.lang.Object java.lang.invoke.DirectMethodHandle$Holder.newInvokeSpecial(java.lang.Object, java.lang.Object, int, java.lang.Object, int)'> (0x0000000089183270) 
thrown [t:\workspace\open\src\hotspot\share\interpreter\linkResolver.cpp, line 766]
Event: 25.376 Thread 0x0000023765026640 Exception <a 'java/lang/NoSuchMethodError'{0x0000000089187370}: 'java.lang.Object java.lang.invoke.DirectMethodHandle$Holder.invokeSpecial(java.lang.Object, java.lang.Object, java.lang.Object, int, java.lang.Object, int)'> (0x0000000089187370) 
thrown [t:\workspace\open\src\hotspot\share\interpreter\linkResolver.cpp, line 766]
Event: 55.872 Thread 0x000002370753b500 Exception <a 'java/lang/NoSuchMethodError'{0x000000008887f5a8}: 'java.lang.Object java.lang.invoke.DirectMethodHandle$Holder.invokeSpecial(java.lang.Object, java.lang.Object, java.lang.Object, java.lang.Object, java.lang.Object, long)'> (0x000000008887f5a8) 
thrown [t:\workspace\open\src\hotspot\share\interpreter\linkResolver.cpp, line 766]
Event: 55.873 Thread 0x000002370753b500 Exception <a 'java/lang/NoSuchMethodError'{0x0000000088883098}: 'java.lang.Object java.lang.invoke.Invokers$Holder.linkToTargetMethod(java.lang.Object, java.lang.Object, java.lang.Object, long, java.lang.Object)'> (0x0000000088883098) 
thrown [t:\workspace\open\src\hotspot\share\interpreter\linkResolver.cpp, line 766]
Event: 56.566 Thread 0x000002370753b500 Exception <a 'java/lang/NoSuchMethodError'{0x00000000890caef8}: 'java.lang.Object java.lang.invoke.DirectMethodHandle$Holder.invokeSpecialIFC(java.lang.Object, java.lang.Object)'> (0x00000000890caef8) 
thrown [t:\workspace\open\src\hotspot\share\interpreter\linkResolver.cpp, line 766]
Event: 56.644 Thread 0x000002370753b500 Exception <a 'java/lang/NoSuchMethodError'{0x0000000088e2a7a0}: 'java.lang.Object java.lang.invoke.DirectMethodHandle$Holder.invokeSpecialIFC(java.lang.Object, java.lang.Object, java.lang.Object, java.lang.Object, java.lang.Object)'> (0x0000000088e2a7a0) 
thrown [t:\workspace\open\src\hotspot\share\interpreter\linkResolver.cpp, line 766]
Event: 56.645 Thread 0x000002370753b500 Exception <a 'java/lang/NoSuchMethodError'{0x0000000088e327d0}: 'java.lang.Object java.lang.invoke.Invokers$Holder.invoker(java.lang.Object, java.lang.Object, java.lang.Object, java.lang.Object, java.lang.Object)'> (0x0000000088e327d0) 
thrown [t:\workspace\open\src\hotspot\share\interpreter\linkResolver.cpp, line 766]
Event: 56.648 Thread 0x000002370753b500 Exception <a 'java/lang/NoSuchMethodError'{0x0000000088e4b5e8}: 'java.lang.Object java.lang.invoke.Invokers$Holder.invoker(java.lang.Object, java.lang.Object, java.lang.Object, java.lang.Object)'> (0x0000000088e4b5e8) 
thrown [t:\workspace\open\src\hotspot\share\interpreter\linkResolver.cpp, line 766]
Event: 73.735 Thread 0x000002370753b500 Exception <a 'java/lang/NoSuchMethodError'{0x0000000089aba5b8}: 'java.lang.Object java.lang.invoke.DirectMethodHandle$Holder.newInvokeSpecial(java.lang.Object, long)'> (0x0000000089aba5b8) 
thrown [t:\workspace\open\src\hotspot\share\interpreter\linkResolver.cpp, line 766]
Event: 83.054 Thread 0x0000023707535e60 Implicit null exception at 0x00000237748a1fc4 to 0x00000237748a29fc

VM Operations (20 events):
Event: 548.216 Executing VM operation: get/set locals
Event: 548.217 Executing VM operation: get/set locals done
Event: 551.106 Executing VM operation: get/set locals
Event: 551.106 Executing VM operation: get/set locals done
Event: 553.900 Executing VM operation: get/set locals
Event: 553.900 Executing VM operation: get/set locals done
Event: 563.902 Executing VM operation: Cleanup
Event: 563.903 Executing VM operation: Cleanup done
Event: 584.260 Executing VM operation: ChangeSingleStep
Event: 584.260 Executing VM operation: ChangeSingleStep done
Event: 584.261 Executing VM operation: ChangeSingleStep
Event: 584.262 Executing VM operation: ChangeSingleStep done
Event: 584.264 Executing VM operation: ChangeSingleStep
Event: 584.264 Executing VM operation: ChangeSingleStep done
Event: 584.264 Executing VM operation: ChangeSingleStep
Event: 584.264 Executing VM operation: ChangeSingleStep done
Event: 584.321 Executing VM operation: RedefineClasses
Event: 584.864 Executing VM operation: RedefineClasses done
Event: 584.923 Executing VM operation: ChangeBreakpoints
Event: 584.927 Executing VM operation: ChangeBreakpoints done

Events (20 events):
Event: 64.089 loading class org/w3c/dom/Node
Event: 64.089 loading class org/w3c/dom/Node done
Event: 64.089 loading class org/w3c/dom/Document
Event: 64.089 loading class org/w3c/dom/Document done
Event: 64.105 Thread 0x000002377f153530 flushing nmethod 0x000002376df6af10
Event: 65.475 Thread 0x000002370813df90 Thread exited: 0x000002370813df90
Event: 83.090 Thread 0x000002370813df90 Thread added: 0x000002370813df90
Event: 83.123 Thread 0x000002370813eec0 Thread added: 0x000002370813eec0
Event: 84.424 Thread 0x000002370813eec0 Thread exited: 0x000002370813eec0
Event: 84.424 Thread 0x000002370813df90 Thread exited: 0x000002370813df90
Event: 143.037 Thread 0x000002370b3d4d90 Thread added: 0x000002370b3d4d90
Event: 147.775 Thread 0x000002370b3d4d90 Thread exited: 0x000002370b3d4d90
Event: 203.083 Thread 0x000002370e5daf70 Thread added: 0x000002370e5daf70
Event: 207.721 Thread 0x000002370e5daf70 Thread exited: 0x000002370e5daf70
Event: 263.066 Thread 0x0000023709451da0 Thread added: 0x0000023709451da0
Event: 268.137 Thread 0x0000023709451da0 Thread exited: 0x0000023709451da0
Event: 323.115 Thread 0x000002370e071670 Thread added: 0x000002370e071670
Event: 328.127 Thread 0x000002370e071670 Thread exited: 0x000002370e071670
Event: 503.067 Thread 0x000002370b1afa90 Thread added: 0x000002370b1afa90
Event: 508.109 Thread 0x000002370b1afa90 Thread exited: 0x000002370b1afa90


Dynamic libraries:
0x00007ff6c7f60000 - 0x00007ff6c7f70000 	C:\Program Files\Java\jdk-17.0.2\bin\javaw.exe
0x00007ffeb7770000 - 0x00007ffeb7986000 	C:\WINDOWS\SYSTEM32\ntdll.dll
0x00007ffeb5fe0000 - 0x00007ffeb60a4000 	C:\WINDOWS\System32\KERNEL32.DLL
0x00007ffeb50f0000 - 0x00007ffeb5497000 	C:\WINDOWS\System32\KERNELBASE.dll
0x00007ffeb4da0000 - 0x00007ffeb4eb1000 	C:\WINDOWS\System32\ucrtbase.dll
0x00007ffe97380000 - 0x00007ffe97398000 	C:\Program Files\Java\jdk-17.0.2\bin\jli.dll
0x00007ffeb54f0000 - 0x00007ffeb55a2000 	C:\WINDOWS\System32\ADVAPI32.dll
0x00007ffe944f0000 - 0x00007ffe9450a000 	C:\Program Files\Java\jdk-17.0.2\bin\VCRUNTIME140.dll
0x00007ffeb5eb0000 - 0x00007ffeb5f57000 	C:\WINDOWS\System32\msvcrt.dll
0x00007ffeb5ca0000 - 0x00007ffeb5d48000 	C:\WINDOWS\System32\sechost.dll
0x00007ffeb4fd0000 - 0x00007ffeb4ff8000 	C:\WINDOWS\System32\bcrypt.dll
0x00007ffeb6a80000 - 0x00007ffeb6b95000 	C:\WINDOWS\System32\RPCRT4.dll
0x00007ffeb6710000 - 0x00007ffeb68be000 	C:\WINDOWS\System32\USER32.dll
0x00007ffeb50c0000 - 0x00007ffeb50e6000 	C:\WINDOWS\System32\win32u.dll
0x00007ffe9ac00000 - 0x00007ffe9ae93000 	C:\WINDOWS\WinSxS\amd64_microsoft.windows.common-controls_6595b64144ccf1df_6.0.22621.3235_none_270f74e173860f98\COMCTL32.dll
0x00007ffeb5bf0000 - 0x00007ffeb5c19000 	C:\WINDOWS\System32\GDI32.dll
0x00007ffeb4a90000 - 0x00007ffeb4ba9000 	C:\WINDOWS\System32\gdi32full.dll
0x00007ffeb4ec0000 - 0x00007ffeb4f5a000 	C:\WINDOWS\System32\msvcp_win.dll
0x00007ffeaf2a0000 - 0x00007ffeaf2aa000 	C:\WINDOWS\SYSTEM32\VERSION.dll
0x00007ffeb61b0000 - 0x00007ffeb61e1000 	C:\WINDOWS\System32\IMM32.DLL
0x00007ffe944e0000 - 0x00007ffe944ec000 	C:\Program Files\Java\jdk-17.0.2\bin\vcruntime140_1.dll
0x00007ffe93140000 - 0x00007ffe931cd000 	C:\Program Files\Java\jdk-17.0.2\bin\msvcp140.dll
0x00007ffe8e720000 - 0x00007ffe8f2e1000 	C:\Program Files\Java\jdk-17.0.2\bin\server\jvm.dll
0x00007ffeb5fc0000 - 0x00007ffeb5fc8000 	C:\WINDOWS\System32\PSAPI.DLL
0x00007ffe94660000 - 0x00007ffe94669000 	C:\WINDOWS\SYSTEM32\WSOCK32.dll
0x00007ffeaeab0000 - 0x00007ffeaeae4000 	C:\WINDOWS\SYSTEM32\WINMM.dll
0x00007ffeb5c20000 - 0x00007ffeb5c91000 	C:\WINDOWS\System32\WS2_32.dll
0x00007ffeb3b80000 - 0x00007ffeb3b98000 	C:\WINDOWS\SYSTEM32\kernel.appcore.dll
0x00007ffe93110000 - 0x00007ffe9311a000 	C:\Program Files\Java\jdk-17.0.2\bin\jimage.dll
0x00007ffeb0020000 - 0x00007ffeb0253000 	C:\WINDOWS\SYSTEM32\DBGHELP.DLL
0x00007ffeb5860000 - 0x00007ffeb5be8000 	C:\WINDOWS\System32\combase.dll
0x00007ffeb55b0000 - 0x00007ffeb5687000 	C:\WINDOWS\System32\OLEAUT32.dll
0x00007ffead160000 - 0x00007ffead192000 	C:\WINDOWS\SYSTEM32\dbgcore.DLL
0x00007ffeb4bb0000 - 0x00007ffeb4c29000 	C:\WINDOWS\System32\bcryptPrimitives.dll
0x00007ffe98990000 - 0x00007ffe989cb000 	C:\Program Files\Java\jdk-17.0.2\bin\jdwp.dll
0x00007ffeb03b0000 - 0x00007ffeb03be000 	C:\Program Files\Java\jdk-17.0.2\bin\instrument.dll
0x00007ffe930e0000 - 0x00007ffe93105000 	C:\Program Files\Java\jdk-17.0.2\bin\java.dll
0x00007ffe903e0000 - 0x00007ffe904b6000 	C:\Program Files\Java\jdk-17.0.2\bin\jsvml.dll
0x00007ffeb6e60000 - 0x00007ffeb76bc000 	C:\WINDOWS\System32\SHELL32.dll
0x00007ffeb29a0000 - 0x00007ffeb3299000 	C:\WINDOWS\SYSTEM32\windows.storage.dll
0x00007ffeb2860000 - 0x00007ffeb299e000 	C:\WINDOWS\SYSTEM32\wintypes.dll
0x00007ffeb60b0000 - 0x00007ffeb61a3000 	C:\WINDOWS\System32\SHCORE.dll
0x00007ffeb5f60000 - 0x00007ffeb5fbe000 	C:\WINDOWS\System32\shlwapi.dll
0x00007ffeb49c0000 - 0x00007ffeb49e1000 	C:\WINDOWS\SYSTEM32\profapi.dll
0x00007ffeaef20000 - 0x00007ffeaef2c000 	C:\Program Files\Java\jdk-17.0.2\bin\dt_socket.dll
0x00007ffeb3570000 - 0x00007ffeb359d000 	C:\WINDOWS\SYSTEM32\IPHLPAPI.DLL
0x00007ffeb3fe0000 - 0x00007ffeb4049000 	C:\WINDOWS\system32\mswsock.dll
0x00007ffeb35e0000 - 0x00007ffeb36d9000 	C:\WINDOWS\SYSTEM32\DNSAPI.dll
0x00007ffeb5fd0000 - 0x00007ffeb5fd9000 	C:\WINDOWS\System32\NSI.dll
0x00007ffea3390000 - 0x00007ffea339a000 	C:\Windows\System32\rasadhlp.dll
0x00007ffeae710000 - 0x00007ffeae793000 	C:\WINDOWS\System32\fwpuclnt.dll
0x00007ffe91120000 - 0x00007ffe91138000 	C:\Program Files\Java\jdk-17.0.2\bin\zip.dll
0x00007ffe93120000 - 0x00007ffe93139000 	C:\Program Files\Java\jdk-17.0.2\bin\net.dll
0x00007ffeaef90000 - 0x00007ffeaf0c6000 	C:\WINDOWS\SYSTEM32\WINHTTP.dll
0x00007ffe930c0000 - 0x00007ffe930d6000 	C:\Program Files\Java\jdk-17.0.2\bin\nio.dll
0x00007ffe82230000 - 0x00007ffe82240000 	C:\Program Files\Java\jdk-17.0.2\bin\verify.dll
0x00007ffe82240000 - 0x00007ffe8224e000 	C:\Program Files\Java\jdk-17.0.2\bin\sunmscapi.dll
0x00007ffeb4c30000 - 0x00007ffeb4d97000 	C:\WINDOWS\System32\CRYPT32.dll
0x00007ffeb4450000 - 0x00007ffeb447e000 	C:\WINDOWS\SYSTEM32\ncrypt.dll
0x00007ffeb4410000 - 0x00007ffeb4447000 	C:\WINDOWS\SYSTEM32\NTASN1.dll
0x00007ffeaef30000 - 0x00007ffeaef49000 	C:\WINDOWS\SYSTEM32\dhcpcsvc6.DLL
0x00007ffeaeeb0000 - 0x00007ffeaeecf000 	C:\WINDOWS\SYSTEM32\dhcpcsvc.DLL
0x00007ffeb41f0000 - 0x00007ffeb420b000 	C:\WINDOWS\SYSTEM32\CRYPTSP.dll
0x00007ffeb3ae0000 - 0x00007ffeb3b15000 	C:\WINDOWS\system32\rsaenh.dll
0x00007ffeb4090000 - 0x00007ffeb40b8000 	C:\WINDOWS\SYSTEM32\USERENV.dll
0x00007ffeb4210000 - 0x00007ffeb421c000 	C:\WINDOWS\SYSTEM32\CRYPTBASE.dll
0x00007ffe7cab0000 - 0x00007ffe7cab9000 	C:\Program Files\Java\jdk-17.0.2\bin\management.dll
0x00007ffe7ca60000 - 0x00007ffe7ca6b000 	C:\Program Files\Java\jdk-17.0.2\bin\management_ext.dll
0x00007ffe4aa00000 - 0x00007ffe4aa17000 	C:\WINDOWS\system32\napinsp.dll
0x00007ffe49c60000 - 0x00007ffe49c7b000 	C:\WINDOWS\system32\pnrpnsp.dll
0x00007ffe49c40000 - 0x00007ffe49c51000 	C:\WINDOWS\System32\winrnr.dll
0x00007ffe80d30000 - 0x00007ffe80d45000 	C:\WINDOWS\system32\wshbth.dll
0x00007ffe49c80000 - 0x00007ffe49ca1000 	C:\WINDOWS\system32\nlansp_c.dll
0x00007ffe7f840000 - 0x00007ffe7f848000 	C:\WINDOWS\system32\wshunix.dll

dbghelp: loaded successfully - version: 4.0.5 - missing functions: none
symbol engine: initialized successfully - sym options: 0x614 - pdb path: .;C:\Program Files\Java\jdk-17.0.2\bin;C:\WINDOWS\SYSTEM32;C:\WINDOWS\WinSxS\amd64_microsoft.windows.common-controls_6595b64144ccf1df_6.0.22621.3235_none_270f74e173860f98;C:\Program Files\Java\jdk-17.0.2\bin\server

VM Arguments:
jvm_args: -XX:+ShowCodeDetailsInExceptionMessages -agentlib:jdwp=transport=dt_socket,suspend=y,address=localhost:57594 -Dspring.profiles.active=local -javaagent:C:\Users\Hp\eclipse\java-2023-03\eclipse\configuration\org.eclipse.osgi\231\0\.cp\lib\javaagent-shaded.jar -Dfile.encoding=UTF-8 
java_command: com.arenella.recruit.RecruitApplication
java_class_path (initial): C:\eclipse-projects\recruit\recruit\target\classes;C:\Users\Hp\.p2\pool\plugins\org.junit_4.13.2.v20211018-1956.jar;C:\Users\Hp\.p2\pool\plugins\org.hamcrest.core_1.3.0.v20180420-1519.jar;C:\Users\Hp\.m2\repository\org\springframework\boot\spring-boot-starter-web\3.2.4\spring-boot-starter-web-3.2.4.jar;C:\Users\Hp\.m2\repository\org\springframework\boot\spring-boot-starter\3.2.4\spring-boot-starter-3.2.4.jar;C:\Users\Hp\.m2\repository\org\springframework\boot\spring-boot\3.2.4\spring-boot-3.2.4.jar;C:\Users\Hp\.m2\repository\org\springframework\boot\spring-boot-autoconfigure\3.2.4\spring-boot-autoconfigure-3.2.4.jar;C:\Users\Hp\.m2\repository\org\springframework\boot\spring-boot-starter-logging\3.2.4\spring-boot-starter-logging-3.2.4.jar;C:\Users\Hp\.m2\repository\ch\qos\logback\logback-classic\1.4.14\logback-classic-1.4.14.jar;C:\Users\Hp\.m2\repository\ch\qos\logback\logback-core\1.4.14\logback-core-1.4.14.jar;C:\Users\Hp\.m2\repository\org\springframework\boot\spring-boot-starter-json\3.2.4\spring-boot-starter-json-3.2.4.jar;C:\Users\Hp\.m2\repository\com\fasterxml\jackson\datatype\jackson-datatype-jdk8\2.15.4\jackson-datatype-jdk8-2.15.4.jar;C:\Users\Hp\.m2\repository\com\fasterxml\jackson\datatype\jackson-datatype-jsr310\2.15.4\jackson-datatype-jsr310-2.15.4.jar;C:\Users\Hp\.m2\repository\com\fasterxml\jackson\module\jackson-module-parameter-names\2.15.4\jackson-module-parameter-names-2.15.4.jar;C:\Users\Hp\.m2\repository\org\springframework\spring-web\6.1.5\spring-web-6.1.5.jar;C:\Users\Hp\.m2\repository\org\springframework\spring-beans\6.1.5\spring-beans-6.1.5.jar;C:\Users\Hp\.m2\repository\io\micrometer\micrometer-observation\1.12.4\micrometer-observation-1.12.4.jar;C:\Users\Hp\.m2\repository\io\micrometer\micrometer-commons\1.12.4\micrometer-commons-1.12.4.jar;C:\Users\Hp\.m2\repository\org\springframework\spring-webmvc\6.1.5\spring-webmvc-6.1.5.jar;C:\Users\Hp\.m2\repository\org\springframework\spring-expression\6.1.5\spring-ex
Launcher Type: SUN_STANDARD

[Global flags]
     intx CICompilerCount                          = 4                                         {product} {ergonomic}
     uint ConcGCThreads                            = 2                                         {product} {ergonomic}
     uint G1ConcRefinementThreads                  = 8                                         {product} {ergonomic}
   size_t G1HeapRegionSize                         = 1048576                                   {product} {ergonomic}
    uintx GCDrainStackTargetSize                   = 64                                        {product} {ergonomic}
   size_t InitialHeapSize                          = 134217728                                 {product} {ergonomic}
   size_t MarkStackSize                            = 4194304                                   {product} {ergonomic}
   size_t MaxHeapSize                              = 2118123520                                {product} {ergonomic}
   size_t MaxNewSize                               = 1270874112                                {product} {ergonomic}
   size_t MinHeapDeltaBytes                        = 1048576                                   {product} {ergonomic}
   size_t MinHeapSize                              = 8388608                                   {product} {ergonomic}
    uintx NonNMethodCodeHeapSize                   = 5839372                                {pd product} {ergonomic}
    uintx NonProfiledCodeHeapSize                  = 122909434                              {pd product} {ergonomic}
    uintx ProfiledCodeHeapSize                     = 122909434                              {pd product} {ergonomic}
    uintx ReservedCodeCacheSize                    = 251658240                              {pd product} {ergonomic}
     bool SegmentedCodeCache                       = true                                      {product} {ergonomic}
     bool ShowCodeDetailsInExceptionMessages       = true                                   {manageable} {command line}
   size_t SoftMaxHeapSize                          = 2118123520                             {manageable} {ergonomic}
     bool UseCompressedClassPointers               = true                           {product lp64_product} {ergonomic}
     bool UseCompressedOops                        = true                           {product lp64_product} {ergonomic}
     bool UseG1GC                                  = true                                      {product} {ergonomic}
     bool UseLargePagesIndividualAllocation        = false                                  {pd product} {ergonomic}

Logging:
Log output configuration:
 #0: stdout all=warning uptime,level,tags
 #1: stderr all=off uptime,level,tags

Environment Variables:
PATH=C:/Program Files/Java/jdk-17.0.2/bin/server;C:/Program Files/Java/jdk-17.0.2/bin;C:\Program Files\Eclipse Adoptium\jdk-17.0.7.7-hotspot\bin;C:\Python311\Scripts\;C:\Python311\;C:\Program Files\Common Files\Oracle\Java\javapath;C:\Program Files (x86)\Common Files\Oracle\Java\javapath;C:\windows\system32;C:\windows;C:\windows\System32\Wbem;C:\windows\System32\WindowsPowerShell\v1.0\;C:\windows\System32\OpenSSH\;C:\Program Files (x86)\NVIDIA Corporation\PhysX\Common;C:\Program Files\NVIDIA Corporation\NVIDIA NvDLISR;C:\java\jdk-14\bin;C:\WINDOWS\system32;C:\WINDOWS;C:\WINDOWS\System32\Wbem;C:\WINDOWS\System32\WindowsPowerShell\v1.0\;C:\WINDOWS\System32\OpenSSH\;C:\ProgramData\chocolatey\bin;C:\Program Files\Git\cmd;C:\maven\bin;C:\Users\Hp\AppData\Roaming\nvm;C:\Program Files\nodejs;C:\Program Files\Docker\Docker\resources\bin;C:\ProgramData\DockerDesktop\version-bin;C:\Program Files\nodejs\;C:\Program Files\PuTTY\;C:\Users\Hp\AppData\Local\Microsoft\WindowsApps;C:\Users\Hp\AppData\Local\Programs\Microsoft VS Code\bin;C:\Program Files\JetBrains\IntelliJ IDEA 2021.3.2\bin;;C:\Users\Hp\AppData\Roaming\nvm;C:\Program Files\nodejs;C:\Users\Hp\AppData\Roaming\npm;;C:\WINDOWS\system32;
USERNAME=Hp
OS=Windows_NT
PROCESSOR_IDENTIFIER=Intel64 Family 6 Model 142 Stepping 11, GenuineIntel



---------------  S Y S T E M  ---------------

OS:
 Windows 11 , 64 bit Build 22621 (10.0.22621.3374)
OS uptime: 5 days 17:37 hours
Hyper-V role detected

CPU: total 8 (initial active 8) (4 cores per cpu, 2 threads per core) family 6 model 142 stepping 11 microcode 0xde, cx8, cmov, fxsr, ht, mmx, 3dnowpref, sse, sse2, sse3, ssse3, sse4.1, sse4.2, popcnt, lzcnt, tsc, tscinvbit, avx, avx2, aes, erms, clmul, bmi1, bmi2, adx, fma, vzeroupper, clflush, clflushopt, hv

Memory: 4k page, system-wide physical 8079M (565M free)
TotalPageFile size 28418M (AvailPageFile size 4462M)
current process WorkingSet (physical memory assigned to process): 227M, peak: 442M
current process commit charge ("private bytes"): 414M, peak: 482M

vm_info: Java HotSpot(TM) 64-Bit Server VM (17.0.2+8-LTS-86) for windows-amd64 JRE (17.0.2+8-LTS-86), built on Dec  7 2021 21:51:03 by "mach5one" with MS VC++ 16.8 / 16.9 (VS2019)

END.
