#
# A fatal error has been detected by the Java Runtime Environment:
#
#  EXCEPTION_ACCESS_VIOLATION (0xc0000005) at pc=0x00007ff95307d65a, pid=33916, tid=13328
#
# JRE version: Java(TM) SE Runtime Environment (17.0.2+8) (build 17.0.2+8-LTS-86)
# Java VM: Java HotSpot(TM) 64-Bit Server VM (17.0.2+8-LTS-86, mixed mode, sharing, tiered, compressed oops, compressed class ptrs, g1 gc, windows-amd64)
# Problematic frame:
# V  [jvm.dll+0x73d65a]
#
# No core dump will be written. Minidumps are not enabled by default on client versions of Windows
#
# If you would like to submit a bug report, please visit:
#   https://bugreport.java.com/bugreport/crash.jsp
#

---------------  S U M M A R Y ------------

Command Line: -XX:+ShowCodeDetailsInExceptionMessages -agentlib:jdwp=transport=dt_socket,suspend=y,address=localhost:51124 -Dspring.profiles.active=local -javaagent:C:\Users\Hp\eclipse\java-2023-03\eclipse\configuration\org.eclipse.osgi\231\0\.cp\lib\javaagent-shaded.jar -Dfile.encoding=UTF-8 com.arenella.recruit.RecruitApplication

Host: Intel(R) Core(TM) i7-8565U CPU @ 1.80GHz, 8 cores, 7G,  Windows 11 , 64 bit Build 22621 (10.0.22621.3958)
Time: Sun Aug 25 20:43:44 2024 West-Europa (zomertijd) elapsed time: 640.112238 seconds (0d 0h 10m 40s)

---------------  T H R E A D  ---------------

Current thread (0x000001804a25a830):  JavaThread "JDWP Transport Listener: dt_socket" daemon [_thread_in_vm, id=13328, stack(0x0000002951300000,0x0000002951400000)]

Stack: [0x0000002951300000,0x0000002951400000],  sp=0x00000029513ff5a0,  free space=1021k
Native frames: (J=compiled Java code, j=interpreted, Vv=VM code, C=native code)
V  [jvm.dll+0x73d65a]
V  [jvm.dll+0x504e0c]
V  [jvm.dll+0x4d0634]
C  [jdwp.dll+0x22e9f]


siginfo: EXCEPTION_ACCESS_VIOLATION (0xc0000005), reading address 0x0000000002110210


Register to memory mapping:

RIP=0x00007ff95307d65a jvm.dll
RAX=0x0000000000000210 is an unknown value
RBX=0x000001804960061c points into unknown readable memory: 3b 3e 3b 00
RCX=0x000000000211020c is an unknown value
RDX=0x000001804adb8940 points into unknown readable memory: 0x6572612f6d6f634c | 4c 63 6f 6d 2f 61 72 65
RSP=0x00000029513ff5a0 is pointing into the stack for thread: 0x000001804a25a830
RBP=0x000001804a247320 points into unknown readable memory: 0x0000000000000002 | 02 00 00 00 00 00 00 00
RSI=0x0 is NULL
RDI=0xffffffffffffffff is an unknown value
R8 =0x000000000000000d is an unknown value
R9 =0x0000000000000040 is an unknown value
R10=0x0 is NULL
R11=0x00000029513ff5c0 is pointing into the stack for thread: 0x000001804a25a830
R12=0x00000029513ff6f8 is pointing into the stack for thread: 0x000001804a25a830
R13=0x0 is NULL
R14=0x0000000800ef0640 is a pointer to class: 
com.arenella.recruit.candidates.repos.CandidateRepository {0x0000000800ef0648}
 - instance size:     2
 - klass size:        63
 - access:            public interface abstract 
 - state:             fully_initialized
 - name:              'com/arenella/recruit/candidates/repos/CandidateRepository'
 - super:             'java/lang/Object'
 - sub:               
 - nof implementors:  1
 - implementor:    
   'jdk/proxy2/$Proxy171'
 - arrays:            NULL
 - methods:           Array<T>(0x000001805b90d498)
 - method ordering:   Array<T>(0x000001805b90d600)
 - default_methods:   Array<T>(0x0000000000000000)
 - local interfaces:  Array<T>(0x0000018051d6d470)
 - trans. interfaces: Array<T>(0x0000018051d72850)
 - constants:         constant pool [721]/operands[98] {0x000001805b90e0d0} for 'com/arenella/recruit/candidates/repos/CandidateRepository' cache=0x000001805b912eb8
 - class loader data:  loader data: 0x000001804a1ee980 for instance a 'jdk/internal/loader/ClassLoaders$AppClassLoader'{0x000000008288e628}
 - source file:       'CandidateRepository.java'
 - source debug extension:       SMAP
CandidateRepository.java
Java
*S jdt
*F
1 CandidateRepository.java
2 file:/C:/eclipse-projects/recruit/recruit/target/classes/
*L
*E

 - class annotations:       Array<T>(0x0000000000000000)
 - class type annotations:  Array<T>(0x0000000000000000)
 - field annotations:       Array<T>(0x0000000000000000)
 - field type annotations:  Array<T>(0x0000000000000000)
 - generic signature: '
[error occurred during error reporting (printing register info), id 0xc0000005, EXCEPTION_ACCESS_VIOLATION (0xc0000005) at pc=0x00007ff95307e266]

Registers:
RAX=0x0000000000000210, RBX=0x000001804960061c, RCX=0x000000000211020c, RDX=0x000001804adb8940
RSP=0x00000029513ff5a0, RBP=0x000001804a247320, RSI=0x0000000000000000, RDI=0xffffffffffffffff
R8 =0x000000000000000d, R9 =0x0000000000000040, R10=0x0000000000000000, R11=0x00000029513ff5c0
R12=0x00000029513ff6f8, R13=0x0000000000000000, R14=0x0000000800ef0640, R15=0x00000029513ff748
RIP=0x00007ff95307d65a, EFLAGS=0x0000000000010206

Top of Stack: (sp=0x00000029513ff5a0)
0x00000029513ff5a0:   0000000000000039 0000000800ef0640
0x00000029513ff5b0:   000001804a25a830 0000000000000000
0x00000029513ff5c0:   ffffffffffffffff 00007ff952e44e0c
0x00000029513ff5d0:   000001804960061c 00000180496005e0
0x00000029513ff5e0:   000001804a247320 000001804b73c200
0x00000029513ff5f0:   0000018049600590 00000000000003d8
0x00000029513ff600:   00000180496005a0 0000018049600978
0x00000029513ff610:   0000000000000002 00000029513ff6f8
0x00000029513ff620:   0000000000000000 0000000000000000
0x00000029513ff630:   0000000082b01420 00007ff952e10634
0x00000029513ff640:   000001804a25a830 00000029513ff748
0x00000029513ff650:   000001802943cf10 00000029513ff748
0x00000029513ff660:   000001804a25a830 0000000000000000
0x00000029513ff670:   0000018000000000 0000000000000000
0x00000029513ff680:   000000000000000d 00007ff923362e9f
0x00000029513ff690:   00000029513ff740 00007ff923371830 

Instructions: (pc=0x00007ff95307d65a)
0x00007ff95307d55a:   48 83 c4 20 5f e9 8c 75 96 ff cc cc cc cc cc cc
0x00007ff95307d56a:   cc cc cc cc cc cc 48 89 5c 24 08 57 48 83 ec 20
0x00007ff95307d57a:   83 fa 02 8d 42 06 b9 08 00 00 00 49 8b d8 0f 4e
0x00007ff95307d58a:   c1 48 63 c8 48 83 c1 07 83 e1 f8 48 63 f9 49 8b
0x00007ff95307d59a:   48 18 48 8b c7 48 f7 d0 48 3b c1 73 16 4c 8d 05
0x00007ff95307d5aa:   9a 52 17 00 48 8b d7 48 8b cb e8 97 d8 96 ff 48
0x00007ff95307d5ba:   8b 4b 18 48 8d 04 39 48 3b 43 20 76 18 45 33 c0
0x00007ff95307d5ca:   48 8b d7 48 8b cb 48 8b 5c 24 30 48 83 c4 20 5f
0x00007ff95307d5da:   e9 f1 d4 96 ff 48 89 43 18 48 8b c1 48 8b 5c 24
0x00007ff95307d5ea:   30 48 83 c4 20 5f c3 cc cc cc cc cc cc cc cc cc
0x00007ff95307d5fa:   cc cc cc cc cc cc 4c 8b d2 4c 8b d9 45 85 c0 7e
0x00007ff95307d60a:   3c 44 0f b7 49 04 41 8d 40 ff 41 3b c1 44 0f 4c
0x00007ff95307d61a:   c8 4d 63 c1 45 85 c9 7e 1f 48 8b c2 4c 2b da 49
0x00007ff95307d62a:   8b d0 0f 1f 40 00 41 0f b6 4c 03 06 88 08 48 8d
0x00007ff95307d63a:   40 01 48 83 ea 01 75 ee 43 c6 04 10 00 49 8b c2
0x00007ff95307d64a:   c3 cc cc cc cc cc 48 89 5c 24 08 57 48 83 ec 20
0x00007ff95307d65a:   0f b7 59 04 48 8b f9 33 d2 48 8d 4b 01 e8 44 96
0x00007ff95307d66a:   f8 ff 0f b7 57 04 4c 8b c0 3b da 0f 42 d3 44 8b
0x00007ff95307d67a:   ca 85 d2 74 39 48 2b f8 0f 1f 40 00 66 66 0f 1f
0x00007ff95307d68a:   84 00 00 00 00 00 0f b6 4c 07 06 88 08 48 ff c0
0x00007ff95307d69a:   48 8b c8 49 2b c8 49 3b c9 7c eb 42 c6 04 02 00
0x00007ff95307d6aa:   49 8b c0 48 8b 5c 24 30 48 83 c4 20 5f c3 48 8b
0x00007ff95307d6ba:   5c 24 30 c6 04 02 00 48 83 c4 20 5f c3 cc cc cc
0x00007ff95307d6ca:   cc cc cc cc cc cc 4c 8b d1 45 85 c0 7e 6c 44 0f
0x00007ff95307d6da:   b7 49 04 41 8d 40 ff 41 3b c1 44 0f 4c c8 4d 63
0x00007ff95307d6ea:   d9 45 85 c9 7e 22 48 8b ca 4c 2b d2 4d 8b c3 0f
0x00007ff95307d6fa:   1f 80 00 00 00 00 41 0f b6 44 0a 06 88 01 48 8d
0x00007ff95307d70a:   49 01 49 83 e8 01 75 ee 41 c6 04 13 00 48 c7 c0
0x00007ff95307d71a:   ff ff ff ff 66 90 48 ff c0 80 3c 02 00 75 f7 48
0x00007ff95307d72a:   63 c8 85 c0 48 8b c2 7e 14 80 38 2f 75 03 c6 00
0x00007ff95307d73a:   2e 48 ff c0 48 83 e9 01 75 ef 48 8b c2 c3 cc cc
0x00007ff95307d74a:   cc cc cc cc cc cc 48 83 ec 28 e8 f7 fe ff ff 4c 


Stack slot to memory mapping:
stack at sp + 0 slots: 0x0000000000000039 is an unknown value
stack at sp + 1 slots: 0x0000000800ef0640 is a pointer to class: 
com.arenella.recruit.candidates.repos.CandidateRepository {0x0000000800ef0648}
 - instance size:     2
 - klass size:        63
 - access:            public interface abstract 
 - state:             fully_initialized
 - name:              'com/arenella/recruit/candidates/repos/CandidateRepository'
 - super:             'java/lang/Object'
 - sub:               
 - nof implementors:  1
 - implementor:    
   'jdk/proxy2/$Proxy171'
 - arrays:            NULL
 - methods:           Array<T>(0x000001805b90d498)
 - method ordering:   Array<T>(0x000001805b90d600)
 - default_methods:   Array<T>(0x0000000000000000)
 - local interfaces:  Array<T>(0x0000018051d6d470)
 - trans. interfaces: Array<T>(0x0000018051d72850)
 - constants:         constant pool [721]/operands[98] {0x000001805b90e0d0} for 'com/arenella/recruit/candidates/repos/CandidateRepository' cache=0x000001805b912eb8
 - class loader data:  loader data: 0x000001804a1ee980 for instance a 'jdk/internal/loader/ClassLoaders$AppClassLoader'{0x000000008288e628}
 - source file:       'CandidateRepository.java'
 - source debug extension:       SMAP
CandidateRepository.java
Java
*S jdt
*F
1 CandidateRepository.java
2 file:/C:/eclipse-projects/recruit/recruit/target/classes/
*L
*E

 - class annotations:       Array<T>(0x0000000000000000)
 - class type annotations:  Array<T>(0x0000000000000000)
 - field annotations:       Array<T>(0x0000000000000000)
 - field type annotations:  Array<T>(0x0000000000000000)
 - generic signature: '
[error occurred during error reporting (inspecting top of stack), id 0xc0000005, EXCEPTION_ACCESS_VIOLATION (0xc0000005) at pc=0x00007ff95307e266]


---------------  P R O C E S S  ---------------

Threads class SMR info:
_java_thread_list=0x000001805288c5b0, length=67, elements={
0x00000180495d82f0, 0x00000180495d8e70, 0x00000180495ee270, 0x00000180495eeb30,
0x00000180495ef3f0, 0x00000180495f7cc0, 0x00000180495fc5c0, 0x00000180495fcf70,
0x00000180495ff880, 0x00000180495c56b0, 0x000001804a25a830, 0x000001804a25d300,
0x000001804a260000, 0x000001804a3fe940, 0x000001804a792f50, 0x000001804ffe57a0,
0x000001804af62480, 0x000001804e956d90, 0x000001804e957260, 0x00000180520a6300,
0x000001804b744820, 0x000001804b742b40, 0x000001804b743e80, 0x000001804b740990,
0x000001804bbf3b00, 0x000001804bbf3fd0, 0x000001804bbf44a0, 0x000001804bbf4970,
0x000001804bbf4e40, 0x00000180520a5490, 0x0000018050eb6f80, 0x0000018050eb7450,
0x0000018050eb82c0, 0x000001804d2601e0, 0x000001804d2606b0, 0x000001804d261520,
0x000001804db32a20, 0x0000018050eb8790, 0x0000018050eb7920, 0x00000180522ac6e0,
0x000001804bbf5310, 0x000001805542d100, 0x000001805542aa80, 0x000001805542d5d0,
0x000001805542cc30, 0x000001805542daa0, 0x0000018054557540, 0x000001804ef79ff0,
0x000001804ef79b20, 0x000001804ef7a4c0, 0x0000018052396460, 0x00000180520a4fc0,
0x00000180520a67d0, 0x00000180522aed60, 0x00000180522acbb0, 0x00000180522ad080,
0x00000180522ad550, 0x00000180522adef0, 0x00000180522af700, 0x00000180522af230,
0x0000018052396930, 0x00000180523972d0, 0x00000180522ae3c0, 0x0000018052395120,
0x0000018052396e00, 0x000001804db32ef0, 0x00000180520a5960
}

Java Threads: ( => current thread )
  0x00000180495d82f0 JavaThread "Reference Handler" daemon [_thread_blocked, id=18192, stack(0x0000002950800000,0x0000002950900000)]
  0x00000180495d8e70 JavaThread "Finalizer" daemon [_thread_blocked, id=34896, stack(0x0000002950900000,0x0000002950a00000)]
  0x00000180495ee270 JavaThread "Signal Dispatcher" daemon [_thread_blocked, id=29388, stack(0x0000002950a00000,0x0000002950b00000)]
  0x00000180495eeb30 JavaThread "Attach Listener" daemon [_thread_blocked, id=25664, stack(0x0000002950b00000,0x0000002950c00000)]
  0x00000180495ef3f0 JavaThread "Service Thread" daemon [_thread_blocked, id=25816, stack(0x0000002950c00000,0x0000002950d00000)]
  0x00000180495f7cc0 JavaThread "Monitor Deflation Thread" daemon [_thread_blocked, id=28588, stack(0x0000002950d00000,0x0000002950e00000)]
  0x00000180495fc5c0 JavaThread "C2 CompilerThread0" daemon [_thread_blocked, id=17144, stack(0x0000002950e00000,0x0000002950f00000)]
  0x00000180495fcf70 JavaThread "C1 CompilerThread0" daemon [_thread_blocked, id=28780, stack(0x0000002950f00000,0x0000002951000000)]
  0x00000180495ff880 JavaThread "Sweeper thread" daemon [_thread_blocked, id=36284, stack(0x0000002951000000,0x0000002951100000)]
  0x00000180495c56b0 JavaThread "Common-Cleaner" daemon [_thread_blocked, id=21180, stack(0x0000002951100000,0x0000002951200000)]
=>0x000001804a25a830 JavaThread "JDWP Transport Listener: dt_socket" daemon [_thread_in_vm, id=13328, stack(0x0000002951300000,0x0000002951400000)]
  0x000001804a25d300 JavaThread "JDWP Event Helper Thread" daemon [_thread_blocked, id=10124, stack(0x0000002951400000,0x0000002951500000)]
  0x000001804a260000 JavaThread "JDWP Command Reader" daemon [_thread_in_native, id=29180, stack(0x0000002951500000,0x0000002951600000)]
  0x000001804a3fe940 JavaThread "Notification Thread" daemon [_thread_blocked, id=35932, stack(0x0000002951700000,0x0000002951800000)]
  0x000001804a792f50 JavaThread "Catalina-utility-1" [_thread_blocked, id=36660, stack(0x0000002952100000,0x0000002952200000)]
  0x000001804ffe57a0 JavaThread "Catalina-utility-2" [_thread_blocked, id=12480, stack(0x0000002952200000,0x0000002952300000)]
  0x000001804af62480 JavaThread "container-0" [_thread_blocked, id=27056, stack(0x0000002952300000,0x0000002952400000)]
  0x000001804e956d90 JavaThread "PostgreSQL-JDBC-Cleaner" daemon [_thread_blocked, id=16800, stack(0x0000002952500000,0x0000002952600000)]
  0x000001804e957260 JavaThread "HikariPool-1 housekeeper" daemon [_thread_blocked, id=34860, stack(0x0000002952600000,0x0000002952700000)]
  0x00000180520a6300 JavaThread "pool-3-thread-1" [_thread_in_native, id=33828, stack(0x0000002952700000,0x0000002952800000)]
  0x000001804b744820 JavaThread "I/O dispatcher 1" [_thread_in_native, id=17532, stack(0x0000002952800000,0x0000002952900000)]
  0x000001804b742b40 JavaThread "I/O dispatcher 2" [_thread_in_native, id=21372, stack(0x0000002952900000,0x0000002952a00000)]
  0x000001804b743e80 JavaThread "I/O dispatcher 3" [_thread_in_native, id=28364, stack(0x0000002952a00000,0x0000002952b00000)]
  0x000001804b740990 JavaThread "I/O dispatcher 4" [_thread_in_native, id=23288, stack(0x0000002952b00000,0x0000002952c00000)]
  0x000001804bbf3b00 JavaThread "I/O dispatcher 5" [_thread_in_native, id=30440, stack(0x0000002952c00000,0x0000002952d00000)]
  0x000001804bbf3fd0 JavaThread "I/O dispatcher 6" [_thread_in_native, id=20268, stack(0x0000002952d00000,0x0000002952e00000)]
  0x000001804bbf44a0 JavaThread "I/O dispatcher 7" [_thread_in_native, id=26840, stack(0x0000002952e00000,0x0000002952f00000)]
  0x000001804bbf4970 JavaThread "I/O dispatcher 8" [_thread_in_native, id=26920, stack(0x0000002952f00000,0x0000002953000000)]
  0x000001804bbf4e40 JavaThread "pool-5-thread-1" [_thread_blocked, id=25536, stack(0x0000002953000000,0x0000002953100000)]
  0x00000180520a5490 JavaThread "pool-6-thread-1" [_thread_blocked, id=35200, stack(0x0000002953100000,0x0000002953200000)]
  0x0000018050eb6f80 JavaThread "quartzScheduler_Worker-1" [_thread_blocked, id=35428, stack(0x0000002953200000,0x0000002953300000)]
  0x0000018050eb7450 JavaThread "quartzScheduler_Worker-2" [_thread_blocked, id=34244, stack(0x0000002953300000,0x0000002953400000)]
  0x0000018050eb82c0 JavaThread "quartzScheduler_Worker-3" [_thread_blocked, id=34620, stack(0x0000002953400000,0x0000002953500000)]
  0x000001804d2601e0 JavaThread "quartzScheduler_Worker-4" [_thread_blocked, id=27708, stack(0x0000002953500000,0x0000002953600000)]
  0x000001804d2606b0 JavaThread "quartzScheduler_Worker-5" [_thread_blocked, id=36468, stack(0x0000002953600000,0x0000002953700000)]
  0x000001804d261520 JavaThread "quartzScheduler_Worker-6" [_thread_blocked, id=13444, stack(0x0000002953700000,0x0000002953800000)]
  0x000001804db32a20 JavaThread "quartzScheduler_Worker-7" [_thread_blocked, id=22912, stack(0x0000002953800000,0x0000002953900000)]
  0x0000018050eb8790 JavaThread "quartzScheduler_Worker-8" [_thread_blocked, id=28836, stack(0x0000002953900000,0x0000002953a00000)]
  0x0000018050eb7920 JavaThread "quartzScheduler_Worker-9" [_thread_blocked, id=35068, stack(0x0000002953a00000,0x0000002953b00000)]
  0x00000180522ac6e0 JavaThread "quartzScheduler_Worker-10" [_thread_blocked, id=18548, stack(0x0000002953b00000,0x0000002953c00000)]
  0x000001804bbf5310 JavaThread "quartzScheduler_QuartzSchedulerThread" [_thread_blocked, id=35760, stack(0x0000002953c00000,0x0000002953d00000)]
  0x000001805542d100 JavaThread "http-nio-8080-exec-1" daemon [_thread_blocked, id=29828, stack(0x0000002953d00000,0x0000002953e00000)]
  0x000001805542aa80 JavaThread "http-nio-8080-exec-2" daemon [_thread_blocked, id=4860, stack(0x0000002953e00000,0x0000002953f00000)]
  0x000001805542d5d0 JavaThread "http-nio-8080-exec-3" daemon [_thread_blocked, id=4040, stack(0x0000002953f00000,0x0000002954000000)]
  0x000001805542cc30 JavaThread "http-nio-8080-exec-4" daemon [_thread_blocked, id=22968, stack(0x0000002954000000,0x0000002954100000)]
  0x000001805542daa0 JavaThread "http-nio-8080-exec-5" daemon [_thread_blocked, id=1632, stack(0x0000002954100000,0x0000002954200000)]
  0x0000018054557540 JavaThread "http-nio-8080-exec-6" daemon [_thread_blocked, id=2192, stack(0x0000002954200000,0x0000002954300000)]
  0x000001804ef79ff0 JavaThread "http-nio-8080-exec-7" daemon [_thread_blocked, id=3064, stack(0x0000002954300000,0x0000002954400000)]
  0x000001804ef79b20 JavaThread "http-nio-8080-exec-8" daemon [_thread_blocked, id=22052, stack(0x0000002954400000,0x0000002954500000)]
  0x000001804ef7a4c0 JavaThread "http-nio-8080-exec-9" daemon [_thread_blocked, id=11028, stack(0x0000002954500000,0x0000002954600000)]
  0x0000018052396460 JavaThread "http-nio-8080-exec-10" daemon [_thread_blocked, id=34240, stack(0x0000002954600000,0x0000002954700000)]
  0x00000180520a4fc0 JavaThread "http-nio-8080-Poller" daemon [_thread_in_native, id=34636, stack(0x0000002954700000,0x0000002954800000)]
  0x00000180520a67d0 JavaThread "http-nio-8080-Acceptor" daemon [_thread_in_native, id=13632, stack(0x0000002954800000,0x0000002954900000)]
  0x00000180522aed60 JavaThread "ajp-nio-127.0.0.1-9090-exec-1" daemon [_thread_blocked, id=23500, stack(0x0000002954900000,0x0000002954a00000)]
  0x00000180522acbb0 JavaThread "ajp-nio-127.0.0.1-9090-exec-2" daemon [_thread_blocked, id=120, stack(0x0000002954a00000,0x0000002954b00000)]
  0x00000180522ad080 JavaThread "ajp-nio-127.0.0.1-9090-exec-3" daemon [_thread_blocked, id=31348, stack(0x0000002954b00000,0x0000002954c00000)]
  0x00000180522ad550 JavaThread "ajp-nio-127.0.0.1-9090-exec-4" daemon [_thread_blocked, id=36224, stack(0x0000002954c00000,0x0000002954d00000)]
  0x00000180522adef0 JavaThread "ajp-nio-127.0.0.1-9090-exec-5" daemon [_thread_blocked, id=33668, stack(0x0000002954d00000,0x0000002954e00000)]
  0x00000180522af700 JavaThread "ajp-nio-127.0.0.1-9090-exec-6" daemon [_thread_blocked, id=36376, stack(0x0000002954e00000,0x0000002954f00000)]
  0x00000180522af230 JavaThread "ajp-nio-127.0.0.1-9090-exec-7" daemon [_thread_blocked, id=27992, stack(0x0000002954f00000,0x0000002955000000)]
  0x0000018052396930 JavaThread "ajp-nio-127.0.0.1-9090-exec-8" daemon [_thread_blocked, id=14792, stack(0x0000002955000000,0x0000002955100000)]
  0x00000180523972d0 JavaThread "ajp-nio-127.0.0.1-9090-exec-9" daemon [_thread_blocked, id=20856, stack(0x0000002955100000,0x0000002955200000)]
  0x00000180522ae3c0 JavaThread "ajp-nio-127.0.0.1-9090-exec-10" daemon [_thread_blocked, id=16728, stack(0x0000002955200000,0x0000002955300000)]
  0x0000018052395120 JavaThread "ajp-nio-127.0.0.1-9090-Poller" daemon [_thread_in_native, id=13500, stack(0x0000002955300000,0x0000002955400000)]
  0x0000018052396e00 JavaThread "ajp-nio-127.0.0.1-9090-Acceptor" daemon [_thread_in_native, id=17988, stack(0x0000002955400000,0x0000002955500000)]
  0x000001804db32ef0 JavaThread "scheduling-1" [_thread_blocked, id=34256, stack(0x0000002955500000,0x0000002955600000)]
  0x00000180520a5960 JavaThread "DestroyJavaVM" [_thread_blocked, id=33356, stack(0x0000002950100000,0x0000002950200000)]

Other Threads:
  0x00000180495d48f0 VMThread "VM Thread" [stack: 0x0000002950700000,0x0000002950800000] [id=35408]
  0x000001802b553240 WatcherThread [stack: 0x0000002951800000,0x0000002951900000] [id=34876]
  0x000001802b592040 GCTaskThread "GC Thread#0" [stack: 0x0000002950200000,0x0000002950300000] [id=30052]
  0x000001804b007450 GCTaskThread "GC Thread#1" [stack: 0x0000002951900000,0x0000002951a00000] [id=8864]
  0x000001804b084e00 GCTaskThread "GC Thread#2" [stack: 0x0000002951a00000,0x0000002951b00000] [id=27132]
  0x000001804b200b90 GCTaskThread "GC Thread#3" [stack: 0x0000002951b00000,0x0000002951c00000] [id=29720]
  0x000001804b45fd40 GCTaskThread "GC Thread#4" [stack: 0x0000002951c00000,0x0000002951d00000] [id=35772]
  0x000001804ae21d00 GCTaskThread "GC Thread#5" [stack: 0x0000002951d00000,0x0000002951e00000] [id=1960]
  0x000001804b57daf0 GCTaskThread "GC Thread#6" [stack: 0x0000002951e00000,0x0000002951f00000] [id=35788]
  0x000001804b267d10 GCTaskThread "GC Thread#7" [stack: 0x0000002951f00000,0x0000002952000000] [id=12932]
  0x000001802b5a2b00 ConcurrentGCThread "G1 Main Marker" [stack: 0x0000002950300000,0x0000002950400000] [id=34864]
  0x000001802b5a5bd0 ConcurrentGCThread "G1 Conc#0" [stack: 0x0000002950400000,0x0000002950500000] [id=24152]
  0x000001804e9235f0 ConcurrentGCThread "G1 Conc#1" [stack: 0x0000002952000000,0x0000002952100000] [id=18256]
  0x00000180494924c0 ConcurrentGCThread "G1 Refine#0" [stack: 0x0000002950500000,0x0000002950600000] [id=36148]
  0x000001802b5fcf00 ConcurrentGCThread "G1 Service" [stack: 0x0000002950600000,0x0000002950700000] [id=34252]

Threads with active compile tasks:

VM state: not at safepoint (normal execution)

VM Mutex/Monitor currently owned by a thread: None

Heap address: 0x0000000081c00000, size: 2020 MB, Compressed Oops mode: 32-bit

CDS archive(s) mapped at: [0x0000000800000000-0x0000000800bc0000-0x0000000800bc0000), size 12320768, SharedBaseAddress: 0x0000000800000000, ArchiveRelocationMode: 0.
Compressed class space mapped at: 0x0000000800c00000-0x0000000840c00000, reserved size: 1073741824
Narrow klass base: 0x0000000800000000, Narrow klass shift: 0, Narrow klass range: 0x100000000

GC Precious Log:
 CPUs: 8 total, 8 available
 Memory: 8079M
 Large Page Support: Disabled
 NUMA Support: Disabled
 Compressed Oops: Enabled (32-bit)
 Heap Region Size: 1M
 Heap Min Capacity: 8M
 Heap Initial Capacity: 128M
 Heap Max Capacity: 2020M
 Pre-touch: Disabled
 Parallel Workers: 8
 Concurrent Workers: 2
 Concurrent Refinement Workers: 8
 Periodic GC: Disabled

Heap:
 garbage-first heap   total 157696K, used 111521K [0x0000000081c00000, 0x0000000100000000)
  region size 1024K, 47 young (48128K), 5 survivors (5120K)
 Metaspace       used 101213K, committed 101952K, reserved 1138688K
  class space    used 13208K, committed 13568K, reserved 1048576K

Heap Regions: E=young(eden), S=young(survivor), O=old, HS=humongous(starts), HC=humongous(continues), CS=collection set, F=free, OA=open archive, CA=closed archive, TAMS=top-at-mark-start (previous, next)
|   0|0x0000000081c00000, 0x0000000081d00000, 0x0000000081d00000|100%|HS|  |TAMS 0x0000000081d00000, 0x0000000081c00000| Complete 
|   1|0x0000000081d00000, 0x0000000081e00000, 0x0000000081e00000|100%|HS|  |TAMS 0x0000000081e00000, 0x0000000081d00000| Complete 
|   2|0x0000000081e00000, 0x0000000081f00000, 0x0000000081f00000|100%|HC|  |TAMS 0x0000000081f00000, 0x0000000081e00000| Complete 
|   3|0x0000000081f00000, 0x0000000082000000, 0x0000000082000000|100%|HS|  |TAMS 0x0000000082000000, 0x0000000081f00000| Complete 
|   4|0x0000000082000000, 0x0000000082100000, 0x0000000082100000|100%| O|  |TAMS 0x0000000082100000, 0x0000000082000000| Untracked 
|   5|0x0000000082100000, 0x0000000082200000, 0x0000000082200000|100%| O|  |TAMS 0x0000000082200000, 0x0000000082100000| Untracked 
|   6|0x0000000082200000, 0x0000000082300000, 0x0000000082300000|100%| O|  |TAMS 0x0000000082300000, 0x0000000082200000| Untracked 
|   7|0x0000000082300000, 0x0000000082400000, 0x0000000082400000|100%| O|  |TAMS 0x0000000082400000, 0x0000000082300000| Untracked 
|   8|0x0000000082400000, 0x0000000082500000, 0x0000000082500000|100%| O|  |TAMS 0x0000000082500000, 0x0000000082400000| Untracked 
|   9|0x0000000082500000, 0x0000000082600000, 0x0000000082600000|100%| O|  |TAMS 0x0000000082600000, 0x0000000082500000| Untracked 
|  10|0x0000000082600000, 0x0000000082700000, 0x0000000082700000|100%| O|  |TAMS 0x0000000082700000, 0x0000000082600000| Untracked 
|  11|0x0000000082700000, 0x0000000082800000, 0x0000000082800000|100%| O|  |TAMS 0x0000000082800000, 0x0000000082700000| Untracked 
|  12|0x0000000082800000, 0x0000000082900000, 0x0000000082900000|100%| O|  |TAMS 0x0000000082900000, 0x0000000082800000| Untracked 
|  13|0x0000000082900000, 0x0000000082a00000, 0x0000000082a00000|100%| O|  |TAMS 0x0000000082a00000, 0x0000000082900000| Untracked 
|  14|0x0000000082a00000, 0x0000000082b00000, 0x0000000082b00000|100%| O|  |TAMS 0x0000000082b00000, 0x0000000082a00000| Untracked 
|  15|0x0000000082b00000, 0x0000000082c00000, 0x0000000082c00000|100%| O|  |TAMS 0x0000000082c00000, 0x0000000082b00000| Untracked 
|  16|0x0000000082c00000, 0x0000000082d00000, 0x0000000082d00000|100%| O|  |TAMS 0x0000000082d00000, 0x0000000082c00000| Untracked 
|  17|0x0000000082d00000, 0x0000000082e00000, 0x0000000082e00000|100%| O|  |TAMS 0x0000000082e00000, 0x0000000082d00000| Untracked 
|  18|0x0000000082e00000, 0x0000000082f00000, 0x0000000082f00000|100%| O|  |TAMS 0x0000000082f00000, 0x0000000082e00000| Complete 
|  19|0x0000000082f00000, 0x0000000083000000, 0x0000000083000000|100%| O|  |TAMS 0x0000000083000000, 0x0000000082f00000| Untracked 
|  20|0x0000000083000000, 0x0000000083100000, 0x0000000083100000|100%| O|  |TAMS 0x0000000083100000, 0x0000000083000000| Untracked 
|  21|0x0000000083100000, 0x0000000083200000, 0x0000000083200000|100%| O|  |TAMS 0x0000000083200000, 0x0000000083100000| Untracked 
|  22|0x0000000083200000, 0x0000000083300000, 0x0000000083300000|100%| O|  |TAMS 0x0000000083300000, 0x0000000083200000| Untracked 
|  23|0x0000000083300000, 0x0000000083400000, 0x0000000083400000|100%| O|  |TAMS 0x0000000083400000, 0x0000000083300000| Untracked 
|  24|0x0000000083400000, 0x0000000083500000, 0x0000000083500000|100%| O|  |TAMS 0x0000000083500000, 0x0000000083400000| Untracked 
|  25|0x0000000083500000, 0x0000000083600000, 0x0000000083600000|100%| O|  |TAMS 0x0000000083600000, 0x0000000083500000| Untracked 
|  26|0x0000000083600000, 0x0000000083700000, 0x0000000083700000|100%| O|  |TAMS 0x0000000083700000, 0x0000000083600000| Untracked 
|  27|0x0000000083700000, 0x0000000083800000, 0x0000000083800000|100%| O|  |TAMS 0x0000000083800000, 0x0000000083700000| Untracked 
|  28|0x0000000083800000, 0x0000000083900000, 0x0000000083900000|100%| O|  |TAMS 0x0000000083900000, 0x0000000083800000| Untracked 
|  29|0x0000000083900000, 0x0000000083a00000, 0x0000000083a00000|100%| O|  |TAMS 0x0000000083a00000, 0x0000000083900000| Untracked 
|  30|0x0000000083a00000, 0x0000000083b00000, 0x0000000083b00000|100%| O|  |TAMS 0x0000000083b00000, 0x0000000083a00000| Untracked 
|  31|0x0000000083b00000, 0x0000000083c00000, 0x0000000083c00000|100%| O|  |TAMS 0x0000000083c00000, 0x0000000083b00000| Untracked 
|  32|0x0000000083c00000, 0x0000000083d00000, 0x0000000083d00000|100%| O|  |TAMS 0x0000000083d00000, 0x0000000083c00000| Untracked 
|  33|0x0000000083d00000, 0x0000000083e00000, 0x0000000083e00000|100%| O|  |TAMS 0x0000000083e00000, 0x0000000083d00000| Untracked 
|  34|0x0000000083e00000, 0x0000000083f00000, 0x0000000083f00000|100%| O|  |TAMS 0x0000000083f00000, 0x0000000083e00000| Untracked 
|  35|0x0000000083f00000, 0x0000000083feb000, 0x0000000084000000| 91%| O|  |TAMS 0x0000000083feb000, 0x0000000083f00000| Complete 
|  36|0x0000000084000000, 0x0000000084100000, 0x0000000084100000|100%| O|  |TAMS 0x0000000084100000, 0x0000000084000000| Untracked 
|  37|0x0000000084100000, 0x0000000084200000, 0x0000000084200000|100%| O|  |TAMS 0x0000000084200000, 0x0000000084100000| Untracked 
|  38|0x0000000084200000, 0x0000000084300000, 0x0000000084300000|100%| O|  |TAMS 0x0000000084300000, 0x0000000084200000| Untracked 
|  39|0x0000000084300000, 0x0000000084400000, 0x0000000084400000|100%| O|  |TAMS 0x0000000084400000, 0x0000000084300000| Untracked 
|  40|0x0000000084400000, 0x0000000084500000, 0x0000000084500000|100%| O|  |TAMS 0x0000000084500000, 0x0000000084400000| Untracked 
|  41|0x0000000084500000, 0x0000000084600000, 0x0000000084600000|100%| O|  |TAMS 0x0000000084600000, 0x0000000084500000| Untracked 
|  42|0x0000000084600000, 0x0000000084700000, 0x0000000084700000|100%| O|  |TAMS 0x0000000084700000, 0x0000000084600000| Untracked 
|  43|0x0000000084700000, 0x0000000084800000, 0x0000000084800000|100%| O|  |TAMS 0x0000000084800000, 0x0000000084700000| Untracked 
|  44|0x0000000084800000, 0x0000000084900000, 0x0000000084900000|100%| O|  |TAMS 0x0000000084900000, 0x0000000084800000| Untracked 
|  45|0x0000000084900000, 0x0000000084a00000, 0x0000000084a00000|100%| O|  |TAMS 0x0000000084a00000, 0x0000000084900000| Untracked 
|  46|0x0000000084a00000, 0x0000000084b00000, 0x0000000084b00000|100%| O|  |TAMS 0x0000000084b00000, 0x0000000084a00000| Untracked 
|  47|0x0000000084b00000, 0x0000000084c00000, 0x0000000084c00000|100%| O|  |TAMS 0x0000000084c00000, 0x0000000084b00000| Untracked 
|  48|0x0000000084c00000, 0x0000000084d00000, 0x0000000084d00000|100%| O|  |TAMS 0x0000000084d00000, 0x0000000084c00000| Untracked 
|  49|0x0000000084d00000, 0x0000000084e00000, 0x0000000084e00000|100%| O|  |TAMS 0x0000000084e00000, 0x0000000084d00000| Untracked 
|  50|0x0000000084e00000, 0x0000000084f00000, 0x0000000084f00000|100%| O|  |TAMS 0x0000000084f00000, 0x0000000084e00000| Untracked 
|  51|0x0000000084f00000, 0x0000000085000000, 0x0000000085000000|100%| O|  |TAMS 0x0000000085000000, 0x0000000084f00000| Untracked 
|  52|0x0000000085000000, 0x0000000085100000, 0x0000000085100000|100%| O|  |TAMS 0x0000000085100000, 0x0000000085000000| Untracked 
|  53|0x0000000085100000, 0x0000000085200000, 0x0000000085200000|100%| O|  |TAMS 0x0000000085200000, 0x0000000085100000| Untracked 
|  54|0x0000000085200000, 0x0000000085300000, 0x0000000085300000|100%| O|  |TAMS 0x0000000085300000, 0x0000000085200000| Untracked 
|  55|0x0000000085300000, 0x0000000085400000, 0x0000000085400000|100%| O|  |TAMS 0x0000000085400000, 0x0000000085300000| Untracked 
|  56|0x0000000085400000, 0x0000000085500000, 0x0000000085500000|100%| O|  |TAMS 0x0000000085500000, 0x0000000085400000| Untracked 
|  57|0x0000000085500000, 0x0000000085600000, 0x0000000085600000|100%| O|  |TAMS 0x0000000085500000, 0x0000000085500000| Untracked 
|  58|0x0000000085600000, 0x0000000085700000, 0x0000000085700000|100%| O|  |TAMS 0x0000000085700000, 0x0000000085600000| Untracked 
|  59|0x0000000085700000, 0x0000000085800000, 0x0000000085800000|100%| O|  |TAMS 0x0000000085800000, 0x0000000085700000| Untracked 
|  60|0x0000000085800000, 0x0000000085900000, 0x0000000085900000|100%| O|  |TAMS 0x00000000858fb200, 0x0000000085800000| Untracked 
|  61|0x0000000085900000, 0x0000000085a00000, 0x0000000085a00000|100%| O|  |TAMS 0x0000000085900000, 0x0000000085900000| Untracked 
|  62|0x0000000085a00000, 0x0000000085afd600, 0x0000000085b00000| 98%| O|  |TAMS 0x0000000085a00000, 0x0000000085a00000| Untracked 
|  63|0x0000000085b00000, 0x0000000085c00000, 0x0000000085c00000|100%|HS|  |TAMS 0x0000000085b00000, 0x0000000085b00000| Complete 
|  64|0x0000000085c00000, 0x0000000085c00000, 0x0000000085d00000|  0%| F|  |TAMS 0x0000000085c00000, 0x0000000085c00000| Untracked 
|  65|0x0000000085d00000, 0x0000000085d00000, 0x0000000085e00000|  0%| F|  |TAMS 0x0000000085d00000, 0x0000000085d00000| Untracked 
|  66|0x0000000085e00000, 0x0000000085e00000, 0x0000000085f00000|  0%| F|  |TAMS 0x0000000085e00000, 0x0000000085e00000| Untracked 
|  67|0x0000000085f00000, 0x0000000085f00000, 0x0000000086000000|  0%| F|  |TAMS 0x0000000085f00000, 0x0000000085f00000| Untracked 
|  68|0x0000000086000000, 0x0000000086000000, 0x0000000086100000|  0%| F|  |TAMS 0x0000000086000000, 0x0000000086000000| Untracked 
|  69|0x0000000086100000, 0x0000000086100000, 0x0000000086200000|  0%| F|  |TAMS 0x0000000086100000, 0x0000000086100000| Untracked 
|  70|0x0000000086200000, 0x0000000086200000, 0x0000000086300000|  0%| F|  |TAMS 0x0000000086200000, 0x0000000086200000| Untracked 
|  71|0x0000000086300000, 0x0000000086300000, 0x0000000086400000|  0%| F|  |TAMS 0x0000000086300000, 0x0000000086300000| Untracked 
|  72|0x0000000086400000, 0x0000000086400000, 0x0000000086500000|  0%| F|  |TAMS 0x0000000086400000, 0x0000000086400000| Untracked 
|  73|0x0000000086500000, 0x0000000086500000, 0x0000000086600000|  0%| F|  |TAMS 0x0000000086500000, 0x0000000086500000| Untracked 
|  74|0x0000000086600000, 0x0000000086600000, 0x0000000086700000|  0%| F|  |TAMS 0x0000000086600000, 0x0000000086600000| Untracked 
|  75|0x0000000086700000, 0x0000000086700000, 0x0000000086800000|  0%| F|  |TAMS 0x0000000086700000, 0x0000000086700000| Untracked 
|  76|0x0000000086800000, 0x0000000086800000, 0x0000000086900000|  0%| F|  |TAMS 0x0000000086800000, 0x0000000086800000| Untracked 
|  77|0x0000000086900000, 0x0000000086900000, 0x0000000086a00000|  0%| F|  |TAMS 0x0000000086900000, 0x0000000086900000| Untracked 
|  78|0x0000000086a00000, 0x0000000086a00000, 0x0000000086b00000|  0%| F|  |TAMS 0x0000000086a00000, 0x0000000086a00000| Untracked 
|  79|0x0000000086b00000, 0x0000000086b00000, 0x0000000086c00000|  0%| F|  |TAMS 0x0000000086b00000, 0x0000000086b00000| Untracked 
|  80|0x0000000086c00000, 0x0000000086c00000, 0x0000000086d00000|  0%| F|  |TAMS 0x0000000086c00000, 0x0000000086c00000| Untracked 
|  81|0x0000000086d00000, 0x0000000086d00000, 0x0000000086e00000|  0%| F|  |TAMS 0x0000000086d00000, 0x0000000086d00000| Untracked 
|  82|0x0000000086e00000, 0x0000000086e00000, 0x0000000086f00000|  0%| F|  |TAMS 0x0000000086e00000, 0x0000000086e00000| Untracked 
|  83|0x0000000086f00000, 0x0000000086f00000, 0x0000000087000000|  0%| F|  |TAMS 0x0000000086f00000, 0x0000000086f00000| Untracked 
|  84|0x0000000087000000, 0x0000000087000000, 0x0000000087100000|  0%| F|  |TAMS 0x0000000087000000, 0x0000000087000000| Untracked 
|  85|0x0000000087100000, 0x0000000087100000, 0x0000000087200000|  0%| F|  |TAMS 0x0000000087100000, 0x0000000087100000| Untracked 
|  86|0x0000000087200000, 0x0000000087200000, 0x0000000087300000|  0%| F|  |TAMS 0x0000000087200000, 0x0000000087200000| Untracked 
|  87|0x0000000087300000, 0x0000000087300000, 0x0000000087400000|  0%| F|  |TAMS 0x0000000087300000, 0x0000000087300000| Untracked 
|  88|0x0000000087400000, 0x0000000087400000, 0x0000000087500000|  0%| F|  |TAMS 0x0000000087400000, 0x0000000087400000| Untracked 
|  89|0x0000000087500000, 0x0000000087500000, 0x0000000087600000|  0%| F|  |TAMS 0x0000000087500000, 0x0000000087500000| Untracked 
|  90|0x0000000087600000, 0x0000000087600000, 0x0000000087700000|  0%| F|  |TAMS 0x0000000087600000, 0x0000000087600000| Untracked 
|  91|0x0000000087700000, 0x0000000087700000, 0x0000000087800000|  0%| F|  |TAMS 0x0000000087700000, 0x0000000087700000| Untracked 
|  92|0x0000000087800000, 0x0000000087800000, 0x0000000087900000|  0%| F|  |TAMS 0x0000000087800000, 0x0000000087800000| Untracked 
|  93|0x0000000087900000, 0x0000000087900000, 0x0000000087a00000|  0%| F|  |TAMS 0x0000000087900000, 0x0000000087900000| Untracked 
|  94|0x0000000087a00000, 0x0000000087a00000, 0x0000000087b00000|  0%| F|  |TAMS 0x0000000087a00000, 0x0000000087a00000| Untracked 
|  95|0x0000000087b00000, 0x0000000087b00000, 0x0000000087c00000|  0%| F|  |TAMS 0x0000000087b00000, 0x0000000087b00000| Untracked 
|  96|0x0000000087c00000, 0x0000000087c00000, 0x0000000087d00000|  0%| F|  |TAMS 0x0000000087c00000, 0x0000000087c00000| Untracked 
|  97|0x0000000087d00000, 0x0000000087d00000, 0x0000000087e00000|  0%| F|  |TAMS 0x0000000087d00000, 0x0000000087d00000| Untracked 
|  98|0x0000000087e00000, 0x0000000087e00000, 0x0000000087f00000|  0%| F|  |TAMS 0x0000000087e00000, 0x0000000087e00000| Untracked 
|  99|0x0000000087f00000, 0x0000000087f00000, 0x0000000088000000|  0%| F|  |TAMS 0x0000000087f00000, 0x0000000087f00000| Untracked 
| 100|0x0000000088000000, 0x0000000088000000, 0x0000000088100000|  0%| F|  |TAMS 0x0000000088000000, 0x0000000088000000| Untracked 
| 101|0x0000000088100000, 0x0000000088100000, 0x0000000088200000|  0%| F|  |TAMS 0x0000000088100000, 0x0000000088100000| Untracked 
| 102|0x0000000088200000, 0x0000000088200000, 0x0000000088300000|  0%| F|  |TAMS 0x0000000088200000, 0x0000000088200000| Untracked 
| 103|0x0000000088300000, 0x0000000088300000, 0x0000000088400000|  0%| F|  |TAMS 0x0000000088300000, 0x0000000088300000| Untracked 
| 104|0x0000000088400000, 0x0000000088500000, 0x0000000088500000|100%| S|CS|TAMS 0x0000000088400000, 0x0000000088400000| Complete 
| 105|0x0000000088500000, 0x0000000088600000, 0x0000000088600000|100%| S|CS|TAMS 0x0000000088500000, 0x0000000088500000| Complete 
| 106|0x0000000088600000, 0x0000000088700000, 0x0000000088700000|100%| S|CS|TAMS 0x0000000088600000, 0x0000000088600000| Complete 
| 107|0x0000000088700000, 0x0000000088800000, 0x0000000088800000|100%| S|CS|TAMS 0x0000000088700000, 0x0000000088700000| Complete 
| 108|0x0000000088800000, 0x0000000088900000, 0x0000000088900000|100%| S|CS|TAMS 0x0000000088800000, 0x0000000088800000| Complete 
| 109|0x0000000088900000, 0x0000000088900000, 0x0000000088a00000|  0%| F|  |TAMS 0x0000000088900000, 0x0000000088900000| Untracked 
| 110|0x0000000088a00000, 0x0000000088a00000, 0x0000000088b00000|  0%| F|  |TAMS 0x0000000088a00000, 0x0000000088a00000| Untracked 
| 111|0x0000000088b00000, 0x0000000088b00000, 0x0000000088c00000|  0%| F|  |TAMS 0x0000000088b00000, 0x0000000088b00000| Untracked 
| 112|0x0000000088c00000, 0x0000000088cc6440, 0x0000000088d00000| 77%| E|  |TAMS 0x0000000088c00000, 0x0000000088c00000| Complete 
| 113|0x0000000088d00000, 0x0000000088dd0cc8, 0x0000000088e00000| 81%| E|  |TAMS 0x0000000088d00000, 0x0000000088d00000| Complete 
| 114|0x0000000088e00000, 0x0000000088f00000, 0x0000000088f00000|100%| E|CS|TAMS 0x0000000088e00000, 0x0000000088e00000| Complete 
| 115|0x0000000088f00000, 0x0000000089000000, 0x0000000089000000|100%| E|CS|TAMS 0x0000000088f00000, 0x0000000088f00000| Complete 
| 116|0x0000000089000000, 0x0000000089100000, 0x0000000089100000|100%| E|CS|TAMS 0x0000000089000000, 0x0000000089000000| Complete 
| 117|0x0000000089100000, 0x0000000089200000, 0x0000000089200000|100%| E|CS|TAMS 0x0000000089100000, 0x0000000089100000| Complete 
| 118|0x0000000089200000, 0x0000000089300000, 0x0000000089300000|100%| E|CS|TAMS 0x0000000089200000, 0x0000000089200000| Complete 
| 119|0x0000000089300000, 0x0000000089400000, 0x0000000089400000|100%| E|CS|TAMS 0x0000000089300000, 0x0000000089300000| Complete 
| 120|0x0000000089400000, 0x0000000089500000, 0x0000000089500000|100%| E|CS|TAMS 0x0000000089400000, 0x0000000089400000| Complete 
| 121|0x0000000089500000, 0x0000000089600000, 0x0000000089600000|100%| E|CS|TAMS 0x0000000089500000, 0x0000000089500000| Complete 
| 122|0x0000000089600000, 0x0000000089700000, 0x0000000089700000|100%| E|CS|TAMS 0x0000000089600000, 0x0000000089600000| Complete 
| 123|0x0000000089700000, 0x0000000089800000, 0x0000000089800000|100%| E|CS|TAMS 0x0000000089700000, 0x0000000089700000| Complete 
| 124|0x0000000089800000, 0x0000000089900000, 0x0000000089900000|100%| E|CS|TAMS 0x0000000089800000, 0x0000000089800000| Complete 
| 125|0x0000000089900000, 0x0000000089a00000, 0x0000000089a00000|100%| E|CS|TAMS 0x0000000089900000, 0x0000000089900000| Complete 
| 126|0x0000000089a00000, 0x0000000089b00000, 0x0000000089b00000|100%| E|CS|TAMS 0x0000000089a00000, 0x0000000089a00000| Complete 
| 127|0x0000000089b00000, 0x0000000089c00000, 0x0000000089c00000|100%| E|CS|TAMS 0x0000000089b00000, 0x0000000089b00000| Complete 
| 128|0x0000000089c00000, 0x0000000089d00000, 0x0000000089d00000|100%| E|CS|TAMS 0x0000000089c00000, 0x0000000089c00000| Complete 
| 129|0x0000000089d00000, 0x0000000089e00000, 0x0000000089e00000|100%| E|CS|TAMS 0x0000000089d00000, 0x0000000089d00000| Complete 
| 130|0x0000000089e00000, 0x0000000089f00000, 0x0000000089f00000|100%| E|CS|TAMS 0x0000000089e00000, 0x0000000089e00000| Complete 
| 131|0x0000000089f00000, 0x000000008a000000, 0x000000008a000000|100%| E|CS|TAMS 0x0000000089f00000, 0x0000000089f00000| Complete 
| 132|0x000000008a000000, 0x000000008a100000, 0x000000008a100000|100%| E|CS|TAMS 0x000000008a000000, 0x000000008a000000| Complete 
| 133|0x000000008a100000, 0x000000008a200000, 0x000000008a200000|100%| E|CS|TAMS 0x000000008a100000, 0x000000008a100000| Complete 
| 134|0x000000008a200000, 0x000000008a300000, 0x000000008a300000|100%| E|CS|TAMS 0x000000008a200000, 0x000000008a200000| Complete 
| 135|0x000000008a300000, 0x000000008a400000, 0x000000008a400000|100%| E|CS|TAMS 0x000000008a300000, 0x000000008a300000| Complete 
| 136|0x000000008a400000, 0x000000008a500000, 0x000000008a500000|100%| E|CS|TAMS 0x000000008a400000, 0x000000008a400000| Complete 
| 137|0x000000008a500000, 0x000000008a600000, 0x000000008a600000|100%| E|CS|TAMS 0x000000008a500000, 0x000000008a500000| Complete 
| 138|0x000000008a600000, 0x000000008a700000, 0x000000008a700000|100%| E|CS|TAMS 0x000000008a600000, 0x000000008a600000| Complete 
| 139|0x000000008a700000, 0x000000008a800000, 0x000000008a800000|100%| E|CS|TAMS 0x000000008a700000, 0x000000008a700000| Complete 
| 140|0x000000008a800000, 0x000000008a900000, 0x000000008a900000|100%| E|CS|TAMS 0x000000008a800000, 0x000000008a800000| Complete 
| 141|0x000000008a900000, 0x000000008aa00000, 0x000000008aa00000|100%| E|CS|TAMS 0x000000008a900000, 0x000000008a900000| Complete 
| 142|0x000000008aa00000, 0x000000008ab00000, 0x000000008ab00000|100%| E|CS|TAMS 0x000000008aa00000, 0x000000008aa00000| Complete 
| 143|0x000000008ab00000, 0x000000008ac00000, 0x000000008ac00000|100%| E|CS|TAMS 0x000000008ab00000, 0x000000008ab00000| Complete 
| 144|0x000000008ac00000, 0x000000008ad00000, 0x000000008ad00000|100%| E|CS|TAMS 0x000000008ac00000, 0x000000008ac00000| Complete 
| 145|0x000000008ad00000, 0x000000008ae00000, 0x000000008ae00000|100%| E|CS|TAMS 0x000000008ad00000, 0x000000008ad00000| Complete 
| 146|0x000000008ae00000, 0x000000008af00000, 0x000000008af00000|100%| E|CS|TAMS 0x000000008ae00000, 0x000000008ae00000| Complete 
| 147|0x000000008af00000, 0x000000008b000000, 0x000000008b000000|100%| E|CS|TAMS 0x000000008af00000, 0x000000008af00000| Complete 
| 148|0x000000008b000000, 0x000000008b100000, 0x000000008b100000|100%| E|CS|TAMS 0x000000008b000000, 0x000000008b000000| Complete 
| 149|0x000000008b100000, 0x000000008b200000, 0x000000008b200000|100%| E|CS|TAMS 0x000000008b100000, 0x000000008b100000| Complete 
| 230|0x0000000090200000, 0x0000000090300000, 0x0000000090300000|100%| E|CS|TAMS 0x0000000090200000, 0x0000000090200000| Complete 
| 231|0x0000000090300000, 0x0000000090400000, 0x0000000090400000|100%| E|CS|TAMS 0x0000000090300000, 0x0000000090300000| Complete 
| 232|0x0000000090400000, 0x0000000090500000, 0x0000000090500000|100%| E|CS|TAMS 0x0000000090400000, 0x0000000090400000| Complete 
| 233|0x0000000090500000, 0x0000000090600000, 0x0000000090600000|100%| E|CS|TAMS 0x0000000090500000, 0x0000000090500000| Complete 

Card table byte_map: [0x00000180424c0000,0x00000180428c0000] _byte_map_base: 0x00000180420b2000

Marking Bits (Prev, Next): (CMBitMap*) 0x000001802b592550, (CMBitMap*) 0x000001802b592590
 Prev Bits: [0x0000018042cc0000, 0x0000018044c50000)
 Next Bits: [0x0000018044c50000, 0x0000018046be0000)

Polling page: 0x00000180294b0000

Metaspace:

Usage:
  Non-class:     85.94 MB used.
      Class:     12.90 MB used.
       Both:     98.84 MB used.

Virtual space:
  Non-class space:       88.00 MB reserved,      86.31 MB ( 98%) committed,  11 nodes.
      Class space:        1.00 GB reserved,      13.25 MB (  1%) committed,  1 nodes.
             Both:        1.09 GB reserved,      99.56 MB (  9%) committed. 

Chunk freelists:
   Non-Class:  1.53 MB
       Class:  2.79 MB
        Both:  4.32 MB

MaxMetaspaceSize: unlimited
CompressedClassSpaceSize: 1.00 GB
Initial GC threshold: 21.00 MB
Current GC threshold: 164.06 MB
CDS: on
MetaspaceReclaimPolicy: balanced
 - commit_granule_bytes: 65536.
 - commit_granule_words: 8192.
 - virtual_space_node_default_size: 1048576.
 - enlarge_chunks_in_place: 1.
 - new_chunks_are_fully_committed: 0.
 - uncommit_free_chunks: 1.
 - use_allocation_guard: 0.
 - handle_deallocations: 1.


Internal statistics:

num_allocs_failed_limit: 12.
num_arena_births: 1122.
num_arena_deaths: 0.
num_vsnodes_births: 12.
num_vsnodes_deaths: 0.
num_space_committed: 1593.
num_space_uncommitted: 0.
num_chunks_returned_to_freelist: 12.
num_chunks_taken_from_freelist: 4847.
num_chunk_merges: 3.
num_chunk_splits: 3522.
num_chunks_enlarged: 2772.
num_purges: 0.
num_inconsistent_stats: 0.

CodeHeap 'non-profiled nmethods': size=120000Kb used=9072Kb max_used=9072Kb free=110927Kb
 bounds [0x000001803a850000, 0x000001803b130000, 0x0000018041d80000]
CodeHeap 'profiled nmethods': size=120000Kb used=25001Kb max_used=25001Kb free=94998Kb
 bounds [0x0000018033320000, 0x0000018034b90000, 0x000001803a850000]
CodeHeap 'non-nmethods': size=5760Kb used=1453Kb max_used=1586Kb free=4306Kb
 bounds [0x0000018032d80000, 0x0000018032ff0000, 0x0000018033320000]
 total_blobs=12907 nmethods=12180 adapters=635
 compilation: enabled
              stopped_count=0, restarted_count=0
 full_count=0

Compilation events (20 events):
Event: 635.157 Thread 0x000001804fb531e0 nmethod 14271 0x000001803b129110 code [0x000001803b1292a0, 0x000001803b1295d8]
Event: 635.157 Thread 0x000001804fb531e0 14230   !   4       com.zaxxer.hikari.pool.HikariProxyResultSet::next (17 bytes)
Event: 635.157 Thread 0x00000180495fc5c0 nmethod 14229 0x000001803b129890 code [0x000001803b129a20, 0x000001803b129e98]
Event: 635.157 Thread 0x00000180495fcf70 14272       3       java.util.ArrayList::equals (62 bytes)
Event: 635.159 Thread 0x00000180495fcf70 nmethod 14272 0x0000018034b86590 code [0x0000018034b867a0, 0x0000018034b86fc8]
Event: 635.166 Thread 0x000001804fb531e0 nmethod 14230 0x000001803b12a190 code [0x000001803b12a320, 0x000001803b12a818]
Event: 635.276 Thread 0x00000180495fcf70 14273       3       com.fasterxml.jackson.core.json.UTF8StreamJsonParser::_updateNameLocation (29 bytes)
Event: 635.277 Thread 0x00000180495fcf70 nmethod 14273 0x0000018034b87210 code [0x0000018034b873a0, 0x0000018034b874d8]
Event: 635.280 Thread 0x00000180495fc5c0 14274       4       com.fasterxml.jackson.core.json.UTF8StreamJsonParser::_finishString2 (321 bytes)
Event: 635.291 Thread 0x00000180495fcf70 14275       3       com.fasterxml.jackson.databind.deser.std.UntypedObjectDeserializerNR$Scope::addValue (30 bytes)
Event: 635.292 Thread 0x00000180495fcf70 nmethod 14275 0x0000018034b87590 code [0x0000018034b87760, 0x0000018034b87c28]
Event: 635.304 Thread 0x00000180495fc5c0 nmethod 14274 0x000001803b12ab90 code [0x000001803b12ad40, 0x000001803b12b278]
Event: 635.308 Thread 0x00000180495fc5c0 14276 %     4       java.util.Base64$Decoder::decodeBlock @ 30 (186 bytes)
Event: 635.312 Thread 0x00000180495fcf70 14277   !   3       org.springframework.data.elasticsearch.core.convert.MappingElasticsearchConverter$Reader::getPotentiallyConvertedSimpleRead (80 bytes)
Event: 635.316 Thread 0x00000180495fcf70 nmethod 14277 0x0000018034b87e10 code [0x0000018034b881a0, 0x0000018034b89708]
Event: 635.316 Thread 0x00000180495fcf70 14278       3       org.springframework.data.mapping.model.BasicPersistentEntity$1::hasNext (10 bytes)
Event: 635.316 Thread 0x00000180495fcf70 nmethod 14278 0x0000018034b89f10 code [0x0000018034b8a0c0, 0x0000018034b8a2a8]
Event: 635.324 Thread 0x00000180495fc5c0 nmethod 14276% 0x000001803b12b590 code [0x000001803b12b720, 0x000001803b12bdb8]
Event: 638.300 Thread 0x00000180495fcf70 14279   !   3       org.apache.catalina.core.ContainerBase::getRealmInternal (38 bytes)
Event: 638.302 Thread 0x00000180495fcf70 nmethod 14279 0x0000018034b8a390 code [0x0000018034b8a5c0, 0x0000018034b8ad08]

GC Heap History (20 events):
Event: 15.302 GC heap before
{Heap before GC invocations=16 (full 0):
 garbage-first heap   total 239616K, used 151566K [0x0000000081c00000, 0x0000000100000000)
  region size 1024K, 116 young (118784K), 5 survivors (5120K)
 Metaspace       used 59684K, committed 60096K, reserved 1105920K
  class space    used 7624K, committed 7808K, reserved 1048576K
}
Event: 15.309 GC heap after
{Heap after GC invocations=17 (full 0):
 garbage-first heap   total 239616K, used 42726K [0x0000000081c00000, 0x0000000100000000)
  region size 1024K, 7 young (7168K), 7 survivors (7168K)
 Metaspace       used 59684K, committed 60096K, reserved 1105920K
  class space    used 7624K, committed 7808K, reserved 1048576K
}
Event: 16.507 GC heap before
{Heap before GC invocations=18 (full 0):
 garbage-first heap   total 157696K, used 129766K [0x0000000081c00000, 0x0000000100000000)
  region size 1024K, 92 young (94208K), 7 survivors (7168K)
 Metaspace       used 65110K, committed 65728K, reserved 1105920K
  class space    used 8530K, committed 8832K, reserved 1048576K
}
Event: 16.514 GC heap after
{Heap after GC invocations=19 (full 0):
 garbage-first heap   total 157696K, used 44149K [0x0000000081c00000, 0x0000000100000000)
  region size 1024K, 7 young (7168K), 7 survivors (7168K)
 Metaspace       used 65110K, committed 65728K, reserved 1105920K
  class space    used 8530K, committed 8832K, reserved 1048576K
}
Event: 17.710 GC heap before
{Heap before GC invocations=19 (full 0):
 garbage-first heap   total 157696K, used 128117K [0x0000000081c00000, 0x0000000100000000)
  region size 1024K, 90 young (92160K), 7 survivors (7168K)
 Metaspace       used 72065K, committed 72640K, reserved 1114112K
  class space    used 9672K, committed 9920K, reserved 1048576K
}
Event: 17.723 GC heap after
{Heap after GC invocations=20 (full 0):
 garbage-first heap   total 157696K, used 48253K [0x0000000081c00000, 0x0000000100000000)
  region size 1024K, 11 young (11264K), 11 survivors (11264K)
 Metaspace       used 72065K, committed 72640K, reserved 1114112K
  class space    used 9672K, committed 9920K, reserved 1048576K
}
Event: 18.633 GC heap before
{Heap before GC invocations=20 (full 0):
 garbage-first heap   total 157696K, used 128125K [0x0000000081c00000, 0x0000000100000000)
  region size 1024K, 90 young (92160K), 11 survivors (11264K)
 Metaspace       used 76382K, committed 76992K, reserved 1122304K
  class space    used 10283K, committed 10560K, reserved 1048576K
}
Event: 18.649 GC heap after
{Heap after GC invocations=21 (full 0):
 garbage-first heap   total 157696K, used 53903K [0x0000000081c00000, 0x0000000100000000)
  region size 1024K, 12 young (12288K), 12 survivors (12288K)
 Metaspace       used 76382K, committed 76992K, reserved 1122304K
  class space    used 10283K, committed 10560K, reserved 1048576K
}
Event: 19.788 GC heap before
{Heap before GC invocations=21 (full 0):
 garbage-first heap   total 157696K, used 128655K [0x0000000081c00000, 0x0000000100000000)
  region size 1024K, 85 young (87040K), 12 survivors (12288K)
 Metaspace       used 81373K, committed 81984K, reserved 1122304K
  class space    used 10885K, committed 11200K, reserved 1048576K
}
Event: 19.799 GC heap after
{Heap after GC invocations=22 (full 0):
 garbage-first heap   total 157696K, used 54466K [0x0000000081c00000, 0x0000000100000000)
  region size 1024K, 7 young (7168K), 7 survivors (7168K)
 Metaspace       used 81373K, committed 81984K, reserved 1122304K
  class space    used 10885K, committed 11200K, reserved 1048576K
}
Event: 20.895 GC heap before
{Heap before GC invocations=22 (full 0):
 garbage-first heap   total 157696K, used 127170K [0x0000000081c00000, 0x0000000100000000)
  region size 1024K, 79 young (80896K), 7 survivors (7168K)
 Metaspace       used 84634K, committed 85248K, reserved 1130496K
  class space    used 11252K, committed 11520K, reserved 1048576K
}
Event: 20.907 GC heap after
{Heap after GC invocations=23 (full 0):
 garbage-first heap   total 157696K, used 58103K [0x0000000081c00000, 0x0000000100000000)
  region size 1024K, 7 young (7168K), 7 survivors (7168K)
 Metaspace       used 84634K, committed 85248K, reserved 1130496K
  class space    used 11252K, committed 11520K, reserved 1048576K
}
Event: 21.897 GC heap before
{Heap before GC invocations=23 (full 0):
 garbage-first heap   total 157696K, used 128759K [0x0000000081c00000, 0x0000000100000000)
  region size 1024K, 76 young (77824K), 7 survivors (7168K)
 Metaspace       used 87516K, committed 88128K, reserved 1130496K
  class space    used 11573K, committed 11840K, reserved 1048576K
}
Event: 21.908 GC heap after
{Heap after GC invocations=24 (full 0):
 garbage-first heap   total 157696K, used 61755K [0x0000000081c00000, 0x0000000100000000)
  region size 1024K, 8 young (8192K), 8 survivors (8192K)
 Metaspace       used 87516K, committed 88128K, reserved 1130496K
  class space    used 11573K, committed 11840K, reserved 1048576K
}
Event: 22.911 GC heap before
{Heap before GC invocations=24 (full 0):
 garbage-first heap   total 157696K, used 127291K [0x0000000081c00000, 0x0000000100000000)
  region size 1024K, 73 young (74752K), 8 survivors (8192K)
 Metaspace       used 90830K, committed 91456K, reserved 1130496K
  class space    used 12031K, committed 12352K, reserved 1048576K
}
Event: 22.923 GC heap after
{Heap after GC invocations=25 (full 0):
 garbage-first heap   total 157696K, used 65169K [0x0000000081c00000, 0x0000000100000000)
  region size 1024K, 8 young (8192K), 8 survivors (8192K)
 Metaspace       used 90830K, committed 91456K, reserved 1130496K
  class space    used 12031K, committed 12352K, reserved 1048576K
}
Event: 33.379 GC heap before
{Heap before GC invocations=25 (full 0):
 garbage-first heap   total 157696K, used 129681K [0x0000000081c00000, 0x0000000100000000)
  region size 1024K, 71 young (72704K), 8 survivors (8192K)
 Metaspace       used 95655K, committed 96320K, reserved 1138688K
  class space    used 12742K, committed 13056K, reserved 1048576K
}
Event: 33.396 GC heap after
{Heap after GC invocations=26 (full 0):
 garbage-first heap   total 157696K, used 67118K [0x0000000081c00000, 0x0000000100000000)
  region size 1024K, 6 young (6144K), 6 survivors (6144K)
 Metaspace       used 95655K, committed 96320K, reserved 1138688K
  class space    used 12742K, committed 13056K, reserved 1048576K
}
Event: 99.997 GC heap before
{Heap before GC invocations=26 (full 0):
 garbage-first heap   total 157696K, used 111150K [0x0000000081c00000, 0x0000000100000000)
  region size 1024K, 51 young (52224K), 6 survivors (6144K)
 Metaspace       used 100010K, committed 100736K, reserved 1138688K
  class space    used 13204K, committed 13568K, reserved 1048576K
}
Event: 100.024 GC heap after
{Heap after GC invocations=27 (full 0):
 garbage-first heap   total 157696K, used 69537K [0x0000000081c00000, 0x0000000100000000)
  region size 1024K, 5 young (5120K), 5 survivors (5120K)
 Metaspace       used 100010K, committed 100736K, reserved 1138688K
  class space    used 13204K, committed 13568K, reserved 1048576K
}

Deoptimization events (20 events):
Event: 441.719 Thread 0x00000180520a5490 DEOPT PACKING pc=0x00000180346fa434 sp=0x00000029531fb580
Event: 441.719 Thread 0x00000180520a5490 DEOPT UNPACKING pc=0x0000018032dd2b43 sp=0x00000029531fab48 mode 0
Event: 635.064 Thread 0x000001804db32ef0 Uncommon trap: trap_request=0xffffff45 fr.pc=0x000001803b0e9550 relative=0x0000000000003490
Event: 635.064 Thread 0x000001804db32ef0 Uncommon trap: reason=unstable_if action=reinterpret pc=0x000001803b0e9550 method=com.fasterxml.jackson.core.sym.ByteQuadsCanonicalizer.findName(II)Ljava/lang/String; @ 36 c2
Event: 635.064 Thread 0x000001804db32ef0 DEOPT PACKING pc=0x000001803b0e9550 sp=0x00000029555fc620
Event: 635.065 Thread 0x000001804db32ef0 DEOPT UNPACKING pc=0x0000018032dd23a3 sp=0x00000029555fc3f8 mode 2
Event: 635.075 Thread 0x000001804db32ef0 Uncommon trap: trap_request=0xffffff45 fr.pc=0x000001803b1141fc relative=0x00000000000005fc
Event: 635.075 Thread 0x000001804db32ef0 Uncommon trap: reason=unstable_if action=reinterpret pc=0x000001803b1141fc method=java.util.Calendar.isSet(I)Z @ 6 c2
Event: 635.075 Thread 0x000001804db32ef0 DEOPT PACKING pc=0x000001803b1141fc sp=0x00000029555fba80
Event: 635.075 Thread 0x000001804db32ef0 DEOPT UNPACKING pc=0x0000018032dd23a3 sp=0x00000029555fb930 mode 2
Event: 635.075 Thread 0x000001804db32ef0 Uncommon trap: trap_request=0xffffff45 fr.pc=0x000001803b068da8 relative=0x00000000000001a8
Event: 635.075 Thread 0x000001804db32ef0 Uncommon trap: reason=unstable_if action=reinterpret pc=0x000001803b068da8 method=java.util.Calendar.getSetStateFields()I @ 19 c2
Event: 635.075 Thread 0x000001804db32ef0 DEOPT PACKING pc=0x000001803b068da8 sp=0x00000029555fb9e0
Event: 635.075 Thread 0x000001804db32ef0 DEOPT UNPACKING pc=0x0000018032dd23a3 sp=0x00000029555fb970 mode 2
Event: 635.075 Thread 0x000001804db32ef0 Uncommon trap: trap_request=0xffffff45 fr.pc=0x000001803b0f480c relative=0x0000000000001a0c
Event: 635.075 Thread 0x000001804db32ef0 Uncommon trap: reason=unstable_if action=reinterpret pc=0x000001803b0f480c method=java.util.GregorianCalendar.computeFields(II)I @ 882 c2
Event: 635.075 Thread 0x000001804db32ef0 DEOPT PACKING pc=0x000001803b0f480c sp=0x00000029555fb940
Event: 635.075 Thread 0x000001804db32ef0 DEOPT UNPACKING pc=0x0000018032dd23a3 sp=0x00000029555fb8a8 mode 2
Event: 635.280 Thread 0x000001804db32ef0 DEOPT PACKING pc=0x0000018033fcf321 sp=0x00000029555fb3c0
Event: 635.280 Thread 0x000001804db32ef0 DEOPT UNPACKING pc=0x0000018032dd2b43 sp=0x00000029555fa948 mode 0

Classes unloaded (0 events):
No events

Classes redefined (1 events):
Event: 50.329 Thread 0x00000180495d48f0 redefined class name=com.arenella.recruit.candidates.repos.CandidateRepository, count=1

Internal exceptions (20 events):
Event: 24.103 Thread 0x000001804db32ef0 Exception <a 'java/lang/NoSuchMethodError'{0x00000000898aa780}: 'java.lang.Object java.lang.invoke.DirectMethodHandle$Holder.invokeStatic(java.lang.Object, int, java.lang.Object, java.lang.Object, java.lang.Object, java.lang.Object)'> (0x00000000898aa780) 
thrown [t:\workspace\open\src\hotspot\share\interpreter\linkResolver.cpp, line 766]
Event: 24.107 Thread 0x000001804db32ef0 Exception <a 'java/lang/NoSuchMethodError'{0x00000000898b3440}: 'java.lang.Object java.lang.invoke.DirectMethodHandle$Holder.newInvokeSpecial(java.lang.Object, int, java.lang.Object, java.lang.Object, java.lang.Object)'> (0x00000000898b3440) 
thrown [t:\workspace\open\src\hotspot\share\interpreter\linkResolver.cpp, line 766]
Event: 33.216 Thread 0x000001804db32ef0 Exception <a 'java/lang/NoSuchMethodError'{0x000000008782fbb0}: 'java.lang.Object java.lang.invoke.DirectMethodHandle$Holder.invokeSpecialIFC(java.lang.Object, java.lang.Object, long)'> (0x000000008782fbb0) 
thrown [t:\workspace\open\src\hotspot\share\interpreter\linkResolver.cpp, line 766]
Event: 33.217 Thread 0x000001804db32ef0 Exception <a 'java/lang/NoSuchMethodError'{0x0000000087833ba8}: 'long java.lang.invoke.DirectMethodHandle$Holder.invokeStatic(java.lang.Object, java.lang.Object, int)'> (0x0000000087833ba8) 
thrown [t:\workspace\open\src\hotspot\share\interpreter\linkResolver.cpp, line 766]
Event: 33.439 Thread 0x000001804db32ef0 Exception <a 'java/lang/ClassNotFoundException'{0x00000000904cacc8}: sun/awt/resources/spi/awtProvider> (0x00000000904cacc8) 
thrown [t:\workspace\open\src\hotspot\share\classfile\systemDictionary.cpp, line 256]
Event: 33.443 Thread 0x000001804db32ef0 Exception <a 'java/io/FileNotFoundException'{0x00000000904d8540}> (0x00000000904d8540) 
thrown [t:\workspace\open\src\hotspot\share\prims\jni.cpp, line 516]
Event: 33.444 Thread 0x000001804db32ef0 Exception <a 'java/io/FileNotFoundException'{0x00000000904d9d40}> (0x00000000904d9d40) 
thrown [t:\workspace\open\src\hotspot\share\prims\jni.cpp, line 516]
Event: 34.031 Thread 0x000001804db32ef0 Exception <a 'java/lang/NoSuchMethodError'{0x0000000089937750}: 'void java.lang.invoke.Invokers$Holder.invoke_MT(java.lang.Object, java.lang.Object, java.lang.Object, java.lang.Object)'> (0x0000000089937750) 
thrown [t:\workspace\open\src\hotspot\share\interpreter\linkResolver.cpp, line 766]
Event: 34.033 Thread 0x000001804db32ef0 Exception <a 'java/lang/NoSuchMethodError'{0x0000000089946fc0}: 'void java.lang.invoke.DelegatingMethodHandle$Holder.reinvoke_L(java.lang.Object, java.lang.Object, int)'> (0x0000000089946fc0) 
thrown [t:\workspace\open\src\hotspot\share\interpreter\linkResolver.cpp, line 766]
Event: 34.048 Thread 0x000001804db32ef0 Exception <a 'java/lang/NoSuchMethodError'{0x00000000899b53e0}: 'float java.lang.invoke.DelegatingMethodHandle$Holder.reinvoke_L(java.lang.Object, java.lang.Object, int)'> (0x00000000899b53e0) 
thrown [t:\workspace\open\src\hotspot\share\interpreter\linkResolver.cpp, line 766]
Event: 34.049 Thread 0x000001804db32ef0 Exception <a 'java/lang/NoSuchMethodError'{0x00000000899bfb78}: 'void java.lang.invoke.DelegatingMethodHandle$Holder.reinvoke_L(java.lang.Object, java.lang.Object, float)'> (0x00000000899bfb78) 
thrown [t:\workspace\open\src\hotspot\share\interpreter\linkResolver.cpp, line 766]
Event: 34.103 Thread 0x000001804db32ef0 Exception <a 'java/lang/NoSuchMethodError'{0x00000000898b4bc0}: 'long java.lang.invoke.DirectMethodHandle$Holder.invokeSpecialIFC(java.lang.Object, java.lang.Object, java.lang.Object)'> (0x00000000898b4bc0) 
thrown [t:\workspace\open\src\hotspot\share\interpreter\linkResolver.cpp, line 766]
Event: 37.847 Thread 0x000001804db32ef0 Exception <a 'java/lang/NoSuchMethodError'{0x000000008974bb60}: 'java.lang.Object java.lang.invoke.Invokers$Holder.invoke_MT(java.lang.Object, java.lang.Object, java.lang.Object)'> (0x000000008974bb60) 
thrown [t:\workspace\open\src\hotspot\share\interpreter\linkResolver.cpp, line 766]
Event: 37.859 Thread 0x000001804db32ef0 Exception <a 'java/lang/NoSuchMethodError'{0x00000000897b9e00}: 'float java.lang.invoke.DelegatingMethodHandle$Holder.reinvoke_L(java.lang.Object, java.lang.Object)'> (0x00000000897b9e00) 
thrown [t:\workspace\open\src\hotspot\share\interpreter\linkResolver.cpp, line 766]
Event: 37.879 Thread 0x000001804db32ef0 Exception <a 'java/lang/NoSuchMethodError'{0x00000000896ce108}: 'java.lang.Object java.lang.invoke.DirectMethodHandle$Holder.invokeStaticInit(java.lang.Object, java.lang.Object, java.lang.Object, java.lang.Object, java.lang.Object)'> (0x00000000896ce108) 
thrown [t:\workspace\open\src\hotspot\share\interpreter\linkResolver.cpp, line 766]
Event: 37.896 Thread 0x000001804db32ef0 Implicit null exception at 0x000001803aa3c5d2 to 0x000001803aa3c758
Event: 38.177 Thread 0x000001804db32ef0 Exception <a 'java/lang/NoSuchMethodError'{0x0000000089378328}: 'void java.lang.invoke.DirectMethodHandle$Holder.invokeSpecialIFC(java.lang.Object, java.lang.Object, java.lang.Object)'> (0x0000000089378328) 
thrown [t:\workspace\open\src\hotspot\share\interpreter\linkResolver.cpp, line 766]
Event: 38.234 Thread 0x000001804db32ef0 Exception <a 'java/lang/NoSuchMethodError'{0x000000008917a778}: 'java.lang.Object java.lang.invoke.DirectMethodHandle$Holder.newInvokeSpecial(java.lang.Object, java.lang.Object, int, java.lang.Object, java.lang.Object, java.lang.Object)'> (0x000000008917a778) 
thrown [t:\workspace\open\src\hotspot\share\interpreter\linkResolver.cpp, line 766]
Event: 38.235 Thread 0x000001804db32ef0 Exception <a 'java/lang/NoSuchMethodError'{0x0000000089182618}: 'java.lang.Object java.lang.invoke.Invokers$Holder.linkToTargetMethod(java.lang.Object, int, java.lang.Object, java.lang.Object, java.lang.Object, java.lang.Object)'> (0x0000000089182618) 
thrown [t:\workspace\open\src\hotspot\share\interpreter\linkResolver.cpp, line 766]
Event: 38.237 Thread 0x000001804db32ef0 Exception <a 'java/lang/NoSuchMethodError'{0x000000008918f270}: 'int java.lang.invoke.DirectMethodHandle$Holder.invokeStatic(java.lang.Object, java.lang.Object, int, java.lang.Object)'> (0x000000008918f270) 
thrown [t:\workspace\open\src\hotspot\share\interpreter\linkResolver.cpp, line 766]

VM Operations (20 events):
Event: 635.889 Executing VM operation: get/set locals
Event: 635.889 Executing VM operation: get/set locals done
Event: 635.890 Executing VM operation: get/set locals
Event: 635.891 Executing VM operation: get/set locals done
Event: 635.892 Executing VM operation: get/set locals
Event: 635.892 Executing VM operation: get/set locals done
Event: 635.894 Executing VM operation: get/set locals
Event: 635.894 Executing VM operation: get/set locals done
Event: 635.896 Executing VM operation: get/set locals
Event: 635.896 Executing VM operation: get/set locals done
Event: 635.897 Executing VM operation: get/set locals
Event: 635.897 Executing VM operation: get/set locals done
Event: 635.899 Executing VM operation: get/set locals
Event: 635.899 Executing VM operation: get/set locals done
Event: 635.900 Executing VM operation: get/set locals
Event: 635.901 Executing VM operation: get/set locals done
Event: 635.902 Executing VM operation: get/set locals
Event: 635.902 Executing VM operation: get/set locals done
Event: 635.904 Executing VM operation: get/set locals
Event: 635.904 Executing VM operation: get/set locals done

Events (20 events):
Event: 37.904 Thread 0x00000180495ff880 flushing nmethod 0x000001803366f910
Event: 37.905 Thread 0x00000180495ff880 flushing nmethod 0x00000180336a0310
Event: 37.905 Thread 0x00000180495ff880 flushing nmethod 0x0000018033794f90
Event: 37.906 Thread 0x00000180495ff880 flushing nmethod 0x0000018033813210
Event: 37.907 Thread 0x00000180495ff880 flushing nmethod 0x000001803388ff90
Event: 37.907 Thread 0x00000180495ff880 flushing nmethod 0x00000180338cfa10
Event: 37.908 Thread 0x00000180495ff880 flushing nmethod 0x0000018033a39210
Event: 37.911 Thread 0x00000180495ff880 flushing nmethod 0x0000018033d16790
Event: 37.916 Thread 0x00000180495ff880 flushing nmethod 0x000001803420c210
Event: 37.918 Thread 0x00000180495ff880 flushing nmethod 0x00000180342ed210
Event: 37.919 Thread 0x00000180495ff880 flushing nmethod 0x00000180343bc010
Event: 37.921 Thread 0x00000180495ff880 flushing nmethod 0x00000180344cd290
Event: 81.687 Thread 0x000001804ec8c4d0 Thread added: 0x000001804ec8c4d0
Event: 81.725 Thread 0x000001804fb4ff40 Thread added: 0x000001804fb4ff40
Event: 83.002 Thread 0x000001804fb4ff40 Thread exited: 0x000001804fb4ff40
Event: 83.002 Thread 0x000001804ec8c4d0 Thread exited: 0x000001804ec8c4d0
Event: 261.730 Thread 0x000001804fb54110 Thread added: 0x000001804fb54110
Event: 263.995 Thread 0x000001804fb54110 Thread exited: 0x000001804fb54110
Event: 635.116 Thread 0x000001804fb531e0 Thread added: 0x000001804fb531e0
Event: 635.277 Thread 0x000001804fb531e0 Thread exited: 0x000001804fb531e0


Dynamic libraries:
0x00007ff7600c0000 - 0x00007ff7600d0000 	C:\Program Files\Java\jdk-17.0.2\bin\javaw.exe
0x00007ff97a8f0000 - 0x00007ff97ab07000 	C:\WINDOWS\SYSTEM32\ntdll.dll
0x00007ff978f70000 - 0x00007ff979034000 	C:\WINDOWS\System32\KERNEL32.DLL
0x00007ff977f10000 - 0x00007ff9782bd000 	C:\WINDOWS\System32\KERNELBASE.dll
0x00007ff9784d0000 - 0x00007ff9785e1000 	C:\WINDOWS\System32\ucrtbase.dll
0x00007ff9535c0000 - 0x00007ff9535d8000 	C:\Program Files\Java\jdk-17.0.2\bin\jli.dll
0x00007ff9535a0000 - 0x00007ff9535ba000 	C:\Program Files\Java\jdk-17.0.2\bin\VCRUNTIME140.dll
0x00007ff979040000 - 0x00007ff9790f2000 	C:\WINDOWS\System32\ADVAPI32.dll
0x00007ff979fd0000 - 0x00007ff97a077000 	C:\WINDOWS\System32\msvcrt.dll
0x00007ff979190000 - 0x00007ff979239000 	C:\WINDOWS\System32\sechost.dll
0x00007ff9785f0000 - 0x00007ff978618000 	C:\WINDOWS\System32\bcrypt.dll
0x00007ff979260000 - 0x00007ff979374000 	C:\WINDOWS\System32\RPCRT4.dll
0x00007ff978620000 - 0x00007ff9787ce000 	C:\WINDOWS\System32\USER32.dll
0x00007ff977ee0000 - 0x00007ff977f06000 	C:\WINDOWS\System32\win32u.dll
0x00007ff95bdf0000 - 0x00007ff95c083000 	C:\WINDOWS\WinSxS\amd64_microsoft.windows.common-controls_6595b64144ccf1df_6.0.22621.3672_none_2713b9d173822955\COMCTL32.dll
0x00007ff978ae0000 - 0x00007ff978b09000 	C:\WINDOWS\System32\GDI32.dll
0x00007ff9783b0000 - 0x00007ff9784c9000 	C:\WINDOWS\System32\gdi32full.dll
0x00007ff977c10000 - 0x00007ff977caa000 	C:\WINDOWS\System32\msvcp_win.dll
0x00007ff973040000 - 0x00007ff97304a000 	C:\WINDOWS\SYSTEM32\VERSION.dll
0x00007ff9793e0000 - 0x00007ff979411000 	C:\WINDOWS\System32\IMM32.DLL
0x00007ff9569b0000 - 0x00007ff9569bc000 	C:\Program Files\Java\jdk-17.0.2\bin\vcruntime140_1.dll
0x00007ff953510000 - 0x00007ff95359d000 	C:\Program Files\Java\jdk-17.0.2\bin\msvcp140.dll
0x00007ff952940000 - 0x00007ff953501000 	C:\Program Files\Java\jdk-17.0.2\bin\server\jvm.dll
0x00007ff979250000 - 0x00007ff979258000 	C:\WINDOWS\System32\PSAPI.DLL
0x00007ff958390000 - 0x00007ff958399000 	C:\WINDOWS\SYSTEM32\WSOCK32.dll
0x00007ff972a60000 - 0x00007ff972a94000 	C:\WINDOWS\SYSTEM32\WINMM.dll
0x00007ff97a080000 - 0x00007ff97a0f1000 	C:\WINDOWS\System32\WS2_32.dll
0x00007ff976cf0000 - 0x00007ff976d08000 	C:\WINDOWS\SYSTEM32\kernel.appcore.dll
0x00007ff9557b0000 - 0x00007ff9557ba000 	C:\Program Files\Java\jdk-17.0.2\bin\jimage.dll
0x00007ff974970000 - 0x00007ff974ba2000 	C:\WINDOWS\SYSTEM32\DBGHELP.DLL
0x00007ff978b30000 - 0x00007ff978ebd000 	C:\WINDOWS\System32\combase.dll
0x00007ff979630000 - 0x00007ff979707000 	C:\WINDOWS\System32\OLEAUT32.dll
0x00007ff971390000 - 0x00007ff9713c2000 	C:\WINDOWS\SYSTEM32\dbgcore.DLL
0x00007ff9782c0000 - 0x00007ff97833b000 	C:\WINDOWS\System32\bcryptPrimitives.dll
0x00007ff923340000 - 0x00007ff92337b000 	C:\Program Files\Java\jdk-17.0.2\bin\jdwp.dll
0x00007ff954270000 - 0x00007ff95427e000 	C:\Program Files\Java\jdk-17.0.2\bin\instrument.dll
0x00007ff9526e0000 - 0x00007ff952705000 	C:\Program Files\Java\jdk-17.0.2\bin\java.dll
0x00007ff952240000 - 0x00007ff952316000 	C:\Program Files\Java\jdk-17.0.2\bin\jsvml.dll
0x00007ff979710000 - 0x00007ff979f78000 	C:\WINDOWS\System32\SHELL32.dll
0x00007ff975b10000 - 0x00007ff97640e000 	C:\WINDOWS\SYSTEM32\windows.storage.dll
0x00007ff9759d0000 - 0x00007ff975b0f000 	C:\WINDOWS\SYSTEM32\wintypes.dll
0x00007ff9789e0000 - 0x00007ff978ad9000 	C:\WINDOWS\System32\SHCORE.dll
0x00007ff97a850000 - 0x00007ff97a8ae000 	C:\WINDOWS\System32\shlwapi.dll
0x00007ff977b40000 - 0x00007ff977b61000 	C:\WINDOWS\SYSTEM32\profapi.dll
0x00007ff953f40000 - 0x00007ff953f4c000 	C:\Program Files\Java\jdk-17.0.2\bin\dt_socket.dll
0x00007ff976730000 - 0x00007ff97675d000 	C:\WINDOWS\SYSTEM32\IPHLPAPI.DLL
0x00007ff977160000 - 0x00007ff9771c9000 	C:\WINDOWS\system32\mswsock.dll
0x00007ff976760000 - 0x00007ff976858000 	C:\WINDOWS\SYSTEM32\DNSAPI.dll
0x00007ff979100000 - 0x00007ff979109000 	C:\WINDOWS\System32\NSI.dll
0x00007ff95d370000 - 0x00007ff95d37a000 	C:\Windows\System32\rasadhlp.dll
0x00007ff9723d0000 - 0x00007ff972453000 	C:\WINDOWS\System32\fwpuclnt.dll
0x00007ff952330000 - 0x00007ff952348000 	C:\Program Files\Java\jdk-17.0.2\bin\zip.dll
0x00007ff958a90000 - 0x00007ff958aa9000 	C:\Program Files\Java\jdk-17.0.2\bin\net.dll
0x00007ff972e60000 - 0x00007ff972f96000 	C:\WINDOWS\SYSTEM32\WINHTTP.dll
0x00007ff958a70000 - 0x00007ff958a86000 	C:\Program Files\Java\jdk-17.0.2\bin\nio.dll
0x00007ff952320000 - 0x00007ff952330000 	C:\Program Files\Java\jdk-17.0.2\bin\verify.dll
0x00007ff9521c0000 - 0x00007ff9521ce000 	C:\Program Files\Java\jdk-17.0.2\bin\sunmscapi.dll
0x00007ff977d70000 - 0x00007ff977ed7000 	C:\WINDOWS\System32\CRYPT32.dll
0x00007ff9775c0000 - 0x00007ff9775ee000 	C:\WINDOWS\SYSTEM32\ncrypt.dll
0x00007ff977580000 - 0x00007ff9775b7000 	C:\WINDOWS\SYSTEM32\NTASN1.dll
0x00007ff972da0000 - 0x00007ff972db9000 	C:\WINDOWS\SYSTEM32\dhcpcsvc6.DLL
0x00007ff972fc0000 - 0x00007ff972fdf000 	C:\WINDOWS\SYSTEM32\dhcpcsvc.DLL
0x00007ff977390000 - 0x00007ff9773ab000 	C:\WINDOWS\SYSTEM32\CRYPTSP.dll
0x00007ff976c50000 - 0x00007ff976c85000 	C:\WINDOWS\system32\rsaenh.dll
0x00007ff977220000 - 0x00007ff977248000 	C:\WINDOWS\SYSTEM32\USERENV.dll
0x00007ff9773b0000 - 0x00007ff9773bc000 	C:\WINDOWS\SYSTEM32\CRYPTBASE.dll
0x00007ff951f90000 - 0x00007ff951f99000 	C:\Program Files\Java\jdk-17.0.2\bin\management.dll
0x00007ff94da00000 - 0x00007ff94da0b000 	C:\Program Files\Java\jdk-17.0.2\bin\management_ext.dll
0x00007ff9120c0000 - 0x00007ff9120d7000 	C:\WINDOWS\system32\napinsp.dll
0x00007ff9120a0000 - 0x00007ff9120bb000 	C:\WINDOWS\system32\pnrpnsp.dll
0x00007ff912080000 - 0x00007ff912091000 	C:\WINDOWS\System32\winrnr.dll
0x00007ff942360000 - 0x00007ff942375000 	C:\WINDOWS\system32\wshbth.dll
0x00007ff9120e0000 - 0x00007ff912107000 	C:\WINDOWS\system32\nlansp_c.dll
0x00007ff952710000 - 0x00007ff952718000 	C:\WINDOWS\system32\wshunix.dll
0x00007ff94b650000 - 0x00007ff94b7df000 	C:\Program Files\Java\jdk-17.0.2\bin\awt.dll
0x00007ff96ff70000 - 0x00007ff970007000 	C:\WINDOWS\SYSTEM32\apphelp.dll

dbghelp: loaded successfully - version: 4.0.5 - missing functions: none
symbol engine: initialized successfully - sym options: 0x614 - pdb path: .;C:\Program Files\Java\jdk-17.0.2\bin;C:\WINDOWS\SYSTEM32;C:\WINDOWS\WinSxS\amd64_microsoft.windows.common-controls_6595b64144ccf1df_6.0.22621.3672_none_2713b9d173822955;C:\Program Files\Java\jdk-17.0.2\bin\server

VM Arguments:
jvm_args: -XX:+ShowCodeDetailsInExceptionMessages -agentlib:jdwp=transport=dt_socket,suspend=y,address=localhost:51124 -Dspring.profiles.active=local -javaagent:C:\Users\Hp\eclipse\java-2023-03\eclipse\configuration\org.eclipse.osgi\231\0\.cp\lib\javaagent-shaded.jar -Dfile.encoding=UTF-8 
java_command: com.arenella.recruit.RecruitApplication
java_class_path (initial): C:\eclipse-projects\recruit\recruit\target\classes;C:\Users\Hp\.p2\pool\plugins\org.junit_4.13.2.v20211018-1956.jar;C:\Users\Hp\.p2\pool\plugins\org.hamcrest.core_1.3.0.v20180420-1519.jar;C:\Users\Hp\.m2\repository\org\springframework\boot\spring-boot-starter-web\3.2.4\spring-boot-starter-web-3.2.4.jar;C:\Users\Hp\.m2\repository\org\springframework\boot\spring-boot-starter\3.2.4\spring-boot-starter-3.2.4.jar;C:\Users\Hp\.m2\repository\org\springframework\boot\spring-boot\3.2.4\spring-boot-3.2.4.jar;C:\Users\Hp\.m2\repository\org\springframework\boot\spring-boot-autoconfigure\3.2.4\spring-boot-autoconfigure-3.2.4.jar;C:\Users\Hp\.m2\repository\org\springframework\boot\spring-boot-starter-logging\3.2.4\spring-boot-starter-logging-3.2.4.jar;C:\Users\Hp\.m2\repository\ch\qos\logback\logback-classic\1.4.14\logback-classic-1.4.14.jar;C:\Users\Hp\.m2\repository\ch\qos\logback\logback-core\1.4.14\logback-core-1.4.14.jar;C:\Users\Hp\.m2\repository\org\springframework\boot\spring-boot-starter-json\3.2.4\spring-boot-starter-json-3.2.4.jar;C:\Users\Hp\.m2\repository\com\fasterxml\jackson\datatype\jackson-datatype-jdk8\2.15.4\jackson-datatype-jdk8-2.15.4.jar;C:\Users\Hp\.m2\repository\com\fasterxml\jackson\datatype\jackson-datatype-jsr310\2.15.4\jackson-datatype-jsr310-2.15.4.jar;C:\Users\Hp\.m2\repository\com\fasterxml\jackson\module\jackson-module-parameter-names\2.15.4\jackson-module-parameter-names-2.15.4.jar;C:\Users\Hp\.m2\repository\org\springframework\spring-web\6.1.5\spring-web-6.1.5.jar;C:\Users\Hp\.m2\repository\org\springframework\spring-beans\6.1.5\spring-beans-6.1.5.jar;C:\Users\Hp\.m2\repository\io\micrometer\micrometer-observation\1.12.4\micrometer-observation-1.12.4.jar;C:\Users\Hp\.m2\repository\io\micrometer\micrometer-commons\1.12.4\micrometer-commons-1.12.4.jar;C:\Users\Hp\.m2\repository\org\springframework\spring-webmvc\6.1.5\spring-webmvc-6.1.5.jar;C:\Users\Hp\.m2\repository\org\springframework\spring-expression\6.1.5\spring-ex
Launcher Type: SUN_STANDARD

[Global flags]
     intx CICompilerCount                          = 4                                         {product} {ergonomic}
     uint ConcGCThreads                            = 2                                         {product} {ergonomic}
     uint G1ConcRefinementThreads                  = 8                                         {product} {ergonomic}
   size_t G1HeapRegionSize                         = 1048576                                   {product} {ergonomic}
    uintx GCDrainStackTargetSize                   = 64                                        {product} {ergonomic}
   size_t InitialHeapSize                          = 134217728                                 {product} {ergonomic}
   size_t MarkStackSize                            = 4194304                                   {product} {ergonomic}
   size_t MaxHeapSize                              = 2118123520                                {product} {ergonomic}
   size_t MaxNewSize                               = 1270874112                                {product} {ergonomic}
   size_t MinHeapDeltaBytes                        = 1048576                                   {product} {ergonomic}
   size_t MinHeapSize                              = 8388608                                   {product} {ergonomic}
    uintx NonNMethodCodeHeapSize                   = 5839372                                {pd product} {ergonomic}
    uintx NonProfiledCodeHeapSize                  = 122909434                              {pd product} {ergonomic}
    uintx ProfiledCodeHeapSize                     = 122909434                              {pd product} {ergonomic}
    uintx ReservedCodeCacheSize                    = 251658240                              {pd product} {ergonomic}
     bool SegmentedCodeCache                       = true                                      {product} {ergonomic}
     bool ShowCodeDetailsInExceptionMessages       = true                                   {manageable} {command line}
   size_t SoftMaxHeapSize                          = 2118123520                             {manageable} {ergonomic}
     bool UseCompressedClassPointers               = true                           {product lp64_product} {ergonomic}
     bool UseCompressedOops                        = true                           {product lp64_product} {ergonomic}
     bool UseG1GC                                  = true                                      {product} {ergonomic}
     bool UseLargePagesIndividualAllocation        = false                                  {pd product} {ergonomic}

Logging:
Log output configuration:
 #0: stdout all=warning uptime,level,tags
 #1: stderr all=off uptime,level,tags

Environment Variables:
PATH=C:/Program Files/Java/jdk-17.0.2/bin/server;C:/Program Files/Java/jdk-17.0.2/bin;C:\Program Files\Eclipse Adoptium\jdk-17.0.7.7-hotspot\bin;C:\Python311\Scripts\;C:\Python311\;C:\Program Files\Common Files\Oracle\Java\javapath;C:\Program Files (x86)\Common Files\Oracle\Java\javapath;C:\windows\system32;C:\windows;C:\windows\System32\Wbem;C:\windows\System32\WindowsPowerShell\v1.0\;C:\windows\System32\OpenSSH\;C:\Program Files (x86)\NVIDIA Corporation\PhysX\Common;C:\Program Files\NVIDIA Corporation\NVIDIA NvDLISR;C:\java\jdk-14\bin;C:\WINDOWS\system32;C:\WINDOWS;C:\WINDOWS\System32\Wbem;C:\WINDOWS\System32\WindowsPowerShell\v1.0\;C:\WINDOWS\System32\OpenSSH\;C:\ProgramData\chocolatey\bin;C:\Program Files\Git\cmd;C:\maven\bin;%NVM_HOME%;%NVM_SYMLINK%;C:\Program Files\Docker\Docker\resources\bin;C:\ProgramData\DockerDesktop\version-bin;C:\Program Files\nodejs\;C:\Program Files\PuTTY\;C:\Users\Hp\AppData\Local\Microsoft\WindowsApps;C:\Users\Hp\AppData\Local\Programs\Microsoft VS Code\bin;C:\Program Files\JetBrains\IntelliJ IDEA 2021.3.2\bin;;C:\Users\Hp\AppData\Roaming\nvm;C:\Program Files\nodejs;C:\Users\Hp\AppData\Roaming\npm;;C:\WINDOWS\system32;
USERNAME=Hp
OS=Windows_NT
PROCESSOR_IDENTIFIER=Intel64 Family 6 Model 142 Stepping 11, GenuineIntel



---------------  S Y S T E M  ---------------

OS:
 Windows 11 , 64 bit Build 22621 (10.0.22621.3958)
OS uptime: 11 days 16:09 hours
Hyper-V role detected

CPU: total 8 (initial active 8) (4 cores per cpu, 2 threads per core) family 6 model 142 stepping 11 microcode 0xde, cx8, cmov, fxsr, ht, mmx, 3dnowpref, sse, sse2, sse3, ssse3, sse4.1, sse4.2, popcnt, lzcnt, tsc, tscinvbit, avx, avx2, aes, erms, clmul, bmi1, bmi2, adx, fma, vzeroupper, clflush, clflushopt, hv

Memory: 4k page, system-wide physical 8079M (1224M free)
TotalPageFile size 27535M (AvailPageFile size 6946M)
current process WorkingSet (physical memory assigned to process): 220M, peak: 471M
current process commit charge ("private bytes"): 450M, peak: 517M

vm_info: Java HotSpot(TM) 64-Bit Server VM (17.0.2+8-LTS-86) for windows-amd64 JRE (17.0.2+8-LTS-86), built on Dec  7 2021 21:51:03 by "mach5one" with MS VC++ 16.8 / 16.9 (VS2019)

END.
