#
# A fatal error has been detected by the Java Runtime Environment:
#
#  EXCEPTION_ACCESS_VIOLATION (0xc0000005) at pc=0x00007ffe8ee5d65a, pid=31164, tid=28224
#
# JRE version: Java(TM) SE Runtime Environment (17.0.2+8) (build 17.0.2+8-LTS-86)
# Java VM: Java HotSpot(TM) 64-Bit Server VM (17.0.2+8-LTS-86, mixed mode, sharing, tiered, compressed oops, compressed class ptrs, g1 gc, windows-amd64)
# Problematic frame:
# V  [jvm.dll+0x73d65a]
#
# No core dump will be written. Minidumps are not enabled by default on client versions of Windows
#
# If you would like to submit a bug report, please visit:
#   https://bugreport.java.com/bugreport/crash.jsp
#

---------------  S U M M A R Y ------------

Command Line: -XX:+ShowCodeDetailsInExceptionMessages -agentlib:jdwp=transport=dt_socket,suspend=y,address=localhost:58320 -Dspring.profiles.active=local -javaagent:C:\Users\Hp\eclipse\java-2023-03\eclipse\configuration\org.eclipse.osgi\231\0\.cp\lib\javaagent-shaded.jar -Dfile.encoding=UTF-8 com.arenella.recruit.RecruitApplication

Host: Intel(R) Core(TM) i7-8565U CPU @ 1.80GHz, 8 cores, 7G,  Windows 11 , 64 bit Build 22621 (10.0.22621.3374)
Time: Thu Apr 18 02:12:56 2024 West-Europa (zomertijd) elapsed time: 284.540204 seconds (0d 0h 4m 44s)

---------------  T H R E A D  ---------------

Current thread (0x0000026d2767d660):  JavaThread "JDWP Transport Listener: dt_socket" daemon [_thread_in_vm, id=28224, stack(0x000000fe62200000,0x000000fe62300000)]

Stack: [0x000000fe62200000,0x000000fe62300000],  sp=0x000000fe622ff390,  free space=1020k
Native frames: (J=compiled Java code, j=interpreted, Vv=VM code, C=native code)
V  [jvm.dll+0x73d65a]
V  [jvm.dll+0x504e0c]
V  [jvm.dll+0x4d0634]
C  [jdwp.dll+0x22e9f]


siginfo: EXCEPTION_ACCESS_VIOLATION (0xc0000005), reading address 0x0000000002120214


Register to memory mapping:

RIP=0x00007ffe8ee5d65a jvm.dll
RAX=0x000000000000020f is an unknown value
RBX=0x0000026d268924bc points into unknown readable memory: 00 66 6c 65
RCX=0x0000000002120210 is an unknown value
RDX=0x0000026d274dd290 points into unknown readable memory: 0x6572612f6d6f634c | 4c 63 6f 6d 2f 61 72 65
RSP=0x000000fe622ff390 is pointing into the stack for thread: 0x0000026d2767d660
RBP=0x0000026d27680380 points into unknown readable memory: 0x0000000000000002 | 02 00 00 00 00 00 00 00
RSI=0x0 is NULL
RDI=0xffffffffffffffff is an unknown value
R8 =0x0000000000000007 is an unknown value
R9 =0x0000000000000040 is an unknown value
R10=0x0 is NULL
R11=0x000000fe622ff3b0 is pointing into the stack for thread: 0x0000026d2767d660
R12=0x000000fe622ff4e8 is pointing into the stack for thread: 0x0000026d2767d660
R13=0x0 is NULL
R14=0x0000000800eee770 is a pointer to class: 
com.arenella.recruit.candidates.repos.CandidateRepository {0x0000000800eee778}
 - instance size:     2
 - klass size:        63
 - access:            public interface abstract 
 - state:             fully_initialized
 - name:              'com/arenella/recruit/candidates/repos/CandidateRepository'
 - super:             'java/lang/Object'
 - sub:               
 - nof implementors:  1
 - implementor:    
   'jdk/proxy2/$Proxy172'
 - arrays:            NULL
 - methods:           Array<T>(0x0000026d3688da80)
 - method ordering:   Array<T>(0x0000026d3688dc10)
 - default_methods:   Array<T>(0x0000000000000000)
 - local interfaces:  Array<T>(0x0000026d2f189478)
 - trans. interfaces: Array<T>(0x0000026d2f18a9e0)
 - constants:         constant pool [727]/operands[133] {0x0000026d3688e798} for 'com/arenella/recruit/candidates/repos/CandidateRepository' cache=0x0000026d36892da8
 - class loader data:  loader data: 0x0000026d275f62a0 for instance a 'jdk/internal/loader/ClassLoaders$AppClassLoader'{0x000000008288e628}
 - source file:       'CandidateRepository.java'
 - source debug extension:       SMAP
CandidateRepository.java
Java
*S jdt
*F
1 CandidateRepository.java
2 file:/C:/eclipse-projects/recruit/recruit/target/classes/
*L
*E

 - class annotations:       Array<T>(0x0000000000000000)
 - class type annotations:  Array<T>(0x0000000000000000)
 - field annotations:       Array<T>(0x0000000000000000)
 - field type annotations:  Array<T>(0x0000000000000000)
 - previous version:  constant pool [725]/operands[133] {0x0000026d2f18b790} for 'com/arenella/recruit/candidates/repos/CandidateRepository' (extra) cache=0x0000026d2f1970b8
 - generic signature: '
[error occurred during error reporting (printing register info), id 0xc0000005, EXCEPTION_ACCESS_VIOLATION (0xc0000005) at pc=0x00007ffe8ee5e266]

Registers:
RAX=0x000000000000020f, RBX=0x0000026d268924bc, RCX=0x0000000002120210, RDX=0x0000026d274dd290
RSP=0x000000fe622ff390, RBP=0x0000026d27680380, RSI=0x0000000000000000, RDI=0xffffffffffffffff
R8 =0x0000000000000007, R9 =0x0000000000000040, R10=0x0000000000000000, R11=0x000000fe622ff3b0
R12=0x000000fe622ff4e8, R13=0x0000000000000000, R14=0x0000000800eee770, R15=0x000000fe622ff538
RIP=0x00007ffe8ee5d65a, EFLAGS=0x0000000000010206

Top of Stack: (sp=0x000000fe622ff390)
0x000000fe622ff390:   0000000000000039 0000000800eee770
0x000000fe622ff3a0:   0000026d2767d660 0000000000000000
0x000000fe622ff3b0:   ffffffffffffffff 00007ffe8ec24e0c
0x000000fe622ff3c0:   0000026d268924bc 0000026d26892480
0x000000fe622ff3d0:   0000026d27680380 0000026d2aa6f820
0x000000fe622ff3e0:   0000026d26892430 00000000000003d8
0x000000fe622ff3f0:   0000026d26892440 0000026d26892818
0x000000fe622ff400:   0000000000000002 000000fe622ff4e8
0x000000fe622ff410:   0000000000000000 0000000000000000
0x000000fe622ff420:   0000000082b00a20 00007ffe8ebf0634
0x000000fe622ff430:   0000026d2767d660 000000fe622ff538
0x000000fe622ff440:   0000026d0661f720 000000fe622ff538
0x000000fe622ff450:   0000026d2767d660 0000000000000000
0x000000fe622ff460:   0000026d00000000 0000000000000000
0x000000fe622ff470:   000000000000000d 00007ffe989b2e9f
0x000000fe622ff480:   000000fe622ff530 00007ffe989c1830 

Instructions: (pc=0x00007ffe8ee5d65a)
0x00007ffe8ee5d55a:   48 83 c4 20 5f e9 8c 75 96 ff cc cc cc cc cc cc
0x00007ffe8ee5d56a:   cc cc cc cc cc cc 48 89 5c 24 08 57 48 83 ec 20
0x00007ffe8ee5d57a:   83 fa 02 8d 42 06 b9 08 00 00 00 49 8b d8 0f 4e
0x00007ffe8ee5d58a:   c1 48 63 c8 48 83 c1 07 83 e1 f8 48 63 f9 49 8b
0x00007ffe8ee5d59a:   48 18 48 8b c7 48 f7 d0 48 3b c1 73 16 4c 8d 05
0x00007ffe8ee5d5aa:   9a 52 17 00 48 8b d7 48 8b cb e8 97 d8 96 ff 48
0x00007ffe8ee5d5ba:   8b 4b 18 48 8d 04 39 48 3b 43 20 76 18 45 33 c0
0x00007ffe8ee5d5ca:   48 8b d7 48 8b cb 48 8b 5c 24 30 48 83 c4 20 5f
0x00007ffe8ee5d5da:   e9 f1 d4 96 ff 48 89 43 18 48 8b c1 48 8b 5c 24
0x00007ffe8ee5d5ea:   30 48 83 c4 20 5f c3 cc cc cc cc cc cc cc cc cc
0x00007ffe8ee5d5fa:   cc cc cc cc cc cc 4c 8b d2 4c 8b d9 45 85 c0 7e
0x00007ffe8ee5d60a:   3c 44 0f b7 49 04 41 8d 40 ff 41 3b c1 44 0f 4c
0x00007ffe8ee5d61a:   c8 4d 63 c1 45 85 c9 7e 1f 48 8b c2 4c 2b da 49
0x00007ffe8ee5d62a:   8b d0 0f 1f 40 00 41 0f b6 4c 03 06 88 08 48 8d
0x00007ffe8ee5d63a:   40 01 48 83 ea 01 75 ee 43 c6 04 10 00 49 8b c2
0x00007ffe8ee5d64a:   c3 cc cc cc cc cc 48 89 5c 24 08 57 48 83 ec 20
0x00007ffe8ee5d65a:   0f b7 59 04 48 8b f9 33 d2 48 8d 4b 01 e8 44 96
0x00007ffe8ee5d66a:   f8 ff 0f b7 57 04 4c 8b c0 3b da 0f 42 d3 44 8b
0x00007ffe8ee5d67a:   ca 85 d2 74 39 48 2b f8 0f 1f 40 00 66 66 0f 1f
0x00007ffe8ee5d68a:   84 00 00 00 00 00 0f b6 4c 07 06 88 08 48 ff c0
0x00007ffe8ee5d69a:   48 8b c8 49 2b c8 49 3b c9 7c eb 42 c6 04 02 00
0x00007ffe8ee5d6aa:   49 8b c0 48 8b 5c 24 30 48 83 c4 20 5f c3 48 8b
0x00007ffe8ee5d6ba:   5c 24 30 c6 04 02 00 48 83 c4 20 5f c3 cc cc cc
0x00007ffe8ee5d6ca:   cc cc cc cc cc cc 4c 8b d1 45 85 c0 7e 6c 44 0f
0x00007ffe8ee5d6da:   b7 49 04 41 8d 40 ff 41 3b c1 44 0f 4c c8 4d 63
0x00007ffe8ee5d6ea:   d9 45 85 c9 7e 22 48 8b ca 4c 2b d2 4d 8b c3 0f
0x00007ffe8ee5d6fa:   1f 80 00 00 00 00 41 0f b6 44 0a 06 88 01 48 8d
0x00007ffe8ee5d70a:   49 01 49 83 e8 01 75 ee 41 c6 04 13 00 48 c7 c0
0x00007ffe8ee5d71a:   ff ff ff ff 66 90 48 ff c0 80 3c 02 00 75 f7 48
0x00007ffe8ee5d72a:   63 c8 85 c0 48 8b c2 7e 14 80 38 2f 75 03 c6 00
0x00007ffe8ee5d73a:   2e 48 ff c0 48 83 e9 01 75 ef 48 8b c2 c3 cc cc
0x00007ffe8ee5d74a:   cc cc cc cc cc cc 48 83 ec 28 e8 f7 fe ff ff 4c 


Stack slot to memory mapping:
stack at sp + 0 slots: 0x0000000000000039 is an unknown value
stack at sp + 1 slots: 0x0000000800eee770 is a pointer to class: 
com.arenella.recruit.candidates.repos.CandidateRepository {0x0000000800eee778}
 - instance size:     2
 - klass size:        63
 - access:            public interface abstract 
 - state:             fully_initialized
 - name:              'com/arenella/recruit/candidates/repos/CandidateRepository'
 - super:             'java/lang/Object'
 - sub:               
 - nof implementors:  1
 - implementor:    
   'jdk/proxy2/$Proxy172'
 - arrays:            NULL
 - methods:           Array<T>(0x0000026d3688da80)
 - method ordering:   Array<T>(0x0000026d3688dc10)
 - default_methods:   Array<T>(0x0000000000000000)
 - local interfaces:  Array<T>(0x0000026d2f189478)
 - trans. interfaces: Array<T>(0x0000026d2f18a9e0)
 - constants:         constant pool [727]/operands[133] {0x0000026d3688e798} for 'com/arenella/recruit/candidates/repos/CandidateRepository' cache=0x0000026d36892da8
 - class loader data:  loader data: 0x0000026d275f62a0 for instance a 'jdk/internal/loader/ClassLoaders$AppClassLoader'{0x000000008288e628}
 - source file:       'CandidateRepository.java'
 - source debug extension:       SMAP
CandidateRepository.java
Java
*S jdt
*F
1 CandidateRepository.java
2 file:/C:/eclipse-projects/recruit/recruit/target/classes/
*L
*E

 - class annotations:       Array<T>(0x0000000000000000)
 - class type annotations:  Array<T>(0x0000000000000000)
 - field annotations:       Array<T>(0x0000000000000000)
 - field type annotations:  Array<T>(0x0000000000000000)
 - previous version:  constant pool [725]/operands[133] {0x0000026d2f18b790} for 'com/arenella/recruit/candidates/repos/CandidateRepository' (extra) cache=0x0000026d2f1970b8
 - generic signature: '
[error occurred during error reporting (inspecting top of stack), id 0xc0000005, EXCEPTION_ACCESS_VIOLATION (0xc0000005) at pc=0x00007ffe8ee5e266]


---------------  P R O C E S S  ---------------

Threads class SMR info:
_java_thread_list=0x0000026d2d785aa0, length=67, elements={
0x0000026d2683a6a0, 0x0000026d2683b790, 0x0000026d2684d520, 0x0000026d2684e0d0,
0x0000026d26850b90, 0x0000026d26854a40, 0x0000026d26855be0, 0x0000026d2685ee70,
0x0000026d27418050, 0x0000026d2746e150, 0x0000026d2767d660, 0x0000026d276c8990,
0x0000026d2766e810, 0x0000026d287d0380, 0x0000026d2824f7e0, 0x0000026d2dba11b0,
0x0000026d2dba3360, 0x0000026d2dba2020, 0x0000026d2dba3830, 0x0000026d2aebef70,
0x0000026d2aec0780, 0x0000026d2aec1120, 0x0000026d2aebf440, 0x0000026d2aec2460,
0x0000026d2aebfde0, 0x0000026d2aec2930, 0x0000026d2aec1f90, 0x0000026d2aec37a0,
0x0000026d2aec3c70, 0x0000026d2aec4140, 0x0000026d2dba3d00, 0x0000026d2dba0810,
0x0000026d355033c0, 0x0000026d355068b0, 0x0000026d35502080, 0x0000026d35508590,
0x0000026d355063e0, 0x0000026d35502ef0, 0x0000026d35507bf0, 0x0000026d35506d80,
0x0000026d35508a60, 0x0000026d35508f30, 0x0000026d355080c0, 0x0000026d355098d0,
0x0000026d35507250, 0x0000026d35509400, 0x0000026d35502550, 0x0000026d35502a20,
0x0000026d35503890, 0x0000026d35507720, 0x0000026d35503d60, 0x0000026d35504230,
0x0000026d35504700, 0x0000026d35505570, 0x0000026d35504bd0, 0x0000026d355050a0,
0x0000026d35505a40, 0x0000026d35505f10, 0x0000026d2aec0c50, 0x0000026d2aec4610,
0x0000026d2dba29c0, 0x0000026d2bd518b0, 0x0000026d2bd52720, 0x0000026d2bd560e0,
0x0000026d2bd57420, 0x0000026d2bd54da0, 0x0000026d2bd58c30
}

Java Threads: ( => current thread )
  0x0000026d2683a6a0 JavaThread "Reference Handler" daemon [_thread_blocked, id=20780, stack(0x000000fe61700000,0x000000fe61800000)]
  0x0000026d2683b790 JavaThread "Finalizer" daemon [_thread_blocked, id=14288, stack(0x000000fe61800000,0x000000fe61900000)]
  0x0000026d2684d520 JavaThread "Signal Dispatcher" daemon [_thread_blocked, id=21604, stack(0x000000fe61900000,0x000000fe61a00000)]
  0x0000026d2684e0d0 JavaThread "Attach Listener" daemon [_thread_blocked, id=25680, stack(0x000000fe61a00000,0x000000fe61b00000)]
  0x0000026d26850b90 JavaThread "Service Thread" daemon [_thread_blocked, id=1964, stack(0x000000fe61b00000,0x000000fe61c00000)]
  0x0000026d26854a40 JavaThread "Monitor Deflation Thread" daemon [_thread_blocked, id=20316, stack(0x000000fe61c00000,0x000000fe61d00000)]
  0x0000026d26855be0 JavaThread "C2 CompilerThread0" daemon [_thread_blocked, id=16220, stack(0x000000fe61d00000,0x000000fe61e00000)]
  0x0000026d2685ee70 JavaThread "C1 CompilerThread0" daemon [_thread_blocked, id=10560, stack(0x000000fe61e00000,0x000000fe61f00000)]
  0x0000026d27418050 JavaThread "Sweeper thread" daemon [_thread_blocked, id=13032, stack(0x000000fe61f00000,0x000000fe62000000)]
  0x0000026d2746e150 JavaThread "Common-Cleaner" daemon [_thread_blocked, id=11312, stack(0x000000fe62000000,0x000000fe62100000)]
=>0x0000026d2767d660 JavaThread "JDWP Transport Listener: dt_socket" daemon [_thread_in_vm, id=28224, stack(0x000000fe62200000,0x000000fe62300000)]
  0x0000026d276c8990 JavaThread "JDWP Event Helper Thread" daemon [_thread_blocked, id=23924, stack(0x000000fe62300000,0x000000fe62400000)]
  0x0000026d2766e810 JavaThread "JDWP Command Reader" daemon [_thread_in_native, id=30036, stack(0x000000fe62400000,0x000000fe62500000)]
  0x0000026d287d0380 JavaThread "Notification Thread" daemon [_thread_blocked, id=22952, stack(0x000000fe62500000,0x000000fe62600000)]
  0x0000026d2824f7e0 JavaThread "Catalina-utility-1" [_thread_blocked, id=26476, stack(0x000000fe62f00000,0x000000fe63000000)]
  0x0000026d2dba11b0 JavaThread "Catalina-utility-2" [_thread_blocked, id=24932, stack(0x000000fe63100000,0x000000fe63200000)]
  0x0000026d2dba3360 JavaThread "container-0" [_thread_blocked, id=25620, stack(0x000000fe63200000,0x000000fe63300000)]
  0x0000026d2dba2020 JavaThread "PostgreSQL-JDBC-Cleaner" daemon [_thread_blocked, id=27312, stack(0x000000fe63400000,0x000000fe63500000)]
  0x0000026d2dba3830 JavaThread "HikariPool-1 housekeeper" daemon [_thread_blocked, id=22100, stack(0x000000fe63500000,0x000000fe63600000)]
  0x0000026d2aebef70 JavaThread "pool-3-thread-1" [_thread_in_native, id=25468, stack(0x000000fe63600000,0x000000fe63700000)]
  0x0000026d2aec0780 JavaThread "I/O dispatcher 1" [_thread_in_native, id=10048, stack(0x000000fe63700000,0x000000fe63800000)]
  0x0000026d2aec1120 JavaThread "I/O dispatcher 2" [_thread_in_native, id=19164, stack(0x000000fe63800000,0x000000fe63900000)]
  0x0000026d2aebf440 JavaThread "I/O dispatcher 3" [_thread_in_native, id=32416, stack(0x000000fe63900000,0x000000fe63a00000)]
  0x0000026d2aec2460 JavaThread "I/O dispatcher 4" [_thread_in_native, id=16840, stack(0x000000fe63a00000,0x000000fe63b00000)]
  0x0000026d2aebfde0 JavaThread "I/O dispatcher 5" [_thread_in_native, id=21968, stack(0x000000fe63b00000,0x000000fe63c00000)]
  0x0000026d2aec2930 JavaThread "I/O dispatcher 6" [_thread_in_native, id=17136, stack(0x000000fe63c00000,0x000000fe63d00000)]
  0x0000026d2aec1f90 JavaThread "I/O dispatcher 7" [_thread_in_native, id=35216, stack(0x000000fe63d00000,0x000000fe63e00000)]
  0x0000026d2aec37a0 JavaThread "I/O dispatcher 8" [_thread_in_native, id=26856, stack(0x000000fe63e00000,0x000000fe63f00000)]
  0x0000026d2aec3c70 JavaThread "pool-5-thread-1" [_thread_blocked, id=32568, stack(0x000000fe63f00000,0x000000fe64000000)]
  0x0000026d2aec4140 JavaThread "pool-6-thread-1" [_thread_blocked, id=4592, stack(0x000000fe64100000,0x000000fe64200000)]
  0x0000026d2dba3d00 JavaThread "quartzScheduler_Worker-1" [_thread_blocked, id=6884, stack(0x000000fe64200000,0x000000fe64300000)]
  0x0000026d2dba0810 JavaThread "quartzScheduler_Worker-2" [_thread_blocked, id=34896, stack(0x000000fe64300000,0x000000fe64400000)]
  0x0000026d355033c0 JavaThread "quartzScheduler_Worker-3" [_thread_blocked, id=2952, stack(0x000000fe64400000,0x000000fe64500000)]
  0x0000026d355068b0 JavaThread "quartzScheduler_Worker-4" [_thread_blocked, id=34864, stack(0x000000fe64500000,0x000000fe64600000)]
  0x0000026d35502080 JavaThread "quartzScheduler_Worker-5" [_thread_blocked, id=16520, stack(0x000000fe64600000,0x000000fe64700000)]
  0x0000026d35508590 JavaThread "quartzScheduler_Worker-6" [_thread_blocked, id=30480, stack(0x000000fe64700000,0x000000fe64800000)]
  0x0000026d355063e0 JavaThread "quartzScheduler_Worker-7" [_thread_blocked, id=26612, stack(0x000000fe64800000,0x000000fe64900000)]
  0x0000026d35502ef0 JavaThread "quartzScheduler_Worker-8" [_thread_blocked, id=35044, stack(0x000000fe64900000,0x000000fe64a00000)]
  0x0000026d35507bf0 JavaThread "quartzScheduler_Worker-9" [_thread_blocked, id=17180, stack(0x000000fe64a00000,0x000000fe64b00000)]
  0x0000026d35506d80 JavaThread "quartzScheduler_Worker-10" [_thread_blocked, id=34808, stack(0x000000fe64b00000,0x000000fe64c00000)]
  0x0000026d35508a60 JavaThread "quartzScheduler_QuartzSchedulerThread" [_thread_blocked, id=23800, stack(0x000000fe64c00000,0x000000fe64d00000)]
  0x0000026d35508f30 JavaThread "http-nio-8080-exec-1" daemon [_thread_blocked, id=20992, stack(0x000000fe64d00000,0x000000fe64e00000)]
  0x0000026d355080c0 JavaThread "http-nio-8080-exec-2" daemon [_thread_blocked, id=26732, stack(0x000000fe64e00000,0x000000fe64f00000)]
  0x0000026d355098d0 JavaThread "http-nio-8080-exec-3" daemon [_thread_blocked, id=35228, stack(0x000000fe64f00000,0x000000fe65000000)]
  0x0000026d35507250 JavaThread "http-nio-8080-exec-4" daemon [_thread_blocked, id=26260, stack(0x000000fe65000000,0x000000fe65100000)]
  0x0000026d35509400 JavaThread "http-nio-8080-exec-5" daemon [_thread_blocked, id=8488, stack(0x000000fe65100000,0x000000fe65200000)]
  0x0000026d35502550 JavaThread "http-nio-8080-exec-6" daemon [_thread_blocked, id=34152, stack(0x000000fe65200000,0x000000fe65300000)]
  0x0000026d35502a20 JavaThread "http-nio-8080-exec-7" daemon [_thread_blocked, id=29312, stack(0x000000fe65300000,0x000000fe65400000)]
  0x0000026d35503890 JavaThread "http-nio-8080-exec-8" daemon [_thread_blocked, id=3428, stack(0x000000fe65400000,0x000000fe65500000)]
  0x0000026d35507720 JavaThread "http-nio-8080-exec-9" daemon [_thread_blocked, id=9828, stack(0x000000fe65500000,0x000000fe65600000)]
  0x0000026d35503d60 JavaThread "http-nio-8080-exec-10" daemon [_thread_blocked, id=28784, stack(0x000000fe65600000,0x000000fe65700000)]
  0x0000026d35504230 JavaThread "http-nio-8080-Poller" daemon [_thread_in_native, id=27576, stack(0x000000fe65700000,0x000000fe65800000)]
  0x0000026d35504700 JavaThread "http-nio-8080-Acceptor" daemon [_thread_in_native, id=29648, stack(0x000000fe65800000,0x000000fe65900000)]
  0x0000026d35505570 JavaThread "ajp-nio-127.0.0.1-9090-exec-1" daemon [_thread_blocked, id=33680, stack(0x000000fe65900000,0x000000fe65a00000)]
  0x0000026d35504bd0 JavaThread "ajp-nio-127.0.0.1-9090-exec-2" daemon [_thread_blocked, id=25804, stack(0x000000fe65a00000,0x000000fe65b00000)]
  0x0000026d355050a0 JavaThread "ajp-nio-127.0.0.1-9090-exec-3" daemon [_thread_blocked, id=34440, stack(0x000000fe65b00000,0x000000fe65c00000)]
  0x0000026d35505a40 JavaThread "ajp-nio-127.0.0.1-9090-exec-4" daemon [_thread_blocked, id=16588, stack(0x000000fe65c00000,0x000000fe65d00000)]
  0x0000026d35505f10 JavaThread "ajp-nio-127.0.0.1-9090-exec-5" daemon [_thread_blocked, id=35000, stack(0x000000fe65d00000,0x000000fe65e00000)]
  0x0000026d2aec0c50 JavaThread "ajp-nio-127.0.0.1-9090-exec-6" daemon [_thread_blocked, id=16660, stack(0x000000fe65e00000,0x000000fe65f00000)]
  0x0000026d2aec4610 JavaThread "ajp-nio-127.0.0.1-9090-exec-7" daemon [_thread_blocked, id=21384, stack(0x000000fe65f00000,0x000000fe66000000)]
  0x0000026d2dba29c0 JavaThread "ajp-nio-127.0.0.1-9090-exec-8" daemon [_thread_blocked, id=34508, stack(0x000000fe66000000,0x000000fe66100000)]
  0x0000026d2bd518b0 JavaThread "ajp-nio-127.0.0.1-9090-exec-9" daemon [_thread_blocked, id=31204, stack(0x000000fe66100000,0x000000fe66200000)]
  0x0000026d2bd52720 JavaThread "ajp-nio-127.0.0.1-9090-exec-10" daemon [_thread_blocked, id=20556, stack(0x000000fe66200000,0x000000fe66300000)]
  0x0000026d2bd560e0 JavaThread "ajp-nio-127.0.0.1-9090-Poller" daemon [_thread_in_native, id=4156, stack(0x000000fe66300000,0x000000fe66400000)]
  0x0000026d2bd57420 JavaThread "ajp-nio-127.0.0.1-9090-Acceptor" daemon [_thread_in_native, id=15684, stack(0x000000fe66400000,0x000000fe66500000)]
  0x0000026d2bd54da0 JavaThread "scheduling-1" [_thread_blocked, id=1956, stack(0x000000fe66500000,0x000000fe66600000)]
  0x0000026d2bd58c30 JavaThread "DestroyJavaVM" [_thread_blocked, id=6664, stack(0x000000fe61000000,0x000000fe61100000)]

Other Threads:
  0x0000026d26834aa0 VMThread "VM Thread" [stack: 0x000000fe61600000,0x000000fe61700000] [id=4276]
  0x0000026d28670230 WatcherThread [stack: 0x000000fe62600000,0x000000fe62700000] [id=26120]
  0x0000026d066ee770 GCTaskThread "GC Thread#0" [stack: 0x000000fe61100000,0x000000fe61200000] [id=31764]
  0x0000026d28990b00 GCTaskThread "GC Thread#1" [stack: 0x000000fe62700000,0x000000fe62800000] [id=18832]
  0x0000026d28a89340 GCTaskThread "GC Thread#2" [stack: 0x000000fe62800000,0x000000fe62900000] [id=33196]
  0x0000026d2884e5b0 GCTaskThread "GC Thread#3" [stack: 0x000000fe62900000,0x000000fe62a00000] [id=25368]
  0x0000026d280f3a90 GCTaskThread "GC Thread#4" [stack: 0x000000fe62a00000,0x000000fe62b00000] [id=3600]
  0x0000026d280f3d40 GCTaskThread "GC Thread#5" [stack: 0x000000fe62b00000,0x000000fe62c00000] [id=13956]
  0x0000026d285be090 GCTaskThread "GC Thread#6" [stack: 0x000000fe62c00000,0x000000fe62d00000] [id=33292]
  0x0000026d285bf760 GCTaskThread "GC Thread#7" [stack: 0x000000fe62d00000,0x000000fe62e00000] [id=25760]
  0x0000026d0880ea90 ConcurrentGCThread "G1 Main Marker" [stack: 0x000000fe61200000,0x000000fe61300000] [id=4312]
  0x0000026d088113d0 ConcurrentGCThread "G1 Conc#0" [stack: 0x000000fe61300000,0x000000fe61400000] [id=32412]
  0x0000026d2cd58b30 ConcurrentGCThread "G1 Conc#1" [stack: 0x000000fe62e00000,0x000000fe62f00000] [id=31552]
  0x0000026d266f24c0 ConcurrentGCThread "G1 Refine#0" [stack: 0x000000fe61400000,0x000000fe61500000] [id=2688]
  0x0000026d266f2ee0 ConcurrentGCThread "G1 Service" [stack: 0x000000fe61500000,0x000000fe61600000] [id=32748]

Threads with active compile tasks:

VM state: not at safepoint (normal execution)

VM Mutex/Monitor currently owned by a thread: None

Heap address: 0x0000000081c00000, size: 2020 MB, Compressed Oops mode: 32-bit

CDS archive(s) mapped at: [0x0000000800000000-0x0000000800bc0000-0x0000000800bc0000), size 12320768, SharedBaseAddress: 0x0000000800000000, ArchiveRelocationMode: 0.
Compressed class space mapped at: 0x0000000800c00000-0x0000000840c00000, reserved size: 1073741824
Narrow klass base: 0x0000000800000000, Narrow klass shift: 0, Narrow klass range: 0x100000000

GC Precious Log:
 CPUs: 8 total, 8 available
 Memory: 8079M
 Large Page Support: Disabled
 NUMA Support: Disabled
 Compressed Oops: Enabled (32-bit)
 Heap Region Size: 1M
 Heap Min Capacity: 8M
 Heap Initial Capacity: 128M
 Heap Max Capacity: 2020M
 Pre-touch: Disabled
 Parallel Workers: 8
 Concurrent Workers: 2
 Concurrent Refinement Workers: 8
 Periodic GC: Disabled

Heap:
 garbage-first heap   total 140288K, used 86244K [0x0000000081c00000, 0x0000000100000000)
  region size 1024K, 19 young (19456K), 1 survivors (1024K)
 Metaspace       used 103285K, committed 104064K, reserved 1146880K
  class space    used 13576K, committed 13952K, reserved 1048576K

Heap Regions: E=young(eden), S=young(survivor), O=old, HS=humongous(starts), HC=humongous(continues), CS=collection set, F=free, OA=open archive, CA=closed archive, TAMS=top-at-mark-start (previous, next)
|   0|0x0000000081c00000, 0x0000000081d00000, 0x0000000081d00000|100%|HS|  |TAMS 0x0000000081d00000, 0x0000000081c00000| Complete 
|   1|0x0000000081d00000, 0x0000000081e00000, 0x0000000081e00000|100%|HS|  |TAMS 0x0000000081e00000, 0x0000000081d00000| Complete 
|   2|0x0000000081e00000, 0x0000000081f00000, 0x0000000081f00000|100%|HC|  |TAMS 0x0000000081f00000, 0x0000000081e00000| Complete 
|   3|0x0000000081f00000, 0x0000000082000000, 0x0000000082000000|100%|HS|  |TAMS 0x0000000082000000, 0x0000000081f00000| Complete 
|   4|0x0000000082000000, 0x0000000082100000, 0x0000000082100000|100%| O|  |TAMS 0x0000000082100000, 0x0000000082000000| Untracked 
|   5|0x0000000082100000, 0x0000000082200000, 0x0000000082200000|100%| O|  |TAMS 0x0000000082200000, 0x0000000082100000| Untracked 
|   6|0x0000000082200000, 0x0000000082300000, 0x0000000082300000|100%| O|  |TAMS 0x0000000082300000, 0x0000000082200000| Untracked 
|   7|0x0000000082300000, 0x0000000082400000, 0x0000000082400000|100%| O|  |TAMS 0x0000000082400000, 0x0000000082300000| Untracked 
|   8|0x0000000082400000, 0x0000000082500000, 0x0000000082500000|100%| O|  |TAMS 0x0000000082500000, 0x0000000082400000| Untracked 
|   9|0x0000000082500000, 0x0000000082600000, 0x0000000082600000|100%| O|  |TAMS 0x0000000082600000, 0x0000000082500000| Untracked 
|  10|0x0000000082600000, 0x0000000082700000, 0x0000000082700000|100%| O|  |TAMS 0x0000000082700000, 0x0000000082600000| Untracked 
|  11|0x0000000082700000, 0x0000000082800000, 0x0000000082800000|100%| O|  |TAMS 0x0000000082800000, 0x0000000082700000| Untracked 
|  12|0x0000000082800000, 0x0000000082900000, 0x0000000082900000|100%| O|  |TAMS 0x0000000082900000, 0x0000000082800000| Untracked 
|  13|0x0000000082900000, 0x0000000082a00000, 0x0000000082a00000|100%| O|  |TAMS 0x0000000082a00000, 0x0000000082900000| Untracked 
|  14|0x0000000082a00000, 0x0000000082b00000, 0x0000000082b00000|100%| O|  |TAMS 0x0000000082b00000, 0x0000000082a00000| Untracked 
|  15|0x0000000082b00000, 0x0000000082c00000, 0x0000000082c00000|100%| O|  |TAMS 0x0000000082c00000, 0x0000000082b00000| Untracked 
|  16|0x0000000082c00000, 0x0000000082d00000, 0x0000000082d00000|100%| O|  |TAMS 0x0000000082d00000, 0x0000000082c00000| Untracked 
|  17|0x0000000082d00000, 0x0000000082e00000, 0x0000000082e00000|100%| O|  |TAMS 0x0000000082e00000, 0x0000000082d00000| Untracked 
|  18|0x0000000082e00000, 0x0000000082f00000, 0x0000000082f00000|100%| O|  |TAMS 0x0000000082f00000, 0x0000000082e00000| Untracked 
|  19|0x0000000082f00000, 0x0000000082f2ba00, 0x0000000083000000| 17%| O|  |TAMS 0x0000000082f00000, 0x0000000082f00000| Untracked 
|  20|0x0000000083000000, 0x0000000083000000, 0x0000000083100000|  0%| F|  |TAMS 0x0000000083000000, 0x0000000083000000| Untracked 
|  21|0x0000000083100000, 0x0000000083200000, 0x0000000083200000|100%| O|  |TAMS 0x0000000083200000, 0x0000000083100000| Untracked 
|  22|0x0000000083200000, 0x0000000083300000, 0x0000000083300000|100%| O|  |TAMS 0x0000000083300000, 0x0000000083200000| Untracked 
|  23|0x0000000083300000, 0x0000000083400000, 0x0000000083400000|100%| O|  |TAMS 0x0000000083400000, 0x0000000083300000| Untracked 
|  24|0x0000000083400000, 0x0000000083500000, 0x0000000083500000|100%| O|  |TAMS 0x0000000083500000, 0x0000000083400000| Untracked 
|  25|0x0000000083500000, 0x0000000083600000, 0x0000000083600000|100%| O|  |TAMS 0x0000000083600000, 0x0000000083500000| Untracked 
|  26|0x0000000083600000, 0x0000000083700000, 0x0000000083700000|100%| O|  |TAMS 0x0000000083700000, 0x0000000083600000| Untracked 
|  27|0x0000000083700000, 0x0000000083800000, 0x0000000083800000|100%| O|  |TAMS 0x0000000083800000, 0x0000000083700000| Untracked 
|  28|0x0000000083800000, 0x0000000083900000, 0x0000000083900000|100%| O|  |TAMS 0x0000000083900000, 0x0000000083800000| Untracked 
|  29|0x0000000083900000, 0x0000000083a00000, 0x0000000083a00000|100%| O|  |TAMS 0x0000000083a00000, 0x0000000083900000| Untracked 
|  30|0x0000000083a00000, 0x0000000083b00000, 0x0000000083b00000|100%| O|  |TAMS 0x0000000083b00000, 0x0000000083a00000| Untracked 
|  31|0x0000000083b00000, 0x0000000083c00000, 0x0000000083c00000|100%| O|  |TAMS 0x0000000083c00000, 0x0000000083b00000| Untracked 
|  32|0x0000000083c00000, 0x0000000083d00000, 0x0000000083d00000|100%| O|  |TAMS 0x0000000083d00000, 0x0000000083c00000| Untracked 
|  33|0x0000000083d00000, 0x0000000083e00000, 0x0000000083e00000|100%| O|  |TAMS 0x0000000083e00000, 0x0000000083d00000| Untracked 
|  34|0x0000000083e00000, 0x0000000083e00000, 0x0000000083f00000|  0%| F|  |TAMS 0x0000000083e00000, 0x0000000083e00000| Untracked 
|  35|0x0000000083f00000, 0x0000000084000000, 0x0000000084000000|100%| O|  |TAMS 0x0000000084000000, 0x0000000083f00000| Untracked 
|  36|0x0000000084000000, 0x0000000084100000, 0x0000000084100000|100%| O|  |TAMS 0x0000000084100000, 0x0000000084000000| Untracked 
|  37|0x0000000084100000, 0x0000000084200000, 0x0000000084200000|100%| O|  |TAMS 0x0000000084200000, 0x0000000084100000| Untracked 
|  38|0x0000000084200000, 0x0000000084300000, 0x0000000084300000|100%| O|  |TAMS 0x0000000084300000, 0x0000000084200000| Untracked 
|  39|0x0000000084300000, 0x0000000084400000, 0x0000000084400000|100%| O|  |TAMS 0x0000000084400000, 0x0000000084300000| Untracked 
|  40|0x0000000084400000, 0x0000000084500000, 0x0000000084500000|100%| O|  |TAMS 0x0000000084500000, 0x0000000084400000| Untracked 
|  41|0x0000000084500000, 0x0000000084600000, 0x0000000084600000|100%| O|  |TAMS 0x0000000084600000, 0x0000000084500000| Untracked 
|  42|0x0000000084600000, 0x0000000084700000, 0x0000000084700000|100%| O|  |TAMS 0x0000000084700000, 0x0000000084600000| Untracked 
|  43|0x0000000084700000, 0x0000000084800000, 0x0000000084800000|100%| O|  |TAMS 0x0000000084800000, 0x0000000084700000| Untracked 
|  44|0x0000000084800000, 0x0000000084900000, 0x0000000084900000|100%| O|  |TAMS 0x0000000084900000, 0x0000000084800000| Untracked 
|  45|0x0000000084900000, 0x0000000084a00000, 0x0000000084a00000|100%| O|  |TAMS 0x0000000084a00000, 0x0000000084900000| Untracked 
|  46|0x0000000084a00000, 0x0000000084b00000, 0x0000000084b00000|100%| O|  |TAMS 0x0000000084b00000, 0x0000000084a00000| Untracked 
|  47|0x0000000084b00000, 0x0000000084c00000, 0x0000000084c00000|100%| O|  |TAMS 0x0000000084c00000, 0x0000000084b00000| Untracked 
|  48|0x0000000084c00000, 0x0000000084d00000, 0x0000000084d00000|100%| O|  |TAMS 0x0000000084d00000, 0x0000000084c00000| Untracked 
|  49|0x0000000084d00000, 0x0000000084e00000, 0x0000000084e00000|100%| O|  |TAMS 0x0000000084e00000, 0x0000000084d00000| Untracked 
|  50|0x0000000084e00000, 0x0000000084f00000, 0x0000000084f00000|100%| O|  |TAMS 0x0000000084f00000, 0x0000000084e00000| Untracked 
|  51|0x0000000084f00000, 0x0000000085000000, 0x0000000085000000|100%| O|  |TAMS 0x0000000085000000, 0x0000000084f00000| Untracked 
|  52|0x0000000085000000, 0x0000000085100000, 0x0000000085100000|100%| O|  |TAMS 0x0000000085100000, 0x0000000085000000| Untracked 
|  53|0x0000000085100000, 0x0000000085200000, 0x0000000085200000|100%| O|  |TAMS 0x0000000085200000, 0x0000000085100000| Untracked 
|  54|0x0000000085200000, 0x0000000085200000, 0x0000000085300000|  0%| F|  |TAMS 0x0000000085200000, 0x0000000085200000| Untracked 
|  55|0x0000000085300000, 0x0000000085400000, 0x0000000085400000|100%| O|  |TAMS 0x0000000085400000, 0x0000000085300000| Untracked 
|  56|0x0000000085400000, 0x0000000085500000, 0x0000000085500000|100%| O|  |TAMS 0x0000000085500000, 0x0000000085400000| Untracked 
|  57|0x0000000085500000, 0x0000000085600000, 0x0000000085600000|100%| O|  |TAMS 0x0000000085600000, 0x0000000085500000| Untracked 
|  58|0x0000000085600000, 0x0000000085700000, 0x0000000085700000|100%| O|  |TAMS 0x0000000085700000, 0x0000000085600000| Untracked 
|  59|0x0000000085700000, 0x0000000085800000, 0x0000000085800000|100%| O|  |TAMS 0x0000000085800000, 0x0000000085700000| Untracked 
|  60|0x0000000085800000, 0x0000000085900000, 0x0000000085900000|100%| O|  |TAMS 0x0000000085900000, 0x0000000085800000| Untracked 
|  61|0x0000000085900000, 0x0000000085a00000, 0x0000000085a00000|100%| O|  |TAMS 0x0000000085a00000, 0x0000000085900000| Untracked 
|  62|0x0000000085a00000, 0x0000000085b00000, 0x0000000085b00000|100%| O|  |TAMS 0x0000000085b00000, 0x0000000085a00000| Untracked 
|  63|0x0000000085b00000, 0x0000000085c00000, 0x0000000085c00000|100%| O|  |TAMS 0x0000000085c00000, 0x0000000085b00000| Untracked 
|  64|0x0000000085c00000, 0x0000000085d00000, 0x0000000085d00000|100%| O|  |TAMS 0x0000000085d00000, 0x0000000085c00000| Untracked 
|  65|0x0000000085d00000, 0x0000000085e00000, 0x0000000085e00000|100%| O|  |TAMS 0x0000000085e00000, 0x0000000085d00000| Untracked 
|  66|0x0000000085e00000, 0x0000000085f00000, 0x0000000085f00000|100%| O|  |TAMS 0x0000000085f00000, 0x0000000085e00000| Untracked 
|  67|0x0000000085f00000, 0x0000000086000000, 0x0000000086000000|100%| O|  |TAMS 0x0000000086000000, 0x0000000085f00000| Untracked 
|  68|0x0000000086000000, 0x0000000086100000, 0x0000000086100000|100%| O|  |TAMS 0x000000008602fc00, 0x0000000086000000| Untracked 
|  69|0x0000000086100000, 0x0000000086100000, 0x0000000086200000|  0%| F|  |TAMS 0x0000000086100000, 0x0000000086100000| Untracked 
|  70|0x0000000086200000, 0x0000000086200000, 0x0000000086300000|  0%| F|  |TAMS 0x0000000086200000, 0x0000000086200000| Untracked 
|  71|0x0000000086300000, 0x0000000086300000, 0x0000000086400000|  0%| F|  |TAMS 0x0000000086300000, 0x0000000086300000| Untracked 
|  72|0x0000000086400000, 0x0000000086400000, 0x0000000086500000|  0%| F|  |TAMS 0x0000000086400000, 0x0000000086400000| Untracked 
|  73|0x0000000086500000, 0x0000000086500000, 0x0000000086600000|  0%| F|  |TAMS 0x0000000086500000, 0x0000000086500000| Untracked 
|  74|0x0000000086600000, 0x0000000086700000, 0x0000000086700000|100%| O|  |TAMS 0x0000000086700000, 0x0000000086600000| Untracked 
|  75|0x0000000086700000, 0x0000000086800000, 0x0000000086800000|100%| O|  |TAMS 0x0000000086800000, 0x0000000086700000| Untracked 
|  76|0x0000000086800000, 0x0000000086800000, 0x0000000086900000|  0%| F|  |TAMS 0x0000000086800000, 0x0000000086800000| Untracked 
|  77|0x0000000086900000, 0x0000000086900000, 0x0000000086a00000|  0%| F|  |TAMS 0x0000000086900000, 0x0000000086900000| Untracked 
|  78|0x0000000086a00000, 0x0000000086a00000, 0x0000000086b00000|  0%| F|  |TAMS 0x0000000086a00000, 0x0000000086a00000| Untracked 
|  79|0x0000000086b00000, 0x0000000086b00000, 0x0000000086c00000|  0%| F|  |TAMS 0x0000000086b00000, 0x0000000086b00000| Untracked 
|  80|0x0000000086c00000, 0x0000000086c00000, 0x0000000086d00000|  0%| F|  |TAMS 0x0000000086c00000, 0x0000000086c00000| Untracked 
|  81|0x0000000086d00000, 0x0000000086d00000, 0x0000000086e00000|  0%| F|  |TAMS 0x0000000086d00000, 0x0000000086d00000| Untracked 
|  82|0x0000000086e00000, 0x0000000086e00000, 0x0000000086f00000|  0%| F|  |TAMS 0x0000000086e00000, 0x0000000086e00000| Untracked 
|  83|0x0000000086f00000, 0x0000000086f00000, 0x0000000087000000|  0%| F|  |TAMS 0x0000000086f00000, 0x0000000086f00000| Untracked 
|  84|0x0000000087000000, 0x0000000087000000, 0x0000000087100000|  0%| F|  |TAMS 0x0000000087000000, 0x0000000087000000| Untracked 
|  85|0x0000000087100000, 0x0000000087100000, 0x0000000087200000|  0%| F|  |TAMS 0x0000000087100000, 0x0000000087100000| Untracked 
|  86|0x0000000087200000, 0x0000000087200000, 0x0000000087300000|  0%| F|  |TAMS 0x0000000087200000, 0x0000000087200000| Untracked 
|  87|0x0000000087300000, 0x0000000087300000, 0x0000000087400000|  0%| F|  |TAMS 0x0000000087300000, 0x0000000087300000| Untracked 
|  88|0x0000000087400000, 0x0000000087400000, 0x0000000087500000|  0%| F|  |TAMS 0x0000000087400000, 0x0000000087400000| Untracked 
|  89|0x0000000087500000, 0x0000000087500000, 0x0000000087600000|  0%| F|  |TAMS 0x0000000087500000, 0x0000000087500000| Untracked 
|  90|0x0000000087600000, 0x0000000087600000, 0x0000000087700000|  0%| F|  |TAMS 0x0000000087600000, 0x0000000087600000| Untracked 
|  91|0x0000000087700000, 0x0000000087700000, 0x0000000087800000|  0%| F|  |TAMS 0x0000000087700000, 0x0000000087700000| Untracked 
|  92|0x0000000087800000, 0x0000000087800000, 0x0000000087900000|  0%| F|  |TAMS 0x0000000087800000, 0x0000000087800000| Untracked 
|  93|0x0000000087900000, 0x0000000087900000, 0x0000000087a00000|  0%| F|  |TAMS 0x0000000087900000, 0x0000000087900000| Untracked 
|  94|0x0000000087a00000, 0x0000000087a00000, 0x0000000087b00000|  0%| F|  |TAMS 0x0000000087a00000, 0x0000000087a00000| Untracked 
|  95|0x0000000087b00000, 0x0000000087b00000, 0x0000000087c00000|  0%| F|  |TAMS 0x0000000087b00000, 0x0000000087b00000| Untracked 
|  96|0x0000000087c00000, 0x0000000087c00000, 0x0000000087d00000|  0%| F|  |TAMS 0x0000000087c00000, 0x0000000087c00000| Untracked 
|  97|0x0000000087d00000, 0x0000000087d00000, 0x0000000087e00000|  0%| F|  |TAMS 0x0000000087d00000, 0x0000000087d00000| Untracked 
|  98|0x0000000087e00000, 0x0000000087e00000, 0x0000000087f00000|  0%| F|  |TAMS 0x0000000087e00000, 0x0000000087e00000| Untracked 
|  99|0x0000000087f00000, 0x0000000087f00000, 0x0000000088000000|  0%| F|  |TAMS 0x0000000087f00000, 0x0000000087f00000| Untracked 
| 100|0x0000000088000000, 0x0000000088000000, 0x0000000088100000|  0%| F|  |TAMS 0x0000000088000000, 0x0000000088000000| Untracked 
| 101|0x0000000088100000, 0x0000000088100000, 0x0000000088200000|  0%| F|  |TAMS 0x0000000088100000, 0x0000000088100000| Untracked 
| 102|0x0000000088200000, 0x0000000088200000, 0x0000000088300000|  0%| F|  |TAMS 0x0000000088200000, 0x0000000088200000| Untracked 
| 103|0x0000000088300000, 0x0000000088300000, 0x0000000088400000|  0%| F|  |TAMS 0x0000000088300000, 0x0000000088300000| Untracked 
| 104|0x0000000088400000, 0x0000000088400000, 0x0000000088500000|  0%| F|  |TAMS 0x0000000088400000, 0x0000000088400000| Untracked 
| 105|0x0000000088500000, 0x0000000088500000, 0x0000000088600000|  0%| F|  |TAMS 0x0000000088500000, 0x0000000088500000| Untracked 
| 106|0x0000000088600000, 0x0000000088600000, 0x0000000088700000|  0%| F|  |TAMS 0x0000000088600000, 0x0000000088600000| Untracked 
| 107|0x0000000088700000, 0x0000000088700000, 0x0000000088800000|  0%| F|  |TAMS 0x0000000088700000, 0x0000000088700000| Untracked 
| 108|0x0000000088800000, 0x0000000088800000, 0x0000000088900000|  0%| F|  |TAMS 0x0000000088800000, 0x0000000088800000| Untracked 
| 109|0x0000000088900000, 0x0000000088900000, 0x0000000088a00000|  0%| F|  |TAMS 0x0000000088900000, 0x0000000088900000| Untracked 
| 110|0x0000000088a00000, 0x0000000088a00000, 0x0000000088b00000|  0%| F|  |TAMS 0x0000000088a00000, 0x0000000088a00000| Untracked 
| 111|0x0000000088b00000, 0x0000000088b00000, 0x0000000088c00000|  0%| F|  |TAMS 0x0000000088b00000, 0x0000000088b00000| Untracked 
| 112|0x0000000088c00000, 0x0000000088c00000, 0x0000000088d00000|  0%| F|  |TAMS 0x0000000088c00000, 0x0000000088c00000| Untracked 
| 113|0x0000000088d00000, 0x0000000088d00000, 0x0000000088e00000|  0%| F|  |TAMS 0x0000000088d00000, 0x0000000088d00000| Untracked 
| 114|0x0000000088e00000, 0x0000000088e00000, 0x0000000088f00000|  0%| F|  |TAMS 0x0000000088e00000, 0x0000000088e00000| Untracked 
| 115|0x0000000088f00000, 0x0000000088f00000, 0x0000000089000000|  0%| F|  |TAMS 0x0000000088f00000, 0x0000000088f00000| Untracked 
| 116|0x0000000089000000, 0x0000000089000000, 0x0000000089100000|  0%| F|  |TAMS 0x0000000089000000, 0x0000000089000000| Untracked 
| 117|0x0000000089100000, 0x0000000089100000, 0x0000000089200000|  0%| F|  |TAMS 0x0000000089100000, 0x0000000089100000| Untracked 
| 118|0x0000000089200000, 0x00000000892851e0, 0x0000000089300000| 51%| E|  |TAMS 0x0000000089200000, 0x0000000089200000| Complete 
| 119|0x0000000089300000, 0x0000000089400000, 0x0000000089400000|100%| E|CS|TAMS 0x0000000089300000, 0x0000000089300000| Complete 
| 120|0x0000000089400000, 0x0000000089500000, 0x0000000089500000|100%| E|CS|TAMS 0x0000000089400000, 0x0000000089400000| Complete 
| 121|0x0000000089500000, 0x0000000089600000, 0x0000000089600000|100%| E|CS|TAMS 0x0000000089500000, 0x0000000089500000| Complete 
| 122|0x0000000089600000, 0x0000000089700000, 0x0000000089700000|100%| E|CS|TAMS 0x0000000089600000, 0x0000000089600000| Complete 
| 123|0x0000000089700000, 0x0000000089800000, 0x0000000089800000|100%| E|CS|TAMS 0x0000000089700000, 0x0000000089700000| Complete 
| 124|0x0000000089800000, 0x0000000089900000, 0x0000000089900000|100%| E|CS|TAMS 0x0000000089800000, 0x0000000089800000| Complete 
| 125|0x0000000089900000, 0x0000000089a00000, 0x0000000089a00000|100%| E|CS|TAMS 0x0000000089900000, 0x0000000089900000| Complete 
| 126|0x0000000089a00000, 0x0000000089b00000, 0x0000000089b00000|100%| E|CS|TAMS 0x0000000089a00000, 0x0000000089a00000| Complete 
| 127|0x0000000089b00000, 0x0000000089c00000, 0x0000000089c00000|100%| E|CS|TAMS 0x0000000089b00000, 0x0000000089b00000| Complete 
| 128|0x0000000089c00000, 0x0000000089d00000, 0x0000000089d00000|100%| E|CS|TAMS 0x0000000089c00000, 0x0000000089c00000| Complete 
| 129|0x0000000089d00000, 0x0000000089e00000, 0x0000000089e00000|100%| E|CS|TAMS 0x0000000089d00000, 0x0000000089d00000| Complete 
| 130|0x0000000089e00000, 0x0000000089f00000, 0x0000000089f00000|100%| E|CS|TAMS 0x0000000089e00000, 0x0000000089e00000| Complete 
| 131|0x0000000089f00000, 0x0000000089f0d9a0, 0x000000008a000000|  5%| S|CS|TAMS 0x0000000089f00000, 0x0000000089f00000| Complete 
| 132|0x000000008a000000, 0x000000008a100000, 0x000000008a100000|100%| E|CS|TAMS 0x000000008a000000, 0x000000008a000000| Complete 
| 133|0x000000008a100000, 0x000000008a200000, 0x000000008a200000|100%| E|CS|TAMS 0x000000008a100000, 0x000000008a100000| Complete 
| 134|0x000000008a200000, 0x000000008a300000, 0x000000008a300000|100%| E|CS|TAMS 0x000000008a200000, 0x000000008a200000| Complete 
| 135|0x000000008a300000, 0x000000008a400000, 0x000000008a400000|100%| E|CS|TAMS 0x000000008a300000, 0x000000008a300000| Complete 
| 152|0x000000008b400000, 0x000000008b500000, 0x000000008b500000|100%| E|CS|TAMS 0x000000008b400000, 0x000000008b400000| Complete 

Card table byte_map: [0x0000026d1f720000,0x0000026d1fb20000] _byte_map_base: 0x0000026d1f312000

Marking Bits (Prev, Next): (CMBitMap*) 0x0000026d087fcfb0, (CMBitMap*) 0x0000026d087fcf70
 Prev Bits: [0x0000026d21eb0000, 0x0000026d23e40000)
 Next Bits: [0x0000026d1ff20000, 0x0000026d21eb0000)

Polling page: 0x0000026d06710000

Metaspace:

Usage:
  Non-class:     87.61 MB used.
      Class:     13.26 MB used.
       Both:    100.86 MB used.

Virtual space:
  Non-class space:       96.00 MB reserved,      88.00 MB ( 92%) committed,  12 nodes.
      Class space:        1.00 GB reserved,      13.62 MB (  1%) committed,  1 nodes.
             Both:        1.09 GB reserved,     101.62 MB (  9%) committed. 

Chunk freelists:
   Non-Class:  3.41 MB
       Class:  2.36 MB
        Both:  5.77 MB

MaxMetaspaceSize: unlimited
CompressedClassSpaceSize: 1.00 GB
Initial GC threshold: 21.00 MB
Current GC threshold: 168.69 MB
CDS: on
MetaspaceReclaimPolicy: balanced
 - commit_granule_bytes: 65536.
 - commit_granule_words: 8192.
 - virtual_space_node_default_size: 1048576.
 - enlarge_chunks_in_place: 1.
 - new_chunks_are_fully_committed: 0.
 - uncommit_free_chunks: 1.
 - use_allocation_guard: 0.
 - handle_deallocations: 1.


Internal statistics:

num_allocs_failed_limit: 12.
num_arena_births: 1254.
num_arena_deaths: 0.
num_vsnodes_births: 13.
num_vsnodes_deaths: 0.
num_space_committed: 1626.
num_space_uncommitted: 0.
num_chunks_returned_to_freelist: 12.
num_chunks_taken_from_freelist: 5158.
num_chunk_merges: 12.
num_chunk_splits: 3702.
num_chunks_enlarged: 2848.
num_purges: 0.
num_inconsistent_stats: 0.

CodeHeap 'non-profiled nmethods': size=120000Kb used=8428Kb max_used=8430Kb free=111571Kb
 bounds [0x0000026d17ac0000, 0x0000026d18310000, 0x0000026d1eff0000]
CodeHeap 'profiled nmethods': size=120000Kb used=24538Kb max_used=25612Kb free=95461Kb
 bounds [0x0000026d10590000, 0x0000026d11ea0000, 0x0000026d17ac0000]
CodeHeap 'non-nmethods': size=5760Kb used=1441Kb max_used=1541Kb free=4319Kb
 bounds [0x0000026d0fff0000, 0x0000026d10260000, 0x0000026d10590000]
 total_blobs=13146 nmethods=12434 adapters=622
 compilation: enabled
              stopped_count=0, restarted_count=0
 full_count=0

Compilation events (20 events):
Event: 264.975 Thread 0x0000026d26855be0 nmethod 15328 0x0000026d182fbb90 code [0x0000026d182fbe60, 0x0000026d182fe450]
Event: 264.975 Thread 0x0000026d26855be0 15355       4       org.hibernate.type.EntityType::deepCopy (2 bytes)
Event: 264.975 Thread 0x0000026d26855be0 nmethod 15355 0x0000026d180b6e90 code [0x0000026d180b7000, 0x0000026d180b7078]
Event: 264.979 Thread 0x0000026d2685ee70 15364       3       com.arenella.recruit.recruiters.beans.Recruiter::<init> (139 bytes)
Event: 264.980 Thread 0x0000026d26855be0 15368       4       java.util.ImmutableCollections$SetN::probe (56 bytes)
Event: 264.981 Thread 0x0000026d2685ee70 nmethod 15364 0x0000026d10b2f510 code [0x0000026d10b2f720, 0x0000026d10b2fef8]
Event: 264.981 Thread 0x0000026d2685ee70 15365       3       com.arenella.recruit.recruiters.utils.RecruiterSubscriptonScheduler$1$$Lambda$1797/0x000000080180f3b8::accept (12 bytes)
Event: 264.981 Thread 0x0000026d2685ee70 nmethod 15365 0x0000026d110a9210 code [0x0000026d110a93c0, 0x0000026d110a9608]
Event: 264.982 Thread 0x0000026d2685ee70 15366       3       com.arenella.recruit.recruiters.utils.RecruiterSubscriptonScheduler$1::lambda$0 (48 bytes)
Event: 264.983 Thread 0x0000026d2685ee70 nmethod 15366 0x0000026d116e1010 code [0x0000026d116e12a0, 0x0000026d116e2008]
Event: 264.983 Thread 0x0000026d2685ee70 15367       3       com.arenella.recruit.recruiters.utils.RecruiterSubscriptonScheduler$1$$Lambda$1799/0x000000080180f830::<init> (15 bytes)
Event: 264.983 Thread 0x0000026d2685ee70 nmethod 15367 0x0000026d11086210 code [0x0000026d110863c0, 0x0000026d110865d8]
Event: 264.983 Thread 0x0000026d2685ee70 15369       1       com.arenella.recruit.recruiters.beans.PaidPeriodRecruiterSubscription::getType (5 bytes)
Event: 264.984 Thread 0x0000026d2685ee70 nmethod 15369 0x0000026d180b6b90 code [0x0000026d180b6d20, 0x0000026d180b6df8]
Event: 264.986 Thread 0x0000026d26855be0 nmethod 15368 0x0000026d180b6590 code [0x0000026d180b6720, 0x0000026d180b6998]
Event: 264.990 Thread 0x0000026d2ad4c410 nmethod 15330 0x0000026d180b4990 code [0x0000026d180b4b80, 0x0000026d180b5a50]
Event: 273.327 Thread 0x0000026d2685ee70 15370       3       org.apache.http.impl.nio.reactor.DefaultConnectingIOReactor::processEvents (97 bytes)
Event: 273.330 Thread 0x0000026d2685ee70 nmethod 15370 0x0000026d1195a310 code [0x0000026d1195a5a0, 0x0000026d1195b248]
Event: 273.330 Thread 0x0000026d2685ee70 15371   !   3       org.apache.http.impl.nio.reactor.DefaultConnectingIOReactor::processSessionRequests (286 bytes)
Event: 273.349 Thread 0x0000026d2685ee70 nmethod 15371 0x0000026d10b69c90 code [0x0000026d10b6a260, 0x0000026d10b6d4e8]

GC Heap History (20 events):
Event: 25.563 GC heap before
{Heap before GC invocations=29 (full 0):
 garbage-first heap   total 140288K, used 115154K [0x0000000081c00000, 0x0000000100000000)
  region size 1024K, 61 young (62464K), 7 survivors (7168K)
 Metaspace       used 88541K, committed 89216K, reserved 1130496K
  class space    used 11698K, committed 12032K, reserved 1048576K
}
Event: 25.572 GC heap after
{Heap after GC invocations=30 (full 0):
 garbage-first heap   total 140288K, used 62239K [0x0000000081c00000, 0x0000000100000000)
  region size 1024K, 6 young (6144K), 6 survivors (6144K)
 Metaspace       used 88541K, committed 89216K, reserved 1130496K
  class space    used 11698K, committed 12032K, reserved 1048576K
}
Event: 26.383 GC heap before
{Heap before GC invocations=30 (full 0):
 garbage-first heap   total 140288K, used 116511K [0x0000000081c00000, 0x0000000100000000)
  region size 1024K, 59 young (60416K), 6 survivors (6144K)
 Metaspace       used 91819K, committed 92480K, reserved 1130496K
  class space    used 12145K, committed 12480K, reserved 1048576K
}
Event: 26.396 GC heap after
{Heap after GC invocations=31 (full 0):
 garbage-first heap   total 140288K, used 65113K [0x0000000081c00000, 0x0000000100000000)
  region size 1024K, 6 young (6144K), 6 survivors (6144K)
 Metaspace       used 91819K, committed 92480K, reserved 1130496K
  class space    used 12145K, committed 12480K, reserved 1048576K
}
Event: 31.804 GC heap before
{Heap before GC invocations=31 (full 0):
 garbage-first heap   total 140288K, used 116313K [0x0000000081c00000, 0x0000000100000000)
  region size 1024K, 57 young (58368K), 6 survivors (6144K)
 Metaspace       used 95793K, committed 96384K, reserved 1138688K
  class space    used 12683K, committed 12992K, reserved 1048576K
}
Event: 31.813 GC heap after
{Heap after GC invocations=32 (full 0):
 garbage-first heap   total 140288K, used 67601K [0x0000000081c00000, 0x0000000100000000)
  region size 1024K, 6 young (6144K), 6 survivors (6144K)
 Metaspace       used 95793K, committed 96384K, reserved 1138688K
  class space    used 12683K, committed 12992K, reserved 1048576K
}
Event: 33.736 GC heap before
{Heap before GC invocations=32 (full 0):
 garbage-first heap   total 140288K, used 115729K [0x0000000081c00000, 0x0000000100000000)
  region size 1024K, 54 young (55296K), 6 survivors (6144K)
 Metaspace       used 99656K, committed 100352K, reserved 1138688K
  class space    used 13226K, committed 13568K, reserved 1048576K
}
Event: 33.745 GC heap after
{Heap after GC invocations=33 (full 0):
 garbage-first heap   total 140288K, used 70958K [0x0000000081c00000, 0x0000000100000000)
  region size 1024K, 7 young (7168K), 7 survivors (7168K)
 Metaspace       used 99656K, committed 100352K, reserved 1138688K
  class space    used 13226K, committed 13568K, reserved 1048576K
}
Event: 33.791 GC heap before
{Heap before GC invocations=33 (full 0):
 garbage-first heap   total 140288K, used 75054K [0x0000000081c00000, 0x0000000100000000)
  region size 1024K, 12 young (12288K), 7 survivors (7168K)
 Metaspace       used 99934K, committed 100608K, reserved 1138688K
  class space    used 13267K, committed 13568K, reserved 1048576K
}
Event: 33.796 GC heap after
{Heap after GC invocations=34 (full 0):
 garbage-first heap   total 140288K, used 71627K [0x0000000081c00000, 0x0000000100000000)
  region size 1024K, 4 young (4096K), 4 survivors (4096K)
 Metaspace       used 99934K, committed 100608K, reserved 1138688K
  class space    used 13267K, committed 13568K, reserved 1048576K
}
Event: 106.270 GC heap before
{Heap before GC invocations=35 (full 0):
 garbage-first heap   total 140288K, used 122827K [0x0000000081c00000, 0x0000000100000000)
  region size 1024K, 48 young (49152K), 4 survivors (4096K)
 Metaspace       used 102027K, committed 102784K, reserved 1138688K
  class space    used 13571K, committed 13952K, reserved 1048576K
}
Event: 106.275 GC heap after
{Heap after GC invocations=36 (full 0):
 garbage-first heap   total 140288K, used 71501K [0x0000000081c00000, 0x0000000100000000)
  region size 1024K, 2 young (2048K), 2 survivors (2048K)
 Metaspace       used 102027K, committed 102784K, reserved 1138688K
  class space    used 13571K, committed 13952K, reserved 1048576K
}
Event: 106.598 GC heap before
{Heap before GC invocations=36 (full 0):
 garbage-first heap   total 140288K, used 75597K [0x0000000081c00000, 0x0000000100000000)
  region size 1024K, 6 young (6144K), 2 survivors (2048K)
 Metaspace       used 102190K, committed 102976K, reserved 1138688K
  class space    used 13571K, committed 13952K, reserved 1048576K
}
Event: 106.601 GC heap after
{Heap after GC invocations=37 (full 0):
 garbage-first heap   total 140288K, used 70129K [0x0000000081c00000, 0x0000000100000000)
  region size 1024K, 1 young (1024K), 1 survivors (1024K)
 Metaspace       used 102190K, committed 102976K, reserved 1138688K
  class space    used 13571K, committed 13952K, reserved 1048576K
}
Event: 131.309 GC heap before
{Heap before GC invocations=37 (full 0):
 garbage-first heap   total 140288K, used 117233K [0x0000000081c00000, 0x0000000100000000)
  region size 1024K, 47 young (48128K), 1 survivors (1024K)
 Metaspace       used 102813K, committed 103616K, reserved 1146880K
  class space    used 13572K, committed 13952K, reserved 1048576K
}
Event: 131.311 GC heap after
{Heap after GC invocations=38 (full 0):
 garbage-first heap   total 140288K, used 69900K [0x0000000081c00000, 0x0000000100000000)
  region size 1024K, 1 young (1024K), 1 survivors (1024K)
 Metaspace       used 102813K, committed 103616K, reserved 1146880K
  class space    used 13572K, committed 13952K, reserved 1048576K
}
Event: 133.306 GC heap before
{Heap before GC invocations=39 (full 0):
 garbage-first heap   total 140288K, used 118028K [0x0000000081c00000, 0x0000000100000000)
  region size 1024K, 48 young (49152K), 1 survivors (1024K)
 Metaspace       used 103014K, committed 103808K, reserved 1146880K
  class space    used 13572K, committed 13952K, reserved 1048576K
}
Event: 133.307 GC heap after
{Heap after GC invocations=40 (full 0):
 garbage-first heap   total 140288K, used 69883K [0x0000000081c00000, 0x0000000100000000)
  region size 1024K, 1 young (1024K), 1 survivors (1024K)
 Metaspace       used 103014K, committed 103808K, reserved 1146880K
  class space    used 13572K, committed 13952K, reserved 1048576K
}
Event: 133.484 GC heap before
{Heap before GC invocations=40 (full 0):
 garbage-first heap   total 140288K, used 75003K [0x0000000081c00000, 0x0000000100000000)
  region size 1024K, 6 young (6144K), 1 survivors (1024K)
 Metaspace       used 103014K, committed 103808K, reserved 1146880K
  class space    used 13572K, committed 13952K, reserved 1048576K
}
Event: 133.487 GC heap after
{Heap after GC invocations=41 (full 0):
 garbage-first heap   total 140288K, used 68836K [0x0000000081c00000, 0x0000000100000000)
  region size 1024K, 1 young (1024K), 1 survivors (1024K)
 Metaspace       used 103014K, committed 103808K, reserved 1146880K
  class space    used 13572K, committed 13952K, reserved 1048576K
}

Deoptimization events (20 events):
Event: 275.620 Thread 0x0000026d355098d0 DEOPT PACKING pc=0x0000026d11d1ce54 sp=0x000000fe64ff9b60
Event: 275.620 Thread 0x0000026d355098d0 DEOPT UNPACKING pc=0x0000026d10042b43 sp=0x000000fe64ff9018 mode 0
Event: 275.620 Thread 0x0000026d355098d0 DEOPT PACKING pc=0x0000026d11c9b66c sp=0x000000fe64ff9c10
Event: 275.620 Thread 0x0000026d355098d0 DEOPT UNPACKING pc=0x0000026d10042b43 sp=0x000000fe64ff9128 mode 0
Event: 275.620 Thread 0x0000026d355098d0 DEOPT PACKING pc=0x0000026d11b64f0c sp=0x000000fe64ff9d00
Event: 275.620 Thread 0x0000026d355098d0 DEOPT UNPACKING pc=0x0000026d10042b43 sp=0x000000fe64ff9178 mode 0
Event: 275.622 Thread 0x0000026d355098d0 DEOPT PACKING pc=0x0000026d17d91f30 sp=0x000000fe64ff9e20
Event: 275.622 Thread 0x0000026d355098d0 DEOPT UNPACKING pc=0x0000026d10042b43 sp=0x000000fe64ff92b8 mode 0
Event: 275.623 Thread 0x0000026d355098d0 DEOPT PACKING pc=0x0000026d11b6338c sp=0x000000fe64ff9e70
Event: 275.623 Thread 0x0000026d355098d0 DEOPT UNPACKING pc=0x0000026d10042b43 sp=0x000000fe64ff9320 mode 0
Event: 275.623 Thread 0x0000026d355098d0 DEOPT PACKING pc=0x0000026d17d91f30 sp=0x000000fe64ff9ee0
Event: 275.623 Thread 0x0000026d355098d0 DEOPT UNPACKING pc=0x0000026d10042b43 sp=0x000000fe64ff9378 mode 0
Event: 275.623 Thread 0x0000026d355098d0 DEOPT PACKING pc=0x0000026d11af40f4 sp=0x000000fe64ff9f30
Event: 275.623 Thread 0x0000026d355098d0 DEOPT UNPACKING pc=0x0000026d10042b43 sp=0x000000fe64ff94b8 mode 0
Event: 275.623 Thread 0x0000026d355098d0 DEOPT PACKING pc=0x0000026d11c99ecc sp=0x000000fe64ffa0c0
Event: 275.623 Thread 0x0000026d355098d0 DEOPT UNPACKING pc=0x0000026d10042b43 sp=0x000000fe64ff95b8 mode 0
Event: 277.645 Thread 0x0000026d2767d660 Uncommon trap: trap_request=0xffffff45 fr.pc=0x0000026d17f67434 relative=0x0000000000000114
Event: 277.645 Thread 0x0000026d2767d660 Uncommon trap: reason=unstable_if action=reinterpret pc=0x0000026d17f67434 method=sun.instrument.InstrumentationImpl.transform(Ljava/lang/Module;Ljava/lang/ClassLoader;Ljava/lang/String;Ljava/lang/Class;Ljava/security/ProtectionDomain;[BZ)[B @ 24 c2
Event: 277.645 Thread 0x0000026d2767d660 DEOPT PACKING pc=0x0000026d17f67434 sp=0x000000fe622fe4d0
Event: 277.646 Thread 0x0000026d2767d660 DEOPT UNPACKING pc=0x0000026d100423a3 sp=0x000000fe622fe498 mode 2

Classes unloaded (0 events):
No events

Classes redefined (1 events):
Event: 278.256 Thread 0x0000026d26834aa0 redefined class name=com.arenella.recruit.candidates.repos.CandidateRepository, count=1

Internal exceptions (20 events):
Event: 32.494 Thread 0x0000026d35502550 Exception <a 'java/lang/NoSuchMethodError'{0x0000000088ac9cd8}: 'java.lang.Object java.lang.invoke.Invokers$Holder.invoker(java.lang.Object, java.lang.Object, java.lang.Object, java.lang.Object)'> (0x0000000088ac9cd8) 
thrown [t:\workspace\open\src\hotspot\share\interpreter\linkResolver.cpp, line 766]
Event: 32.619 Thread 0x0000026d355098d0 Exception <a 'java/lang/NoSuchMethodError'{0x00000000884310d8}: 'java.lang.Object java.lang.invoke.DirectMethodHandle$Holder.invokeSpecialIFC(java.lang.Object, java.lang.Object, java.lang.Object, java.lang.Object, java.lang.Object)'> (0x00000000884310d8) 
thrown [t:\workspace\open\src\hotspot\share\interpreter\linkResolver.cpp, line 766]
Event: 32.620 Thread 0x0000026d355098d0 Exception <a 'java/lang/NoSuchMethodError'{0x0000000088439360}: 'java.lang.Object java.lang.invoke.Invokers$Holder.invoker(java.lang.Object, java.lang.Object, java.lang.Object, java.lang.Object, java.lang.Object)'> (0x0000000088439360) 
thrown [t:\workspace\open\src\hotspot\share\interpreter\linkResolver.cpp, line 766]
Event: 32.620 Thread 0x0000026d355080c0 Exception <a 'java/lang/NoSuchMethodError'{0x0000000088448d90}: 'java.lang.Object java.lang.invoke.DirectMethodHandle$Holder.invokeSpecialIFC(java.lang.Object, java.lang.Object)'> (0x0000000088448d90) 
thrown [t:\workspace\open\src\hotspot\share\interpreter\linkResolver.cpp, line 766]
Event: 33.527 Thread 0x0000026d35503890 Exception <a 'java/lang/NoSuchMethodError'{0x0000000087e486e0}: 'java.lang.Object java.lang.invoke.DirectMethodHandle$Holder.invokeSpecialIFC(java.lang.Object, java.lang.Object, long)'> (0x0000000087e486e0) 
thrown [t:\workspace\open\src\hotspot\share\interpreter\linkResolver.cpp, line 766]
Event: 33.528 Thread 0x0000026d35503890 Implicit null exception at 0x0000026d17e8aa37 to 0x0000026d17e8acbc
Event: 33.529 Thread 0x0000026d35503890 Exception <a 'java/lang/NoSuchMethodError'{0x0000000087e90188}: 'long java.lang.invoke.DirectMethodHandle$Holder.invokeStatic(java.lang.Object, java.lang.Object, int)'> (0x0000000087e90188) 
thrown [t:\workspace\open\src\hotspot\share\interpreter\linkResolver.cpp, line 766]
Event: 33.532 Thread 0x0000026d35503890 Exception <a 'java/lang/NoSuchMethodError'{0x0000000087ea8ab0}: 'java.lang.Object java.lang.invoke.DirectMethodHandle$Holder.invokeStatic(java.lang.Object, java.lang.Object, java.lang.Object, java.lang.Object, int)'> (0x0000000087ea8ab0) 
thrown [t:\workspace\open\src\hotspot\share\interpreter\linkResolver.cpp, line 766]
Event: 33.645 Thread 0x0000026d35507720 Exception <a 'java/lang/IncompatibleClassChangeError'{0x000000008785dae8}: Found class java.lang.Object, but interface was expected> (0x000000008785dae8) 
thrown [t:\workspace\open\src\hotspot\share\interpreter\linkResolver.cpp, line 833]
Event: 33.849 Thread 0x0000026d35503890 Exception <a 'java/lang/NoSuchMethodError'{0x000000008b4f64a8}: 'void java.lang.invoke.Invokers$Holder.invoke_MT(java.lang.Object, java.lang.Object, java.lang.Object, java.lang.Object)'> (0x000000008b4f64a8) 
thrown [t:\workspace\open\src\hotspot\share\interpreter\linkResolver.cpp, line 766]
Event: 33.859 Thread 0x0000026d35503890 Exception <a 'java/lang/NoSuchMethodError'{0x000000008a2a6a78}: 'int java.lang.invoke.DirectMethodHandle$Holder.invokeSpecial(java.lang.Object, java.lang.Object, java.lang.Object, int)'> (0x000000008a2a6a78) 
thrown [t:\workspace\open\src\hotspot\share\interpreter\linkResolver.cpp, line 766]
Event: 33.862 Thread 0x0000026d35503890 Exception <a 'java/lang/NoSuchMethodError'{0x000000008a2b8408}: 'void java.lang.invoke.DelegatingMethodHandle$Holder.reinvoke_L(java.lang.Object, java.lang.Object, int)'> (0x000000008a2b8408) 
thrown [t:\workspace\open\src\hotspot\share\interpreter\linkResolver.cpp, line 766]
Event: 33.921 Thread 0x0000026d35503890 Exception <a 'java/lang/NoSuchMethodError'{0x000000008a062450}: 'float java.lang.invoke.DelegatingMethodHandle$Holder.reinvoke_L(java.lang.Object, java.lang.Object, int)'> (0x000000008a062450) 
thrown [t:\workspace\open\src\hotspot\share\interpreter\linkResolver.cpp, line 766]
Event: 33.924 Thread 0x0000026d35503890 Exception <a 'java/lang/NoSuchMethodError'{0x000000008a06d680}: 'void java.lang.invoke.DelegatingMethodHandle$Holder.reinvoke_L(java.lang.Object, java.lang.Object, float)'> (0x000000008a06d680) 
thrown [t:\workspace\open\src\hotspot\share\interpreter\linkResolver.cpp, line 766]
Event: 34.082 Thread 0x0000026d35507250 Exception <a 'java/lang/ClassCastException'{0x00000000890a9180}: class java.lang.Class cannot be cast to class java.lang.reflect.ParameterizedType (java.lang.Class and java.lang.reflect.ParameterizedType are in module java.base of loader 'bootstrap')> (0x00000000890a9180) 
thrown [t:\workspace\open\src\hotspot\share\interpreter\interpreterRuntime.cpp, line 444]
Event: 34.098 Thread 0x0000026d35507250 Exception <a 'java/lang/ClassCastException'{0x0000000088f93cf8}: class java.lang.Class cannot be cast to class java.lang.reflect.ParameterizedType (java.lang.Class and java.lang.reflect.ParameterizedType are in module java.base of loader 'bootstrap')> (0x0000000088f93cf8) 
thrown [t:\workspace\open\src\hotspot\share\interpreter\interpreterRuntime.cpp, line 444]
Event: 40.860 Thread 0x0000026d355098d0 Exception <a 'java/lang/NoSuchMethodError'{0x00000000883875f0}: 'java.lang.Object java.lang.invoke.DirectMethodHandle$Holder.newInvokeSpecial(java.lang.Object, long)'> (0x00000000883875f0) 
thrown [t:\workspace\open\src\hotspot\share\interpreter\linkResolver.cpp, line 766]
Event: 76.148 Thread 0x0000026d355098d0 Implicit null exception at 0x0000026d181caf64 to 0x0000026d181cb3f4
Event: 76.148 Thread 0x0000026d355098d0 Implicit null exception at 0x0000026d181e6a52 to 0x0000026d181e89dc
Event: 144.897 Thread 0x0000026d2aec4140 Implicit null exception at 0x0000026d182c4c2b to 0x0000026d182c4fa8

VM Operations (20 events):
Event: 281.424 Executing VM operation: get/set locals
Event: 281.424 Executing VM operation: get/set locals done
Event: 281.424 Executing VM operation: get/set locals
Event: 281.424 Executing VM operation: get/set locals done
Event: 281.425 Executing VM operation: get/set locals
Event: 281.425 Executing VM operation: get/set locals done
Event: 281.425 Executing VM operation: get/set locals
Event: 281.426 Executing VM operation: get/set locals done
Event: 281.426 Executing VM operation: get/set locals
Event: 281.426 Executing VM operation: get/set locals done
Event: 281.427 Executing VM operation: get/set locals
Event: 281.427 Executing VM operation: get/set locals done
Event: 281.428 Executing VM operation: get/set locals
Event: 281.428 Executing VM operation: get/set locals done
Event: 281.428 Executing VM operation: get/set locals
Event: 281.429 Executing VM operation: get/set locals done
Event: 281.429 Executing VM operation: get/set locals
Event: 281.429 Executing VM operation: get/set locals done
Event: 284.430 Executing VM operation: Cleanup
Event: 284.430 Executing VM operation: Cleanup done

Events (20 events):
Event: 132.264 Thread 0x0000026d27418050 flushing nmethod 0x0000026d11b39d90
Event: 132.264 Thread 0x0000026d27418050 flushing nmethod 0x0000026d11b3b510
Event: 132.264 Thread 0x0000026d27418050 flushing nmethod 0x0000026d11b4d110
Event: 132.264 Thread 0x0000026d27418050 flushing nmethod 0x0000026d11b57190
Event: 132.264 Thread 0x0000026d27418050 flushing nmethod 0x0000026d11b6d810
Event: 132.264 Thread 0x0000026d27418050 flushing nmethod 0x0000026d11b71010
Event: 132.264 Thread 0x0000026d27418050 flushing nmethod 0x0000026d11b71a10
Event: 132.264 Thread 0x0000026d27418050 flushing nmethod 0x0000026d11ba1c10
Event: 132.264 Thread 0x0000026d27418050 flushing nmethod 0x0000026d11ba3f10
Event: 132.264 Thread 0x0000026d27418050 flushing nmethod 0x0000026d11bc1290
Event: 132.264 Thread 0x0000026d27418050 flushing nmethod 0x0000026d11bc6590
Event: 132.264 Thread 0x0000026d27418050 flushing nmethod 0x0000026d11bfde90
Event: 132.264 Thread 0x0000026d27418050 flushing nmethod 0x0000026d11c0b310
Event: 132.264 Thread 0x0000026d27418050 flushing nmethod 0x0000026d11c80e90
Event: 132.265 Thread 0x0000026d27418050 flushing nmethod 0x0000026d11d1df90
Event: 133.535 Thread 0x0000026d2ad4d340 Thread exited: 0x0000026d2ad4d340
Event: 144.953 Thread 0x0000026d2ad51510 Thread added: 0x0000026d2ad51510
Event: 149.974 Thread 0x0000026d2ad51510 Thread exited: 0x0000026d2ad51510
Event: 264.942 Thread 0x0000026d2ad4c410 Thread added: 0x0000026d2ad4c410
Event: 269.990 Thread 0x0000026d2ad4c410 Thread exited: 0x0000026d2ad4c410


Dynamic libraries:
0x00007ff76ab50000 - 0x00007ff76ab60000 	C:\Program Files\Java\jdk-17.0.2\bin\javaw.exe
0x00007ffeb7770000 - 0x00007ffeb7986000 	C:\WINDOWS\SYSTEM32\ntdll.dll
0x00007ffeb5fe0000 - 0x00007ffeb60a4000 	C:\WINDOWS\System32\KERNEL32.DLL
0x00007ffeb50f0000 - 0x00007ffeb5497000 	C:\WINDOWS\System32\KERNELBASE.dll
0x00007ffeb4da0000 - 0x00007ffeb4eb1000 	C:\WINDOWS\System32\ucrtbase.dll
0x00007ffe97380000 - 0x00007ffe97398000 	C:\Program Files\Java\jdk-17.0.2\bin\jli.dll
0x00007ffe944f0000 - 0x00007ffe9450a000 	C:\Program Files\Java\jdk-17.0.2\bin\VCRUNTIME140.dll
0x00007ffeb54f0000 - 0x00007ffeb55a2000 	C:\WINDOWS\System32\ADVAPI32.dll
0x00007ffeb5eb0000 - 0x00007ffeb5f57000 	C:\WINDOWS\System32\msvcrt.dll
0x00007ffeb5ca0000 - 0x00007ffeb5d48000 	C:\WINDOWS\System32\sechost.dll
0x00007ffeb4fd0000 - 0x00007ffeb4ff8000 	C:\WINDOWS\System32\bcrypt.dll
0x00007ffeb6a80000 - 0x00007ffeb6b95000 	C:\WINDOWS\System32\RPCRT4.dll
0x00007ffeb6710000 - 0x00007ffeb68be000 	C:\WINDOWS\System32\USER32.dll
0x00007ffeb50c0000 - 0x00007ffeb50e6000 	C:\WINDOWS\System32\win32u.dll
0x00007ffe9ac00000 - 0x00007ffe9ae93000 	C:\WINDOWS\WinSxS\amd64_microsoft.windows.common-controls_6595b64144ccf1df_6.0.22621.3235_none_270f74e173860f98\COMCTL32.dll
0x00007ffeb5bf0000 - 0x00007ffeb5c19000 	C:\WINDOWS\System32\GDI32.dll
0x00007ffeb4a90000 - 0x00007ffeb4ba9000 	C:\WINDOWS\System32\gdi32full.dll
0x00007ffeb4ec0000 - 0x00007ffeb4f5a000 	C:\WINDOWS\System32\msvcp_win.dll
0x00007ffeaf2a0000 - 0x00007ffeaf2aa000 	C:\WINDOWS\SYSTEM32\VERSION.dll
0x00007ffeb61b0000 - 0x00007ffeb61e1000 	C:\WINDOWS\System32\IMM32.DLL
0x00007ffe944e0000 - 0x00007ffe944ec000 	C:\Program Files\Java\jdk-17.0.2\bin\vcruntime140_1.dll
0x00007ffe93140000 - 0x00007ffe931cd000 	C:\Program Files\Java\jdk-17.0.2\bin\msvcp140.dll
0x00007ffe8e720000 - 0x00007ffe8f2e1000 	C:\Program Files\Java\jdk-17.0.2\bin\server\jvm.dll
0x00007ffeb5fc0000 - 0x00007ffeb5fc8000 	C:\WINDOWS\System32\PSAPI.DLL
0x00007ffeaeab0000 - 0x00007ffeaeae4000 	C:\WINDOWS\SYSTEM32\WINMM.dll
0x00007ffe94660000 - 0x00007ffe94669000 	C:\WINDOWS\SYSTEM32\WSOCK32.dll
0x00007ffeb5c20000 - 0x00007ffeb5c91000 	C:\WINDOWS\System32\WS2_32.dll
0x00007ffeb3b80000 - 0x00007ffeb3b98000 	C:\WINDOWS\SYSTEM32\kernel.appcore.dll
0x00007ffe93110000 - 0x00007ffe9311a000 	C:\Program Files\Java\jdk-17.0.2\bin\jimage.dll
0x00007ffeb0020000 - 0x00007ffeb0253000 	C:\WINDOWS\SYSTEM32\DBGHELP.DLL
0x00007ffeb5860000 - 0x00007ffeb5be8000 	C:\WINDOWS\System32\combase.dll
0x00007ffeb55b0000 - 0x00007ffeb5687000 	C:\WINDOWS\System32\OLEAUT32.dll
0x00007ffead160000 - 0x00007ffead192000 	C:\WINDOWS\SYSTEM32\dbgcore.DLL
0x00007ffeb4bb0000 - 0x00007ffeb4c29000 	C:\WINDOWS\System32\bcryptPrimitives.dll
0x00007ffe98990000 - 0x00007ffe989cb000 	C:\Program Files\Java\jdk-17.0.2\bin\jdwp.dll
0x00007ffeb03b0000 - 0x00007ffeb03be000 	C:\Program Files\Java\jdk-17.0.2\bin\instrument.dll
0x00007ffe930e0000 - 0x00007ffe93105000 	C:\Program Files\Java\jdk-17.0.2\bin\java.dll
0x00007ffe903e0000 - 0x00007ffe904b6000 	C:\Program Files\Java\jdk-17.0.2\bin\jsvml.dll
0x00007ffeb6e60000 - 0x00007ffeb76bc000 	C:\WINDOWS\System32\SHELL32.dll
0x00007ffeb29a0000 - 0x00007ffeb3299000 	C:\WINDOWS\SYSTEM32\windows.storage.dll
0x00007ffeb2860000 - 0x00007ffeb299e000 	C:\WINDOWS\SYSTEM32\wintypes.dll
0x00007ffeb60b0000 - 0x00007ffeb61a3000 	C:\WINDOWS\System32\SHCORE.dll
0x00007ffeb5f60000 - 0x00007ffeb5fbe000 	C:\WINDOWS\System32\shlwapi.dll
0x00007ffeb49c0000 - 0x00007ffeb49e1000 	C:\WINDOWS\SYSTEM32\profapi.dll
0x00007ffeaef20000 - 0x00007ffeaef2c000 	C:\Program Files\Java\jdk-17.0.2\bin\dt_socket.dll
0x00007ffeb3570000 - 0x00007ffeb359d000 	C:\WINDOWS\SYSTEM32\IPHLPAPI.DLL
0x00007ffeb3fe0000 - 0x00007ffeb4049000 	C:\WINDOWS\system32\mswsock.dll
0x00007ffeb35e0000 - 0x00007ffeb36d9000 	C:\WINDOWS\SYSTEM32\DNSAPI.dll
0x00007ffeb5fd0000 - 0x00007ffeb5fd9000 	C:\WINDOWS\System32\NSI.dll
0x00007ffea3390000 - 0x00007ffea339a000 	C:\Windows\System32\rasadhlp.dll
0x00007ffeae710000 - 0x00007ffeae793000 	C:\WINDOWS\System32\fwpuclnt.dll
0x00007ffe91120000 - 0x00007ffe91138000 	C:\Program Files\Java\jdk-17.0.2\bin\zip.dll
0x00007ffe93120000 - 0x00007ffe93139000 	C:\Program Files\Java\jdk-17.0.2\bin\net.dll
0x00007ffeaef90000 - 0x00007ffeaf0c6000 	C:\WINDOWS\SYSTEM32\WINHTTP.dll
0x00007ffe930c0000 - 0x00007ffe930d6000 	C:\Program Files\Java\jdk-17.0.2\bin\nio.dll
0x00007ffe82230000 - 0x00007ffe82240000 	C:\Program Files\Java\jdk-17.0.2\bin\verify.dll
0x00007ffe82240000 - 0x00007ffe8224e000 	C:\Program Files\Java\jdk-17.0.2\bin\sunmscapi.dll
0x00007ffeb4c30000 - 0x00007ffeb4d97000 	C:\WINDOWS\System32\CRYPT32.dll
0x00007ffeb4450000 - 0x00007ffeb447e000 	C:\WINDOWS\SYSTEM32\ncrypt.dll
0x00007ffeb4410000 - 0x00007ffeb4447000 	C:\WINDOWS\SYSTEM32\NTASN1.dll
0x00007ffeaef30000 - 0x00007ffeaef49000 	C:\WINDOWS\SYSTEM32\dhcpcsvc6.DLL
0x00007ffeaeeb0000 - 0x00007ffeaeecf000 	C:\WINDOWS\SYSTEM32\dhcpcsvc.DLL
0x00007ffeb41f0000 - 0x00007ffeb420b000 	C:\WINDOWS\SYSTEM32\CRYPTSP.dll
0x00007ffeb3ae0000 - 0x00007ffeb3b15000 	C:\WINDOWS\system32\rsaenh.dll
0x00007ffeb4090000 - 0x00007ffeb40b8000 	C:\WINDOWS\SYSTEM32\USERENV.dll
0x00007ffeb4210000 - 0x00007ffeb421c000 	C:\WINDOWS\SYSTEM32\CRYPTBASE.dll
0x00007ffe7cab0000 - 0x00007ffe7cab9000 	C:\Program Files\Java\jdk-17.0.2\bin\management.dll
0x00007ffe7ca60000 - 0x00007ffe7ca6b000 	C:\Program Files\Java\jdk-17.0.2\bin\management_ext.dll
0x00007ffe4aa00000 - 0x00007ffe4aa17000 	C:\WINDOWS\system32\napinsp.dll
0x00007ffe49c60000 - 0x00007ffe49c7b000 	C:\WINDOWS\system32\pnrpnsp.dll
0x00007ffe49c40000 - 0x00007ffe49c51000 	C:\WINDOWS\System32\winrnr.dll
0x00007ffe80d30000 - 0x00007ffe80d45000 	C:\WINDOWS\system32\wshbth.dll
0x00007ffe49c80000 - 0x00007ffe49ca1000 	C:\WINDOWS\system32\nlansp_c.dll
0x00007ffe7f840000 - 0x00007ffe7f848000 	C:\WINDOWS\system32\wshunix.dll

dbghelp: loaded successfully - version: 4.0.5 - missing functions: none
symbol engine: initialized successfully - sym options: 0x614 - pdb path: .;C:\Program Files\Java\jdk-17.0.2\bin;C:\WINDOWS\SYSTEM32;C:\WINDOWS\WinSxS\amd64_microsoft.windows.common-controls_6595b64144ccf1df_6.0.22621.3235_none_270f74e173860f98;C:\Program Files\Java\jdk-17.0.2\bin\server

VM Arguments:
jvm_args: -XX:+ShowCodeDetailsInExceptionMessages -agentlib:jdwp=transport=dt_socket,suspend=y,address=localhost:58320 -Dspring.profiles.active=local -javaagent:C:\Users\Hp\eclipse\java-2023-03\eclipse\configuration\org.eclipse.osgi\231\0\.cp\lib\javaagent-shaded.jar -Dfile.encoding=UTF-8 
java_command: com.arenella.recruit.RecruitApplication
java_class_path (initial): C:\eclipse-projects\recruit\recruit\target\classes;C:\Users\Hp\.p2\pool\plugins\org.junit_4.13.2.v20211018-1956.jar;C:\Users\Hp\.p2\pool\plugins\org.hamcrest.core_1.3.0.v20180420-1519.jar;C:\Users\Hp\.m2\repository\org\springframework\boot\spring-boot-starter-web\3.2.4\spring-boot-starter-web-3.2.4.jar;C:\Users\Hp\.m2\repository\org\springframework\boot\spring-boot-starter\3.2.4\spring-boot-starter-3.2.4.jar;C:\Users\Hp\.m2\repository\org\springframework\boot\spring-boot\3.2.4\spring-boot-3.2.4.jar;C:\Users\Hp\.m2\repository\org\springframework\boot\spring-boot-autoconfigure\3.2.4\spring-boot-autoconfigure-3.2.4.jar;C:\Users\Hp\.m2\repository\org\springframework\boot\spring-boot-starter-logging\3.2.4\spring-boot-starter-logging-3.2.4.jar;C:\Users\Hp\.m2\repository\ch\qos\logback\logback-classic\1.4.14\logback-classic-1.4.14.jar;C:\Users\Hp\.m2\repository\ch\qos\logback\logback-core\1.4.14\logback-core-1.4.14.jar;C:\Users\Hp\.m2\repository\org\springframework\boot\spring-boot-starter-json\3.2.4\spring-boot-starter-json-3.2.4.jar;C:\Users\Hp\.m2\repository\com\fasterxml\jackson\datatype\jackson-datatype-jdk8\2.15.4\jackson-datatype-jdk8-2.15.4.jar;C:\Users\Hp\.m2\repository\com\fasterxml\jackson\datatype\jackson-datatype-jsr310\2.15.4\jackson-datatype-jsr310-2.15.4.jar;C:\Users\Hp\.m2\repository\com\fasterxml\jackson\module\jackson-module-parameter-names\2.15.4\jackson-module-parameter-names-2.15.4.jar;C:\Users\Hp\.m2\repository\org\springframework\spring-web\6.1.5\spring-web-6.1.5.jar;C:\Users\Hp\.m2\repository\org\springframework\spring-beans\6.1.5\spring-beans-6.1.5.jar;C:\Users\Hp\.m2\repository\io\micrometer\micrometer-observation\1.12.4\micrometer-observation-1.12.4.jar;C:\Users\Hp\.m2\repository\io\micrometer\micrometer-commons\1.12.4\micrometer-commons-1.12.4.jar;C:\Users\Hp\.m2\repository\org\springframework\spring-webmvc\6.1.5\spring-webmvc-6.1.5.jar;C:\Users\Hp\.m2\repository\org\springframework\spring-expression\6.1.5\spring-ex
Launcher Type: SUN_STANDARD

[Global flags]
     intx CICompilerCount                          = 4                                         {product} {ergonomic}
     uint ConcGCThreads                            = 2                                         {product} {ergonomic}
     uint G1ConcRefinementThreads                  = 8                                         {product} {ergonomic}
   size_t G1HeapRegionSize                         = 1048576                                   {product} {ergonomic}
    uintx GCDrainStackTargetSize                   = 64                                        {product} {ergonomic}
   size_t InitialHeapSize                          = 134217728                                 {product} {ergonomic}
   size_t MarkStackSize                            = 4194304                                   {product} {ergonomic}
   size_t MaxHeapSize                              = 2118123520                                {product} {ergonomic}
   size_t MaxNewSize                               = 1270874112                                {product} {ergonomic}
   size_t MinHeapDeltaBytes                        = 1048576                                   {product} {ergonomic}
   size_t MinHeapSize                              = 8388608                                   {product} {ergonomic}
    uintx NonNMethodCodeHeapSize                   = 5839372                                {pd product} {ergonomic}
    uintx NonProfiledCodeHeapSize                  = 122909434                              {pd product} {ergonomic}
    uintx ProfiledCodeHeapSize                     = 122909434                              {pd product} {ergonomic}
    uintx ReservedCodeCacheSize                    = 251658240                              {pd product} {ergonomic}
     bool SegmentedCodeCache                       = true                                      {product} {ergonomic}
     bool ShowCodeDetailsInExceptionMessages       = true                                   {manageable} {command line}
   size_t SoftMaxHeapSize                          = 2118123520                             {manageable} {ergonomic}
     bool UseCompressedClassPointers               = true                           {product lp64_product} {ergonomic}
     bool UseCompressedOops                        = true                           {product lp64_product} {ergonomic}
     bool UseG1GC                                  = true                                      {product} {ergonomic}
     bool UseLargePagesIndividualAllocation        = false                                  {pd product} {ergonomic}

Logging:
Log output configuration:
 #0: stdout all=warning uptime,level,tags
 #1: stderr all=off uptime,level,tags

Environment Variables:
PATH=C:/Program Files/Java/jdk-17.0.2/bin/server;C:/Program Files/Java/jdk-17.0.2/bin;C:\Program Files\Eclipse Adoptium\jdk-17.0.7.7-hotspot\bin;C:\Python311\Scripts\;C:\Python311\;C:\Program Files\Common Files\Oracle\Java\javapath;C:\Program Files (x86)\Common Files\Oracle\Java\javapath;C:\windows\system32;C:\windows;C:\windows\System32\Wbem;C:\windows\System32\WindowsPowerShell\v1.0\;C:\windows\System32\OpenSSH\;C:\Program Files (x86)\NVIDIA Corporation\PhysX\Common;C:\Program Files\NVIDIA Corporation\NVIDIA NvDLISR;C:\java\jdk-14\bin;C:\WINDOWS\system32;C:\WINDOWS;C:\WINDOWS\System32\Wbem;C:\WINDOWS\System32\WindowsPowerShell\v1.0\;C:\WINDOWS\System32\OpenSSH\;C:\ProgramData\chocolatey\bin;C:\Program Files\Git\cmd;C:\maven\bin;C:\Users\Hp\AppData\Roaming\nvm;C:\Program Files\nodejs;C:\Program Files\Docker\Docker\resources\bin;C:\ProgramData\DockerDesktop\version-bin;C:\Program Files\nodejs\;C:\Program Files\PuTTY\;C:\Users\Hp\AppData\Local\Microsoft\WindowsApps;C:\Users\Hp\AppData\Local\Programs\Microsoft VS Code\bin;C:\Program Files\JetBrains\IntelliJ IDEA 2021.3.2\bin;;C:\Users\Hp\AppData\Roaming\nvm;C:\Program Files\nodejs;C:\Users\Hp\AppData\Roaming\npm;;C:\WINDOWS\system32;
USERNAME=Hp
OS=Windows_NT
PROCESSOR_IDENTIFIER=Intel64 Family 6 Model 142 Stepping 11, GenuineIntel



---------------  S Y S T E M  ---------------

OS:
 Windows 11 , 64 bit Build 22621 (10.0.22621.3374)
OS uptime: 5 days 17:42 hours
Hyper-V role detected

CPU: total 8 (initial active 8) (4 cores per cpu, 2 threads per core) family 6 model 142 stepping 11 microcode 0xde, cx8, cmov, fxsr, ht, mmx, 3dnowpref, sse, sse2, sse3, ssse3, sse4.1, sse4.2, popcnt, lzcnt, tsc, tscinvbit, avx, avx2, aes, erms, clmul, bmi1, bmi2, adx, fma, vzeroupper, clflush, clflushopt, hv

Memory: 4k page, system-wide physical 8079M (884M free)
TotalPageFile size 28418M (AvailPageFile size 4100M)
current process WorkingSet (physical memory assigned to process): 222M, peak: 425M
current process commit charge ("private bytes"): 434M, peak: 465M

vm_info: Java HotSpot(TM) 64-Bit Server VM (17.0.2+8-LTS-86) for windows-amd64 JRE (17.0.2+8-LTS-86), built on Dec  7 2021 21:51:03 by "mach5one" with MS VC++ 16.8 / 16.9 (VS2019)

END.
