#
# A fatal error has been detected by the Java Runtime Environment:
#
#  EXCEPTION_ACCESS_VIOLATION (0xc0000005) at pc=0x00007ff9baa3b980, pid=31652, tid=26000
#
# JRE version: Java(TM) SE Runtime Environment (21.0.5+9) (build 21.0.5+9-LTS-239)
# Java VM: Java HotSpot(TM) 64-Bit Server VM (21.0.5+9-LTS-239, mixed mode, sharing, tiered, compressed oops, compressed class ptrs, g1 gc, windows-amd64)
# Problematic frame:
# V  [jvm.dll+0x44b980]
#
# No core dump will be written. Minidumps are not enabled by default on client versions of Windows
#
# If you would like to submit a bug report, please visit:
#   https://bugreport.java.com/bugreport/crash.jsp
#

---------------  S U M M A R Y ------------

Command Line: -XX:+ShowCodeDetailsInExceptionMessages -agentlib:jdwp=transport=dt_socket,suspend=y,address=localhost:53722 -Dspring.profiles.active=local -javaagent:C:\Users\Hp\eclipse\java-2024-09\eclipse\configuration\org.eclipse.osgi\525\0\.cp\lib\javaagent-shaded.jar -Dfile.encoding=UTF-8 -Dstdout.encoding=UTF-8 -Dstderr.encoding=UTF-8 com.arenella.recruit.RecruitApplication

Host: Intel(R) Core(TM) i7-8565U CPU @ 1.80GHz, 8 cores, 7G,  Windows 11 , 64 bit Build 22621 (10.0.22621.4391)
Time: Fri Nov 15 18:24:34 2024 W. Europe Standard Time elapsed time: 76.657793 seconds (0d 0h 1m 16s)

---------------  T H R E A D  ---------------

Current thread (0x000001bc4132ef10):  JavaThread "JDWP Event Helper Thread" daemon [_thread_in_vm, id=26000, stack(0x0000005ef5a00000,0x0000005ef5b00000) (1024K)]

Stack: [0x0000005ef5a00000,0x0000005ef5b00000],  sp=0x0000005ef5aff6c0,  free space=1021k
Native frames: (J=compiled Java code, j=interpreted, Vv=VM code, C=native code)
V  [jvm.dll+0x44b980]
C  [jdwp.dll+0x28e8e]


siginfo: EXCEPTION_ACCESS_VIOLATION (0xc0000005), reading address 0x000001bcc5d84ec8


Registers:
RAX=0x000001bc87f02b00, RBX=0x000001bc4132ef10, RCX=0x0000000000000038, RDX=0x0000000000000010
RSP=0x0000005ef5aff6c0, RBP=0x000001bc4200e740, RSI=0x000001bc8ed0430a, RDI=0x000001bc8ed04300
R8 =0x000001bcc5d84e90, R9 =0x000001bc8ed0430a, R10=0x00007ffa89c50000, R11=0x000000000000ff00
R12=0x00007ffa61fa02d8, R13=0x00007ffa61fa0dd0, R14=0x000001bc4101a9ca, R15=0x00007ffa61f9c418
RIP=0x00007ff9baa3b980, EFLAGS=0x0000000000010206


Register to memory mapping:

RAX=0x000001bc87f02b00 points into unknown readable memory: 0x0000000089019b10 | 10 9b 01 89 00 00 00 00
RBX=0x000001bc4132ef10 is a thread
RCX=0x0000000000000038 is an unknown value
RDX=0x0000000000000010 is an unknown value
RSP=0x0000005ef5aff6c0 is pointing into the stack for thread: 0x000001bc4132ef10
RBP=0x000001bc4200e740 is a pointer to class: 
java.lang.String {0x000001bc4200e748}
 - instance size:     3
 - klass size:        82
 - access:            public final synchronized 
 - flags:             rewritten has_nonstatic_fields has_nonstatic_concrete_methods is_shared_boot_class has_localvariable_table has_resolved_methods 
 - state:             fully_initialized
 - name:              'java/lang/String'
 - super:             'java/lang/Object'
 - sub:               
 - arrays:            'java/lang/String'[]
 - methods:           Array<T>(0x000001bc42627910)
 - method ordering:   Array<T>(0x000001bc42627e58)
 - default_methods:   Array<T>(0x0000000000000000)
 - local interfaces:  Array<T>(0x000001bc42624b18)
 - trans. interfaces: Array<T>(0x000001bc42624b18)
 - constants:         constant pool [1444]/operands[28] {0x000001bc42624b70} for 'java/lang/String' cache=0x000001bc4245b530
 - class loader data:  loader data: 0x000001bc40ebc030 of 'bootstrap'
 - source file:       'String.java'
 - class annotations:       Array<T>(0x0000000000000000)
 - class type annotations:  Array<T>(0x0000000000000000)
 - field annotations:       Array<T>(0x000001bc42bf6758)
 - field type annotations:  Array<T>(0x0000000000000000)
 - generic signature: 'Ljava/lang/Object;Ljava/io/Serializable;Ljava/lang/Comparable<Ljava/lang/String;>;Ljava/lang/CharSequence;Ljava/lang/constant/Constable;Ljava/lang/constant/ConstantDesc;'
 - inner classes:     Array<T>(0x000001bc426278d0)
 - nest members:     Array<T>(0x000001bc42628160)
 - permitted subclasses:     Array<T>(0x000001bc42613e28)
 - java mirror:       a 'java/lang/Class'{0x0000000082870a80} = 'java/lang/String'
 - vtable length      5  (start addr: 0x000001bc4200e900)
 - itable length      20 (start addr: 0x000001bc4200e928)
 - ---- static fields (3 words):
 - private static final 'serialVersionUID' 'J' @120 
 - static final 'COMPACT_STRINGS' 'Z' @130 
 - private static final 'serialPersistentFields' '[Ljava/io/ObjectStreamField;' @112 
 - private static final 'REPL' 'C' @128 
 - public static final 'CASE_INSENSITIVE_ORDER' 'Ljava/util/Comparator;' @116 
 - static final 'LATIN1' 'B' @131 
 - static final 'UTF16' 'B' @132 
 - ---- non-static fields (3 words):
 - private 'hash' 'I' @12 
 - private final 'coder' 'B' @16 
 - private 'hashIsZero' 'Z' @17 
 - injected 'flags' 'B' @18 
 - private final 'value' '[B' @20 
 - non-static oop maps: 20-20 
RSI=0x000001bc8ed0430a is a global jni handle
RDI=0x000001bc8ed04300 points into unknown readable memory: 0x0000000082c1f5a8 | a8 f5 c1 82 00 00 00 00
R8 =0x000001bcc5d84e90 is an unknown value
R9 =0x000001bc8ed0430a is a global jni handle
R10=0x00007ffa89c50000 VCRUNTIME140.dll
R11=0x000000000000ff00 is an unknown value
R12=0x00007ffa61fa02d8 jdwp.dll
R13=0x00007ffa61fa0dd0 jdwp.dll
R14=0x000001bc4101a9ca is a global jni handle
R15=0x00007ffa61f9c418 jdwp.dll

Top of Stack: (sp=0x0000005ef5aff6c0)
0x0000005ef5aff6c0:   000001bc00000015 0000000000000000
0x0000005ef5aff6d0:   000001bc00000000 0000000000000000
0x0000005ef5aff6e0:   000001bc8ed0430a 00007ffa61f98e8e
0x0000005ef5aff6f0:   00007ffa61fa2c88 00007ffa61f9c404
0x0000005ef5aff700:   000001bc4132f2c8 000000000000004c
0x0000005ef5aff710:   00007ffa61fa0c01 000001bc4132f2c8
0x0000005ef5aff720:   0000000000000001 00007ffa61f8bc5b
0x0000005ef5aff730:   000001bc8ed0430a 0000005ef5aff8a0
0x0000005ef5aff740:   0000005ef5aff7d0 000000000000001b
0x0000005ef5aff750:   00007ffa61fa0c01 000001bc4132f2c8
0x0000005ef5aff760:   0000000000000001 00007ffa61f8b90b
0x0000005ef5aff770:   000001bc8f278138 0000005ef5aff8a0
0x0000005ef5aff780:   00007ffa61fa0c01 000001bc4132f2c8
0x0000005ef5aff790:   000001bc8f278168 00007ffa61f87dc9
0x0000005ef5aff7a0:   000001bc8f278138 0000000000000001
0x0000005ef5aff7b0:   0000000000000001 000001bc8ed0430a
0x0000005ef5aff7c0:   0000000000000064 0000000000000000
0x0000005ef5aff7d0:   0000005ef5aff84b 0000000000000101
0x0000005ef5aff7e0:   0000005ef5aff7e8 00007ff90000002b
0x0000005ef5aff7f0:   0000005ef5aff820 0000000000000000
0x0000005ef5aff800:   0000000000000000 0000007e4131ebc0
0x0000005ef5aff810:   756e654700644000 00007ff9ba9dc665
0x0000005ef5aff820:   00002a0100000001 0000000000002c00
0x0000005ef5aff830:   000000000001d500 8dbc010000e20000
0x0000005ef5aff840:   0000000000c01185 00007ff9ba1b0000
0x0000005ef5aff850:   ffffffffffffffff 00007ff9bab87d6e
0x0000005ef5aff860:   000001bc4132ef10 ffffffffffffffff
0x0000005ef5aff870:   000001bc4132ef10 00007ff9bab8767f
0x0000005ef5aff880:   0000000000000000 0000000000000000
0x0000005ef5aff890:   000001bc41305c00 0000000100000000
0x0000005ef5aff8a0:   000001bc4131ec00 00007ff9bab8783d
0x0000005ef5aff8b0:   000001bc4132ef10 00007ffa61fa2c88 

Instructions: (pc=0x00007ff9baa3b980)
0x00007ff9baa3b880:   08 48 8b cb e8 b7 f3 f9 ff 80 3d 99 7e 7d 00 00
0x00007ff9baa3b890:   c7 83 44 04 00 00 06 00 00 00 75 06 e8 bf f8 26
0x00007ff9baa3b8a0:   00 90 48 8b 83 48 04 00 00 a8 01 74 0d 45 33 c0
0x00007ff9baa3b8b0:   b2 01 48 8b cb e8 e6 f6 2d 00 8b 83 40 04 00 00
0x00007ff9baa3b8c0:   a8 0c 74 08 48 8b cb e8 24 08 fa ff c7 83 44 04
0x00007ff9baa3b8d0:   00 00 06 00 00 00 40 b7 01 48 85 f6 0f 84 c1 00
0x00007ff9baa3b8e0:   00 00 49 8b c6 48 89 6c 24 30 83 e0 03 40 32 ff
0x00007ff9baa3b8f0:   48 83 f8 01 75 0c 49 8d 4e ff ff 15 a0 f0 76 00
0x00007ff9baa3b900:   eb 15 48 83 f8 02 75 0c 49 8d 4e fe ff 15 0e 67
0x00007ff9baa3b910:   76 00 eb 03 49 8b 06 8b 15 53 8c 7d 00 48 8b c8
0x00007ff9baa3b920:   e8 7b 9a 26 00 48 8b e8 48 85 c0 74 71 48 8b c6
0x00007ff9baa3b930:   83 e0 03 48 83 f8 01 75 0c 48 8d 4e ff ff 15 5d
0x00007ff9baa3b940:   f0 76 00 eb 15 48 83 f8 02 75 0c 48 8d 4e fe ff
0x00007ff9baa3b950:   15 cb 66 76 00 eb 03 48 8b 06 40 38 3d 39 0c 77
0x00007ff9baa3b960:   00 74 16 44 8b 40 08 8b 0d 0b f6 76 00 49 d3 e0
0x00007ff9baa3b970:   4c 03 05 f9 f5 76 00 eb 04 4c 8b 40 08 8b 4d 14
0x00007ff9baa3b980:   4a 39 2c 01 75 05 40 b7 01 eb 13 83 f9 20 75 0e
0x00007ff9baa3b990:   48 8b d5 49 8b c8 e8 95 0a 16 00 0f b6 f8 48 8b
0x00007ff9baa3b9a0:   6c 24 30 48 8b b3 98 01 00 00 4c 8b 74 24 38 48
0x00007ff9baa3b9b0:   8b 46 10 48 83 38 00 74 08 48 8b ce e8 cf 21 f5
0x00007ff9baa3b9c0:   ff 48 8b 56 08 48 8b 4e 10 48 89 4a 10 48 8b 56
0x00007ff9baa3b9d0:   08 48 8b 4e 18 48 89 4a 18 48 8b 4e 20 48 8b 56
0x00007ff9baa3b9e0:   08 48 89 4a 20 48 8d 8b 98 03 00 00 e8 5f 7e ec
0x00007ff9baa3b9f0:   ff 48 8b 74 24 48 90 c7 83 44 04 00 00 04 00 00
0x00007ff9baa3ba00:   00 40 0f b6 c7 48 8b 5c 24 40 48 83 c4 20 5f c3
0x00007ff9baa3ba10:   48 89 5c 24 08 48 89 6c 24 10 48 89 74 24 18 48
0x00007ff9baa3ba20:   89 7c 24 20 41 56 48 83 ec 50 8b 81 b0 00 00 00
0x00007ff9baa3ba30:   48 8d 99 48 fc ff ff 05 53 21 ff ff 49 8b f1 49
0x00007ff9baa3ba40:   8b e8 4c 8b f2 48 8b f9 83 f8 01 77 08 48 8b cb
0x00007ff9baa3ba50:   e8 eb f1 f9 ff 80 3d cd 7c 7d 00 00 c7 83 44 04
0x00007ff9baa3ba60:   00 00 06 00 00 00 75 06 e8 f3 f6 26 00 90 48 8b
0x00007ff9baa3ba70:   83 48 04 00 00 a8 01 74 0d 45 33 c0 b2 01 48 8b 


Stack slot to memory mapping:

stack at sp + 0 slots: 0x000001bc00000015 is an unknown value
stack at sp + 1 slots: 0x0 is null
stack at sp + 2 slots: 0x000001bc00000000 is an unknown value
stack at sp + 3 slots: 0x0 is null
stack at sp + 4 slots: 0x000001bc8ed0430a is a global jni handle
stack at sp + 5 slots: 0x00007ffa61f98e8e jdwp.dll
stack at sp + 6 slots: 0x00007ffa61fa2c88 jdwp.dll
stack at sp + 7 slots: 0x00007ffa61f9c404 jdwp.dll


---------------  P R O C E S S  ---------------

Threads class SMR info:
_java_thread_list=0x000001bc8dfed8d0, length=68, elements={
0x000001bc41028d00, 0x000001bc41029c10, 0x000001bc4102d890, 0x000001bc41030690,
0x000001bc4103b100, 0x000001bc4104a0b0, 0x000001bc4103d690, 0x000001bc4103e120,
0x000001bc4104a740, 0x000001bc41354e80, 0x000001bc4132ef10, 0x000001bc413315a0,
0x000001bc4104add0, 0x000001bc8970c0a0, 0x000001bc89707870, 0x000001bc8970acf0,
0x000001bc89705e30, 0x000001bc8970c730, 0x000001bc8e1fe120, 0x000001bc8b894a00,
0x000001bc8b891c10, 0x000001bc8b891580, 0x000001bc8b895720, 0x000001bc8b895db0,
0x000001bc8b890ef0, 0x000001bc8b896ad0, 0x000001bc8b897160, 0x000001bc8ceb6e80,
0x000001bc8d37d060, 0x000001bc8d37d6f0, 0x000001bc8d37e410, 0x000001bc8d37dd80,
0x000001bc8e91ced0, 0x000001bc8a0e5880, 0x000001bc8a0e5f10, 0x000001bc8e91b490,
0x000001bc8e91e280, 0x000001bc8e91dbf0, 0x000001bc8e91e910, 0x000001bc8e91bb20,
0x000001bc8e91c1b0, 0x000001bc8e91d560, 0x000001bc8e91c840, 0x000001bc8c601ee0,
0x000001bc8c5ffe10, 0x000001bc8c5ff780, 0x000001bc8c600b30, 0x000001bc8c6004a0,
0x000001bc8c5fea60, 0x000001bc8c5ff0f0, 0x000001bc8c601850, 0x000001bc8c6011c0,
0x000001bc897eaef0, 0x000001bc897e94b0, 0x000001bc8cd91f20, 0x000001bc8b894370,
0x000001bc8b895090, 0x000001bc883840e0, 0x000001bc8e1fda90, 0x000001bc8ecff890,
0x000001bc8b896440, 0x000001bc897e7a70, 0x000001bc897e8100, 0x000001bc897e9b40,
0x000001bc8ed005b0, 0x000001bc8b8977f0, 0x000001bc8b892fc0, 0x000001bc8b898510
}

Java Threads: ( => current thread )
  0x000001bc41028d00 JavaThread "Reference Handler"          daemon [_thread_blocked, id=32120, stack(0x0000005ef5000000,0x0000005ef5100000) (1024K)]
  0x000001bc41029c10 JavaThread "Finalizer"                  daemon [_thread_blocked, id=30940, stack(0x0000005ef5100000,0x0000005ef5200000) (1024K)]
  0x000001bc4102d890 JavaThread "Signal Dispatcher"          daemon [_thread_blocked, id=34200, stack(0x0000005ef5200000,0x0000005ef5300000) (1024K)]
  0x000001bc41030690 JavaThread "Attach Listener"            daemon [_thread_blocked, id=24016, stack(0x0000005ef5300000,0x0000005ef5400000) (1024K)]
  0x000001bc4103b100 JavaThread "Service Thread"             daemon [_thread_blocked, id=34000, stack(0x0000005ef5400000,0x0000005ef5500000) (1024K)]
  0x000001bc4104a0b0 JavaThread "Monitor Deflation Thread"   daemon [_thread_blocked, id=29768, stack(0x0000005ef5500000,0x0000005ef5600000) (1024K)]
  0x000001bc4103d690 JavaThread "C2 CompilerThread0"         daemon [_thread_blocked, id=34648, stack(0x0000005ef5600000,0x0000005ef5700000) (1024K)]
  0x000001bc4103e120 JavaThread "C1 CompilerThread0"         daemon [_thread_blocked, id=33796, stack(0x0000005ef5700000,0x0000005ef5800000) (1024K)]
  0x000001bc4104a740 JavaThread "Common-Cleaner"             daemon [_thread_blocked, id=31404, stack(0x0000005ef5800000,0x0000005ef5900000) (1024K)]
  0x000001bc41354e80 JavaThread "JDWP Transport Listener: dt_socket" daemon [_thread_blocked, id=33176, stack(0x0000005ef5900000,0x0000005ef5a00000) (1024K)]
=>0x000001bc4132ef10 JavaThread "JDWP Event Helper Thread"   daemon [_thread_in_vm, id=26000, stack(0x0000005ef5a00000,0x0000005ef5b00000) (1024K)]
  0x000001bc413315a0 JavaThread "JDWP Command Reader"        daemon [_thread_in_native, id=13108, stack(0x0000005ef5b00000,0x0000005ef5c00000) (1024K)]
  0x000001bc4104add0 JavaThread "Notification Thread"        daemon [_thread_blocked, id=10180, stack(0x0000005ef5d00000,0x0000005ef5e00000) (1024K)]
  0x000001bc8970c0a0 JavaThread "Catalina-utility-1"                [_thread_blocked, id=34548, stack(0x0000005ef6700000,0x0000005ef6800000) (1024K)]
  0x000001bc89707870 JavaThread "Catalina-utility-2"                [_thread_blocked, id=30900, stack(0x0000005ef6800000,0x0000005ef6900000) (1024K)]
  0x000001bc8970acf0 JavaThread "container-0"                       [_thread_blocked, id=32916, stack(0x0000005ef6900000,0x0000005ef6a00000) (1024K)]
  0x000001bc89705e30 JavaThread "PostgreSQL-JDBC-Cleaner"    daemon [_thread_blocked, id=29248, stack(0x0000005ef6b00000,0x0000005ef6c00000) (1024K)]
  0x000001bc8970c730 JavaThread "HikariPool-1 housekeeper"   daemon [_thread_blocked, id=31204, stack(0x0000005ef6c00000,0x0000005ef6d00000) (1024K)]
  0x000001bc8e1fe120 JavaThread "pool-3-thread-1"                   [_thread_in_native, id=25964, stack(0x0000005ef6d00000,0x0000005ef6e00000) (1024K)]
  0x000001bc8b894a00 JavaThread "I/O dispatcher 1"                  [_thread_in_native, id=33908, stack(0x0000005ef6e00000,0x0000005ef6f00000) (1024K)]
  0x000001bc8b891c10 JavaThread "I/O dispatcher 2"                  [_thread_in_native, id=10448, stack(0x0000005ef6f00000,0x0000005ef7000000) (1024K)]
  0x000001bc8b891580 JavaThread "I/O dispatcher 3"                  [_thread_in_native, id=25200, stack(0x0000005ef7000000,0x0000005ef7100000) (1024K)]
  0x000001bc8b895720 JavaThread "I/O dispatcher 4"                  [_thread_in_native, id=33112, stack(0x0000005ef7100000,0x0000005ef7200000) (1024K)]
  0x000001bc8b895db0 JavaThread "I/O dispatcher 5"                  [_thread_in_native, id=4268, stack(0x0000005ef7200000,0x0000005ef7300000) (1024K)]
  0x000001bc8b890ef0 JavaThread "I/O dispatcher 6"                  [_thread_in_native, id=30440, stack(0x0000005ef7300000,0x0000005ef7400000) (1024K)]
  0x000001bc8b896ad0 JavaThread "I/O dispatcher 7"                  [_thread_in_native, id=9336, stack(0x0000005ef7400000,0x0000005ef7500000) (1024K)]
  0x000001bc8b897160 JavaThread "I/O dispatcher 8"                  [_thread_in_native, id=33992, stack(0x0000005ef7500000,0x0000005ef7600000) (1024K)]
  0x000001bc8ceb6e80 JavaThread "pool-5-thread-1"                   [_thread_blocked, id=30288, stack(0x0000005ef7600000,0x0000005ef7700000) (1024K)]
  0x000001bc8d37d060 JavaThread "pool-6-thread-1"                   [_thread_blocked, id=30564, stack(0x0000005ef7700000,0x0000005ef7800000) (1024K)]
  0x000001bc8d37d6f0 JavaThread "quartzScheduler_Worker-1"          [_thread_blocked, id=28656, stack(0x0000005ef7800000,0x0000005ef7900000) (1024K)]
  0x000001bc8d37e410 JavaThread "quartzScheduler_Worker-2"          [_thread_blocked, id=14776, stack(0x0000005ef7900000,0x0000005ef7a00000) (1024K)]
  0x000001bc8d37dd80 JavaThread "quartzScheduler_Worker-3"          [_thread_blocked, id=8668, stack(0x0000005ef7a00000,0x0000005ef7b00000) (1024K)]
  0x000001bc8e91ced0 JavaThread "quartzScheduler_Worker-4"          [_thread_blocked, id=22108, stack(0x0000005ef7b00000,0x0000005ef7c00000) (1024K)]
  0x000001bc8a0e5880 JavaThread "quartzScheduler_Worker-5"          [_thread_blocked, id=31276, stack(0x0000005ef7c00000,0x0000005ef7d00000) (1024K)]
  0x000001bc8a0e5f10 JavaThread "quartzScheduler_Worker-6"          [_thread_blocked, id=26936, stack(0x0000005ef7d00000,0x0000005ef7e00000) (1024K)]
  0x000001bc8e91b490 JavaThread "quartzScheduler_Worker-7"          [_thread_blocked, id=24796, stack(0x0000005ef7e00000,0x0000005ef7f00000) (1024K)]
  0x000001bc8e91e280 JavaThread "quartzScheduler_Worker-8"          [_thread_blocked, id=31160, stack(0x0000005ef7f00000,0x0000005ef8000000) (1024K)]
  0x000001bc8e91dbf0 JavaThread "quartzScheduler_Worker-9"          [_thread_blocked, id=22360, stack(0x0000005ef8000000,0x0000005ef8100000) (1024K)]
  0x000001bc8e91e910 JavaThread "quartzScheduler_Worker-10"         [_thread_blocked, id=32252, stack(0x0000005ef8100000,0x0000005ef8200000) (1024K)]
  0x000001bc8e91bb20 JavaThread "quartzScheduler_QuartzSchedulerThread"        [_thread_blocked, id=25748, stack(0x0000005ef8200000,0x0000005ef8300000) (1024K)]
  0x000001bc8e91c1b0 JavaThread "http-nio-8080-Poller"       daemon [_thread_in_native, id=21772, stack(0x0000005ef8300000,0x0000005ef8400000) (1024K)]
  0x000001bc8e91d560 JavaThread "http-nio-8080-Acceptor"     daemon [_thread_in_native, id=30180, stack(0x0000005ef8400000,0x0000005ef8500000) (1024K)]
  0x000001bc8e91c840 JavaThread "ajp-nio-127.0.0.1-9090-exec-1" daemon [_thread_blocked, id=22976, stack(0x0000005ef8500000,0x0000005ef8600000) (1024K)]
  0x000001bc8c601ee0 JavaThread "ajp-nio-127.0.0.1-9090-exec-2" daemon [_thread_blocked, id=27332, stack(0x0000005ef8600000,0x0000005ef8700000) (1024K)]
  0x000001bc8c5ffe10 JavaThread "ajp-nio-127.0.0.1-9090-exec-3" daemon [_thread_blocked, id=26268, stack(0x0000005ef8700000,0x0000005ef8800000) (1024K)]
  0x000001bc8c5ff780 JavaThread "ajp-nio-127.0.0.1-9090-exec-4" daemon [_thread_blocked, id=31784, stack(0x0000005ef8800000,0x0000005ef8900000) (1024K)]
  0x000001bc8c600b30 JavaThread "ajp-nio-127.0.0.1-9090-exec-5" daemon [_thread_blocked, id=30100, stack(0x0000005ef8900000,0x0000005ef8a00000) (1024K)]
  0x000001bc8c6004a0 JavaThread "ajp-nio-127.0.0.1-9090-exec-6" daemon [_thread_blocked, id=14416, stack(0x0000005ef8a00000,0x0000005ef8b00000) (1024K)]
  0x000001bc8c5fea60 JavaThread "ajp-nio-127.0.0.1-9090-exec-7" daemon [_thread_blocked, id=31844, stack(0x0000005ef8b00000,0x0000005ef8c00000) (1024K)]
  0x000001bc8c5ff0f0 JavaThread "ajp-nio-127.0.0.1-9090-exec-8" daemon [_thread_blocked, id=34428, stack(0x0000005ef8c00000,0x0000005ef8d00000) (1024K)]
  0x000001bc8c601850 JavaThread "ajp-nio-127.0.0.1-9090-exec-9" daemon [_thread_blocked, id=4128, stack(0x0000005ef8d00000,0x0000005ef8e00000) (1024K)]
  0x000001bc8c6011c0 JavaThread "ajp-nio-127.0.0.1-9090-exec-10" daemon [_thread_blocked, id=31708, stack(0x0000005ef8e00000,0x0000005ef8f00000) (1024K)]
  0x000001bc897eaef0 JavaThread "ajp-nio-127.0.0.1-9090-Poller" daemon [_thread_in_native, id=24040, stack(0x0000005ef8f00000,0x0000005ef9000000) (1024K)]
  0x000001bc897e94b0 JavaThread "ajp-nio-127.0.0.1-9090-Acceptor" daemon [_thread_in_native, id=29428, stack(0x0000005ef9000000,0x0000005ef9100000) (1024K)]
  0x000001bc8cd91f20 JavaThread "ForkJoinPool-1-worker-1"    daemon [_thread_blocked, id=31292, stack(0x0000005ef9100000,0x0000005ef9200000) (1024K)]
  0x000001bc8b894370 JavaThread "ForkJoinPool-1-worker-2"    daemon [_thread_blocked, id=2128, stack(0x0000005ef9200000,0x0000005ef9300000) (1024K)]
  0x000001bc8b895090 JavaThread "VirtualThread-unparker"     daemon [_thread_blocked, id=30560, stack(0x0000005ef9300000,0x0000005ef9400000) (1024K)]
  0x000001bc883840e0 JavaThread "ForkJoinPool-1-worker-3"    daemon [_thread_blocked, id=34608, stack(0x0000005ef9400000,0x0000005ef9500000) (1024K)]
  0x000001bc8e1fda90 JavaThread "ForkJoinPool-1-worker-4"    daemon [_thread_blocked, id=34064, stack(0x0000005ef9500000,0x0000005ef9600000) (1024K)]
  0x000001bc8ecff890 JavaThread "ForkJoinPool-1-worker-5"    daemon [_thread_blocked, id=28840, stack(0x0000005ef9600000,0x0000005ef9700000) (1024K)]
  0x000001bc8b896440 JavaThread "DestroyJavaVM"                     [_thread_blocked, id=32272, stack(0x0000005ef4800000,0x0000005ef4900000) (1024K)]
  0x000001bc897e7a70 JavaThread "ForkJoinPool-1-worker-6"    daemon [_thread_blocked, id=32856, stack(0x0000005ef9700000,0x0000005ef9800000) (1024K)]
  0x000001bc897e8100 JavaThread "ForkJoinPool-1-worker-7"    daemon [_thread_blocked, id=24912, stack(0x0000005ef9800000,0x0000005ef9900000) (1024K)]
  0x000001bc897e9b40 JavaThread "ForkJoinPool-1-worker-8"    daemon [_thread_blocked, id=23544, stack(0x0000005ef9900000,0x0000005ef9a00000) (1024K)]
  0x000001bc8ed005b0 JavaThread "Read-Poller"                daemon [_thread_in_native, id=34752, stack(0x0000005ef9b00000,0x0000005ef9c00000) (1024K)]
  0x000001bc8b8977f0 JavaThread "Read-Updater"               daemon [_thread_blocked, id=29056, stack(0x0000005ef9c00000,0x0000005ef9d00000) (1024K)]
  0x000001bc8b892fc0 JavaThread "Write-Poller"               daemon [_thread_in_native, id=20780, stack(0x0000005ef9d00000,0x0000005ef9e00000) (1024K)]
  0x000001bc8b898510 JavaThread "Write-Updater"              daemon [_thread_blocked, id=34616, stack(0x0000005ef9e00000,0x0000005ef9f00000) (1024K)]
Total: 68

Other Threads:
  0x000001bc4100de40 VMThread "VM Thread"                           [id=26704, stack(0x0000005ef4f00000,0x0000005ef5000000) (1024K)]
  0x000001bc40ff9bc0 WatcherThread "VM Periodic Task Thread"        [id=30344, stack(0x0000005ef4e00000,0x0000005ef4f00000) (1024K)]
  0x000001bc2470cbb0 WorkerThread "GC Thread#0"                     [id=28076, stack(0x0000005ef4900000,0x0000005ef4a00000) (1024K)]
  0x000001bc87974c80 WorkerThread "GC Thread#1"                     [id=28300, stack(0x0000005ef5e00000,0x0000005ef5f00000) (1024K)]
  0x000001bc87975020 WorkerThread "GC Thread#2"                     [id=25752, stack(0x0000005ef5f00000,0x0000005ef6000000) (1024K)]
  0x000001bc87ab49a0 WorkerThread "GC Thread#3"                     [id=33216, stack(0x0000005ef6000000,0x0000005ef6100000) (1024K)]
  0x000001bc879fac10 WorkerThread "GC Thread#4"                     [id=3332, stack(0x0000005ef6100000,0x0000005ef6200000) (1024K)]
  0x000001bc87700220 WorkerThread "GC Thread#5"                     [id=23220, stack(0x0000005ef6200000,0x0000005ef6300000) (1024K)]
  0x000001bc87700dd0 WorkerThread "GC Thread#6"                     [id=27008, stack(0x0000005ef6300000,0x0000005ef6400000) (1024K)]
  0x000001bc880d22a0 WorkerThread "GC Thread#7"                     [id=31544, stack(0x0000005ef6400000,0x0000005ef6500000) (1024K)]
  0x000001bc2471f170 ConcurrentGCThread "G1 Main Marker"            [id=25504, stack(0x0000005ef4a00000,0x0000005ef4b00000) (1024K)]
  0x000001bc2471fc70 WorkerThread "G1 Conc#0"                       [id=25776, stack(0x0000005ef4b00000,0x0000005ef4c00000) (1024K)]
  0x000001bc880d29e0 WorkerThread "G1 Conc#1"                       [id=4696, stack(0x0000005ef6600000,0x0000005ef6700000) (1024K)]
  0x000001bc40ebd9c0 ConcurrentGCThread "G1 Refine#0"               [id=25080, stack(0x0000005ef4c00000,0x0000005ef4d00000) (1024K)]
  0x000001bc40ebe530 ConcurrentGCThread "G1 Service"                [id=32288, stack(0x0000005ef4d00000,0x0000005ef4e00000) (1024K)]
Total: 15

Threads with active compile tasks:
Total: 0

VM state: not at safepoint (normal execution)

VM Mutex/Monitor currently owned by a thread: None

Heap address: 0x0000000081c00000, size: 2020 MB, Compressed Oops mode: 32-bit

CDS archive(s) mapped at: [0x000001bc42000000-0x000001bc42c90000-0x000001bc42c90000), size 13172736, SharedBaseAddress: 0x000001bc42000000, ArchiveRelocationMode: 1.
Compressed class space mapped at: 0x000001bc43000000-0x000001bc83000000, reserved size: 1073741824
Narrow klass base: 0x000001bc42000000, Narrow klass shift: 0, Narrow klass range: 0x100000000

GC Precious Log:
 CardTable entry size: 512
 Card Set container configuration: InlinePtr #cards 5 size 8 Array Of Cards #cards 12 size 40 Howl #buckets 4 coarsen threshold 1843 Howl Bitmap #cards 512 size 80 coarsen threshold 460 Card regions per heap region 1 cards per card region 2048
 CPUs: 8 total, 8 available
 Memory: 8079M
 Large Page Support: Disabled
 NUMA Support: Disabled
 Compressed Oops: Enabled (32-bit)
 Heap Region Size: 1M
 Heap Min Capacity: 8M
 Heap Initial Capacity: 128M
 Heap Max Capacity: 2020M
 Pre-touch: Disabled
 Parallel Workers: 8
 Concurrent Workers: 2
 Concurrent Refinement Workers: 8
 Periodic GC: Disabled

Heap:
 garbage-first heap   total 141312K, used 98690K [0x0000000081c00000, 0x0000000100000000)
  region size 1024K, 34 young (34816K), 8 survivors (8192K)
 Metaspace       used 100559K, committed 101376K, reserved 1179648K
  class space    used 12981K, committed 13376K, reserved 1048576K

Heap Regions: E=young(eden), S=young(survivor), O=old, HS=humongous(starts), HC=humongous(continues), CS=collection set, F=free, TAMS=top-at-mark-start, PB=parsable bottom
|   0|0x0000000081c00000, 0x0000000081d00000, 0x0000000081d00000|100%|HS|  |TAMS 0x0000000081c00000| PB 0x0000000081c00000| Complete 
|   1|0x0000000081d00000, 0x0000000081e00000, 0x0000000081e00000|100%|HS|  |TAMS 0x0000000081d00000| PB 0x0000000081d00000| Complete 
|   2|0x0000000081e00000, 0x0000000081f00000, 0x0000000081f00000|100%|HC|  |TAMS 0x0000000081e00000| PB 0x0000000081e00000| Complete 
|   3|0x0000000081f00000, 0x0000000082000000, 0x0000000082000000|100%|HS|  |TAMS 0x0000000081f00000| PB 0x0000000081f00000| Complete 
|   4|0x0000000082000000, 0x0000000082100000, 0x0000000082100000|100%| O|  |TAMS 0x0000000082000000| PB 0x0000000082000000| Untracked 
|   5|0x0000000082100000, 0x0000000082200000, 0x0000000082200000|100%| O|  |TAMS 0x0000000082100000| PB 0x0000000082100000| Untracked 
|   6|0x0000000082200000, 0x0000000082300000, 0x0000000082300000|100%| O|  |TAMS 0x0000000082200000| PB 0x0000000082200000| Untracked 
|   7|0x0000000082300000, 0x0000000082400000, 0x0000000082400000|100%| O|  |TAMS 0x0000000082300000| PB 0x0000000082300000| Untracked 
|   8|0x0000000082400000, 0x0000000082500000, 0x0000000082500000|100%| O|  |TAMS 0x0000000082400000| PB 0x0000000082400000| Untracked 
|   9|0x0000000082500000, 0x0000000082600000, 0x0000000082600000|100%| O|  |TAMS 0x0000000082500000| PB 0x0000000082500000| Untracked 
|  10|0x0000000082600000, 0x0000000082700000, 0x0000000082700000|100%| O|  |TAMS 0x0000000082600000| PB 0x0000000082600000| Untracked 
|  11|0x0000000082700000, 0x0000000082800000, 0x0000000082800000|100%| O|  |TAMS 0x0000000082700000| PB 0x0000000082700000| Untracked 
|  12|0x0000000082800000, 0x0000000082900000, 0x0000000082900000|100%| O|  |TAMS 0x0000000082800000| PB 0x0000000082800000| Untracked 
|  13|0x0000000082900000, 0x0000000082a00000, 0x0000000082a00000|100%| O|  |TAMS 0x0000000082900000| PB 0x0000000082900000| Untracked 
|  14|0x0000000082a00000, 0x0000000082b00000, 0x0000000082b00000|100%| O|  |TAMS 0x0000000082a00000| PB 0x0000000082a00000| Untracked 
|  15|0x0000000082b00000, 0x0000000082c00000, 0x0000000082c00000|100%| O|  |TAMS 0x0000000082b00000| PB 0x0000000082b00000| Untracked 
|  16|0x0000000082c00000, 0x0000000082d00000, 0x0000000082d00000|100%| O|  |TAMS 0x0000000082c00000| PB 0x0000000082c00000| Untracked 
|  17|0x0000000082d00000, 0x0000000082e00000, 0x0000000082e00000|100%| O|  |TAMS 0x0000000082d00000| PB 0x0000000082d00000| Untracked 
|  18|0x0000000082e00000, 0x0000000082f00000, 0x0000000082f00000|100%| O|  |TAMS 0x0000000082e00000| PB 0x0000000082e00000| Untracked 
|  19|0x0000000082f00000, 0x0000000083000000, 0x0000000083000000|100%| O|  |TAMS 0x0000000082f00000| PB 0x0000000082f00000| Untracked 
|  20|0x0000000083000000, 0x0000000083100000, 0x0000000083100000|100%| O|  |TAMS 0x0000000083000000| PB 0x0000000083000000| Untracked 
|  21|0x0000000083100000, 0x0000000083200000, 0x0000000083200000|100%| O|  |TAMS 0x0000000083100000| PB 0x0000000083100000| Untracked 
|  22|0x0000000083200000, 0x0000000083300000, 0x0000000083300000|100%| O|  |TAMS 0x0000000083200000| PB 0x0000000083200000| Untracked 
|  23|0x0000000083300000, 0x0000000083400000, 0x0000000083400000|100%| O|  |TAMS 0x0000000083300000| PB 0x0000000083300000| Untracked 
|  24|0x0000000083400000, 0x0000000083500000, 0x0000000083500000|100%| O|  |TAMS 0x0000000083400000| PB 0x0000000083400000| Untracked 
|  25|0x0000000083500000, 0x0000000083600000, 0x0000000083600000|100%| O|  |TAMS 0x0000000083500000| PB 0x0000000083500000| Untracked 
|  26|0x0000000083600000, 0x0000000083700000, 0x0000000083700000|100%| O|  |TAMS 0x0000000083600000| PB 0x0000000083600000| Untracked 
|  27|0x0000000083700000, 0x0000000083700000, 0x0000000083800000|  0%| F|  |TAMS 0x0000000083700000| PB 0x0000000083700000| Untracked 
|  28|0x0000000083800000, 0x0000000083900000, 0x0000000083900000|100%| O|  |TAMS 0x0000000083800000| PB 0x0000000083800000| Untracked 
|  29|0x0000000083900000, 0x0000000083a00000, 0x0000000083a00000|100%| O|  |TAMS 0x0000000083900000| PB 0x0000000083900000| Untracked 
|  30|0x0000000083a00000, 0x0000000083b00000, 0x0000000083b00000|100%| O|  |TAMS 0x0000000083a00000| PB 0x0000000083a00000| Untracked 
|  31|0x0000000083b00000, 0x0000000083c00000, 0x0000000083c00000|100%| O|  |TAMS 0x0000000083b00000| PB 0x0000000083b00000| Untracked 
|  32|0x0000000083c00000, 0x0000000083d00000, 0x0000000083d00000|100%| O|  |TAMS 0x0000000083c00000| PB 0x0000000083c00000| Untracked 
|  33|0x0000000083d00000, 0x0000000083e00000, 0x0000000083e00000|100%| O|  |TAMS 0x0000000083d00000| PB 0x0000000083d00000| Untracked 
|  34|0x0000000083e00000, 0x0000000083f00000, 0x0000000083f00000|100%| O|  |TAMS 0x0000000083e00000| PB 0x0000000083e00000| Untracked 
|  35|0x0000000083f00000, 0x0000000084000000, 0x0000000084000000|100%| O|  |TAMS 0x0000000083f00000| PB 0x0000000083f00000| Untracked 
|  36|0x0000000084000000, 0x0000000084100000, 0x0000000084100000|100%| O|  |TAMS 0x0000000084000000| PB 0x0000000084000000| Untracked 
|  37|0x0000000084100000, 0x0000000084200000, 0x0000000084200000|100%| O|  |TAMS 0x0000000084100000| PB 0x0000000084100000| Untracked 
|  38|0x0000000084200000, 0x0000000084300000, 0x0000000084300000|100%| O|  |TAMS 0x0000000084200000| PB 0x0000000084200000| Untracked 
|  39|0x0000000084300000, 0x0000000084400000, 0x0000000084400000|100%| O|  |TAMS 0x0000000084300000| PB 0x0000000084300000| Untracked 
|  40|0x0000000084400000, 0x0000000084500000, 0x0000000084500000|100%| O|  |TAMS 0x0000000084400000| PB 0x0000000084400000| Untracked 
|  41|0x0000000084500000, 0x0000000084600000, 0x0000000084600000|100%| O|  |TAMS 0x0000000084500000| PB 0x0000000084500000| Untracked 
|  42|0x0000000084600000, 0x0000000084700000, 0x0000000084700000|100%| O|  |TAMS 0x0000000084600000| PB 0x0000000084600000| Untracked 
|  43|0x0000000084700000, 0x0000000084800000, 0x0000000084800000|100%| O|  |TAMS 0x0000000084700000| PB 0x0000000084700000| Untracked 
|  44|0x0000000084800000, 0x0000000084900000, 0x0000000084900000|100%| O|  |TAMS 0x0000000084800000| PB 0x0000000084800000| Untracked 
|  45|0x0000000084900000, 0x0000000084a00000, 0x0000000084a00000|100%| O|  |TAMS 0x0000000084900000| PB 0x0000000084900000| Untracked 
|  46|0x0000000084a00000, 0x0000000084b00000, 0x0000000084b00000|100%| O|  |TAMS 0x0000000084a00000| PB 0x0000000084a00000| Untracked 
|  47|0x0000000084b00000, 0x0000000084c00000, 0x0000000084c00000|100%| O|  |TAMS 0x0000000084b00000| PB 0x0000000084b00000| Untracked 
|  48|0x0000000084c00000, 0x0000000084d00000, 0x0000000084d00000|100%| O|  |TAMS 0x0000000084c00000| PB 0x0000000084c00000| Untracked 
|  49|0x0000000084d00000, 0x0000000084e00000, 0x0000000084e00000|100%| O|  |TAMS 0x0000000084d00000| PB 0x0000000084d00000| Untracked 
|  50|0x0000000084e00000, 0x0000000084f00000, 0x0000000084f00000|100%| O|  |TAMS 0x0000000084e00000| PB 0x0000000084e00000| Untracked 
|  51|0x0000000084f00000, 0x0000000085000000, 0x0000000085000000|100%| O|  |TAMS 0x0000000084f00000| PB 0x0000000084f00000| Untracked 
|  52|0x0000000085000000, 0x0000000085100000, 0x0000000085100000|100%| O|  |TAMS 0x0000000085000000| PB 0x0000000085000000| Untracked 
|  53|0x0000000085100000, 0x0000000085200000, 0x0000000085200000|100%| O|  |TAMS 0x0000000085100000| PB 0x0000000085100000| Untracked 
|  54|0x0000000085200000, 0x0000000085300000, 0x0000000085300000|100%| O|  |TAMS 0x0000000085200000| PB 0x0000000085200000| Untracked 
|  55|0x0000000085300000, 0x0000000085400000, 0x0000000085400000|100%| O|  |TAMS 0x0000000085300000| PB 0x0000000085300000| Untracked 
|  56|0x0000000085400000, 0x0000000085500000, 0x0000000085500000|100%| O|  |TAMS 0x0000000085400000| PB 0x0000000085400000| Untracked 
|  57|0x0000000085500000, 0x0000000085600000, 0x0000000085600000|100%| O|  |TAMS 0x0000000085500000| PB 0x0000000085500000| Untracked 
|  58|0x0000000085600000, 0x0000000085700000, 0x0000000085700000|100%| O|  |TAMS 0x0000000085600000| PB 0x0000000085600000| Untracked 
|  59|0x0000000085700000, 0x0000000085800000, 0x0000000085800000|100%| O|  |TAMS 0x0000000085700000| PB 0x0000000085700000| Untracked 
|  60|0x0000000085800000, 0x0000000085900000, 0x0000000085900000|100%| O|  |TAMS 0x0000000085800000| PB 0x0000000085800000| Untracked 
|  61|0x0000000085900000, 0x0000000085900000, 0x0000000085a00000|  0%| F|  |TAMS 0x0000000085900000| PB 0x0000000085900000| Untracked 
|  62|0x0000000085a00000, 0x0000000085b00000, 0x0000000085b00000|100%| O|  |TAMS 0x0000000085a00000| PB 0x0000000085a00000| Untracked 
|  63|0x0000000085b00000, 0x0000000085c00000, 0x0000000085c00000|100%| O|  |TAMS 0x0000000085b00000| PB 0x0000000085b00000| Untracked 
|  64|0x0000000085c00000, 0x0000000085d00000, 0x0000000085d00000|100%| O|  |TAMS 0x0000000085c00000| PB 0x0000000085c00000| Untracked 
|  65|0x0000000085d00000, 0x0000000085d60a18, 0x0000000085e00000| 37%| O|  |TAMS 0x0000000085d00000| PB 0x0000000085d00000| Untracked 
|  66|0x0000000085e00000, 0x0000000085f00000, 0x0000000085f00000|100%| O|  |TAMS 0x0000000085e00000| PB 0x0000000085e00000| Untracked 
|  67|0x0000000085f00000, 0x0000000085f00000, 0x0000000086000000|  0%| F|  |TAMS 0x0000000085f00000| PB 0x0000000085f00000| Untracked 
|  68|0x0000000086000000, 0x0000000086000000, 0x0000000086100000|  0%| F|  |TAMS 0x0000000086000000| PB 0x0000000086000000| Untracked 
|  69|0x0000000086100000, 0x0000000086200000, 0x0000000086200000|100%| S|CS|TAMS 0x0000000086100000| PB 0x0000000086100000| Complete 
|  70|0x0000000086200000, 0x0000000086200000, 0x0000000086300000|  0%| F|  |TAMS 0x0000000086200000| PB 0x0000000086200000| Untracked 
|  71|0x0000000086300000, 0x0000000086300000, 0x0000000086400000|  0%| F|  |TAMS 0x0000000086300000| PB 0x0000000086300000| Untracked 
|  72|0x0000000086400000, 0x0000000086400000, 0x0000000086500000|  0%| F|  |TAMS 0x0000000086400000| PB 0x0000000086400000| Untracked 
|  73|0x0000000086500000, 0x0000000086500000, 0x0000000086600000|  0%| F|  |TAMS 0x0000000086500000| PB 0x0000000086500000| Untracked 
|  74|0x0000000086600000, 0x0000000086700000, 0x0000000086700000|100%| S|CS|TAMS 0x0000000086600000| PB 0x0000000086600000| Complete 
|  75|0x0000000086700000, 0x0000000086800000, 0x0000000086800000|100%| S|CS|TAMS 0x0000000086700000| PB 0x0000000086700000| Complete 
|  76|0x0000000086800000, 0x0000000086900000, 0x0000000086900000|100%| S|CS|TAMS 0x0000000086800000| PB 0x0000000086800000| Complete 
|  77|0x0000000086900000, 0x0000000086a00000, 0x0000000086a00000|100%| S|CS|TAMS 0x0000000086900000| PB 0x0000000086900000| Complete 
|  78|0x0000000086a00000, 0x0000000086b00000, 0x0000000086b00000|100%| S|CS|TAMS 0x0000000086a00000| PB 0x0000000086a00000| Complete 
|  79|0x0000000086b00000, 0x0000000086c00000, 0x0000000086c00000|100%| S|CS|TAMS 0x0000000086b00000| PB 0x0000000086b00000| Complete 
|  80|0x0000000086c00000, 0x0000000086d00000, 0x0000000086d00000|100%| S|CS|TAMS 0x0000000086c00000| PB 0x0000000086c00000| Complete 
|  81|0x0000000086d00000, 0x0000000086d00000, 0x0000000086e00000|  0%| F|  |TAMS 0x0000000086d00000| PB 0x0000000086d00000| Untracked 
|  82|0x0000000086e00000, 0x0000000086e00000, 0x0000000086f00000|  0%| F|  |TAMS 0x0000000086e00000| PB 0x0000000086e00000| Untracked 
|  83|0x0000000086f00000, 0x0000000086f00000, 0x0000000087000000|  0%| F|  |TAMS 0x0000000086f00000| PB 0x0000000086f00000| Untracked 
|  84|0x0000000087000000, 0x0000000087000000, 0x0000000087100000|  0%| F|  |TAMS 0x0000000087000000| PB 0x0000000087000000| Untracked 
|  85|0x0000000087100000, 0x0000000087100000, 0x0000000087200000|  0%| F|  |TAMS 0x0000000087100000| PB 0x0000000087100000| Untracked 
|  86|0x0000000087200000, 0x0000000087200000, 0x0000000087300000|  0%| F|  |TAMS 0x0000000087200000| PB 0x0000000087200000| Untracked 
|  87|0x0000000087300000, 0x0000000087300000, 0x0000000087400000|  0%| F|  |TAMS 0x0000000087300000| PB 0x0000000087300000| Untracked 
|  88|0x0000000087400000, 0x0000000087400000, 0x0000000087500000|  0%| F|  |TAMS 0x0000000087400000| PB 0x0000000087400000| Untracked 
|  89|0x0000000087500000, 0x0000000087500000, 0x0000000087600000|  0%| F|  |TAMS 0x0000000087500000| PB 0x0000000087500000| Untracked 
|  90|0x0000000087600000, 0x0000000087600000, 0x0000000087700000|  0%| F|  |TAMS 0x0000000087600000| PB 0x0000000087600000| Untracked 
|  91|0x0000000087700000, 0x0000000087700000, 0x0000000087800000|  0%| F|  |TAMS 0x0000000087700000| PB 0x0000000087700000| Untracked 
|  92|0x0000000087800000, 0x0000000087800000, 0x0000000087900000|  0%| F|  |TAMS 0x0000000087800000| PB 0x0000000087800000| Untracked 
|  93|0x0000000087900000, 0x0000000087900000, 0x0000000087a00000|  0%| F|  |TAMS 0x0000000087900000| PB 0x0000000087900000| Untracked 
|  94|0x0000000087a00000, 0x0000000087a00000, 0x0000000087b00000|  0%| F|  |TAMS 0x0000000087a00000| PB 0x0000000087a00000| Untracked 
|  95|0x0000000087b00000, 0x0000000087b00000, 0x0000000087c00000|  0%| F|  |TAMS 0x0000000087b00000| PB 0x0000000087b00000| Untracked 
|  96|0x0000000087c00000, 0x0000000087c00000, 0x0000000087d00000|  0%| F|  |TAMS 0x0000000087c00000| PB 0x0000000087c00000| Untracked 
|  97|0x0000000087d00000, 0x0000000087d00000, 0x0000000087e00000|  0%| F|  |TAMS 0x0000000087d00000| PB 0x0000000087d00000| Untracked 
|  98|0x0000000087e00000, 0x0000000087e00000, 0x0000000087f00000|  0%| F|  |TAMS 0x0000000087e00000| PB 0x0000000087e00000| Untracked 
|  99|0x0000000087f00000, 0x0000000087f00000, 0x0000000088000000|  0%| F|  |TAMS 0x0000000087f00000| PB 0x0000000087f00000| Untracked 
| 100|0x0000000088000000, 0x0000000088000000, 0x0000000088100000|  0%| F|  |TAMS 0x0000000088000000| PB 0x0000000088000000| Untracked 
| 101|0x0000000088100000, 0x0000000088100000, 0x0000000088200000|  0%| F|  |TAMS 0x0000000088100000| PB 0x0000000088100000| Untracked 
| 102|0x0000000088200000, 0x0000000088200000, 0x0000000088300000|  0%| F|  |TAMS 0x0000000088200000| PB 0x0000000088200000| Untracked 
| 103|0x0000000088300000, 0x0000000088300000, 0x0000000088400000|  0%| F|  |TAMS 0x0000000088300000| PB 0x0000000088300000| Untracked 
| 104|0x0000000088400000, 0x0000000088400000, 0x0000000088500000|  0%| F|  |TAMS 0x0000000088400000| PB 0x0000000088400000| Untracked 
| 105|0x0000000088500000, 0x0000000088500000, 0x0000000088600000|  0%| F|  |TAMS 0x0000000088500000| PB 0x0000000088500000| Untracked 
| 106|0x0000000088600000, 0x0000000088600000, 0x0000000088700000|  0%| F|  |TAMS 0x0000000088600000| PB 0x0000000088600000| Untracked 
| 107|0x0000000088700000, 0x0000000088700000, 0x0000000088800000|  0%| F|  |TAMS 0x0000000088700000| PB 0x0000000088700000| Untracked 
| 108|0x0000000088800000, 0x0000000088800000, 0x0000000088900000|  0%| F|  |TAMS 0x0000000088800000| PB 0x0000000088800000| Untracked 
| 109|0x0000000088900000, 0x0000000088900000, 0x0000000088a00000|  0%| F|  |TAMS 0x0000000088900000| PB 0x0000000088900000| Untracked 
| 110|0x0000000088a00000, 0x0000000088a00000, 0x0000000088b00000|  0%| F|  |TAMS 0x0000000088a00000| PB 0x0000000088a00000| Untracked 
| 111|0x0000000088b00000, 0x0000000088b00000, 0x0000000088c00000|  0%| F|  |TAMS 0x0000000088b00000| PB 0x0000000088b00000| Untracked 
| 112|0x0000000088c00000, 0x0000000088c80800, 0x0000000088d00000| 50%| E|  |TAMS 0x0000000088c00000| PB 0x0000000088c00000| Complete 
| 113|0x0000000088d00000, 0x0000000088e00000, 0x0000000088e00000|100%| E|CS|TAMS 0x0000000088d00000| PB 0x0000000088d00000| Complete 
| 114|0x0000000088e00000, 0x0000000088f00000, 0x0000000088f00000|100%| E|CS|TAMS 0x0000000088e00000| PB 0x0000000088e00000| Complete 
| 115|0x0000000088f00000, 0x0000000089000000, 0x0000000089000000|100%| E|CS|TAMS 0x0000000088f00000| PB 0x0000000088f00000| Complete 
| 116|0x0000000089000000, 0x0000000089100000, 0x0000000089100000|100%| E|CS|TAMS 0x0000000089000000| PB 0x0000000089000000| Complete 
| 117|0x0000000089100000, 0x0000000089200000, 0x0000000089200000|100%| E|CS|TAMS 0x0000000089100000| PB 0x0000000089100000| Complete 
| 118|0x0000000089200000, 0x0000000089300000, 0x0000000089300000|100%| E|CS|TAMS 0x0000000089200000| PB 0x0000000089200000| Complete 
| 119|0x0000000089300000, 0x0000000089400000, 0x0000000089400000|100%| E|CS|TAMS 0x0000000089300000| PB 0x0000000089300000| Complete 
| 120|0x0000000089400000, 0x0000000089500000, 0x0000000089500000|100%| E|CS|TAMS 0x0000000089400000| PB 0x0000000089400000| Complete 
| 121|0x0000000089500000, 0x0000000089600000, 0x0000000089600000|100%| E|CS|TAMS 0x0000000089500000| PB 0x0000000089500000| Complete 
| 122|0x0000000089600000, 0x0000000089700000, 0x0000000089700000|100%| E|CS|TAMS 0x0000000089600000| PB 0x0000000089600000| Complete 
| 123|0x0000000089700000, 0x0000000089800000, 0x0000000089800000|100%| E|CS|TAMS 0x0000000089700000| PB 0x0000000089700000| Complete 
| 124|0x0000000089800000, 0x00000000898ffc08, 0x0000000089900000| 99%| E|  |TAMS 0x0000000089800000| PB 0x0000000089800000| Complete 
| 125|0x0000000089900000, 0x0000000089a00000, 0x0000000089a00000|100%| E|CS|TAMS 0x0000000089900000| PB 0x0000000089900000| Complete 
| 126|0x0000000089a00000, 0x0000000089b00000, 0x0000000089b00000|100%| E|CS|TAMS 0x0000000089a00000| PB 0x0000000089a00000| Complete 
| 127|0x0000000089b00000, 0x0000000089c00000, 0x0000000089c00000|100%| E|CS|TAMS 0x0000000089b00000| PB 0x0000000089b00000| Complete 
| 128|0x0000000089c00000, 0x0000000089d00000, 0x0000000089d00000|100%| E|CS|TAMS 0x0000000089c00000| PB 0x0000000089c00000| Complete 
| 129|0x0000000089d00000, 0x0000000089e00000, 0x0000000089e00000|100%| E|CS|TAMS 0x0000000089d00000| PB 0x0000000089d00000| Complete 
| 130|0x0000000089e00000, 0x0000000089f00000, 0x0000000089f00000|100%| E|CS|TAMS 0x0000000089e00000| PB 0x0000000089e00000| Complete 
| 131|0x0000000089f00000, 0x000000008a000000, 0x000000008a000000|100%| E|CS|TAMS 0x0000000089f00000| PB 0x0000000089f00000| Complete 
| 132|0x000000008a000000, 0x000000008a100000, 0x000000008a100000|100%| E|CS|TAMS 0x000000008a000000| PB 0x000000008a000000| Complete 
| 133|0x000000008a100000, 0x000000008a200000, 0x000000008a200000|100%| E|CS|TAMS 0x000000008a100000| PB 0x000000008a100000| Complete 
| 134|0x000000008a200000, 0x000000008a300000, 0x000000008a300000|100%| E|CS|TAMS 0x000000008a200000| PB 0x000000008a200000| Complete 
| 135|0x000000008a300000, 0x000000008a400000, 0x000000008a400000|100%| E|CS|TAMS 0x000000008a300000| PB 0x000000008a300000| Complete 
| 136|0x000000008a400000, 0x000000008a500000, 0x000000008a500000|100%| E|CS|TAMS 0x000000008a400000| PB 0x000000008a400000| Complete 
| 137|0x000000008a500000, 0x000000008a600000, 0x000000008a600000|100%| E|CS|TAMS 0x000000008a500000| PB 0x000000008a500000| Complete 

Card table byte_map: [0x000001bc3c250000,0x000001bc3c650000] _byte_map_base: 0x000001bc3be42000

Marking Bits: (CMBitMap*) 0x000001bc2470d2b0
 Bits: [0x000001bc3c650000, 0x000001bc3e5e0000)

Polling page: 0x000001bc23e60000

Metaspace:

Usage:
  Non-class:     85.53 MB used.
      Class:     12.68 MB used.
       Both:     98.20 MB used.

Virtual space:
  Non-class space:      128.00 MB reserved,      85.94 MB ( 67%) committed,  2 nodes.
      Class space:        1.00 GB reserved,      13.06 MB (  1%) committed,  1 nodes.
             Both:        1.12 GB reserved,      99.00 MB (  9%) committed. 

Chunk freelists:
   Non-Class:  10.08 MB
       Class:  2.89 MB
        Both:  12.97 MB

MaxMetaspaceSize: unlimited
CompressedClassSpaceSize: 1.00 GB
Initial GC threshold: 21.00 MB
Current GC threshold: 147.75 MB
CDS: on
 - commit_granule_bytes: 65536.
 - commit_granule_words: 8192.
 - virtual_space_node_default_size: 8388608.
 - enlarge_chunks_in_place: 1.
 - use_allocation_guard: 0.


Internal statistics:

num_allocs_failed_limit: 12.
num_arena_births: 1220.
num_arena_deaths: 0.
num_vsnodes_births: 3.
num_vsnodes_deaths: 0.
num_space_committed: 1584.
num_space_uncommitted: 0.
num_chunks_returned_to_freelist: 12.
num_chunks_taken_from_freelist: 4910.
num_chunk_merges: 9.
num_chunk_splits: 3566.
num_chunks_enlarged: 2814.
num_inconsistent_stats: 0.

CodeHeap 'non-profiled nmethods': size=120000Kb used=8764Kb max_used=8764Kb free=111236Kb
 bounds [0x000001bc345f0000, 0x000001bc34e80000, 0x000001bc3bb20000]
CodeHeap 'profiled nmethods': size=120000Kb used=20728Kb max_used=20728Kb free=99271Kb
 bounds [0x000001bc2cb20000, 0x000001bc2df60000, 0x000001bc34050000]
CodeHeap 'non-nmethods': size=5760Kb used=1827Kb max_used=1911Kb free=3932Kb
 bounds [0x000001bc34050000, 0x000001bc342c0000, 0x000001bc345f0000]
 total_blobs=11433 nmethods=10657 adapters=678
 compilation: enabled
              stopped_count=0, restarted_count=0
 full_count=0

Compilation events (20 events):
Event: 65.122 Thread 0x000001bc4103e120 12624       3       java.util.concurrent.ThreadPoolExecutor::workerCountOf (5 bytes)
Event: 65.122 Thread 0x000001bc4103e120 nmethod 12624 0x000001bc2df5a990 code [0x000001bc2df5ab20, 0x000001bc2df5ac18]
Event: 65.718 Thread 0x000001bc4103e120 12625       1       org.apache.tomcat.util.net.NioEndpoint$NioSocketWrapper::interestOps (5 bytes)
Event: 65.718 Thread 0x000001bc4103e120 nmethod 12625 0x000001bc34e7ea10 code [0x000001bc34e7eba0, 0x000001bc34e7ec68]
Event: 67.147 Thread 0x000001bc4103e120 12626   !   3       java.util.concurrent.locks.AbstractQueuedSynchronizer$ConditionObject::newConditionNode (78 bytes)
Event: 67.148 Thread 0x000001bc4103e120 nmethod 12626 0x000001bc2df5ac90 code [0x000001bc2df5af00, 0x000001bc2df5b710]
Event: 67.148 Thread 0x000001bc4103e120 12627       3       java.util.concurrent.locks.AbstractQueuedSynchronizer$ConditionNode::<init> (5 bytes)
Event: 67.148 Thread 0x000001bc4103e120 nmethod 12627 0x000001bc2df5ba10 code [0x000001bc2df5bbc0, 0x000001bc2df5bd88]
Event: 69.608 Thread 0x000001bc4103e120 12628       3       java.util.concurrent.locks.ReentrantReadWriteLock$NonfairSync::readerShouldBlock (5 bytes)
Event: 69.609 Thread 0x000001bc4103e120 nmethod 12628 0x000001bc2df5be90 code [0x000001bc2df5c040, 0x000001bc2df5c188]
Event: 69.609 Thread 0x000001bc4103e120 12629       3       java.util.concurrent.locks.AbstractQueuedSynchronizer::apparentlyFirstQueuedIsExclusive (38 bytes)
Event: 69.610 Thread 0x000001bc4103e120 nmethod 12629 0x000001bc2df5c210 code [0x000001bc2df5c3c0, 0x000001bc2df5c718]
Event: 69.610 Thread 0x000001bc4103e120 12630       3       java.util.concurrent.locks.AbstractQueuedSynchronizer::releaseShared (19 bytes)
Event: 69.611 Thread 0x000001bc4103e120 nmethod 12630 0x000001bc2df5c810 code [0x000001bc2df5ca20, 0x000001bc2df5d108]
Event: 69.612 Thread 0x000001bc4103e120 12631       3       java.util.concurrent.locks.ReentrantReadWriteLock$ReadLock::unlock (10 bytes)
Event: 69.612 Thread 0x000001bc4103e120 nmethod 12631 0x000001bc2df5d310 code [0x000001bc2df5d4e0, 0x000001bc2df5d7c0]
Event: 70.720 Thread 0x000001bc4103e120 12632       1       java.nio.channels.SelectionKey::attachment (5 bytes)
Event: 70.720 Thread 0x000001bc4103e120 nmethod 12632 0x000001bc34e7ed10 code [0x000001bc34e7eea0, 0x000001bc34e7ef68]
Event: 75.147 Thread 0x000001bc4103e120 12633       3       java.util.concurrent.TimeUnit::convert (73 bytes)
Event: 75.147 Thread 0x000001bc4103e120 nmethod 12633 0x000001bc2df5d910 code [0x000001bc2df5db20, 0x000001bc2df5dee0]

GC Heap History (20 events):
Event: 19.490 GC heap before
{Heap before GC invocations=21 (full 0):
 garbage-first heap   total 110592K, used 94796K [0x0000000081c00000, 0x0000000100000000)
  region size 1024K, 54 young (55296K), 8 survivors (8192K)
 Metaspace       used 76127K, committed 76800K, reserved 1179648K
  class space    used 9991K, committed 10304K, reserved 1048576K
}
Event: 19.499 GC heap after
{Heap after GC invocations=22 (full 0):
 garbage-first heap   total 110592K, used 49952K [0x0000000081c00000, 0x0000000100000000)
  region size 1024K, 3 young (3072K), 3 survivors (3072K)
 Metaspace       used 76127K, committed 76800K, reserved 1179648K
  class space    used 9991K, committed 10304K, reserved 1048576K
}
Event: 20.220 GC heap before
{Heap before GC invocations=23 (full 0):
 garbage-first heap   total 110592K, used 99104K [0x0000000081c00000, 0x0000000100000000)
  region size 1024K, 52 young (53248K), 3 survivors (3072K)
 Metaspace       used 78598K, committed 79296K, reserved 1179648K
  class space    used 10322K, committed 10624K, reserved 1048576K
}
Event: 20.224 GC heap after
{Heap after GC invocations=24 (full 0):
 garbage-first heap   total 110592K, used 51511K [0x0000000081c00000, 0x0000000100000000)
  region size 1024K, 4 young (4096K), 4 survivors (4096K)
 Metaspace       used 78598K, committed 79296K, reserved 1179648K
  class space    used 10322K, committed 10624K, reserved 1048576K
}
Event: 21.020 GC heap before
{Heap before GC invocations=24 (full 0):
 garbage-first heap   total 110592K, used 99639K [0x0000000081c00000, 0x0000000100000000)
  region size 1024K, 51 young (52224K), 4 survivors (4096K)
 Metaspace       used 82445K, committed 83136K, reserved 1179648K
  class space    used 10786K, committed 11136K, reserved 1048576K
}
Event: 21.028 GC heap after
{Heap after GC invocations=25 (full 0):
 garbage-first heap   total 110592K, used 54553K [0x0000000081c00000, 0x0000000100000000)
  region size 1024K, 6 young (6144K), 6 survivors (6144K)
 Metaspace       used 82445K, committed 83136K, reserved 1179648K
  class space    used 10786K, committed 11136K, reserved 1048576K
}
Event: 21.543 GC heap before
{Heap before GC invocations=25 (full 0):
 garbage-first heap   total 110592K, used 97561K [0x0000000081c00000, 0x0000000100000000)
  region size 1024K, 48 young (49152K), 6 survivors (6144K)
 Metaspace       used 85370K, committed 86016K, reserved 1179648K
  class space    used 11107K, committed 11392K, reserved 1048576K
}
Event: 21.551 GC heap after
{Heap after GC invocations=26 (full 0):
 garbage-first heap   total 110592K, used 56776K [0x0000000081c00000, 0x0000000100000000)
  region size 1024K, 6 young (6144K), 6 survivors (6144K)
 Metaspace       used 85370K, committed 86016K, reserved 1179648K
  class space    used 11107K, committed 11392K, reserved 1048576K
}
Event: 22.069 GC heap before
{Heap before GC invocations=27 (full 0):
 garbage-first heap   total 110592K, used 96712K [0x0000000081c00000, 0x0000000100000000)
  region size 1024K, 46 young (47104K), 6 survivors (6144K)
 Metaspace       used 86285K, committed 86912K, reserved 1179648K
  class space    used 11178K, committed 11456K, reserved 1048576K
}
Event: 22.078 GC heap after
{Heap after GC invocations=28 (full 0):
 garbage-first heap   total 110592K, used 59488K [0x0000000081c00000, 0x0000000100000000)
  region size 1024K, 5 young (5120K), 5 survivors (5120K)
 Metaspace       used 86285K, committed 86912K, reserved 1179648K
  class space    used 11178K, committed 11456K, reserved 1048576K
}
Event: 23.073 GC heap before
{Heap before GC invocations=28 (full 0):
 garbage-first heap   total 110592K, used 98400K [0x0000000081c00000, 0x0000000100000000)
  region size 1024K, 43 young (44032K), 5 survivors (5120K)
 Metaspace       used 88252K, committed 88960K, reserved 1179648K
  class space    used 11359K, committed 11712K, reserved 1048576K
}
Event: 23.086 GC heap after
{Heap after GC invocations=29 (full 0):
 garbage-first heap   total 110592K, used 63956K [0x0000000081c00000, 0x0000000100000000)
  region size 1024K, 6 young (6144K), 6 survivors (6144K)
 Metaspace       used 88252K, committed 88960K, reserved 1179648K
  class space    used 11359K, committed 11712K, reserved 1048576K
}
Event: 23.646 GC heap before
{Heap before GC invocations=29 (full 0):
 garbage-first heap   total 110592K, used 97748K [0x0000000081c00000, 0x0000000100000000)
  region size 1024K, 39 young (39936K), 6 survivors (6144K)
 Metaspace       used 89661K, committed 90432K, reserved 1179648K
  class space    used 11499K, committed 11840K, reserved 1048576K
}
Event: 23.653 GC heap after
{Heap after GC invocations=30 (full 0):
 garbage-first heap   total 110592K, used 66471K [0x0000000081c00000, 0x0000000100000000)
  region size 1024K, 2 young (2048K), 2 survivors (2048K)
 Metaspace       used 89661K, committed 90432K, reserved 1179648K
  class space    used 11499K, committed 11840K, reserved 1048576K
}
Event: 24.305 GC heap before
{Heap before GC invocations=31 (full 0):
 garbage-first heap   total 117760K, used 101287K [0x0000000081c00000, 0x0000000100000000)
  region size 1024K, 36 young (36864K), 2 survivors (2048K)
 Metaspace       used 91359K, committed 92096K, reserved 1179648K
  class space    used 11748K, committed 12096K, reserved 1048576K
}
Event: 24.310 GC heap after
{Heap after GC invocations=32 (full 0):
 garbage-first heap   total 117760K, used 67955K [0x0000000081c00000, 0x0000000100000000)
  region size 1024K, 4 young (4096K), 4 survivors (4096K)
 Metaspace       used 91359K, committed 92096K, reserved 1179648K
  class space    used 11748K, committed 12096K, reserved 1048576K
}
Event: 24.857 GC heap before
{Heap before GC invocations=32 (full 0):
 garbage-first heap   total 117760K, used 104819K [0x0000000081c00000, 0x0000000100000000)
  region size 1024K, 41 young (41984K), 4 survivors (4096K)
 Metaspace       used 93883K, committed 94656K, reserved 1179648K
  class space    used 12109K, committed 12480K, reserved 1048576K
}
Event: 24.866 GC heap after
{Heap after GC invocations=33 (full 0):
 garbage-first heap   total 141312K, used 69682K [0x0000000081c00000, 0x0000000100000000)
  region size 1024K, 4 young (4096K), 4 survivors (4096K)
 Metaspace       used 93883K, committed 94656K, reserved 1179648K
  class space    used 12109K, committed 12480K, reserved 1048576K
}
Event: 43.372 GC heap before
{Heap before GC invocations=33 (full 0):
 garbage-first heap   total 141312K, used 127026K [0x0000000081c00000, 0x0000000100000000)
  region size 1024K, 61 young (62464K), 4 survivors (4096K)
 Metaspace       used 98446K, committed 99264K, reserved 1179648K
  class space    used 12743K, committed 13120K, reserved 1048576K
}
Event: 43.386 GC heap after
{Heap after GC invocations=34 (full 0):
 garbage-first heap   total 141312K, used 74114K [0x0000000081c00000, 0x0000000100000000)
  region size 1024K, 8 young (8192K), 8 survivors (8192K)
 Metaspace       used 98446K, committed 99264K, reserved 1179648K
  class space    used 12743K, committed 13120K, reserved 1048576K
}

Dll operation events (13 events):
Event: 0.021 Loaded shared library C:\Program Files\Java\jdk-21\bin\java.dll
Event: 0.071 Loaded shared library C:\Program Files\Java\jdk-21\bin\jsvml.dll
Event: 0.486 Loaded shared library C:\Program Files\Java\jdk-21\bin\zip.dll
Event: 0.492 Loaded shared library C:\Program Files\Java\jdk-21\bin\instrument.dll
Event: 0.501 Loaded shared library C:\Program Files\Java\jdk-21\bin\net.dll
Event: 0.504 Loaded shared library C:\Program Files\Java\jdk-21\bin\nio.dll
Event: 0.510 Loaded shared library C:\Program Files\Java\jdk-21\bin\zip.dll
Event: 0.861 Loaded shared library C:\Program Files\Java\jdk-21\bin\jimage.dll
Event: 0.934 Loaded shared library C:\Program Files\Java\jdk-21\bin\verify.dll
Event: 3.031 Loaded shared library C:\Program Files\Java\jdk-21\bin\sunmscapi.dll
Event: 9.265 Loaded shared library C:\Program Files\Java\jdk-21\bin\management.dll
Event: 9.271 Loaded shared library C:\Program Files\Java\jdk-21\bin\management_ext.dll
Event: 9.924 Loaded shared library C:\Program Files\Java\jdk-21\bin\extnet.dll

Deoptimization events (20 events):
Event: 49.663 Thread 0x000001bc883840e0 DEOPT PACKING pc=0x000001bc34e00770 sp=0x0000005ef94ff590
Event: 49.663 Thread 0x000001bc883840e0 DEOPT UNPACKING pc=0x000001bc340a46a2 sp=0x0000005ef94ff550 mode 2
Event: 49.798 Thread 0x000001bc8b894370 DEOPT PACKING pc=0x000001bc2d81d9c1 sp=0x0000005ef92fe340
Event: 49.798 Thread 0x000001bc8b894370 DEOPT UNPACKING pc=0x000001bc340a4e42 sp=0x0000005ef92fd7c8 mode 0
Event: 49.798 Thread 0x000001bc8b894370 DEOPT PACKING pc=0x000001bc2d81d9c1 sp=0x0000005ef92fe340
Event: 49.798 Thread 0x000001bc8b894370 DEOPT UNPACKING pc=0x000001bc340a4e42 sp=0x0000005ef92fd7c8 mode 0
Event: 49.827 Thread 0x000001bc8b894370 DEOPT PACKING pc=0x000001bc2de9c35c sp=0x0000005ef92fdd00
Event: 49.827 Thread 0x000001bc8b894370 DEOPT UNPACKING pc=0x000001bc340a4e42 sp=0x0000005ef92fd1e0 mode 0
Event: 53.711 Thread 0x000001bc8e91c1b0 Uncommon trap: trap_request=0xffffffc6 fr.pc=0x000001bc3498ece8 relative=0x0000000000000868
Event: 53.711 Thread 0x000001bc8e91c1b0 Uncommon trap: reason=bimorphic_or_optimized_type_check action=maybe_recompile pc=0x000001bc3498ece8 method=java.util.HashMap.removeNode(ILjava/lang/Object;Ljava/lang/Object;ZZ)Ljava/util/HashMap$Node; @ 143 c2
Event: 53.711 Thread 0x000001bc8e91c1b0 DEOPT PACKING pc=0x000001bc3498ece8 sp=0x0000005ef83fee80
Event: 53.711 Thread 0x000001bc8e91c1b0 DEOPT UNPACKING pc=0x000001bc340a46a2 sp=0x0000005ef83fee28 mode 2
Event: 53.711 Thread 0x000001bc8e91c1b0 Uncommon trap: trap_request=0xffffffc6 fr.pc=0x000001bc3498ece8 relative=0x0000000000000868
Event: 53.711 Thread 0x000001bc8e91c1b0 Uncommon trap: reason=bimorphic_or_optimized_type_check action=maybe_recompile pc=0x000001bc3498ece8 method=java.util.HashMap.removeNode(ILjava/lang/Object;Ljava/lang/Object;ZZ)Ljava/util/HashMap$Node; @ 143 c2
Event: 53.712 Thread 0x000001bc8e91c1b0 DEOPT PACKING pc=0x000001bc3498ece8 sp=0x0000005ef83fee80
Event: 53.712 Thread 0x000001bc8e91c1b0 DEOPT UNPACKING pc=0x000001bc340a46a2 sp=0x0000005ef83fee28 mode 2
Event: 76.515 Thread 0x000001bc41354e80 Uncommon trap: trap_request=0xffffff45 fr.pc=0x000001bc34ae9ddc relative=0x000000000000013c
Event: 76.515 Thread 0x000001bc41354e80 Uncommon trap: reason=unstable_if action=reinterpret pc=0x000001bc34ae9ddc method=sun.instrument.InstrumentationImpl.transform(Ljava/lang/Module;Ljava/lang/ClassLoader;Ljava/lang/String;Ljava/lang/Class;Ljava/security/ProtectionDomain;[BZ)[B @ 24 c2
Event: 76.515 Thread 0x000001bc41354e80 DEOPT PACKING pc=0x000001bc34ae9ddc sp=0x0000005ef59fe570
Event: 76.515 Thread 0x000001bc41354e80 DEOPT UNPACKING pc=0x000001bc340a46a2 sp=0x0000005ef59fe4f8 mode 2

Classes loaded (20 events):
Event: 43.321 Loading class sun/security/provider/SHA5$SHA512
Event: 43.321 Loading class sun/security/provider/SHA5
Event: 43.322 Loading class sun/security/provider/SHA5 done
Event: 43.322 Loading class sun/security/provider/SHA5$SHA512 done
Event: 43.347 Loading class jdk/internal/event/VirtualThreadPinnedEvent
Event: 43.347 Loading class jdk/internal/event/VirtualThreadPinnedEvent done
Event: 43.618 Loading class java/util/OptionalLong
Event: 43.619 Loading class java/util/OptionalLong done
Event: 43.620 Loading class java/util/OptionalDouble
Event: 43.620 Loading class java/util/OptionalDouble done
Event: 43.623 Loading class java/util/stream/LongStream
Event: 43.625 Loading class java/util/stream/LongStream done
Event: 43.625 Loading class java/util/stream/DoubleStream
Event: 43.627 Loading class java/util/stream/DoubleStream done
Event: 43.704 Loading class org/w3c/dom/Node
Event: 43.704 Loading class org/w3c/dom/Node done
Event: 43.704 Loading class org/w3c/dom/Document
Event: 43.705 Loading class org/w3c/dom/Document done
Event: 49.721 Loading class java/util/function/LongSupplier
Event: 49.721 Loading class java/util/function/LongSupplier done

Classes unloaded (0 events):
No events

Classes redefined (2 events):
Event: 76.547 Thread 0x000001bc4100de40 redefined class name=com.arenella.recruit.newsfeed.dao.NewsFeedItemDao, count=1
Event: 76.547 Thread 0x000001bc4100de40 redefined class name=com.arenella.recruit.newsfeed.dao.NewsFeedItemDao$NewsFeedItemEntitySpecification, count=1

Internal exceptions (20 events):
Event: 24.900 Thread 0x000001bc224e6ad0 Exception <a 'java/lang/NoSuchMethodError'{0x000000008a201d38}: 'java.lang.Object java.lang.invoke.DirectMethodHandle$Holder.invokeVirtual(java.lang.Object, java.lang.Object, java.lang.Object, java.lang.Object, java.lang.Object, java.lang.Object, java.lang.Object, java.lang.Object)'> (0x000000008a201d38) 
thrown [s\open\src\hotspot\share\interpreter\linkResolver.cpp, line 773]
Event: 24.940 Thread 0x000001bc224e6ad0 Exception <a 'java/lang/ClassNotFoundException'{0x000000008a1a7578}: org/quartz/simpl/SimpleThreadPoolBeanInfo> (0x000000008a1a7578) 
thrown [s\open\src\hotspot\share\classfile\systemDictionary.cpp, line 312]
Event: 24.941 Thread 0x000001bc224e6ad0 Exception <a 'java/lang/ClassNotFoundException'{0x000000008a1aa8b0}: org/quartz/simpl/SimpleThreadPoolCustomizer> (0x000000008a1aa8b0) 
thrown [s\open\src\hotspot\share\classfile\systemDictionary.cpp, line 312]
Event: 24.957 Thread 0x000001bc224e6ad0 Exception <a 'java/lang/ClassNotFoundException'{0x000000008a092c68}: org/quartz/simpl/RAMJobStoreBeanInfo> (0x000000008a092c68) 
thrown [s\open\src\hotspot\share\classfile\systemDictionary.cpp, line 312]
Event: 24.957 Thread 0x000001bc224e6ad0 Exception <a 'java/lang/ClassNotFoundException'{0x000000008a095b40}: org/quartz/simpl/RAMJobStoreCustomizer> (0x000000008a095b40) 
thrown [s\open\src\hotspot\share\classfile\systemDictionary.cpp, line 312]
Event: 25.101 Thread 0x000001bc224e6ad0 Exception <a 'java/lang/NoSuchMethodError'{0x000000008980cd70}: 'void java.lang.invoke.DirectMethodHandle$Holder.invokeSpecial(java.lang.Object, java.lang.Object, int, java.lang.Object, java.lang.Object, java.lang.Object, java.lang.Object)'> (0x000000008980cd70) 
thrown [s\open\src\hotspot\share\interpreter\linkResolver.cpp, line 773]
Event: 25.102 Thread 0x000001bc224e6ad0 Exception <a 'java/lang/NoSuchMethodError'{0x0000000089813f28}: 'java.lang.Object java.lang.invoke.DirectMethodHandle$Holder.newInvokeSpecial(java.lang.Object, java.lang.Object, int, java.lang.Object, java.lang.Object)'> (0x0000000089813f28) 
thrown [s\open\src\hotspot\share\interpreter\linkResolver.cpp, line 773]
Event: 25.103 Thread 0x000001bc224e6ad0 Exception <a 'java/lang/NoSuchMethodError'{0x000000008981ed10}: 'java.lang.Object java.lang.invoke.DirectMethodHandle$Holder.invokeSpecial(java.lang.Object, java.lang.Object, int, java.lang.Object, int, java.lang.Object)'> (0x000000008981ed10) 
thrown [s\open\src\hotspot\share\interpreter\linkResolver.cpp, line 773]
Event: 25.104 Thread 0x000001bc224e6ad0 Exception <a 'java/lang/NoSuchMethodError'{0x0000000089825ee0}: 'java.lang.Object java.lang.invoke.DirectMethodHandle$Holder.newInvokeSpecial(java.lang.Object, java.lang.Object, int, java.lang.Object, int)'> (0x0000000089825ee0) 
thrown [s\open\src\hotspot\share\interpreter\linkResolver.cpp, line 773]
Event: 25.104 Thread 0x000001bc224e6ad0 Exception <a 'java/lang/NoSuchMethodError'{0x0000000089829d60}: 'java.lang.Object java.lang.invoke.DirectMethodHandle$Holder.invokeSpecial(java.lang.Object, java.lang.Object, java.lang.Object, int, java.lang.Object, int)'> (0x0000000089829d60) 
thrown [s\open\src\hotspot\share\interpreter\linkResolver.cpp, line 773]
Event: 42.746 Thread 0x000001bc897e8100 Exception <a 'java/lang/NoSuchMethodError'{0x0000000088f8aab0}: 'java.lang.Object java.lang.invoke.DirectMethodHandle$Holder.invokeSpecial(java.lang.Object, java.lang.Object, java.lang.Object, java.lang.Object, java.lang.Object, long)'> (0x0000000088f8aab0) 
thrown [s\open\src\hotspot\share\interpreter\linkResolver.cpp, line 773]
Event: 42.746 Thread 0x000001bc897e8100 Exception <a 'java/lang/NoSuchMethodError'{0x0000000088f8e280}: 'java.lang.Object java.lang.invoke.Invokers$Holder.linkToTargetMethod(java.lang.Object, java.lang.Object, java.lang.Object, long, java.lang.Object)'> (0x0000000088f8e280) 
thrown [s\open\src\hotspot\share\interpreter\linkResolver.cpp, line 773]
Event: 43.341 Thread 0x000001bc897e8100 Exception <a 'java/lang/NoSuchMethodError'{0x0000000086fe72a0}: 'java.lang.Object java.lang.invoke.DirectMethodHandle$Holder.invokeVirtual(java.lang.Object, java.lang.Object, java.lang.Object, java.lang.Object, java.lang.Object, java.lang.Object, java.lang.Object)'> (0x0000000086fe72a0) 
thrown [s\open\src\hotspot\share\interpreter\linkResolver.cpp, line 773]
Event: 43.529 Thread 0x000001bc897e8100 Exception <a 'java/lang/NoSuchMethodError'{0x0000000089c79f28}: 'java.lang.Object java.lang.invoke.DirectMethodHandle$Holder.invokeSpecialIFC(java.lang.Object, java.lang.Object)'> (0x0000000089c79f28) 
thrown [s\open\src\hotspot\share\interpreter\linkResolver.cpp, line 773]
Event: 43.571 Thread 0x000001bc8cd91f20 Exception <a 'java/lang/NoSuchMethodError'{0x0000000089cf6ac0}: 'java.lang.Object java.lang.invoke.DirectMethodHandle$Holder.invokeInterface(java.lang.Object, java.lang.Object, java.lang.Object, java.lang.Object, java.lang.Object)'> (0x0000000089cf6ac0) 
thrown [s\open\src\hotspot\share\interpreter\linkResolver.cpp, line 773]
Event: 49.822 Thread 0x000001bc8b894370 Exception <a 'java/lang/IncompatibleClassChangeError'{0x0000000088da0bb8}: Found class java.lang.Object, but interface was expected> (0x0000000088da0bb8) 
thrown [s\open\src\hotspot\share\interpreter\linkResolver.cpp, line 840]
Event: 49.834 Thread 0x000001bc8b894370 Exception <a 'java/lang/NoSuchMethodError'{0x0000000088dd34d0}: 'long java.lang.invoke.DelegatingMethodHandle$Holder.reinvoke_L(java.lang.Object, java.lang.Object)'> (0x0000000088dd34d0) 
thrown [s\open\src\hotspot\share\interpreter\linkResolver.cpp, line 773]
Event: 49.835 Thread 0x000001bc8b894370 Exception <a 'java/lang/IncompatibleClassChangeError'{0x0000000088dddb80}: Found class java.lang.Object, but interface was expected> (0x0000000088dddb80) 
thrown [s\open\src\hotspot\share\interpreter\linkResolver.cpp, line 840]
Event: 49.836 Thread 0x000001bc8b894370 Exception <a 'java/lang/IncompatibleClassChangeError'{0x0000000088ddeb90}: Found class java.lang.Object, but interface was expected> (0x0000000088ddeb90) 
thrown [s\open\src\hotspot\share\interpreter\linkResolver.cpp, line 840]
Event: 49.836 Thread 0x000001bc8b894370 Exception <a 'java/lang/IncompatibleClassChangeError'{0x0000000088de2228}: Found class java.lang.Object, but interface was expected> (0x0000000088de2228) 
thrown [s\open\src\hotspot\share\interpreter\linkResolver.cpp, line 840]

ZGC Phase Switch (0 events):
No events

VM Operations (20 events):
Event: 55.691 Executing VM operation: virtual thread get/set locals
Event: 55.692 Executing VM operation: virtual thread get/set locals done
Event: 60.065 Executing VM operation: HandshakeAllThreads (HandshakeForDeflation)
Event: 60.065 Executing VM operation: HandshakeAllThreads (HandshakeForDeflation) done
Event: 60.065 Executing VM operation: RendezvousGCThreads
Event: 60.065 Executing VM operation: RendezvousGCThreads done
Event: 66.067 Executing VM operation: Cleanup
Event: 66.067 Executing VM operation: Cleanup done
Event: 76.458 Executing VM operation: ChangeSingleStep
Event: 76.458 Executing VM operation: ChangeSingleStep done
Event: 76.458 Executing VM operation: ChangeSingleStep
Event: 76.458 Executing VM operation: ChangeSingleStep done
Event: 76.517 Executing VM operation: RedefineClasses
Event: 76.588 Executing VM operation: RedefineClasses done
Event: 76.612 Executing VM operation: ChangeBreakpoints
Event: 76.616 Executing VM operation: ChangeBreakpoints done
Event: 76.616 Executing VM operation: ChangeBreakpoints
Event: 76.621 Executing VM operation: ChangeBreakpoints done
Event: 76.630 Executing VM operation: ChangeSingleStep
Event: 76.630 Executing VM operation: ChangeSingleStep done

Events (20 events):
Event: 25.199 Thread 0x000001bc8b894370 Thread added: 0x000001bc8b894370
Event: 25.200 Thread 0x000001bc8b895090 Thread added: 0x000001bc8b895090
Event: 25.200 Thread 0x000001bc883840e0 Thread added: 0x000001bc883840e0
Event: 25.206 Thread 0x000001bc8e1fda90 Thread added: 0x000001bc8e1fda90
Event: 25.210 Thread 0x000001bc8ecff890 Thread added: 0x000001bc8ecff890
Event: 25.214 Thread 0x000001bc224e6ad0 Thread exited: 0x000001bc224e6ad0
Event: 25.214 Thread 0x000001bc8b896440 Thread added: 0x000001bc8b896440
Event: 26.920 Thread 0x000001bc8917a3d0 Thread exited: 0x000001bc8917a3d0
Event: 26.998 Thread 0x000001bc8917b170 Thread exited: 0x000001bc8917b170
Event: 42.691 Thread 0x000001bc897e7a70 Thread added: 0x000001bc897e7a70
Event: 42.695 Thread 0x000001bc897e8100 Thread added: 0x000001bc897e8100
Event: 42.695 Thread 0x000001bc897e9b40 Thread added: 0x000001bc897e9b40
Event: 42.867 Thread 0x000001bc8917b170 Thread added: 0x000001bc8917b170
Event: 42.983 Thread 0x000001bc8ed005b0 Thread added: 0x000001bc8ed005b0
Event: 42.983 Thread 0x000001bc8b8977f0 Thread added: 0x000001bc8b8977f0
Event: 42.984 Thread 0x000001bc8b892fc0 Thread added: 0x000001bc8b892fc0
Event: 42.984 Thread 0x000001bc8b898510 Thread added: 0x000001bc8b898510
Event: 44.974 Thread 0x000001bc8917b170 Thread exited: 0x000001bc8917b170
Event: 49.674 Thread 0x000001bc8917eec0 Thread added: 0x000001bc8917eec0
Event: 50.045 Thread 0x000001bc8917eec0 Thread exited: 0x000001bc8917eec0


Dynamic libraries:
0x00007ff6d8850000 - 0x00007ff6d8860000 	C:\Program Files\Java\jdk-21\bin\javaw.exe
0x00007ffa95b90000 - 0x00007ffa95da7000 	C:\WINDOWS\SYSTEM32\ntdll.dll
0x00007ffa94c20000 - 0x00007ffa94ce4000 	C:\WINDOWS\System32\KERNEL32.DLL
0x00007ffa93240000 - 0x00007ffa935f9000 	C:\WINDOWS\System32\KERNELBASE.dll
0x00007ffa92f90000 - 0x00007ffa930a1000 	C:\WINDOWS\System32\ucrtbase.dll
0x00007ffa89c70000 - 0x00007ffa89c89000 	C:\Program Files\Java\jdk-21\bin\jli.dll
0x00007ffa95040000 - 0x00007ffa950f2000 	C:\WINDOWS\System32\ADVAPI32.dll
0x00007ffa94f90000 - 0x00007ffa95037000 	C:\WINDOWS\System32\msvcrt.dll
0x00007ffa94b10000 - 0x00007ffa94bb7000 	C:\WINDOWS\System32\sechost.dll
0x00007ffa92f60000 - 0x00007ffa92f88000 	C:\WINDOWS\System32\bcrypt.dll
0x00007ffa95260000 - 0x00007ffa95374000 	C:\WINDOWS\System32\RPCRT4.dll
0x00007ffa89c50000 - 0x00007ffa89c6b000 	C:\Program Files\Java\jdk-21\bin\VCRUNTIME140.dll
0x00007ffa94de0000 - 0x00007ffa94f8e000 	C:\WINDOWS\System32\USER32.dll
0x00007ffa92f30000 - 0x00007ffa92f56000 	C:\WINDOWS\System32\win32u.dll
0x00007ffa949e0000 - 0x00007ffa94a09000 	C:\WINDOWS\System32\GDI32.dll
0x00007ffa76e00000 - 0x00007ffa77092000 	C:\WINDOWS\WinSxS\amd64_microsoft.windows.common-controls_6595b64144ccf1df_6.0.22621.4391_none_2715d37f73803e96\COMCTL32.dll
0x00007ffa93120000 - 0x00007ffa9323b000 	C:\WINDOWS\System32\gdi32full.dll
0x00007ffa92e90000 - 0x00007ffa92f2a000 	C:\WINDOWS\System32\msvcp_win.dll
0x00007ffa8e540000 - 0x00007ffa8e54a000 	C:\WINDOWS\SYSTEM32\VERSION.dll
0x00007ffa93b70000 - 0x00007ffa93ba1000 	C:\WINDOWS\System32\IMM32.DLL
0x00007ffa89c40000 - 0x00007ffa89c4c000 	C:\Program Files\Java\jdk-21\bin\vcruntime140_1.dll
0x00007ffa89b20000 - 0x00007ffa89bae000 	C:\Program Files\Java\jdk-21\bin\msvcp140.dll
0x00007ff9ba5f0000 - 0x00007ff9bb308000 	C:\Program Files\Java\jdk-21\bin\server\jvm.dll
0x00007ffa95ad0000 - 0x00007ffa95b41000 	C:\WINDOWS\System32\WS2_32.dll
0x00007ffa91ce0000 - 0x00007ffa91d2d000 	C:\WINDOWS\SYSTEM32\POWRPROF.dll
0x00007ffa8e020000 - 0x00007ffa8e054000 	C:\WINDOWS\SYSTEM32\WINMM.dll
0x00007ffa91cc0000 - 0x00007ffa91cd3000 	C:\WINDOWS\SYSTEM32\UMPDC.dll
0x00007ffa91f80000 - 0x00007ffa91f98000 	C:\WINDOWS\SYSTEM32\kernel.appcore.dll
0x00007ffa89b10000 - 0x00007ffa89b1a000 	C:\Program Files\Java\jdk-21\bin\jimage.dll
0x00007ffa904c0000 - 0x00007ffa906f2000 	C:\WINDOWS\SYSTEM32\DBGHELP.DLL
0x00007ffa93bb0000 - 0x00007ffa93f3f000 	C:\WINDOWS\System32\combase.dll
0x00007ffa95180000 - 0x00007ffa95257000 	C:\WINDOWS\System32\OLEAUT32.dll
0x00007ffa8bce0000 - 0x00007ffa8bd12000 	C:\WINDOWS\SYSTEM32\dbgcore.DLL
0x00007ffa936c0000 - 0x00007ffa9373b000 	C:\WINDOWS\System32\bcryptPrimitives.dll
0x00007ffa61f70000 - 0x00007ffa61fac000 	C:\Program Files\Java\jdk-21\bin\jdwp.dll
0x00007ffa89a40000 - 0x00007ffa89a4f000 	C:\Program Files\Java\jdk-21\bin\instrument.dll
0x00007ffa899d0000 - 0x00007ffa899ef000 	C:\Program Files\Java\jdk-21\bin\java.dll
0x00007ffa94100000 - 0x00007ffa94976000 	C:\WINDOWS\System32\SHELL32.dll
0x00007ffa90d80000 - 0x00007ffa91683000 	C:\WINDOWS\SYSTEM32\windows.storage.dll
0x00007ffa90c40000 - 0x00007ffa90d7f000 	C:\WINDOWS\SYSTEM32\wintypes.dll
0x00007ffa93a70000 - 0x00007ffa93b69000 	C:\WINDOWS\System32\SHCORE.dll
0x00007ffa94bc0000 - 0x00007ffa94c1e000 	C:\WINDOWS\System32\shlwapi.dll
0x00007ffa92dc0000 - 0x00007ffa92deb000 	C:\WINDOWS\SYSTEM32\profapi.dll
0x00007ffa3f7c0000 - 0x00007ffa3f897000 	C:\Program Files\Java\jdk-21\bin\jsvml.dll
0x00007ffa7df20000 - 0x00007ffa7df2c000 	C:\Program Files\Java\jdk-21\bin\dt_socket.dll
0x00007ffa919a0000 - 0x00007ffa919cd000 	C:\WINDOWS\SYSTEM32\IPHLPAPI.DLL
0x00007ffa92400000 - 0x00007ffa92469000 	C:\WINDOWS\system32\mswsock.dll
0x00007ffa919d0000 - 0x00007ffa91ad2000 	C:\WINDOWS\SYSTEM32\DNSAPI.dll
0x00007ffa95a20000 - 0x00007ffa95a29000 	C:\WINDOWS\System32\NSI.dll
0x00007ffa785c0000 - 0x00007ffa785ca000 	C:\Windows\System32\rasadhlp.dll
0x00007ffa8d450000 - 0x00007ffa8d4d3000 	C:\WINDOWS\System32\fwpuclnt.dll
0x00007ffa5b4f0000 - 0x00007ffa5b508000 	C:\Program Files\Java\jdk-21\bin\zip.dll
0x00007ffa7df10000 - 0x00007ffa7df20000 	C:\Program Files\Java\jdk-21\bin\net.dll
0x00007ffa8de30000 - 0x00007ffa8df66000 	C:\WINDOWS\SYSTEM32\WINHTTP.dll
0x00007ffa59db0000 - 0x00007ffa59dc6000 	C:\Program Files\Java\jdk-21\bin\nio.dll
0x00007ffa73ce0000 - 0x00007ffa73cf0000 	C:\Program Files\Java\jdk-21\bin\verify.dll
0x00007ffa62f80000 - 0x00007ffa62f8e000 	C:\Program Files\Java\jdk-21\bin\sunmscapi.dll
0x00007ffa93740000 - 0x00007ffa938a6000 	C:\WINDOWS\System32\CRYPT32.dll
0x00007ffa92850000 - 0x00007ffa9287d000 	C:\WINDOWS\SYSTEM32\ncrypt.dll
0x00007ffa92810000 - 0x00007ffa92847000 	C:\WINDOWS\SYSTEM32\NTASN1.dll
0x00007ffa92620000 - 0x00007ffa9263b000 	C:\WINDOWS\SYSTEM32\CRYPTSP.dll
0x00007ffa91ee0000 - 0x00007ffa91f15000 	C:\WINDOWS\system32\rsaenh.dll
0x00007ffa924c0000 - 0x00007ffa924e8000 	C:\WINDOWS\SYSTEM32\USERENV.dll
0x00007ffa92640000 - 0x00007ffa9264c000 	C:\WINDOWS\SYSTEM32\CRYPTBASE.dll
0x00007ffa62f30000 - 0x00007ffa62f3a000 	C:\Program Files\Java\jdk-21\bin\management.dll
0x00007ffa61fe0000 - 0x00007ffa61feb000 	C:\Program Files\Java\jdk-21\bin\management_ext.dll
0x00007ffa95a30000 - 0x00007ffa95a38000 	C:\WINDOWS\System32\PSAPI.DLL
0x00007ffa61ad0000 - 0x00007ffa61ad9000 	C:\Program Files\Java\jdk-21\bin\extnet.dll
0x00007ffa5dfb0000 - 0x00007ffa5dfc7000 	C:\WINDOWS\system32\napinsp.dll
0x00007ffa5d7f0000 - 0x00007ffa5d80b000 	C:\WINDOWS\system32\pnrpnsp.dll
0x00007ffa57340000 - 0x00007ffa57351000 	C:\WINDOWS\System32\winrnr.dll
0x00007ffa59f90000 - 0x00007ffa59fa5000 	C:\WINDOWS\system32\wshbth.dll
0x00007ffa57310000 - 0x00007ffa57337000 	C:\WINDOWS\system32\nlansp_c.dll
0x00007ffa72820000 - 0x00007ffa72828000 	C:\WINDOWS\system32\wshunix.dll

dbghelp: loaded successfully - version: 4.0.5 - missing functions: none
symbol engine: initialized successfully - sym options: 0x614 - pdb path: .;C:\Program Files\Java\jdk-21\bin;C:\WINDOWS\SYSTEM32;C:\WINDOWS\WinSxS\amd64_microsoft.windows.common-controls_6595b64144ccf1df_6.0.22621.4391_none_2715d37f73803e96;C:\Program Files\Java\jdk-21\bin\server

VM Arguments:
jvm_args: -XX:+ShowCodeDetailsInExceptionMessages -agentlib:jdwp=transport=dt_socket,suspend=y,address=localhost:53722 -Dspring.profiles.active=local -javaagent:C:\Users\Hp\eclipse\java-2024-09\eclipse\configuration\org.eclipse.osgi\525\0\.cp\lib\javaagent-shaded.jar -Dfile.encoding=UTF-8 -Dstdout.encoding=UTF-8 -Dstderr.encoding=UTF-8 
java_command: com.arenella.recruit.RecruitApplication
java_class_path (initial): C:\eclipse-projects\recruit\recruit\target\classes;C:\Users\Hp\.p2\pool\plugins\org.junit_4.13.2.v20230809-1000.jar;C:\Users\Hp\.p2\pool\plugins\org.hamcrest_3.0.0.jar;C:\Users\Hp\.p2\pool\plugins\org.hamcrest.core_2.2.0.v20230809-1000.jar;C:\Users\Hp\.m2\repository\org\springframework\boot\spring-boot-starter-web\3.2.4\spring-boot-starter-web-3.2.4.jar;C:\Users\Hp\.m2\repository\org\springframework\boot\spring-boot-starter\3.2.4\spring-boot-starter-3.2.4.jar;C:\Users\Hp\.m2\repository\org\springframework\boot\spring-boot\3.2.4\spring-boot-3.2.4.jar;C:\Users\Hp\.m2\repository\org\springframework\boot\spring-boot-autoconfigure\3.2.4\spring-boot-autoconfigure-3.2.4.jar;C:\Users\Hp\.m2\repository\org\springframework\boot\spring-boot-starter-logging\3.2.4\spring-boot-starter-logging-3.2.4.jar;C:\Users\Hp\.m2\repository\ch\qos\logback\logback-classic\1.4.14\logback-classic-1.4.14.jar;C:\Users\Hp\.m2\repository\ch\qos\logback\logback-core\1.4.14\logback-core-1.4.14.jar;C:\Users\Hp\.m2\repository\org\springframework\boot\spring-boot-starter-json\3.2.4\spring-boot-starter-json-3.2.4.jar;C:\Users\Hp\.m2\repository\com\fasterxml\jackson\datatype\jackson-datatype-jdk8\2.15.4\jackson-datatype-jdk8-2.15.4.jar;C:\Users\Hp\.m2\repository\com\fasterxml\jackson\datatype\jackson-datatype-jsr310\2.15.4\jackson-datatype-jsr310-2.15.4.jar;C:\Users\Hp\.m2\repository\com\fasterxml\jackson\module\jackson-module-parameter-names\2.15.4\jackson-module-parameter-names-2.15.4.jar;C:\Users\Hp\.m2\repository\org\springframework\spring-web\6.1.5\spring-web-6.1.5.jar;C:\Users\Hp\.m2\repository\org\springframework\spring-beans\6.1.5\spring-beans-6.1.5.jar;C:\Users\Hp\.m2\repository\io\micrometer\micrometer-observation\1.12.4\micrometer-observation-1.12.4.jar;C:\Users\Hp\.m2\repository\io\micrometer\micrometer-commons\1.12.4\micrometer-commons-1.12.4.jar;C:\Users\Hp\.m2\repository\org\springframework\spring-webmvc\6.1.5\spring-webmvc-6.1.5.jar;C:\Users\Hp\.m2\repository\org\springframework\spring-expression\6.1.5\spring-expression-6.1.5.jar;C:\Users\Hp\.m2\repository\org\springframework\boot\spring-boot-starter-jdbc\3.2.4\spring-boot-starter-jdbc-3.2.4.jar;C:\Users\Hp\.m2\repository\com\zaxxer\HikariCP\5.0.1\HikariCP-5.0.1.jar;C:\Users\Hp\.m2\repository\org\springframework\spring-jdbc\6.1.5\spring-jdbc-6.1.5.jar;C:\Users\Hp\.m2\repository\org\springframework\boot\spring-boot-starter-tomcat\3.2.4\spring-boot-starter-tomcat-3.2.4.jar;C:\Users\Hp\.m2\repository\jakarta\annotation\jakarta.annotation-api\2.1.1\jakarta.annotation-api-2.1.1.jar;C:\Users\Hp\.m2\repository\org\apache\tomcat\embed\tomcat-embed-core\10.1.19\tomcat-embed-core-10.1.19.jar;C:\Users\Hp\.m2\repository\org\apache\tomcat\embed\tomcat-embed-el\10.1.19\tomcat-embed-el-10.1.19.jar;C:\Users\Hp\.m2\repository\org\apache\tomcat\embed\tomcat-embed-websocket\10.1.19\tomcat-embed-websocket-10.1.19.jar;C:\Users\Hp\.m2\repository\org\liquibase\liquibase-core\4.24.0\liquibase-core-4.24.0.jar;C:\Users\Hp\.m2\repository\com\opencsv\opencsv\5.8\opencsv-5.8.jar;C:\Users\Hp\.m2\repository\org\apache\commons\commons-lang3\3.13.0\commons-lang3-3.13.0.jar;C:\Users\Hp\.m2\repository\org\apache\commons\commons-text\1.10.0\commons-text-1.10.0.jar;C:\Users\Hp\.m2\repository\org\apache\commons\commons-collections4\4.4\commons-collections4-4.4.jar;C:\Users\Hp\.m2\repository\org\yaml\snakeyaml\2.2\snakeyaml-2.2.jar;C:\Users\Hp\.m2\repository\javax\xml\bind\jaxb-api\2.3.1\jaxb-api-2.3.1.jar;C:\Users\Hp\.m2\repository\org\postgresql\postgresql\42.6.2\postgresql-42.6.2.jar;C:\Users\Hp\.m2\repository\org\checkerframework\checker-qual\3.31.0\checker-qual-3.31.0.jar;C:\Users\Hp\.m2\repository\jakarta\xml\bind\jakarta.xml.bind-api\4.0.2\jakarta.xml.bind-api-4.0.2.jar;C:\Users\Hp\.m2\repository\jakarta\activation\jakarta.activation-api\2.1.3\jakarta.activation-api-2.1.3.jar;C:\Users\Hp\.m2\repository\net\bytebuddy\byte-buddy\1.14.12\byte-buddy-1.14.12.jar;C:\Users\Hp\.m2\repository\org\springframework\spring-core\6.1.5\spring-core-6.1.5.jar;C:\Users\Hp\.m2\repository\org\springframework\spring-jcl\6.1.5\spring-jcl-6.1.5.jar;C:\Users\Hp\.m2\repository\org\springframework\boot\spring-boot-starter-data-jpa\3.2.4\spring-boot-starter-data-jpa-3.2.4.jar;C:\Users\Hp\.m2\repository\org\springframework\boot\spring-boot-starter-aop\3.2.4\spring-boot-starter-aop-3.2.4.jar;C:\Users\Hp\.m2\repository\org\aspectj\aspectjweaver\1.9.21\aspectjweaver-1.9.21.jar;C:\Users\Hp\.m2\repository\org\hibernate\orm\hibernate-core\6.4.4.Final\hibernate-core-6.4.4.Final.jar;C:\Users\Hp\.m2\repository\jakarta\persistence\jakarta.persistence-api\3.1.0\jakarta.persistence-api-3.1.0.jar;C:\Users\Hp\.m2\repository\jakarta\transaction\jakarta.transaction-api\2.0.1\jakarta.transaction-api-2.0.1.jar;C:\Users\Hp\.m2\repository\org\jboss\logging\jboss-logging\3.5.3.Final\jboss-logging-3.5.3.Final.jar;C:\Users\Hp\.m2\repository\org\hibernate\common\hibernate-commons-annotations\6.0.6.Final\hibernate-commons-annotations-6.0.6.Final.jar;C:\Users\Hp\.m2\repository\io\smallrye\jandex\3.1.2\jandex-3.1.2.jar;C:\Users\Hp\.m2\repository\com\fasterxml\classmate\1.6.0\classmate-1.6.0.jar;C:\Users\Hp\.m2\repository\org\glassfish\jaxb\jaxb-runtime\4.0.5\jaxb-runtime-4.0.5.jar;C:\Users\Hp\.m2\repository\org\glassfish\jaxb\jaxb-core\4.0.5\jaxb-core-4.0.5.jar;C:\Users\Hp\.m2\repository\org\glassfish\jaxb\txw2\4.0.5\txw2-4.0.5.jar;C:\Users\Hp\.m2\repository\com\sun\istack\istack-commons-runtime\4.1.2\istack-commons-runtime-4.1.2.jar;C:\Users\Hp\.m2\repository\jakarta\inject\jakarta.inject-api\2.0.1\jakarta.inject-api-2.0.1.jar;C:\Users\Hp\.m2\repository\org\antlr\antlr4-runtime\4.13.0\antlr4-runtime-4.13.0.jar;C:\Users\Hp\.m2\repository\org\springframework\data\spring-data-jpa\3.2.4\spring-data-jpa-3.2.4.jar;C:\Users\Hp\.m2\repository\org\springframework\spring-orm\6.1.5\spring-orm-6.1.5.jar;C:\Users\Hp\.m2\repository\org\springframework\spring-aspects\6.1.5\spring-aspects-6.1.5.jar;C:\Users\Hp\.m2\repository\org\springframework\boot\spring-boot-starter-mail\3.2.4\spring-boot-starter-mail-3.2.4.jar;C:\Users\Hp\.m2\repository\org\springframework\spring-context-support\6.1.5\spring-context-support-6.1.5.jar;C:\Users\Hp\.m2\repository\org\eclipse\angus\jakarta.mail\2.0.3\jakarta.mail-2.0.3.jar;C:\Users\Hp\.m2\repository\org\eclipse\angus\angus-activation\2.0.2\angus-activation-2.0.2.jar;C:\Users\Hp\.m2\repository\org\springframework\boot\spring-boot-starter-security\3.2.4\spring-boot-starter-security-3.2.4.jar;C:\Users\Hp\.m2\repository\org\springframework\spring-aop\6.1.5\spring-aop-6.1.5.jar;C:\Users\Hp\.m2\repository\org\springframework\security\spring-security-config\6.2.3\spring-security-config-6.2.3.jar;C:\Users\Hp\.m2\repository\org\springframework\security\spring-security-web\6.2.3\spring-security-web-6.2.3.jar;C:\Users\Hp\.m2\repository\io\jsonwebtoken\jjwt\0.9.1\jjwt-0.9.1.jar;C:\Users\Hp\.m2\repository\com\fasterxml\jackson\core\jackson-databind\2.15.4\jackson-databind-2.15.4.jar;C:\Users\Hp\.m2\repository\com\fasterxml\jackson\core\jackson-annotations\2.15.4\jackson-annotations-2.15.4.jar;C:\Users\Hp\.m2\repository\org\apache\poi\poi-ooxml\5.2.0\poi-ooxml-5.2.0.jar;C:\Users\Hp\.m2\repository\org\apache\poi\poi\5.2.0\poi-5.2.0.jar;C:\Users\Hp\.m2\repository\org\apache\commons\commons-math3\3.6.1\commons-math3-3.6.1.jar;C:\Users\Hp\.m2\repository\com\zaxxer\SparseBitSet\1.2\SparseBitSet-1.2.jar;C:\Users\Hp\.m2\repository\org\apache\poi\poi-ooxml-lite\5.2.0\poi-ooxml-lite-5.2.0.jar;C:\Users\Hp\.m2\repository\org\apache\xmlbeans\xmlbeans\5.0.3\xmlbeans-5.0.3.jar;C:\Users\Hp\.m2\repository\org\apache\commons\commons-compress\1.21\commons-compress-1.21.jar;C:\Users\Hp\.m2\repository\commons-io\commons-io\2.11.0\commons-io-2.11.0.jar;C:\Users\Hp\.m2\repository\com\github\virtuald\curvesapi\1.06\curvesapi-1.06.jar;C:\Users\Hp\.m2\repository\fr\opensagres\xdocreport\fr.opensagres.poi.xwpf.converter.pdf-gae\2.0.3\fr.opensagres.poi.xwpf.converter.pdf-gae-2.0.3.jar;C:\Users\Hp\.m2\repository\fr\opensagres\xdocreport\fr.opensagres.poi.xwpf.converter.core-gae\2.0.3\fr.opensagres.poi.xwpf.converter.core-gae-2.0.3.jar;C:\Users\Hp\.m2\repository\org\apache\poi\poi-ooxml-full\5.2.0\poi-ooxml-full-5.2.0.jar;C:\Users\Hp\.m2\repository\fr\opensagres\xdocreport\fr.opensagres.xdocreport.itext.extension-gae\2.0.3\fr.opensagres.xdocreport.itext.extension-gae-2.0.3.jar;C:\Users\Hp\.m2\repository\fr\opensagres\xdocreport\itext-gae\itext-gae\4.2.0-1\itext-gae-4.2.0-1.jar;C:\Users\Hp\.m2\repository\fr\opensagres\xdocreport\appengine-awt\appengine-awt\1.0.0\appengine-awt-1.0.0.jar;C:\Users\Hp\.m2\repository\fr\opensagres\xdocreport\sfntly\sfntly\1.0.0\sfntly-1.0.0.jar;C:\Users\Hp\.m2\repository\com\ibm\icu\icu4j\4.8.1.1\icu4j-4.8.1.1.jar;C:\Users\Hp\.m2\repository\org\apache\pdfbox\pdfbox\2.0.28\pdfbox-2.0.28.jar;C:\Users\Hp\.m2\repository\org\apache\pdfbox\fontbox\2.0.28\fontbox-2.0.28.jar;C:\Users\Hp\.m2\repository\commons-logging\commons-logging\1.2\commons-logging-1.2.jar;C:\Users\Hp\.m2\repository\org\apache\logging\log4j\log4j-core\2.16.0\log4j-core-2.16.0.jar;C:\Users\Hp\.m2\repository\org\apache\logging\log4j\log4j-api\2.16.0\log4j-api-2.16.0.jar;C:\Users\Hp\.m2\repository\org\apache\logging\log4j\log4j-to-slf4j\2.16.0\log4j-to-slf4j-2.16.0.jar;C:\Users\Hp\.m2\repository\org\slf4j\slf4j-api\2.0.12\slf4j-api-2.0.12.jar;C:\Users\Hp\.m2\repository\org\springframework\boot\spring-boot-starter-freemarker\3.2.4\spring-boot-starter-freemarker-3.2.4.jar;C:\Users\Hp\.m2\repository\org\freemarker\freemarker\2.3.32\freemarker-2.3.32.jar;C:\Users\Hp\.m2\repository\org\apache\tika\tika-core\2.7.0\tika-core-2.7.0.jar;C:\Users\Hp\.m2\repository\org\apache\tika\tika-parsers\1.17\tika-parsers-1.17.jar;C:\Users\Hp\.m2\repository\org\gagravarr\vorbis-java-tika\0.8\vorbis-java-tika-0.8.jar;C:\Users\Hp\.m2\repository\com\healthmarketscience\jackcess\jackcess\2.1.8\jackcess-2.1.8.jar;C:\Users\Hp\.m2\repository\commons-lang\commons-lang\2.6\commons-lang-2.6.jar;C:\Users\Hp\.m2\repository\com\healthmarketscience\jackcess\jackcess-encrypt\2.1.2\jackcess-encrypt-2.1.2.jar;C:\Users\Hp\.m2\repository\org\tallison\jmatio\1.2\jmatio-1.2.jar;C:\Users\Hp\.m2\repository\org\apache\james\apache-mime4j-core\0.8.1\apache-mime4j-core-0.8.1.jar;C:\Users\Hp\.m2\repository\org\apache\james\apache-mime4j-dom\0.8.1\apache-mime4j-dom-0.8.1.jar;C:\Users\Hp\.m2\repository\org\tukaani\xz\1.6\xz-1.6.jar;C:\Users\Hp\.m2\repository\commons-codec\commons-codec\1.16.1\commons-codec-1.16.1.jar;C:\Users\Hp\.m2\repository\org\apache\pdfbox\pdfbox-tools\2.0.8\pdfbox-tools-2.0.8.jar;C:\Users\Hp\.m2\repository\org\apache\pdfbox\jempbox\1.8.13\jempbox-1.8.13.jar;C:\Users\Hp\.m2\repository\org\bouncycastle\bcmail-jdk15on\1.54\bcmail-jdk15on-1.54.jar;C:\Users\Hp\.m2\repository\org\bouncycastle\bcpkix-jdk15on\1.54\bcpkix-jdk15on-1.54.jar;C:\Users\Hp\.m2\repository\org\bouncycastle\bcprov-jdk15on\1.54\bcprov-jdk15on-1.54.jar;C:\Users\Hp\.m2\repository\org\apache\poi\poi-scratchpad\3.17\poi-scratchpad-3.17.jar;C:\Users\Hp\.m2\repository\org\ccil\cowan\tagsoup\tagsoup\1.2.1\tagsoup-1.2.1.jar;C:\Users\Hp\.m2\repository\org\ow2\asm\asm\5.0.4\asm-5.0.4.jar;C:\Users\Hp\.m2\repository\com\googlecode\mp4parser\isoparser\1.1.18\isoparser-1.1.18.jar;C:\Users\Hp\.m2\repository\com\drewnoakes\metadata-extractor\2.10.1\metadata-extractor-2.10.1.jar;C:\Users\Hp\.m2\repository\com\adobe\xmp\xmpcore\5.1.3\xmpcore-5.1.3.jar;C:\Users\Hp\.m2\repository\de\l3s\boilerpipe\boilerpipe\1.1.0\boilerpipe-1.1.0.jar;C:\Users\Hp\.m2\repository\com\rometools\rome\1.5.1\rome-1.5.1.jar;C:\Users\Hp\.m2\repository\com\rometools\rome-utils\1.5.1\rome-utils-1.5.1.jar;C:\Users\Hp\.m2\repository\org\gagravarr\vorbis-java-core\0.8\vorbis-java-core-0.8.jar;C:\Users\Hp\.m2\repository\com\googlecode\juniversalchardet\juniversalchardet\1.0.3\juniversalchardet-1.0.3.jar;C:\Users\Hp\.m2\repository\org\codelibs\jhighlight\1.0.2\jhighlight-1.0.2.jar;C:\Users\Hp\.m2\repository\com\pff\java-libpst\0.8.1\java-libpst-0.8.1.jar;C:\Users\Hp\.m2\repository\com\github\junrar\junrar\0.7\junrar-0.7.jar;C:\Users\Hp\.m2\repository\org\apache\cxf\cxf-rt-rs-client\3.0.16\cxf-rt-rs-client-3.0.16.jar;C:\Users\Hp\.m2\repository\org\apache\cxf\cxf-rt-transports-http\3.0.16\cxf-rt-transports-http-3.0.16.jar;C:\Users\Hp\.m2\repository\org\apache\cxf\cxf-core\3.0.16\cxf-core-3.0.16.jar;C:\Users\Hp\.m2\repository\org\codehaus\woodstox\woodstox-core-asl\4.4.1\woodstox-core-asl-4.4.1.jar;C:\Users\Hp\.m2\repository\org\codehaus\woodstox\stax2-api\3.1.4\stax2-api-3.1.4.jar;C:\Users\Hp\.m2\repository\org\apache\ws\xmlschema\xmlschema-core\2.2.2\xmlschema-core-2.2.2.jar;C:\Users\Hp\.m2\repository\org\apache\cxf\cxf-rt-frontend-jaxrs\3.0.16\cxf-rt-frontend-jaxrs-3.0.16.jar;C:\Users\Hp\.m2\repository\javax\ws\rs\javax.ws.rs-api\2.0.1\javax.ws.rs-api-2.0.1.jar;C:\Users\Hp\.m2\repository\javax\annotation\javax.annotation-api\1.2\javax.annotation-api-1.2.jar;C:\Users\Hp\.m2\repository\org\apache\commons\commons-exec\1.3\commons-exec-1.3.jar;C:\Users\Hp\.m2\repository\org\apache\opennlp\opennlp-tools\1.8.3\opennlp-tools-1.8.3.jar;C:\Users\Hp\.m2\repository\com\googlecode\json-simple\json-simple\1.1.1\json-simple-1.1.1.jar;C:\Users\Hp\.m2\repository\com\tdunning\json\1.8\json-1.8.jar;C:\Users\Hp\.m2\repository\com\google\code\gson\gson\2.10.1\gson-2.10.1.jar;C:\Users\Hp\.m2\repository\org\slf4j\jul-to-slf4j\2.0.12\jul-to-slf4j-2.0.12.jar;C:\Users\Hp\.m2\repository\org\slf4j\jcl-over-slf4j\2.0.12\jcl-over-slf4j-2.0.12.jar;C:\Users\Hp\.m2\repository\edu\ucar\netcdf4\4.5.5\netcdf4-4.5.5.jar;C:\Users\Hp\.m2\repository\net\jcip\jcip-annotations\1.0\jcip-annotations-1.0.jar;C:\Users\Hp\.m2\repository\net\java\dev\jna\jna\4.1.0\jna-4.1.0.jar;C:\Users\Hp\.m2\repository\edu\ucar\grib\4.5.5\grib-4.5.5.jar;C:\Users\Hp\.m2\repository\com\google\protobuf\protobuf-java\2.5.0\protobuf-java-2.5.0.jar;C:\Users\Hp\.m2\repository\org\jdom\jdom2\2.0.6.1\jdom2-2.0.6.1.jar;C:\Users\Hp\.m2\repository\org\jsoup\jsoup\1.7.2\jsoup-1.7.2.jar;C:\Users\Hp\.m2\repository\org\itadaki\bzip2\0.9.1\bzip2-0.9.1.jar;C:\Users\Hp\.m2\repository\edu\ucar\cdm\4.5.5\cdm-4.5.5.jar;C:\Users\Hp\.m2\repository\edu\ucar\udunits\4.5.5\udunits-4.5.5.jar;C:\Users\Hp\.m2\repository\org\apache\httpcomponents\httpcore\4.4.16\httpcore-4.4.16.jar;C:\Users\Hp\.m2\repository\joda-time\joda-time\2.2\joda-time-2.2.jar;C:\Users\Hp\.m2\repository\org\quartz-scheduler\quartz\2.3.2\quartz-2.3.2.jar;C:\Users\Hp\.m2\repository\com\mchange\mchange-commons-java\0.2.15\mchange-commons-java-0.2.15.jar;C:\Users\Hp\.m2\repository\net\sf\ehcache\ehcache-core\2.6.2\ehcache-core-2.6.2.jar;C:\Users\Hp\.m2\repository\com\google\guava\guava\17.0\guava-17.0.jar;C:\Users\Hp\.m2\repository\com\beust\jcommander\1.35\jcommander-1.35.jar;C:\Users\Hp\.m2\repository\edu\ucar\httpservices\4.5.5\httpservices-4.5.5.jar;C:\Users\Hp\.m2\repository\org\apache\httpcomponents\httpclient\4.5.4\httpclient-4.5.4.jar;C:\Users\Hp\.m2\repository\org\apache\httpcomponents\httpmime\4.5.4\httpmime-4.5.4.jar;C:\Users\Hp\.m2\repository\org\apache\commons\commons-csv\1.0\commons-csv-1.0.jar;C:\Users\Hp\.m2\repository\org\apache\sis\core\sis-utility\0.6\sis-utility-0.6.jar;C:\Users\Hp\.m2\repository\org\apache\sis\storage\sis-netcdf\0.6\sis-netcdf-0.6.jar;C:\Users\Hp\.m2\repository\org\apache\sis\storage\sis-storage\0.6\sis-storage-0.6.jar;C:\Users\Hp\.m2\repository\org\apache\sis\core\sis-referencing\0.6\sis-referencing-0.6.jar;C:\Users\Hp\.m2\repository\org\apache\sis\core\sis-metadata\0.6\sis-metadata-0.6.jar;C:\Users\Hp\.m2\repository\org\opengis\geoapi\3.0.0\geoapi-3.0.0.jar;C:\Users\Hp\.m2\repository\javax\measure\jsr-275\0.9.3\jsr-275-0.9.3.jar;C:\Users\Hp\.m2\repository\edu\usc\ir\sentiment-analysis-parser\0.1\sentiment-analysis-parser-0.1.jar;C:\Users\Hp\.m2\repository\com\fasterxml\jackson\core\jackson-core\2.15.4\jackson-core-2.15.4.jar;C:\Users\Hp\.m2\repository\org\springframework\security\spring-security-core\6.2.3\spring-security-core-6.2.3.jar;C:\Users\Hp\.m2\repository\org\springframework\security\spring-security-crypto\6.2.3\spring-security-crypto-6.2.3.jar;C:\Users\Hp\.m2\repository\net\coobird\thumbnailator\0.4.19\thumbnailator-0.4.19.jar;C:\Users\Hp\.m2\repository\org\springframework\data\spring-data-elasticsearch\5.2.4\spring-data-elasticsearch-5.2.4.jar;C:\Users\Hp\.m2\repository\org\springframework\spring-context\6.1.5\spring-context-6.1.5.jar;C:\Users\Hp\.m2\repository\org\springframework\spring-tx\6.1.5\spring-tx-6.1.5.jar;C:\Users\Hp\.m2\repository\org\springframework\data\spring-data-commons\3.2.4\spring-data-commons-3.2.4.jar;C:\Users\Hp\.m2\repository\co\elastic\clients\elasticsearch-java\8.10.4\elasticsearch-java-8.10.4.jar;C:\Users\Hp\.m2\repository\com\google\code\findbugs\jsr305\3.0.2\jsr305-3.0.2.jar;C:\Users\Hp\.m2\repository\jakarta\json\jakarta.json-api\2.1.3\jakarta.json-api-2.1.3.jar;C:\Users\Hp\.m2\repository\org\eclipse\parsson\parsson\1.0.0\parsson-1.0.0.jar;C:\Users\Hp\.m2\repository\io\opentelemetry\opentelemetry-api\1.31.0\opentelemetry-api-1.31.0.jar;C:\Users\Hp\.m2\repository\io\opentelemetry\opentelemetry-context\1.31.0\opentelemetry-context-1.31.0.jar;C:\Users\Hp\.m2\repository\org\elasticsearch\client\elasticsearch-rest-client\8.10.4\elasticsearch-rest-client-8.10.4.jar;C:\Users\Hp\.m2\repository\org\apache\httpcomponents\httpasyncclient\4.1.5\httpasyncclient-4.1.5.jar;C:\Users\Hp\.m2\repository\org\apache\httpcomponents\httpcore-nio\4.4.16\httpcore-nio-4.4.16.jar
Launcher Type: SUN_STANDARD

[Global flags]
     intx CICompilerCount                          = 4                                         {product} {ergonomic}
     uint ConcGCThreads                            = 2                                         {product} {ergonomic}
     uint G1ConcRefinementThreads                  = 8                                         {product} {ergonomic}
   size_t G1HeapRegionSize                         = 1048576                                   {product} {ergonomic}
    uintx GCDrainStackTargetSize                   = 64                                        {product} {ergonomic}
   size_t InitialHeapSize                          = 134217728                                 {product} {ergonomic}
   size_t MarkStackSize                            = 4194304                                   {product} {ergonomic}
   size_t MaxHeapSize                              = 2118123520                                {product} {ergonomic}
   size_t MaxNewSize                               = 1270874112                                {product} {ergonomic}
   size_t MinHeapDeltaBytes                        = 1048576                                   {product} {ergonomic}
   size_t MinHeapSize                              = 8388608                                   {product} {ergonomic}
    uintx NonNMethodCodeHeapSize                   = 5839372                                {pd product} {ergonomic}
    uintx NonProfiledCodeHeapSize                  = 122909434                              {pd product} {ergonomic}
    uintx ProfiledCodeHeapSize                     = 122909434                              {pd product} {ergonomic}
    uintx ReservedCodeCacheSize                    = 251658240                              {pd product} {ergonomic}
     bool SegmentedCodeCache                       = true                                      {product} {ergonomic}
     bool ShowCodeDetailsInExceptionMessages       = true                                   {manageable} {command line}
   size_t SoftMaxHeapSize                          = 2118123520                             {manageable} {ergonomic}
     bool UseCompressedOops                        = true                           {product lp64_product} {ergonomic}
     bool UseG1GC                                  = true                                      {product} {ergonomic}
     bool UseLargePagesIndividualAllocation        = false                                  {pd product} {ergonomic}

Logging:
Log output configuration:
 #0: stdout all=warning uptime,level,tags foldmultilines=false
 #1: stderr all=off uptime,level,tags foldmultilines=false

Environment Variables:
JAVA_HOME=C:\Program Files\Java\jdk-21
PATH=C:/Program Files/Java/jdk-23/bin/server;C:/Program Files/Java/jdk-23/bin;C:\Python312\Scripts\;C:\Python312\;C:\Program Files\Eclipse Adoptium\jdk-17.0.7.7-hotspot\bin;C:\Python311\Scripts\;C:\Python311\;C:\Program Files\Common Files\Oracle\Java\javapath;C:\Program Files (x86)\Common Files\Oracle\Java\javapath;C:\windows\system32;C:\windows;C:\windows\System32\Wbem;C:\windows\System32\WindowsPowerShell\v1.0\;C:\windows\System32\OpenSSH\;C:\Program Files (x86)\NVIDIA Corporation\PhysX\Common;C:\Program Files\NVIDIA Corporation\NVIDIA NvDLISR;C:\java\jdk-14\bin;C:\WINDOWS\system32;C:\WINDOWS;C:\WINDOWS\System32\Wbem;C:\WINDOWS\System32\WindowsPowerShell\v1.0\;C:\WINDOWS\System32\OpenSSH\;C:\ProgramData\chocolatey\bin;C:\Program Files\Git\cmd;C:\maven\bin;C:\Users\Hp\AppData\Roaming\nvm;C:\Program Files\nodejs;C:\Program Files\Docker\Docker\resources\bin;C:\ProgramData\DockerDesktop\version-bin;C:\Program Files\PuTTY\;C:\Program Files\nodejs\;C:\Program Files\Java\jdk-21\bin;C:\Users\Hp\AppData\Local\Microsoft\WindowsApps;C:\Users\Hp\AppData\Local\Programs\Microsoft VS Code\bin;C:\Program Files\JetBrains\IntelliJ IDEA 2021.3.2\bin;;C:\Users\Hp\AppData\Roaming\nvm;C:\Program Files\nodejs;C:\Users\Hp\AppData\Roaming\npm;;C:\WINDOWS\system32;
USERNAME=Hp
OS=Windows_NT
PROCESSOR_IDENTIFIER=Intel64 Family 6 Model 142 Stepping 11, GenuineIntel
TMP=C:\Users\Hp\AppData\Local\Temp
TEMP=C:\Users\Hp\AppData\Local\Temp




Periodic native trim disabled

---------------  S Y S T E M  ---------------

OS:
 Windows 11 , 64 bit Build 22621 (10.0.22621.4391)
OS uptime: 2 days 12:30 hours
Hyper-V role detected

CPU: total 8 (initial active 8) (4 cores per cpu, 2 threads per core) family 6 model 142 stepping 11 microcode 0xde, cx8, cmov, fxsr, ht, mmx, 3dnowpref, sse, sse2, sse3, ssse3, sse4.1, sse4.2, popcnt, lzcnt, tsc, tscinvbit, avx, avx2, aes, erms, clmul, bmi1, bmi2, adx, fma, vzeroupper, clflush, clflushopt, hv, rdtscp, f16c
Processor Information for all 8 processors :
  Max Mhz: 1992, Current Mhz: 1792, Mhz Limit: 1792

Memory: 4k page, system-wide physical 8079M (870M free)
TotalPageFile size 27938M (AvailPageFile size 4949M)
current process WorkingSet (physical memory assigned to process): 383M, peak: 431M
current process commit charge ("private bytes"): 423M, peak: 478M

vm_info: Java HotSpot(TM) 64-Bit Server VM (21.0.5+9-LTS-239) for windows-amd64 JRE (21.0.5+9-LTS-239), built on 2024-09-30T05:17:38Z by "mach5one" with MS VC++ 17.6 (VS2022)

END.
