#
# A fatal error has been detected by the Java Runtime Environment:
#
#  EXCEPTION_ACCESS_VIOLATION (0xc0000005) at pc=0x00007ffaaff5d65a, pid=25924, tid=44404
#
# JRE version: Java(TM) SE Runtime Environment (17.0.2+8) (build 17.0.2+8-LTS-86)
# Java VM: Java HotSpot(TM) 64-Bit Server VM (17.0.2+8-LTS-86, mixed mode, sharing, tiered, compressed oops, compressed class ptrs, g1 gc, windows-amd64)
# Problematic frame:
# V  [jvm.dll+0x73d65a]
#
# No core dump will be written. Minidumps are not enabled by default on client versions of Windows
#
# If you would like to submit a bug report, please visit:
#   https://bugreport.java.com/bugreport/crash.jsp
#

---------------  S U M M A R Y ------------

Command Line: -XX:+ShowCodeDetailsInExceptionMessages -agentlib:jdwp=transport=dt_socket,suspend=y,address=localhost:57860 -Dspring.profiles.active=local -javaagent:C:\Users\Hp\eclipse\java-2023-03\eclipse\configuration\org.eclipse.osgi\231\0\.cp\lib\javaagent-shaded.jar -Dfile.encoding=UTF-8 com.arenella.recruit.RecruitApplication

Host: Intel(R) Core(TM) i7-8565U CPU @ 1.80GHz, 8 cores, 7G,  Windows 11 , 64 bit Build 22621 (10.0.22621.3085)
Time: Mon Mar 11 22:56:40 2024 West-Europa (standaardtijd) elapsed time: 236.607983 seconds (0d 0h 3m 56s)

---------------  T H R E A D  ---------------

Current thread (0x000001e4625e1c20):  JavaThread "JDWP Transport Listener: dt_socket" daemon [_thread_in_vm, id=44404, stack(0x0000001e90200000,0x0000001e90300000)]

Stack: [0x0000001e90200000,0x0000001e90300000],  sp=0x0000001e902ff610,  free space=1021k
Native frames: (J=compiled Java code, j=interpreted, Vv=VM code, C=native code)
V  [jvm.dll+0x73d65a]
V  [jvm.dll+0x504e0c]
V  [jvm.dll+0x4d0634]
C  [jdwp.dll+0x22e9f]


siginfo: EXCEPTION_ACCESS_VIOLATION (0xc0000005), reading address 0x000000000198019b


Register to memory mapping:

RIP=0x00007ffaaff5d65a jvm.dll
RAX=0x0000000000000196 is an unknown value
RBX=0x000001e461a3a197 points into unknown readable memory: 62
RCX=0x0000000001980197 is an unknown value
RDX=0x000001e466c1fdb0 points into unknown readable memory: 0x6572612f6d6f634c | 4c 63 6f 6d 2f 61 72 65
RSP=0x0000001e902ff610 is pointing into the stack for thread: 0x000001e4625e1c20
RBP=0x000001e46251f010 points into unknown readable memory: 0x000001e400000002 | 02 00 00 00 e4 01 00 00
RSI=0x0 is NULL
RDI=0xffffffffffffffff is an unknown value
R8 =0x0000000000000003 is an unknown value
R9 =0x0000000000000032 is an unknown value
R10=0x0 is NULL
R11=0x0000001e902ff630 is pointing into the stack for thread: 0x000001e4625e1c20
R12=0x0000001e902ff768 is pointing into the stack for thread: 0x000001e4625e1c20
R13=0x0 is NULL
R14=0x000000080163caf8 is a pointer to class: 
com.arenella.recruit.candidates.dao.CandidateDao$FilterSpecification {0x000000080163cb00}
 - instance size:     2
 - klass size:        73
 - access:            public synchronized 
 - state:             fully_initialized
 - name:              'com/arenella/recruit/candidates/dao/CandidateDao$FilterSpecification'
 - super:             'java/lang/Object'
 - sub:               
 - arrays:            NULL
 - methods:           Array<T>(0x000001e472e25ee8)
 - method ordering:   Array<T>(0x000001e472e26948)
 - default_methods:   Array<T>(0x000001e472a57f58)
 - default vtable indices:   Array<T>(0x000001e472a57f70)
 - local interfaces:  Array<T>(0x000001e472a53ef8)
 - trans. interfaces: Array<T>(0x000001e472a57f28)
 - constants:         constant pool [445]/operands[14] {0x000001e472e26ed8} for 'com/arenella/recruit/candidates/dao/CandidateDao$FilterSpecification' cache=0x000001e472e29c58
 - class loader data:  loader data: 0x000001e4624b3ce0 for instance a 'jdk/internal/loader/ClassLoaders$AppClassLoader'{0x0000000082740000}
 - source file:       'CandidateDao.java'
 - source debug extension:       SMAP
CandidateDao.java
Java
*S jdt
*F
1 CandidateDao.java
2 file:/C:/eclipse-projects/recruit/recruit/target/classes/
*L
*E

 - class annotations:       Array<T>(0x0000000000000000)
 - class type annotations:  Array<T>(0x0000000000000000)
 - field annotations:       Array<T>(0x0000000000000000)
 - field type annotations:  Array<T>(0x0000000000000000)
 - previous version:  constant pool [440]/operands[14] {0x000001e472b8a008} for 'com/arenella/recruit/candidates/dao/CandidateDao$FilterSpecification' (extra) cache=0x000001e472b8b4f8
 - generic signature: '
[error occurred during error reporting (printing register info), id 0xc0000005, EXCEPTION_ACCESS_VIOLATION (0xc0000005) at pc=0x00007ffaaff5e266]

Registers:
RAX=0x0000000000000196, RBX=0x000001e461a3a197, RCX=0x0000000001980197, RDX=0x000001e466c1fdb0
RSP=0x0000001e902ff610, RBP=0x000001e46251f010, RSI=0x0000000000000000, RDI=0xffffffffffffffff
R8 =0x0000000000000003, R9 =0x0000000000000032, R10=0x0000000000000000, R11=0x0000001e902ff630
R12=0x0000001e902ff768, R13=0x0000000000000000, R14=0x000000080163caf8, R15=0x0000001e902ff7b8
RIP=0x00007ffaaff5d65a, EFLAGS=0x0000000000010202

Top of Stack: (sp=0x0000001e902ff610)
0x0000001e902ff610:   0000000000000044 000000080163caf8
0x0000001e902ff620:   000001e4625e1c20 0000000000000000
0x0000001e902ff630:   ffffffffffffffff 00007ffaafd24e0c
0x0000001e902ff640:   000001e461a3a197 000001e461a3a150
0x0000001e902ff650:   000001e46251f010 000001e4698346f0
0x0000001e902ff660:   000001e461a3a0f0 00000000000003d8
0x0000001e902ff670:   000001e461a3a100 000001e461a3a4d8
0x0000001e902ff680:   0000000000000002 0000001e902ff768
0x0000001e902ff690:   0000000000000000 0000000000000000
0x0000001e902ff6a0:   0000000085ae1258 00007ffaafcf0634
0x0000001e902ff6b0:   000001e4625e1c20 0000001e902ff7b8
0x0000001e902ff6c0:   000001e44193a2f0 0000001e902ff7b8
0x0000001e902ff6d0:   000001e4625e1c20 0000000000000000
0x0000001e902ff6e0:   000001e400000000 0000000000000000
0x0000001e902ff6f0:   000000000000000d 00007ffab35b2e9f
0x0000001e902ff700:   0000001e902ff7b0 00007ffab35c1830 

Instructions: (pc=0x00007ffaaff5d65a)
0x00007ffaaff5d55a:   48 83 c4 20 5f e9 8c 75 96 ff cc cc cc cc cc cc
0x00007ffaaff5d56a:   cc cc cc cc cc cc 48 89 5c 24 08 57 48 83 ec 20
0x00007ffaaff5d57a:   83 fa 02 8d 42 06 b9 08 00 00 00 49 8b d8 0f 4e
0x00007ffaaff5d58a:   c1 48 63 c8 48 83 c1 07 83 e1 f8 48 63 f9 49 8b
0x00007ffaaff5d59a:   48 18 48 8b c7 48 f7 d0 48 3b c1 73 16 4c 8d 05
0x00007ffaaff5d5aa:   9a 52 17 00 48 8b d7 48 8b cb e8 97 d8 96 ff 48
0x00007ffaaff5d5ba:   8b 4b 18 48 8d 04 39 48 3b 43 20 76 18 45 33 c0
0x00007ffaaff5d5ca:   48 8b d7 48 8b cb 48 8b 5c 24 30 48 83 c4 20 5f
0x00007ffaaff5d5da:   e9 f1 d4 96 ff 48 89 43 18 48 8b c1 48 8b 5c 24
0x00007ffaaff5d5ea:   30 48 83 c4 20 5f c3 cc cc cc cc cc cc cc cc cc
0x00007ffaaff5d5fa:   cc cc cc cc cc cc 4c 8b d2 4c 8b d9 45 85 c0 7e
0x00007ffaaff5d60a:   3c 44 0f b7 49 04 41 8d 40 ff 41 3b c1 44 0f 4c
0x00007ffaaff5d61a:   c8 4d 63 c1 45 85 c9 7e 1f 48 8b c2 4c 2b da 49
0x00007ffaaff5d62a:   8b d0 0f 1f 40 00 41 0f b6 4c 03 06 88 08 48 8d
0x00007ffaaff5d63a:   40 01 48 83 ea 01 75 ee 43 c6 04 10 00 49 8b c2
0x00007ffaaff5d64a:   c3 cc cc cc cc cc 48 89 5c 24 08 57 48 83 ec 20
0x00007ffaaff5d65a:   0f b7 59 04 48 8b f9 33 d2 48 8d 4b 01 e8 44 96
0x00007ffaaff5d66a:   f8 ff 0f b7 57 04 4c 8b c0 3b da 0f 42 d3 44 8b
0x00007ffaaff5d67a:   ca 85 d2 74 39 48 2b f8 0f 1f 40 00 66 66 0f 1f
0x00007ffaaff5d68a:   84 00 00 00 00 00 0f b6 4c 07 06 88 08 48 ff c0
0x00007ffaaff5d69a:   48 8b c8 49 2b c8 49 3b c9 7c eb 42 c6 04 02 00
0x00007ffaaff5d6aa:   49 8b c0 48 8b 5c 24 30 48 83 c4 20 5f c3 48 8b
0x00007ffaaff5d6ba:   5c 24 30 c6 04 02 00 48 83 c4 20 5f c3 cc cc cc
0x00007ffaaff5d6ca:   cc cc cc cc cc cc 4c 8b d1 45 85 c0 7e 6c 44 0f
0x00007ffaaff5d6da:   b7 49 04 41 8d 40 ff 41 3b c1 44 0f 4c c8 4d 63
0x00007ffaaff5d6ea:   d9 45 85 c9 7e 22 48 8b ca 4c 2b d2 4d 8b c3 0f
0x00007ffaaff5d6fa:   1f 80 00 00 00 00 41 0f b6 44 0a 06 88 01 48 8d
0x00007ffaaff5d70a:   49 01 49 83 e8 01 75 ee 41 c6 04 13 00 48 c7 c0
0x00007ffaaff5d71a:   ff ff ff ff 66 90 48 ff c0 80 3c 02 00 75 f7 48
0x00007ffaaff5d72a:   63 c8 85 c0 48 8b c2 7e 14 80 38 2f 75 03 c6 00
0x00007ffaaff5d73a:   2e 48 ff c0 48 83 e9 01 75 ef 48 8b c2 c3 cc cc
0x00007ffaaff5d74a:   cc cc cc cc cc cc 48 83 ec 28 e8 f7 fe ff ff 4c 


Stack slot to memory mapping:
stack at sp + 0 slots: 0x0000000000000044 is an unknown value
stack at sp + 1 slots: 0x000000080163caf8 is a pointer to class: 
com.arenella.recruit.candidates.dao.CandidateDao$FilterSpecification {0x000000080163cb00}
 - instance size:     2
 - klass size:        73
 - access:            public synchronized 
 - state:             fully_initialized
 - name:              'com/arenella/recruit/candidates/dao/CandidateDao$FilterSpecification'
 - super:             'java/lang/Object'
 - sub:               
 - arrays:            NULL
 - methods:           Array<T>(0x000001e472e25ee8)
 - method ordering:   Array<T>(0x000001e472e26948)
 - default_methods:   Array<T>(0x000001e472a57f58)
 - default vtable indices:   Array<T>(0x000001e472a57f70)
 - local interfaces:  Array<T>(0x000001e472a53ef8)
 - trans. interfaces: Array<T>(0x000001e472a57f28)
 - constants:         constant pool [445]/operands[14] {0x000001e472e26ed8} for 'com/arenella/recruit/candidates/dao/CandidateDao$FilterSpecification' cache=0x000001e472e29c58
 - class loader data:  loader data: 0x000001e4624b3ce0 for instance a 'jdk/internal/loader/ClassLoaders$AppClassLoader'{0x0000000082740000}
 - source file:       'CandidateDao.java'
 - source debug extension:       SMAP
CandidateDao.java
Java
*S jdt
*F
1 CandidateDao.java
2 file:/C:/eclipse-projects/recruit/recruit/target/classes/
*L
*E

 - class annotations:       Array<T>(0x0000000000000000)
 - class type annotations:  Array<T>(0x0000000000000000)
 - field annotations:       Array<T>(0x0000000000000000)
 - field type annotations:  Array<T>(0x0000000000000000)
 - previous version:  constant pool [440]/operands[14] {0x000001e472b8a008} for 'com/arenella/recruit/candidates/dao/CandidateDao$FilterSpecification' (extra) cache=0x000001e472b8b4f8
 - generic signature: '
[error occurred during error reporting (inspecting top of stack), id 0xc0000005, EXCEPTION_ACCESS_VIOLATION (0xc0000005) at pc=0x00007ffaaff5e266]


---------------  P R O C E S S  ---------------

Threads class SMR info:
_java_thread_list=0x000001e464fcd770, length=60, elements={
0x000001e461a14e90, 0x000001e461a164a0, 0x000001e461a28690, 0x000001e461a29240,
0x000001e461a2a590, 0x000001e461a30cf0, 0x000001e461a32dd0, 0x000001e461a34790,
0x000001e461a37c40, 0x000001e4624aa5b0, 0x000001e4625e1c20, 0x000001e46261a320,
0x000001e46261cb20, 0x000001e462e5db20, 0x000001e464621200, 0x000001e46a491ab0,
0x000001e46cc88aa0, 0x000001e46ca9d790, 0x000001e462de5e50, 0x000001e46cb137b0,
0x000001e464dfb4f0, 0x000001e464e001f0, 0x000001e464dfe9e0, 0x000001e464e023a0,
0x000001e464dfbe90, 0x000001e464dfd6a0, 0x000001e464dfdb70, 0x000001e464dfe040,
0x000001e464e00b90, 0x000001e464e01060, 0x000001e464e01530, 0x000001e464dff850,
0x000001e464e01a00, 0x000001e464dff380, 0x000001e464dfc360, 0x000001e464dffd20,
0x000001e464dfe510, 0x000001e464dfab50, 0x000001e464dfc830, 0x000001e464e006c0,
0x000001e464dfb020, 0x000001e464dfcd00, 0x000001e46fea8dc0, 0x000001e46fea9290,
0x000001e46fea4590, 0x000001e46fea8420, 0x000001e46fea6740, 0x000001e46feaaaa0,
0x000001e46fea5da0, 0x000001e46feaa100, 0x000001e46fea9760, 0x000001e46feab910,
0x000001e46fea6c10, 0x000001e46fea70e0, 0x000001e46fea9c30, 0x000001e46fea4a60,
0x000001e46feaa5d0, 0x000001e46feab440, 0x000001e46feaaf70, 0x000001e46fea58d0
}

Java Threads: ( => current thread )
  0x000001e461a14e90 JavaThread "Reference Handler" daemon [_thread_blocked, id=21468, stack(0x0000001e8f800000,0x0000001e8f900000)]
  0x000001e461a164a0 JavaThread "Finalizer" daemon [_thread_blocked, id=42972, stack(0x0000001e8f900000,0x0000001e8fa00000)]
  0x000001e461a28690 JavaThread "Signal Dispatcher" daemon [_thread_blocked, id=45280, stack(0x0000001e8fa00000,0x0000001e8fb00000)]
  0x000001e461a29240 JavaThread "Attach Listener" daemon [_thread_blocked, id=25060, stack(0x0000001e8fb00000,0x0000001e8fc00000)]
  0x000001e461a2a590 JavaThread "Service Thread" daemon [_thread_blocked, id=28964, stack(0x0000001e8fc00000,0x0000001e8fd00000)]
  0x000001e461a30cf0 JavaThread "Monitor Deflation Thread" daemon [_thread_blocked, id=39164, stack(0x0000001e8fd00000,0x0000001e8fe00000)]
  0x000001e461a32dd0 JavaThread "C2 CompilerThread0" daemon [_thread_blocked, id=11932, stack(0x0000001e8fe00000,0x0000001e8ff00000)]
  0x000001e461a34790 JavaThread "C1 CompilerThread0" daemon [_thread_blocked, id=43516, stack(0x0000001e8ff00000,0x0000001e90000000)]
  0x000001e461a37c40 JavaThread "Sweeper thread" daemon [_thread_blocked, id=18620, stack(0x0000001e90000000,0x0000001e90100000)]
  0x000001e4624aa5b0 JavaThread "Common-Cleaner" daemon [_thread_blocked, id=25088, stack(0x0000001e90100000,0x0000001e90200000)]
=>0x000001e4625e1c20 JavaThread "JDWP Transport Listener: dt_socket" daemon [_thread_in_vm, id=44404, stack(0x0000001e90200000,0x0000001e90300000)]
  0x000001e46261a320 JavaThread "JDWP Event Helper Thread" daemon [_thread_blocked, id=45756, stack(0x0000001e90300000,0x0000001e90400000)]
  0x000001e46261cb20 JavaThread "JDWP Command Reader" daemon [_thread_in_native, id=39196, stack(0x0000001e90400000,0x0000001e90500000)]
  0x000001e462e5db20 JavaThread "Notification Thread" daemon [_thread_blocked, id=34580, stack(0x0000001e90600000,0x0000001e90700000)]
  0x000001e464621200 JavaThread "ajp-nio-127.0.0.1-9090-BlockPoller" daemon [_thread_in_native, id=15032, stack(0x0000001e91100000,0x0000001e91200000)]
  0x000001e46a491ab0 JavaThread "Catalina-utility-1" [_thread_blocked, id=41912, stack(0x0000001e91200000,0x0000001e91300000)]
  0x000001e46cc88aa0 JavaThread "Catalina-utility-2" [_thread_blocked, id=42292, stack(0x0000001e91300000,0x0000001e91400000)]
  0x000001e46ca9d790 JavaThread "container-0" [_thread_blocked, id=39272, stack(0x0000001e91400000,0x0000001e91500000)]
  0x000001e462de5e50 JavaThread "PostgreSQL-JDBC-SharedTimer-1" daemon [_thread_blocked, id=40564, stack(0x0000001e91600000,0x0000001e91700000)]
  0x000001e46cb137b0 JavaThread "HikariPool-1 housekeeper" daemon [_thread_blocked, id=40156, stack(0x0000001e91700000,0x0000001e91800000)]
  0x000001e464dfb4f0 JavaThread "pool-4-thread-1" [_thread_blocked, id=14872, stack(0x0000001e91800000,0x0000001e91900000)]
  0x000001e464e001f0 JavaThread "pool-5-thread-1" [_thread_blocked, id=29480, stack(0x0000001e91900000,0x0000001e91a00000)]
  0x000001e464dfe9e0 JavaThread "quartzScheduler_Worker-1" [_thread_blocked, id=15628, stack(0x0000001e91a00000,0x0000001e91b00000)]
  0x000001e464e023a0 JavaThread "quartzScheduler_Worker-2" [_thread_blocked, id=41032, stack(0x0000001e91b00000,0x0000001e91c00000)]
  0x000001e464dfbe90 JavaThread "quartzScheduler_Worker-3" [_thread_blocked, id=39540, stack(0x0000001e91c00000,0x0000001e91d00000)]
  0x000001e464dfd6a0 JavaThread "quartzScheduler_Worker-4" [_thread_blocked, id=43624, stack(0x0000001e91d00000,0x0000001e91e00000)]
  0x000001e464dfdb70 JavaThread "quartzScheduler_Worker-5" [_thread_blocked, id=12096, stack(0x0000001e91e00000,0x0000001e91f00000)]
  0x000001e464dfe040 JavaThread "quartzScheduler_Worker-6" [_thread_blocked, id=37892, stack(0x0000001e91f00000,0x0000001e92000000)]
  0x000001e464e00b90 JavaThread "quartzScheduler_Worker-7" [_thread_blocked, id=16184, stack(0x0000001e92000000,0x0000001e92100000)]
  0x000001e464e01060 JavaThread "quartzScheduler_Worker-8" [_thread_blocked, id=42332, stack(0x0000001e92100000,0x0000001e92200000)]
  0x000001e464e01530 JavaThread "quartzScheduler_Worker-9" [_thread_blocked, id=45888, stack(0x0000001e92200000,0x0000001e92300000)]
  0x000001e464dff850 JavaThread "quartzScheduler_Worker-10" [_thread_blocked, id=8684, stack(0x0000001e92300000,0x0000001e92400000)]
  0x000001e464e01a00 JavaThread "quartzScheduler_QuartzSchedulerThread" [_thread_blocked, id=22284, stack(0x0000001e92400000,0x0000001e92500000)]
  0x000001e464dff380 JavaThread "http-nio-8080-BlockPoller" daemon [_thread_in_native, id=13712, stack(0x0000001e92500000,0x0000001e92600000)]
  0x000001e464dfc360 JavaThread "http-nio-8080-exec-1" daemon [_thread_blocked, id=39148, stack(0x0000001e92600000,0x0000001e92700000)]
  0x000001e464dffd20 JavaThread "http-nio-8080-exec-2" daemon [_thread_blocked, id=24028, stack(0x0000001e92700000,0x0000001e92800000)]
  0x000001e464dfe510 JavaThread "http-nio-8080-exec-3" daemon [_thread_blocked, id=15564, stack(0x0000001e92800000,0x0000001e92900000)]
  0x000001e464dfab50 JavaThread "http-nio-8080-exec-4" daemon [_thread_blocked, id=45892, stack(0x0000001e92900000,0x0000001e92a00000)]
  0x000001e464dfc830 JavaThread "http-nio-8080-exec-5" daemon [_thread_blocked, id=21824, stack(0x0000001e92a00000,0x0000001e92b00000)]
  0x000001e464e006c0 JavaThread "http-nio-8080-exec-6" daemon [_thread_blocked, id=34152, stack(0x0000001e92b00000,0x0000001e92c00000)]
  0x000001e464dfb020 JavaThread "http-nio-8080-exec-7" daemon [_thread_blocked, id=41080, stack(0x0000001e92c00000,0x0000001e92d00000)]
  0x000001e464dfcd00 JavaThread "http-nio-8080-exec-8" daemon [_thread_blocked, id=35412, stack(0x0000001e92d00000,0x0000001e92e00000)]
  0x000001e46fea8dc0 JavaThread "http-nio-8080-exec-9" daemon [_thread_blocked, id=40000, stack(0x0000001e92e00000,0x0000001e92f00000)]
  0x000001e46fea9290 JavaThread "http-nio-8080-exec-10" daemon [_thread_blocked, id=44460, stack(0x0000001e92f00000,0x0000001e93000000)]
  0x000001e46fea4590 JavaThread "http-nio-8080-ClientPoller" daemon [_thread_in_native, id=43940, stack(0x0000001e93000000,0x0000001e93100000)]
  0x000001e46fea8420 JavaThread "http-nio-8080-Acceptor" daemon [_thread_in_native, id=45092, stack(0x0000001e93100000,0x0000001e93200000)]
  0x000001e46fea6740 JavaThread "ajp-nio-127.0.0.1-9090-exec-1" daemon [_thread_blocked, id=21140, stack(0x0000001e93200000,0x0000001e93300000)]
  0x000001e46feaaaa0 JavaThread "ajp-nio-127.0.0.1-9090-exec-2" daemon [_thread_blocked, id=30604, stack(0x0000001e93300000,0x0000001e93400000)]
  0x000001e46fea5da0 JavaThread "ajp-nio-127.0.0.1-9090-exec-3" daemon [_thread_blocked, id=22584, stack(0x0000001e93400000,0x0000001e93500000)]
  0x000001e46feaa100 JavaThread "ajp-nio-127.0.0.1-9090-exec-4" daemon [_thread_blocked, id=35520, stack(0x0000001e93500000,0x0000001e93600000)]
  0x000001e46fea9760 JavaThread "ajp-nio-127.0.0.1-9090-exec-5" daemon [_thread_blocked, id=41992, stack(0x0000001e93600000,0x0000001e93700000)]
  0x000001e46feab910 JavaThread "ajp-nio-127.0.0.1-9090-exec-6" daemon [_thread_blocked, id=16872, stack(0x0000001e93700000,0x0000001e93800000)]
  0x000001e46fea6c10 JavaThread "ajp-nio-127.0.0.1-9090-exec-7" daemon [_thread_blocked, id=37232, stack(0x0000001e93800000,0x0000001e93900000)]
  0x000001e46fea70e0 JavaThread "ajp-nio-127.0.0.1-9090-exec-8" daemon [_thread_blocked, id=30572, stack(0x0000001e93900000,0x0000001e93a00000)]
  0x000001e46fea9c30 JavaThread "ajp-nio-127.0.0.1-9090-exec-9" daemon [_thread_blocked, id=35260, stack(0x0000001e93a00000,0x0000001e93b00000)]
  0x000001e46fea4a60 JavaThread "ajp-nio-127.0.0.1-9090-exec-10" daemon [_thread_blocked, id=36544, stack(0x0000001e93b00000,0x0000001e93c00000)]
  0x000001e46feaa5d0 JavaThread "ajp-nio-127.0.0.1-9090-ClientPoller" daemon [_thread_in_native, id=35336, stack(0x0000001e93c00000,0x0000001e93d00000)]
  0x000001e46feab440 JavaThread "ajp-nio-127.0.0.1-9090-Acceptor" daemon [_thread_in_native, id=39268, stack(0x0000001e93d00000,0x0000001e93e00000)]
  0x000001e46feaaf70 JavaThread "scheduling-1" [_thread_blocked, id=37360, stack(0x0000001e93e00000,0x0000001e93f00000)]
  0x000001e46fea58d0 JavaThread "DestroyJavaVM" [_thread_blocked, id=9396, stack(0x0000001e8f100000,0x0000001e8f200000)]

Other Threads:
  0x000001e461a0e6f0 VMThread "VM Thread" [stack: 0x0000001e8f700000,0x0000001e8f800000] [id=44452]
  0x000001e441a36f10 WatcherThread [stack: 0x0000001e90700000,0x0000001e90800000] [id=18748]
  0x000001e441a1a1c0 GCTaskThread "GC Thread#0" [stack: 0x0000001e8f200000,0x0000001e8f300000] [id=2288]
  0x000001e463478400 GCTaskThread "GC Thread#1" [stack: 0x0000001e90900000,0x0000001e90a00000] [id=43540]
  0x000001e463908310 GCTaskThread "GC Thread#2" [stack: 0x0000001e90a00000,0x0000001e90b00000] [id=44440]
  0x000001e463a412d0 GCTaskThread "GC Thread#3" [stack: 0x0000001e90b00000,0x0000001e90c00000] [id=44684]
  0x000001e463d53150 GCTaskThread "GC Thread#4" [stack: 0x0000001e90c00000,0x0000001e90d00000] [id=44924]
  0x000001e463f42a60 GCTaskThread "GC Thread#5" [stack: 0x0000001e90d00000,0x0000001e90e00000] [id=10756]
  0x000001e463d35a40 GCTaskThread "GC Thread#6" [stack: 0x0000001e90e00000,0x0000001e90f00000] [id=8268]
  0x000001e4634a7ca0 GCTaskThread "GC Thread#7" [stack: 0x0000001e90f00000,0x0000001e91000000] [id=42536]
  0x000001e441a2c530 ConcurrentGCThread "G1 Main Marker" [stack: 0x0000001e8f300000,0x0000001e8f400000] [id=44652]
  0x000001e441a2ef60 ConcurrentGCThread "G1 Conc#0" [stack: 0x0000001e8f400000,0x0000001e8f500000] [id=4232]
  0x000001e4685b3b20 ConcurrentGCThread "G1 Conc#1" [stack: 0x0000001e91000000,0x0000001e91100000] [id=43272]
  0x000001e4618d24c0 ConcurrentGCThread "G1 Refine#0" [stack: 0x0000001e8f500000,0x0000001e8f600000] [id=10680]
  0x000001e4618d2ee0 ConcurrentGCThread "G1 Service" [stack: 0x0000001e8f600000,0x0000001e8f700000] [id=41608]

Threads with active compile tasks:

VM state: not at safepoint (normal execution)

VM Mutex/Monitor currently owned by a thread: None

Heap address: 0x0000000081c00000, size: 2020 MB, Compressed Oops mode: 32-bit

CDS archive(s) mapped at: [0x0000000800000000-0x0000000800bc0000-0x0000000800bc0000), size 12320768, SharedBaseAddress: 0x0000000800000000, ArchiveRelocationMode: 0.
Compressed class space mapped at: 0x0000000800c00000-0x0000000840c00000, reserved size: 1073741824
Narrow klass base: 0x0000000800000000, Narrow klass shift: 0, Narrow klass range: 0x100000000

GC Precious Log:
 CPUs: 8 total, 8 available
 Memory: 8079M
 Large Page Support: Disabled
 NUMA Support: Disabled
 Compressed Oops: Enabled (32-bit)
 Heap Region Size: 1M
 Heap Min Capacity: 8M
 Heap Initial Capacity: 128M
 Heap Max Capacity: 2020M
 Pre-touch: Disabled
 Parallel Workers: 8
 Concurrent Workers: 2
 Concurrent Refinement Workers: 8
 Periodic GC: Disabled

Heap:
 garbage-first heap   total 189440K, used 109688K [0x0000000081c00000, 0x0000000100000000)
  region size 1024K, 41 young (41984K), 6 survivors (6144K)
 Metaspace       used 81037K, committed 81536K, reserved 1122304K
  class space    used 10362K, committed 10624K, reserved 1048576K

Heap Regions: E=young(eden), S=young(survivor), O=old, HS=humongous(starts), HC=humongous(continues), CS=collection set, F=free, OA=open archive, CA=closed archive, TAMS=top-at-mark-start (previous, next)
|   0|0x0000000081c00000, 0x0000000081d00000, 0x0000000081d00000|100%|HS|  |TAMS 0x0000000081d00000, 0x0000000081c00000| Complete 
|   1|0x0000000081d00000, 0x0000000081e00000, 0x0000000081e00000|100%|HS|  |TAMS 0x0000000081e00000, 0x0000000081d00000| Complete 
|   2|0x0000000081e00000, 0x0000000081f00000, 0x0000000081f00000|100%|HC|  |TAMS 0x0000000081f00000, 0x0000000081e00000| Complete 
|   3|0x0000000081f00000, 0x0000000082000000, 0x0000000082000000|100%| O|  |TAMS 0x0000000082000000, 0x0000000081f00000| Untracked 
|   4|0x0000000082000000, 0x0000000082100000, 0x0000000082100000|100%| O|  |TAMS 0x0000000082100000, 0x0000000082000000| Untracked 
|   5|0x0000000082100000, 0x0000000082200000, 0x0000000082200000|100%| O|  |TAMS 0x0000000082200000, 0x0000000082100000| Untracked 
|   6|0x0000000082200000, 0x0000000082300000, 0x0000000082300000|100%| O|  |TAMS 0x0000000082300000, 0x0000000082200000| Untracked 
|   7|0x0000000082300000, 0x0000000082400000, 0x0000000082400000|100%| O|  |TAMS 0x0000000082400000, 0x0000000082300000| Untracked 
|   8|0x0000000082400000, 0x0000000082500000, 0x0000000082500000|100%| O|  |TAMS 0x0000000082500000, 0x0000000082400000| Untracked 
|   9|0x0000000082500000, 0x0000000082600000, 0x0000000082600000|100%| O|  |TAMS 0x0000000082600000, 0x0000000082500000| Untracked 
|  10|0x0000000082600000, 0x0000000082700000, 0x0000000082700000|100%| O|  |TAMS 0x0000000082700000, 0x0000000082600000| Untracked 
|  11|0x0000000082700000, 0x0000000082800000, 0x0000000082800000|100%| O|  |TAMS 0x0000000082800000, 0x0000000082700000| Untracked 
|  12|0x0000000082800000, 0x0000000082900000, 0x0000000082900000|100%| O|  |TAMS 0x0000000082900000, 0x0000000082800000| Untracked 
|  13|0x0000000082900000, 0x0000000082a00000, 0x0000000082a00000|100%| O|  |TAMS 0x0000000082a00000, 0x0000000082900000| Untracked 
|  14|0x0000000082a00000, 0x0000000082b00000, 0x0000000082b00000|100%| O|  |TAMS 0x0000000082b00000, 0x0000000082a00000| Untracked 
|  15|0x0000000082b00000, 0x0000000082c00000, 0x0000000082c00000|100%| O|  |TAMS 0x0000000082b00000, 0x0000000082b00000| Untracked 
|  16|0x0000000082c00000, 0x0000000082d00000, 0x0000000082d00000|100%| O|  |TAMS 0x0000000082d00000, 0x0000000082c00000| Untracked 
|  17|0x0000000082d00000, 0x0000000082e00000, 0x0000000082e00000|100%|HS|  |TAMS 0x0000000082d00000, 0x0000000082d00000| Complete 
|  18|0x0000000082e00000, 0x0000000082f00000, 0x0000000082f00000|100%| O|  |TAMS 0x0000000082f00000, 0x0000000082e00000| Untracked 
|  19|0x0000000082f00000, 0x0000000083000000, 0x0000000083000000|100%| O|  |TAMS 0x0000000083000000, 0x0000000082f00000| Untracked 
|  20|0x0000000083000000, 0x0000000083100000, 0x0000000083100000|100%| O|  |TAMS 0x0000000083100000, 0x0000000083000000| Untracked 
|  21|0x0000000083100000, 0x0000000083200000, 0x0000000083200000|100%| O|  |TAMS 0x0000000083200000, 0x0000000083100000| Untracked 
|  22|0x0000000083200000, 0x0000000083300000, 0x0000000083300000|100%| O|  |TAMS 0x0000000083300000, 0x0000000083200000| Untracked 
|  23|0x0000000083300000, 0x0000000083400000, 0x0000000083400000|100%| O|  |TAMS 0x0000000083400000, 0x0000000083300000| Untracked 
|  24|0x0000000083400000, 0x0000000083500000, 0x0000000083500000|100%| O|  |TAMS 0x0000000083500000, 0x0000000083400000| Untracked 
|  25|0x0000000083500000, 0x0000000083600000, 0x0000000083600000|100%| O|  |TAMS 0x0000000083600000, 0x0000000083500000| Untracked 
|  26|0x0000000083600000, 0x0000000083700000, 0x0000000083700000|100%| O|  |TAMS 0x0000000083700000, 0x0000000083600000| Untracked 
|  27|0x0000000083700000, 0x0000000083800000, 0x0000000083800000|100%| O|  |TAMS 0x0000000083700000, 0x0000000083700000| Untracked 
|  28|0x0000000083800000, 0x0000000083900000, 0x0000000083900000|100%| O|  |TAMS 0x0000000083900000, 0x0000000083800000| Untracked 
|  29|0x0000000083900000, 0x0000000083a00000, 0x0000000083a00000|100%| O|  |TAMS 0x0000000083a00000, 0x0000000083900000| Untracked 
|  30|0x0000000083a00000, 0x0000000083b00000, 0x0000000083b00000|100%| O|  |TAMS 0x0000000083b00000, 0x0000000083a00000| Untracked 
|  31|0x0000000083b00000, 0x0000000083c00000, 0x0000000083c00000|100%| O|  |TAMS 0x0000000083c00000, 0x0000000083b00000| Untracked 
|  32|0x0000000083c00000, 0x0000000083d00000, 0x0000000083d00000|100%| O|  |TAMS 0x0000000083d00000, 0x0000000083c00000| Untracked 
|  33|0x0000000083d00000, 0x0000000083e00000, 0x0000000083e00000|100%| O|  |TAMS 0x0000000083e00000, 0x0000000083d00000| Untracked 
|  34|0x0000000083e00000, 0x0000000083f00000, 0x0000000083f00000|100%| O|  |TAMS 0x0000000083f00000, 0x0000000083e00000| Untracked 
|  35|0x0000000083f00000, 0x0000000084000000, 0x0000000084000000|100%| O|  |TAMS 0x0000000084000000, 0x0000000083f00000| Untracked 
|  36|0x0000000084000000, 0x0000000084100000, 0x0000000084100000|100%| O|  |TAMS 0x0000000084100000, 0x0000000084000000| Untracked 
|  37|0x0000000084100000, 0x0000000084200000, 0x0000000084200000|100%| O|  |TAMS 0x0000000084200000, 0x0000000084100000| Untracked 
|  38|0x0000000084200000, 0x0000000084300000, 0x0000000084300000|100%| O|  |TAMS 0x0000000084300000, 0x0000000084200000| Untracked 
|  39|0x0000000084300000, 0x0000000084400000, 0x0000000084400000|100%| O|  |TAMS 0x0000000084400000, 0x0000000084300000| Untracked 
|  40|0x0000000084400000, 0x0000000084500000, 0x0000000084500000|100%| O|  |TAMS 0x0000000084500000, 0x0000000084400000| Untracked 
|  41|0x0000000084500000, 0x0000000084600000, 0x0000000084600000|100%| O|  |TAMS 0x0000000084600000, 0x0000000084500000| Untracked 
|  42|0x0000000084600000, 0x0000000084700000, 0x0000000084700000|100%| O|  |TAMS 0x0000000084700000, 0x0000000084600000| Untracked 
|  43|0x0000000084700000, 0x0000000084800000, 0x0000000084800000|100%| O|  |TAMS 0x0000000084800000, 0x0000000084700000| Untracked 
|  44|0x0000000084800000, 0x0000000084900000, 0x0000000084900000|100%| O|  |TAMS 0x0000000084900000, 0x0000000084800000| Untracked 
|  45|0x0000000084900000, 0x0000000084a00000, 0x0000000084a00000|100%| O|  |TAMS 0x0000000084a00000, 0x0000000084900000| Untracked 
|  46|0x0000000084a00000, 0x0000000084b00000, 0x0000000084b00000|100%| O|  |TAMS 0x0000000084b00000, 0x0000000084a00000| Untracked 
|  47|0x0000000084b00000, 0x0000000084c00000, 0x0000000084c00000|100%| O|  |TAMS 0x0000000084c00000, 0x0000000084b00000| Untracked 
|  48|0x0000000084c00000, 0x0000000084d00000, 0x0000000084d00000|100%| O|  |TAMS 0x0000000084d00000, 0x0000000084c00000| Untracked 
|  49|0x0000000084d00000, 0x0000000084e00000, 0x0000000084e00000|100%| O|  |TAMS 0x0000000084e00000, 0x0000000084d00000| Untracked 
|  50|0x0000000084e00000, 0x0000000084f00000, 0x0000000084f00000|100%| O|  |TAMS 0x0000000084f00000, 0x0000000084e00000| Untracked 
|  51|0x0000000084f00000, 0x0000000085000000, 0x0000000085000000|100%| O|  |TAMS 0x0000000085000000, 0x0000000084f00000| Untracked 
|  52|0x0000000085000000, 0x0000000085100000, 0x0000000085100000|100%| O|  |TAMS 0x0000000085100000, 0x0000000085000000| Untracked 
|  53|0x0000000085100000, 0x0000000085200000, 0x0000000085200000|100%| O|  |TAMS 0x0000000085200000, 0x0000000085100000| Untracked 
|  54|0x0000000085200000, 0x0000000085300000, 0x0000000085300000|100%| O|  |TAMS 0x0000000085300000, 0x0000000085200000| Untracked 
|  55|0x0000000085300000, 0x0000000085400000, 0x0000000085400000|100%|HS|  |TAMS 0x0000000085300000, 0x0000000085300000| Complete 
|  56|0x0000000085400000, 0x0000000085500000, 0x0000000085500000|100%| O|  |TAMS 0x0000000085400000, 0x0000000085400000| Untracked 
|  57|0x0000000085500000, 0x0000000085600000, 0x0000000085600000|100%| O|  |TAMS 0x0000000085500000, 0x0000000085500000| Untracked 
|  58|0x0000000085600000, 0x0000000085700000, 0x0000000085700000|100%|HS|  |TAMS 0x0000000085700000, 0x0000000085600000| Complete 
|  59|0x0000000085700000, 0x0000000085800000, 0x0000000085800000|100%| O|  |TAMS 0x0000000085700000, 0x0000000085700000| Untracked 
|  60|0x0000000085800000, 0x0000000085900000, 0x0000000085900000|100%| O|  |TAMS 0x0000000085900000, 0x0000000085800000| Untracked 
|  61|0x0000000085900000, 0x0000000085a00000, 0x0000000085a00000|100%| O|  |TAMS 0x0000000085a00000, 0x0000000085900000| Untracked 
|  62|0x0000000085a00000, 0x0000000085b00000, 0x0000000085b00000|100%| O|  |TAMS 0x0000000085b00000, 0x0000000085a00000| Untracked 
|  63|0x0000000085b00000, 0x0000000085b31e00, 0x0000000085c00000| 19%| O|  |TAMS 0x0000000085b00000, 0x0000000085b00000| Untracked 
|  64|0x0000000085c00000, 0x0000000085c00000, 0x0000000085d00000|  0%| F|  |TAMS 0x0000000085c00000, 0x0000000085c00000| Untracked 
|  65|0x0000000085d00000, 0x0000000085d00000, 0x0000000085e00000|  0%| F|  |TAMS 0x0000000085d00000, 0x0000000085d00000| Untracked 
|  66|0x0000000085e00000, 0x0000000085e00000, 0x0000000085f00000|  0%| F|  |TAMS 0x0000000085e00000, 0x0000000085e00000| Untracked 
|  67|0x0000000085f00000, 0x0000000085f00000, 0x0000000086000000|  0%| F|  |TAMS 0x0000000085f00000, 0x0000000085f00000| Untracked 
|  68|0x0000000086000000, 0x0000000086100000, 0x0000000086100000|100%|HS|  |TAMS 0x0000000086000000, 0x0000000086000000| Complete 
|  69|0x0000000086100000, 0x0000000086200000, 0x0000000086200000|100%|HS|  |TAMS 0x0000000086100000, 0x0000000086100000| Complete 
|  70|0x0000000086200000, 0x0000000086200000, 0x0000000086300000|  0%| F|  |TAMS 0x0000000086200000, 0x0000000086200000| Untracked 
|  71|0x0000000086300000, 0x0000000086300000, 0x0000000086400000|  0%| F|  |TAMS 0x0000000086300000, 0x0000000086300000| Untracked 
|  72|0x0000000086400000, 0x0000000086500000, 0x0000000086500000|100%|HS|  |TAMS 0x0000000086400000, 0x0000000086400000| Complete 
|  73|0x0000000086500000, 0x0000000086600000, 0x0000000086600000|100%|HS|  |TAMS 0x0000000086500000, 0x0000000086500000| Complete 
|  74|0x0000000086600000, 0x0000000086600000, 0x0000000086700000|  0%| F|  |TAMS 0x0000000086600000, 0x0000000086600000| Untracked 
|  75|0x0000000086700000, 0x0000000086700000, 0x0000000086800000|  0%| F|  |TAMS 0x0000000086700000, 0x0000000086700000| Untracked 
|  76|0x0000000086800000, 0x0000000086800000, 0x0000000086900000|  0%| F|  |TAMS 0x0000000086800000, 0x0000000086800000| Untracked 
|  77|0x0000000086900000, 0x0000000086900000, 0x0000000086a00000|  0%| F|  |TAMS 0x0000000086900000, 0x0000000086900000| Untracked 
|  78|0x0000000086a00000, 0x0000000086a00000, 0x0000000086b00000|  0%| F|  |TAMS 0x0000000086a00000, 0x0000000086a00000| Untracked 
|  79|0x0000000086b00000, 0x0000000086b00000, 0x0000000086c00000|  0%| F|  |TAMS 0x0000000086b00000, 0x0000000086b00000| Untracked 
|  80|0x0000000086c00000, 0x0000000086c00000, 0x0000000086d00000|  0%| F|  |TAMS 0x0000000086c00000, 0x0000000086c00000| Untracked 
|  81|0x0000000086d00000, 0x0000000086d00000, 0x0000000086e00000|  0%| F|  |TAMS 0x0000000086d00000, 0x0000000086d00000| Untracked 
|  82|0x0000000086e00000, 0x0000000086e00000, 0x0000000086f00000|  0%| F|  |TAMS 0x0000000086e00000, 0x0000000086e00000| Untracked 
|  83|0x0000000086f00000, 0x0000000086f00000, 0x0000000087000000|  0%| F|  |TAMS 0x0000000086f00000, 0x0000000086f00000| Untracked 
|  84|0x0000000087000000, 0x0000000087000000, 0x0000000087100000|  0%| F|  |TAMS 0x0000000087000000, 0x0000000087000000| Untracked 
|  85|0x0000000087100000, 0x0000000087100000, 0x0000000087200000|  0%| F|  |TAMS 0x0000000087100000, 0x0000000087100000| Untracked 
|  86|0x0000000087200000, 0x0000000087200000, 0x0000000087300000|  0%| F|  |TAMS 0x0000000087200000, 0x0000000087200000| Untracked 
|  87|0x0000000087300000, 0x0000000087300000, 0x0000000087400000|  0%| F|  |TAMS 0x0000000087300000, 0x0000000087300000| Untracked 
|  88|0x0000000087400000, 0x0000000087400000, 0x0000000087500000|  0%| F|  |TAMS 0x0000000087400000, 0x0000000087400000| Untracked 
|  89|0x0000000087500000, 0x0000000087500000, 0x0000000087600000|  0%| F|  |TAMS 0x0000000087500000, 0x0000000087500000| Untracked 
|  90|0x0000000087600000, 0x0000000087600000, 0x0000000087700000|  0%| F|  |TAMS 0x0000000087600000, 0x0000000087600000| Untracked 
|  91|0x0000000087700000, 0x0000000087700000, 0x0000000087800000|  0%| F|  |TAMS 0x0000000087700000, 0x0000000087700000| Untracked 
|  92|0x0000000087800000, 0x0000000087800000, 0x0000000087900000|  0%| F|  |TAMS 0x0000000087800000, 0x0000000087800000| Untracked 
|  93|0x0000000087900000, 0x0000000087900000, 0x0000000087a00000|  0%| F|  |TAMS 0x0000000087900000, 0x0000000087900000| Untracked 
|  94|0x0000000087a00000, 0x0000000087a00000, 0x0000000087b00000|  0%| F|  |TAMS 0x0000000087a00000, 0x0000000087a00000| Untracked 
|  95|0x0000000087b00000, 0x0000000087bec490, 0x0000000087c00000| 92%| S|CS|TAMS 0x0000000087b00000, 0x0000000087b00000| Complete 
|  96|0x0000000087c00000, 0x0000000087d00000, 0x0000000087d00000|100%| S|CS|TAMS 0x0000000087c00000, 0x0000000087c00000| Complete 
|  97|0x0000000087d00000, 0x0000000087e00000, 0x0000000087e00000|100%| S|CS|TAMS 0x0000000087d00000, 0x0000000087d00000| Complete 
|  98|0x0000000087e00000, 0x0000000087f00000, 0x0000000087f00000|100%| S|CS|TAMS 0x0000000087e00000, 0x0000000087e00000| Complete 
|  99|0x0000000087f00000, 0x0000000088000000, 0x0000000088000000|100%| S|CS|TAMS 0x0000000087f00000, 0x0000000087f00000| Complete 
| 100|0x0000000088000000, 0x0000000088100000, 0x0000000088100000|100%| S|CS|TAMS 0x0000000088000000, 0x0000000088000000| Complete 
| 101|0x0000000088100000, 0x0000000088100000, 0x0000000088200000|  0%| F|  |TAMS 0x0000000088100000, 0x0000000088100000| Untracked 
| 102|0x0000000088200000, 0x0000000088200000, 0x0000000088300000|  0%| F|  |TAMS 0x0000000088200000, 0x0000000088200000| Untracked 
| 103|0x0000000088300000, 0x0000000088300000, 0x0000000088400000|  0%| F|  |TAMS 0x0000000088300000, 0x0000000088300000| Untracked 
| 104|0x0000000088400000, 0x0000000088400000, 0x0000000088500000|  0%| F|  |TAMS 0x0000000088400000, 0x0000000088400000| Untracked 
| 105|0x0000000088500000, 0x0000000088500000, 0x0000000088600000|  0%| F|  |TAMS 0x0000000088500000, 0x0000000088500000| Untracked 
| 106|0x0000000088600000, 0x0000000088600000, 0x0000000088700000|  0%| F|  |TAMS 0x0000000088600000, 0x0000000088600000| Untracked 
| 107|0x0000000088700000, 0x0000000088700000, 0x0000000088800000|  0%| F|  |TAMS 0x0000000088700000, 0x0000000088700000| Untracked 
| 108|0x0000000088800000, 0x0000000088800000, 0x0000000088900000|  0%| F|  |TAMS 0x0000000088800000, 0x0000000088800000| Untracked 
| 109|0x0000000088900000, 0x0000000088900000, 0x0000000088a00000|  0%| F|  |TAMS 0x0000000088900000, 0x0000000088900000| Untracked 
| 110|0x0000000088a00000, 0x0000000088a00000, 0x0000000088b00000|  0%| F|  |TAMS 0x0000000088a00000, 0x0000000088a00000| Untracked 
| 111|0x0000000088b00000, 0x0000000088b00000, 0x0000000088c00000|  0%| F|  |TAMS 0x0000000088b00000, 0x0000000088b00000| Untracked 
| 112|0x0000000088c00000, 0x0000000088c00000, 0x0000000088d00000|  0%| F|  |TAMS 0x0000000088c00000, 0x0000000088c00000| Untracked 
| 113|0x0000000088d00000, 0x0000000088d00000, 0x0000000088e00000|  0%| F|  |TAMS 0x0000000088d00000, 0x0000000088d00000| Untracked 
| 114|0x0000000088e00000, 0x0000000088e00000, 0x0000000088f00000|  0%| F|  |TAMS 0x0000000088e00000, 0x0000000088e00000| Untracked 
| 115|0x0000000088f00000, 0x0000000088f00000, 0x0000000089000000|  0%| F|  |TAMS 0x0000000088f00000, 0x0000000088f00000| Untracked 
| 116|0x0000000089000000, 0x0000000089000000, 0x0000000089100000|  0%| F|  |TAMS 0x0000000089000000, 0x0000000089000000| Untracked 
| 117|0x0000000089100000, 0x0000000089100000, 0x0000000089200000|  0%| F|  |TAMS 0x0000000089100000, 0x0000000089100000| Untracked 
| 118|0x0000000089200000, 0x0000000089200000, 0x0000000089300000|  0%| F|  |TAMS 0x0000000089200000, 0x0000000089200000| Untracked 
| 119|0x0000000089300000, 0x0000000089300000, 0x0000000089400000|  0%| F|  |TAMS 0x0000000089300000, 0x0000000089300000| Untracked 
| 120|0x0000000089400000, 0x0000000089400000, 0x0000000089500000|  0%| F|  |TAMS 0x0000000089400000, 0x0000000089400000| Untracked 
| 121|0x0000000089500000, 0x0000000089500000, 0x0000000089600000|  0%| F|  |TAMS 0x0000000089500000, 0x0000000089500000| Untracked 
| 122|0x0000000089600000, 0x0000000089600000, 0x0000000089700000|  0%| F|  |TAMS 0x0000000089600000, 0x0000000089600000| Untracked 
| 123|0x0000000089700000, 0x0000000089700000, 0x0000000089800000|  0%| F|  |TAMS 0x0000000089700000, 0x0000000089700000| Untracked 
| 124|0x0000000089800000, 0x0000000089800000, 0x0000000089900000|  0%| F|  |TAMS 0x0000000089800000, 0x0000000089800000| Untracked 
| 125|0x0000000089900000, 0x0000000089900000, 0x0000000089a00000|  0%| F|  |TAMS 0x0000000089900000, 0x0000000089900000| Untracked 
| 126|0x0000000089a00000, 0x0000000089a00000, 0x0000000089b00000|  0%| F|  |TAMS 0x0000000089a00000, 0x0000000089a00000| Untracked 
| 127|0x0000000089b00000, 0x0000000089b00000, 0x0000000089c00000|  0%| F|  |TAMS 0x0000000089b00000, 0x0000000089b00000| Untracked 
| 128|0x0000000089c00000, 0x0000000089c00000, 0x0000000089d00000|  0%| F|  |TAMS 0x0000000089c00000, 0x0000000089c00000| Untracked 
| 129|0x0000000089d00000, 0x0000000089d00000, 0x0000000089e00000|  0%| F|  |TAMS 0x0000000089d00000, 0x0000000089d00000| Untracked 
| 130|0x0000000089e00000, 0x0000000089e00000, 0x0000000089f00000|  0%| F|  |TAMS 0x0000000089e00000, 0x0000000089e00000| Untracked 
| 131|0x0000000089f00000, 0x0000000089f00000, 0x000000008a000000|  0%| F|  |TAMS 0x0000000089f00000, 0x0000000089f00000| Untracked 
| 132|0x000000008a000000, 0x000000008a000000, 0x000000008a100000|  0%| F|  |TAMS 0x000000008a000000, 0x000000008a000000| Untracked 
| 133|0x000000008a100000, 0x000000008a100000, 0x000000008a200000|  0%| F|  |TAMS 0x000000008a100000, 0x000000008a100000| Untracked 
| 134|0x000000008a200000, 0x000000008a200000, 0x000000008a300000|  0%| F|  |TAMS 0x000000008a200000, 0x000000008a200000| Untracked 
| 135|0x000000008a300000, 0x000000008a300000, 0x000000008a400000|  0%| F|  |TAMS 0x000000008a300000, 0x000000008a300000| Untracked 
| 136|0x000000008a400000, 0x000000008a400000, 0x000000008a500000|  0%| F|  |TAMS 0x000000008a400000, 0x000000008a400000| Untracked 
| 137|0x000000008a500000, 0x000000008a500000, 0x000000008a600000|  0%| F|  |TAMS 0x000000008a500000, 0x000000008a500000| Untracked 
| 138|0x000000008a600000, 0x000000008a600000, 0x000000008a700000|  0%| F|  |TAMS 0x000000008a600000, 0x000000008a600000| Untracked 
| 139|0x000000008a700000, 0x000000008a700000, 0x000000008a800000|  0%| F|  |TAMS 0x000000008a700000, 0x000000008a700000| Untracked 
| 140|0x000000008a800000, 0x000000008a800000, 0x000000008a900000|  0%| F|  |TAMS 0x000000008a800000, 0x000000008a800000| Untracked 
| 141|0x000000008a900000, 0x000000008a900000, 0x000000008aa00000|  0%| F|  |TAMS 0x000000008a900000, 0x000000008a900000| Untracked 
| 142|0x000000008aa00000, 0x000000008aa00000, 0x000000008ab00000|  0%| F|  |TAMS 0x000000008aa00000, 0x000000008aa00000| Untracked 
| 143|0x000000008ab00000, 0x000000008ab00000, 0x000000008ac00000|  0%| F|  |TAMS 0x000000008ab00000, 0x000000008ab00000| Untracked 
| 144|0x000000008ac00000, 0x000000008ac00000, 0x000000008ad00000|  0%| F|  |TAMS 0x000000008ac00000, 0x000000008ac00000| Untracked 
| 145|0x000000008ad00000, 0x000000008ad00000, 0x000000008ae00000|  0%| F|  |TAMS 0x000000008ad00000, 0x000000008ad00000| Untracked 
| 146|0x000000008ae00000, 0x000000008ae00000, 0x000000008af00000|  0%| F|  |TAMS 0x000000008ae00000, 0x000000008ae00000| Untracked 
| 147|0x000000008af00000, 0x000000008af00000, 0x000000008b000000|  0%| F|  |TAMS 0x000000008af00000, 0x000000008af00000| Untracked 
| 148|0x000000008b000000, 0x000000008b000000, 0x000000008b100000|  0%| F|  |TAMS 0x000000008b000000, 0x000000008b000000| Untracked 
| 149|0x000000008b100000, 0x000000008b100000, 0x000000008b200000|  0%| F|  |TAMS 0x000000008b100000, 0x000000008b100000| Untracked 
| 150|0x000000008b200000, 0x000000008b282e10, 0x000000008b300000| 51%| E|  |TAMS 0x000000008b200000, 0x000000008b200000| Complete 
| 151|0x000000008b300000, 0x000000008b400000, 0x000000008b400000|100%| E|CS|TAMS 0x000000008b300000, 0x000000008b300000| Complete 
| 152|0x000000008b400000, 0x000000008b500000, 0x000000008b500000|100%| E|CS|TAMS 0x000000008b400000, 0x000000008b400000| Complete 
| 153|0x000000008b500000, 0x000000008b600000, 0x000000008b600000|100%| E|CS|TAMS 0x000000008b500000, 0x000000008b500000| Complete 
| 154|0x000000008b600000, 0x000000008b700000, 0x000000008b700000|100%| E|CS|TAMS 0x000000008b600000, 0x000000008b600000| Complete 
| 155|0x000000008b700000, 0x000000008b800000, 0x000000008b800000|100%| E|CS|TAMS 0x000000008b700000, 0x000000008b700000| Complete 
| 156|0x000000008b800000, 0x000000008b900000, 0x000000008b900000|100%| E|CS|TAMS 0x000000008b800000, 0x000000008b800000| Complete 
| 157|0x000000008b900000, 0x000000008ba00000, 0x000000008ba00000|100%| E|CS|TAMS 0x000000008b900000, 0x000000008b900000| Complete 
| 158|0x000000008ba00000, 0x000000008bb00000, 0x000000008bb00000|100%| E|CS|TAMS 0x000000008ba00000, 0x000000008ba00000| Complete 
| 159|0x000000008bb00000, 0x000000008bc00000, 0x000000008bc00000|100%| E|CS|TAMS 0x000000008bb00000, 0x000000008bb00000| Complete 
| 160|0x000000008bc00000, 0x000000008bd00000, 0x000000008bd00000|100%| E|CS|TAMS 0x000000008bc00000, 0x000000008bc00000| Complete 
| 161|0x000000008bd00000, 0x000000008be00000, 0x000000008be00000|100%| E|CS|TAMS 0x000000008bd00000, 0x000000008bd00000| Complete 
| 162|0x000000008be00000, 0x000000008bf00000, 0x000000008bf00000|100%| E|CS|TAMS 0x000000008be00000, 0x000000008be00000| Complete 
| 163|0x000000008bf00000, 0x000000008c000000, 0x000000008c000000|100%| E|CS|TAMS 0x000000008bf00000, 0x000000008bf00000| Complete 
| 164|0x000000008c000000, 0x000000008c100000, 0x000000008c100000|100%| E|CS|TAMS 0x000000008c000000, 0x000000008c000000| Complete 
| 165|0x000000008c100000, 0x000000008c200000, 0x000000008c200000|100%| E|CS|TAMS 0x000000008c100000, 0x000000008c100000| Complete 
| 166|0x000000008c200000, 0x000000008c300000, 0x000000008c300000|100%| E|CS|TAMS 0x000000008c200000, 0x000000008c200000| Complete 
| 167|0x000000008c300000, 0x000000008c400000, 0x000000008c400000|100%| E|CS|TAMS 0x000000008c300000, 0x000000008c300000| Complete 
| 168|0x000000008c400000, 0x000000008c500000, 0x000000008c500000|100%| E|CS|TAMS 0x000000008c400000, 0x000000008c400000| Complete 
| 169|0x000000008c500000, 0x000000008c600000, 0x000000008c600000|100%| E|CS|TAMS 0x000000008c500000, 0x000000008c500000| Complete 
| 170|0x000000008c600000, 0x000000008c700000, 0x000000008c700000|100%| E|CS|TAMS 0x000000008c600000, 0x000000008c600000| Complete 
| 171|0x000000008c700000, 0x000000008c800000, 0x000000008c800000|100%| E|CS|TAMS 0x000000008c700000, 0x000000008c700000| Complete 
| 172|0x000000008c800000, 0x000000008c900000, 0x000000008c900000|100%| E|CS|TAMS 0x000000008c800000, 0x000000008c800000| Complete 
| 173|0x000000008c900000, 0x000000008ca00000, 0x000000008ca00000|100%| E|CS|TAMS 0x000000008c900000, 0x000000008c900000| Complete 
| 174|0x000000008ca00000, 0x000000008cb00000, 0x000000008cb00000|100%| E|CS|TAMS 0x000000008ca00000, 0x000000008ca00000| Complete 
| 175|0x000000008cb00000, 0x000000008cc00000, 0x000000008cc00000|100%| E|CS|TAMS 0x000000008cb00000, 0x000000008cb00000| Complete 
| 176|0x000000008cc00000, 0x000000008cd00000, 0x000000008cd00000|100%| E|CS|TAMS 0x000000008cc00000, 0x000000008cc00000| Complete 
| 177|0x000000008cd00000, 0x000000008ce00000, 0x000000008ce00000|100%| E|CS|TAMS 0x000000008cd00000, 0x000000008cd00000| Complete 
| 178|0x000000008ce00000, 0x000000008cf00000, 0x000000008cf00000|100%| E|CS|TAMS 0x000000008ce00000, 0x000000008ce00000| Complete 
| 179|0x000000008cf00000, 0x000000008d000000, 0x000000008d000000|100%| E|CS|TAMS 0x000000008cf00000, 0x000000008cf00000| Complete 
| 180|0x000000008d000000, 0x000000008d100000, 0x000000008d100000|100%| E|CS|TAMS 0x000000008d000000, 0x000000008d000000| Complete 
| 181|0x000000008d100000, 0x000000008d200000, 0x000000008d200000|100%| E|CS|TAMS 0x000000008d100000, 0x000000008d100000| Complete 
| 182|0x000000008d200000, 0x000000008d300000, 0x000000008d300000|100%| E|CS|TAMS 0x000000008d200000, 0x000000008d200000| Complete 
| 183|0x000000008d300000, 0x000000008d400000, 0x000000008d400000|100%| E|CS|TAMS 0x000000008d300000, 0x000000008d300000| Complete 
| 184|0x000000008d400000, 0x000000008d500000, 0x000000008d500000|100%| E|CS|TAMS 0x000000008d400000, 0x000000008d400000| Complete 

Card table byte_map: [0x000001e45a860000,0x000001e45ac60000] _byte_map_base: 0x000001e45a452000

Marking Bits (Prev, Next): (CMBitMap*) 0x000001e441a1a810, (CMBitMap*) 0x000001e441a1a7d0
 Prev Bits: [0x000001e45cff0000, 0x000001e45ef80000)
 Next Bits: [0x000001e45b060000, 0x000001e45cff0000)

Polling page: 0x000001e441a90000

Metaspace:

Usage:
  Non-class:     69.02 MB used.
      Class:     10.12 MB used.
       Both:     79.14 MB used.

Virtual space:
  Non-class space:       72.00 MB reserved,      69.25 MB ( 96%) committed,  9 nodes.
      Class space:        1.00 GB reserved,      10.38 MB (  1%) committed,  1 nodes.
             Both:        1.07 GB reserved,      79.62 MB (  7%) committed. 

Chunk freelists:
   Non-Class:  1.83 MB
       Class:  1.53 MB
        Both:  3.36 MB

MaxMetaspaceSize: unlimited
CompressedClassSpaceSize: 1.00 GB
Initial GC threshold: 21.00 MB
Current GC threshold: 130.75 MB
CDS: on
MetaspaceReclaimPolicy: balanced
 - commit_granule_bytes: 65536.
 - commit_granule_words: 8192.
 - virtual_space_node_default_size: 1048576.
 - enlarge_chunks_in_place: 1.
 - new_chunks_are_fully_committed: 0.
 - uncommit_free_chunks: 1.
 - use_allocation_guard: 0.
 - handle_deallocations: 1.


Internal statistics:

num_allocs_failed_limit: 9.
num_arena_births: 864.
num_arena_deaths: 0.
num_vsnodes_births: 10.
num_vsnodes_deaths: 0.
num_space_committed: 1274.
num_space_uncommitted: 0.
num_chunks_returned_to_freelist: 9.
num_chunks_taken_from_freelist: 4039.
num_chunk_merges: 9.
num_chunk_splits: 2772.
num_chunks_enlarged: 2043.
num_purges: 0.
num_inconsistent_stats: 0.

CodeHeap 'non-profiled nmethods': size=120000Kb used=8728Kb max_used=9061Kb free=111272Kb
 bounds [0x000001e4524d0000, 0x000001e452db0000, 0x000001e459a00000]
CodeHeap 'profiled nmethods': size=120000Kb used=20325Kb max_used=21432Kb free=99674Kb
 bounds [0x000001e44afa0000, 0x000001e44c4b0000, 0x000001e4524d0000]
CodeHeap 'non-nmethods': size=5760Kb used=1387Kb max_used=1566Kb free=4372Kb
 bounds [0x000001e44aa00000, 0x000001e44ac70000, 0x000001e44afa0000]
 total_blobs=11410 nmethods=10768 adapters=553
 compilation: enabled
              stopped_count=0, restarted_count=0
 full_count=0

Compilation events (20 events):
Event: 197.682 Thread 0x000001e461a32dd0 13415   !   4       org.postgresql.core.VisibleBufferedInputStream::readMore (146 bytes)
Event: 197.684 Thread 0x000001e461a32dd0 nmethod 13415 0x000001e452ab0690 code [0x000001e452ab0840, 0x000001e452ab0b98]
Event: 197.687 Thread 0x000001e461a32dd0 13416       4       java.io.OutputStreamWriter::flush (8 bytes)
Event: 197.689 Thread 0x000001e461a32dd0 nmethod 13416 0x000001e45284ea90 code [0x000001e45284ec20, 0x000001e45284eed8]
Event: 197.689 Thread 0x000001e461a32dd0 13417       4       java.net.Socket$SocketOutputStream::write (11 bytes)
Event: 197.696 Thread 0x000001e461a34790 13419       3       com.arenella.recruit.recruiters.beans.Recruiter::<init> (139 bytes)
Event: 197.697 Thread 0x000001e461a34790 nmethod 13419 0x000001e44b804390 code [0x000001e44b8045a0, 0x000001e44b804d78]
Event: 197.697 Thread 0x000001e461a34790 13421       3       com.arenella.recruit.recruiters.utils.RecruiterSubscriptonScheduler$1$$Lambda$1019/0x000000080156aae0::accept (12 bytes)
Event: 197.697 Thread 0x000001e461a34790 nmethod 13421 0x000001e44b9eb510 code [0x000001e44b9eb6c0, 0x000001e44b9eb908]
Event: 197.697 Thread 0x000001e461a34790 13422       3       com.arenella.recruit.recruiters.utils.RecruiterSubscriptonScheduler$1::lambda$run$2 (48 bytes)
Event: 197.697 Thread 0x000001e461a34790 nmethod 13422 0x000001e44b579210 code [0x000001e44b5794a0, 0x000001e44b57a208]
Event: 197.697 Thread 0x000001e461a34790 13423       3       com.arenella.recruit.recruiters.utils.RecruiterSubscriptonScheduler$1$$Lambda$1021/0x000000080156b1e8::<init> (15 bytes)
Event: 197.697 Thread 0x000001e461a34790 nmethod 13423 0x000001e44ba78610 code [0x000001e44ba787c0, 0x000001e44ba789d8]
Event: 197.697 Thread 0x000001e461a34790 13420       1       com.arenella.recruit.recruiters.beans.PaidPeriodRecruiterSubscription::getType (5 bytes)
Event: 197.698 Thread 0x000001e461a34790 nmethod 13420 0x000001e452ab0390 code [0x000001e452ab0520, 0x000001e452ab05f8]
Event: 197.744 Thread 0x000001e461a32dd0 nmethod 13417 0x000001e452b9d510 code [0x000001e452b9d840, 0x000001e452ba18e0]
Event: 197.744 Thread 0x000001e461a32dd0 13418       4       org.hibernate.internal.AbstractSharedSessionContract::isClosed (23 bytes)
Event: 197.744 Thread 0x000001e461a32dd0 nmethod 13418 0x000001e452ab0010 code [0x000001e452ab0180, 0x000001e452ab0258]
Event: 206.111 Thread 0x000001e461a34790 13424       3       java.util.concurrent.locks.AbstractQueuedSynchronizer$ConditionObject::awaitNanos (200 bytes)
Event: 206.115 Thread 0x000001e461a34790 nmethod 13424 0x000001e44b7b7110 code [0x000001e44b7b7400, 0x000001e44b7b8528]

GC Heap History (20 events):
Event: 18.219 GC heap before
{Heap before GC invocations=37 (full 0):
 garbage-first heap   total 112640K, used 91171K [0x0000000081c00000, 0x0000000100000000)
  region size 1024K, 51 young (52224K), 7 survivors (7168K)
 Metaspace       used 71788K, committed 72192K, reserved 1114112K
  class space    used 9363K, committed 9536K, reserved 1048576K
}
Event: 18.232 GC heap after
{Heap after GC invocations=38 (full 0):
 garbage-first heap   total 112640K, used 49493K [0x0000000081c00000, 0x0000000100000000)
  region size 1024K, 6 young (6144K), 6 survivors (6144K)
 Metaspace       used 71788K, committed 72192K, reserved 1114112K
  class space    used 9363K, committed 9536K, reserved 1048576K
}
Event: 19.000 GC heap before
{Heap before GC invocations=38 (full 0):
 garbage-first heap   total 112640K, used 92501K [0x0000000081c00000, 0x0000000100000000)
  region size 1024K, 48 young (49152K), 6 survivors (6144K)
 Metaspace       used 74434K, committed 74880K, reserved 1114112K
  class space    used 9705K, committed 9920K, reserved 1048576K
}
Event: 19.018 GC heap after
{Heap after GC invocations=39 (full 0):
 garbage-first heap   total 112640K, used 51770K [0x0000000081c00000, 0x0000000100000000)
  region size 1024K, 5 young (5120K), 5 survivors (5120K)
 Metaspace       used 74434K, committed 74880K, reserved 1114112K
  class space    used 9705K, committed 9920K, reserved 1048576K
}
Event: 23.396 GC heap before
{Heap before GC invocations=39 (full 0):
 garbage-first heap   total 112640K, used 91706K [0x0000000081c00000, 0x0000000100000000)
  region size 1024K, 45 young (46080K), 5 survivors (5120K)
 Metaspace       used 77492K, committed 78016K, reserved 1122304K
  class space    used 10133K, committed 10368K, reserved 1048576K
}
Event: 23.404 GC heap after
{Heap after GC invocations=40 (full 0):
 garbage-first heap   total 112640K, used 54776K [0x0000000081c00000, 0x0000000100000000)
  region size 1024K, 6 young (6144K), 6 survivors (6144K)
 Metaspace       used 77492K, committed 78016K, reserved 1122304K
  class space    used 10133K, committed 10368K, reserved 1048576K
}
Event: 23.507 GC heap before
{Heap before GC invocations=40 (full 0):
 garbage-first heap   total 112640K, used 58872K [0x0000000081c00000, 0x0000000100000000)
  region size 1024K, 11 young (11264K), 6 survivors (6144K)
 Metaspace       used 77848K, committed 78336K, reserved 1122304K
  class space    used 10162K, committed 10368K, reserved 1048576K
}
Event: 23.515 GC heap after
{Heap after GC invocations=41 (full 0):
 garbage-first heap   total 112640K, used 55460K [0x0000000081c00000, 0x0000000100000000)
  region size 1024K, 4 young (4096K), 4 survivors (4096K)
 Metaspace       used 77848K, committed 78336K, reserved 1122304K
  class space    used 10162K, committed 10368K, reserved 1048576K
}
Event: 31.317 GC heap before
{Heap before GC invocations=42 (full 0):
 garbage-first heap   total 112640K, used 100516K [0x0000000081c00000, 0x0000000100000000)
  region size 1024K, 41 young (41984K), 4 survivors (4096K)
 Metaspace       used 79085K, committed 79616K, reserved 1122304K
  class space    used 10284K, committed 10560K, reserved 1048576K
}
Event: 31.323 GC heap after
{Heap after GC invocations=43 (full 0):
 garbage-first heap   total 112640K, used 60806K [0x0000000081c00000, 0x0000000100000000)
  region size 1024K, 5 young (5120K), 5 survivors (5120K)
 Metaspace       used 79085K, committed 79616K, reserved 1122304K
  class space    used 10284K, committed 10560K, reserved 1048576K
}
Event: 31.339 GC heap before
{Heap before GC invocations=43 (full 0):
 garbage-first heap   total 112640K, used 61830K [0x0000000081c00000, 0x0000000100000000)
  region size 1024K, 6 young (6144K), 5 survivors (5120K)
 Metaspace       used 79087K, committed 79616K, reserved 1122304K
  class space    used 10284K, committed 10560K, reserved 1048576K
}
Event: 31.343 GC heap after
{Heap after GC invocations=44 (full 0):
 garbage-first heap   total 112640K, used 61051K [0x0000000081c00000, 0x0000000100000000)
  region size 1024K, 1 young (1024K), 1 survivors (1024K)
 Metaspace       used 79087K, committed 79616K, reserved 1122304K
  class space    used 10284K, committed 10560K, reserved 1048576K
}
Event: 105.554 GC heap before
{Heap before GC invocations=44 (full 0):
 garbage-first heap   total 112640K, used 90747K [0x0000000081c00000, 0x0000000100000000)
  region size 1024K, 31 young (31744K), 1 survivors (1024K)
 Metaspace       used 79822K, committed 80320K, reserved 1122304K
  class space    used 10316K, committed 10560K, reserved 1048576K
}
Event: 105.559 GC heap after
{Heap after GC invocations=45 (full 0):
 garbage-first heap   total 189440K, used 63537K [0x0000000081c00000, 0x0000000100000000)
  region size 1024K, 3 young (3072K), 3 survivors (3072K)
 Metaspace       used 79822K, committed 80320K, reserved 1122304K
  class space    used 10316K, committed 10560K, reserved 1048576K
}
Event: 125.958 GC heap before
{Heap before GC invocations=46 (full 0):
 garbage-first heap   total 189440K, used 163765K [0x0000000081c00000, 0x0000000100000000)
  region size 1024K, 87 young (89088K), 3 survivors (3072K)
 Metaspace       used 80401K, committed 80960K, reserved 1122304K
  class space    used 10346K, committed 10624K, reserved 1048576K
}
Event: 125.962 GC heap after
{Heap after GC invocations=47 (full 0):
 garbage-first heap   total 189440K, used 66925K [0x0000000081c00000, 0x0000000100000000)
  region size 1024K, 6 young (6144K), 6 survivors (6144K)
 Metaspace       used 80401K, committed 80960K, reserved 1122304K
  class space    used 10346K, committed 10624K, reserved 1048576K
}
Event: 125.987 GC heap before
{Heap before GC invocations=47 (full 0):
 garbage-first heap   total 189440K, used 69997K [0x0000000081c00000, 0x0000000100000000)
  region size 1024K, 9 young (9216K), 6 survivors (6144K)
 Metaspace       used 80401K, committed 80960K, reserved 1122304K
  class space    used 10346K, committed 10624K, reserved 1048576K
}
Event: 125.997 GC heap after
{Heap after GC invocations=48 (full 0):
 garbage-first heap   total 189440K, used 65911K [0x0000000081c00000, 0x0000000100000000)
  region size 1024K, 2 young (2048K), 2 survivors (2048K)
 Metaspace       used 80401K, committed 80960K, reserved 1122304K
  class space    used 10346K, committed 10624K, reserved 1048576K
}
Event: 169.514 GC heap before
{Heap before GC invocations=48 (full 0):
 garbage-first heap   total 189440K, used 157047K [0x0000000081c00000, 0x0000000100000000)
  region size 1024K, 84 young (86016K), 2 survivors (2048K)
 Metaspace       used 80948K, committed 81472K, reserved 1122304K
  class space    used 10359K, committed 10624K, reserved 1048576K
}
Event: 169.519 GC heap after
{Heap after GC invocations=49 (full 0):
 garbage-first heap   total 189440K, used 72824K [0x0000000081c00000, 0x0000000100000000)
  region size 1024K, 6 young (6144K), 6 survivors (6144K)
 Metaspace       used 80948K, committed 81472K, reserved 1122304K
  class space    used 10359K, committed 10624K, reserved 1048576K
}

Deoptimization events (20 events):
Event: 169.719 Thread 0x000001e464dfcd00 DEOPT PACKING pc=0x000001e452aabd10 sp=0x0000001e92dfd1b0
Event: 169.719 Thread 0x000001e464dfcd00 DEOPT UNPACKING pc=0x000001e44aa52b43 sp=0x0000001e92dfc5d8 mode 1
Event: 169.719 Thread 0x000001e464dfcd00 DEOPT PACKING pc=0x000001e4528ebcd8 sp=0x0000001e92dfdb80
Event: 169.719 Thread 0x000001e464dfcd00 DEOPT UNPACKING pc=0x000001e44aa52b43 sp=0x0000001e92dfd010 mode 1
Event: 169.720 Thread 0x000001e464dfcd00 DEOPT PACKING pc=0x000001e44c433374 sp=0x0000001e92dfddd0
Event: 169.720 Thread 0x000001e464dfcd00 DEOPT UNPACKING pc=0x000001e44aa52b43 sp=0x0000001e92dfd2a0 mode 1
Event: 169.720 Thread 0x000001e464dfcd00 Uncommon trap: trap_request=0xffffff97 fr.pc=0x000001e452822974 relative=0x0000000000005e74
Event: 169.720 Thread 0x000001e464dfcd00 Uncommon trap: reason=unhandled action=none pc=0x000001e452822974 method=jdk.internal.loader.BuiltinClassLoader.loadClass(Ljava/lang/String;Z)Ljava/lang/Class; @ 19 c2
Event: 169.720 Thread 0x000001e464dfcd00 DEOPT PACKING pc=0x000001e452822974 sp=0x0000001e92dfd1e0
Event: 169.720 Thread 0x000001e464dfcd00 DEOPT UNPACKING pc=0x000001e44aa523a3 sp=0x0000001e92dfd360 mode 2
Event: 169.720 Thread 0x000001e464dfcd00 DEOPT PACKING pc=0x000001e452aabd10 sp=0x0000001e92dfd410
Event: 169.720 Thread 0x000001e464dfcd00 DEOPT UNPACKING pc=0x000001e44aa52b43 sp=0x0000001e92dfc838 mode 1
Event: 169.720 Thread 0x000001e464dfcd00 DEOPT PACKING pc=0x000001e44b8d34ec sp=0x0000001e92dfdde0
Event: 169.720 Thread 0x000001e464dfcd00 DEOPT UNPACKING pc=0x000001e44aa52b43 sp=0x0000001e92dfd2b0 mode 1
Event: 189.461 Thread 0x000001e464e006c0 Uncommon trap: trap_request=0xffffffde fr.pc=0x000001e452855580 relative=0x0000000000001b60
Event: 189.461 Thread 0x000001e464e006c0 Uncommon trap: reason=class_check action=maybe_recompile pc=0x000001e452855580 method=org.springframework.core.MethodParameter.getGenericParameterType()Ljava/lang/reflect/Type; @ 17 c2
Event: 189.461 Thread 0x000001e464e006c0 DEOPT PACKING pc=0x000001e452855580 sp=0x0000001e92bfb710
Event: 189.461 Thread 0x000001e464e006c0 DEOPT UNPACKING pc=0x000001e44aa523a3 sp=0x0000001e92bfb728 mode 2
Event: 236.381 Thread 0x000001e464dfc830 DEOPT PACKING pc=0x000001e44c3a7e9c sp=0x0000001e92af9010
Event: 236.381 Thread 0x000001e464dfc830 DEOPT UNPACKING pc=0x000001e44aa52b43 sp=0x0000001e92af84f0 mode 0

Classes unloaded (0 events):
No events

Classes redefined (4 events):
Event: 67.737 Thread 0x000001e461a0e6f0 redefined class name=com.arenella.recruit.candidates.dao.CandidateDao, count=1
Event: 67.738 Thread 0x000001e461a0e6f0 redefined class name=com.arenella.recruit.candidates.dao.CandidateDao$FilterSpecification, count=1
Event: 236.428 Thread 0x000001e461a0e6f0 redefined class name=com.arenella.recruit.candidates.dao.CandidateDao, count=2
Event: 236.428 Thread 0x000001e461a0e6f0 redefined class name=com.arenella.recruit.candidates.dao.CandidateDao$FilterSpecification, count=2

Internal exceptions (20 events):
Event: 99.863 Thread 0x000001e464dfab50 Exception <a 'java/lang/IllegalArgumentException'{0x000000008754e810}: object is not an instance of declaring class> (0x000000008754e810) 
thrown [t:\workspace\open\src\hotspot\share\runtime\reflection.cpp, line 983]
Event: 101.536 Thread 0x000001e464dfc360 Exception <a 'java/lang/IllegalArgumentException'{0x0000000087f158c8}: object is not an instance of declaring class> (0x0000000087f158c8) 
thrown [t:\workspace\open\src\hotspot\share\runtime\reflection.cpp, line 983]
Event: 103.858 Thread 0x000001e464dffd20 Exception <a 'java/lang/IllegalArgumentException'{0x00000000871449c0}: object is not an instance of declaring class> (0x00000000871449c0) 
thrown [t:\workspace\open\src\hotspot\share\runtime\reflection.cpp, line 983]
Event: 103.874 Thread 0x000001e464e006c0 Exception <a 'java/lang/NoSuchMethodError'{0x0000000087182ec8}: 'java.lang.Object java.lang.invoke.DirectMethodHandle$Holder.invokeSpecialIFC(java.lang.Object, java.lang.Object, long)'> (0x0000000087182ec8) 
thrown [t:\workspace\open\src\hotspot\share\interpreter\linkResolver.cpp, line 766]
Event: 103.876 Thread 0x000001e464e006c0 Exception <a 'java/lang/NoSuchMethodError'{0x0000000087188a00}: 'long java.lang.invoke.DirectMethodHandle$Holder.invokeStatic(java.lang.Object, java.lang.Object, int)'> (0x0000000087188a00) 
thrown [t:\workspace\open\src\hotspot\share\interpreter\linkResolver.cpp, line 766]
Event: 109.206 Thread 0x000001e464dfb020 Exception <a 'java/lang/reflect/InvocationTargetException'{0x000000008ba68d10}> (0x000000008ba68d10) 
thrown [t:\workspace\open\src\hotspot\share\runtime\reflection.cpp, line 1121]
Event: 109.215 Thread 0x000001e464dfb020 Exception <a 'java/lang/NoClassDefFoundError'{0x000000008bad29b8}: sun/reflect/Reflection> (0x000000008bad29b8) 
thrown [t:\workspace\open\src\hotspot\share\classfile\systemDictionary.cpp, line 245]
Event: 109.239 Thread 0x000001e464dfb020 Implicit null exception at 0x000001e452848f34 to 0x000001e4528491ac
Event: 112.050 Thread 0x000001e464dfc360 Exception <a 'java/lang/IllegalArgumentException'{0x000000008b8bda78}: object is not an instance of declaring class> (0x000000008b8bda78) 
thrown [t:\workspace\open\src\hotspot\share\runtime\reflection.cpp, line 983]
Event: 112.737 Thread 0x000001e464dffd20 Exception <a 'java/lang/IllegalArgumentException'{0x000000008b6f2048}: object is not an instance of declaring class> (0x000000008b6f2048) 
thrown [t:\workspace\open\src\hotspot\share\runtime\reflection.cpp, line 983]
Event: 116.961 Thread 0x000001e46fea8dc0 Exception <a 'java/lang/IllegalArgumentException'{0x000000008d1d0308}: object is not an instance of declaring class> (0x000000008d1d0308) 
thrown [t:\workspace\open\src\hotspot\share\runtime\reflection.cpp, line 983]
Event: 122.141 Thread 0x000001e464dfb020 Exception <a 'java/lang/IllegalArgumentException'{0x000000008b857b28}: object is not an instance of declaring class> (0x000000008b857b28) 
thrown [t:\workspace\open\src\hotspot\share\runtime\reflection.cpp, line 983]
Event: 125.874 Thread 0x000001e464e006c0 Exception <a 'java/lang/IllegalArgumentException'{0x000000008883b6e8}: object is not an instance of declaring class> (0x000000008883b6e8) 
thrown [t:\workspace\open\src\hotspot\share\runtime\reflection.cpp, line 983]
Event: 126.254 Thread 0x000001e464dfe510 Exception <a 'java/lang/IllegalArgumentException'{0x000000008c7b10b0}: object is not an instance of declaring class> (0x000000008c7b10b0) 
thrown [t:\workspace\open\src\hotspot\share\runtime\reflection.cpp, line 983]
Event: 126.587 Thread 0x000001e46fea9290 Exception <a 'java/lang/IllegalArgumentException'{0x000000008c5c77b0}: object is not an instance of declaring class> (0x000000008c5c77b0) 
thrown [t:\workspace\open\src\hotspot\share\runtime\reflection.cpp, line 983]
Event: 126.906 Thread 0x000001e464dfb020 Exception <a 'java/lang/IllegalArgumentException'{0x000000008c20d828}: object is not an instance of declaring class> (0x000000008c20d828) 
thrown [t:\workspace\open\src\hotspot\share\runtime\reflection.cpp, line 983]
Event: 126.995 Thread 0x000001e464dffd20 Exception <a 'java/lang/IllegalArgumentException'{0x000000008c054420}: object is not an instance of declaring class> (0x000000008c054420) 
thrown [t:\workspace\open\src\hotspot\share\runtime\reflection.cpp, line 983]
Event: 127.137 Thread 0x000001e464e006c0 Exception <a 'java/lang/IllegalArgumentException'{0x000000008be5bb68}: object is not an instance of declaring class> (0x000000008be5bb68) 
thrown [t:\workspace\open\src\hotspot\share\runtime\reflection.cpp, line 983]
Event: 131.557 Thread 0x000001e464dfe510 Exception <a 'java/lang/IllegalArgumentException'{0x000000008c7c6348}: object is not an instance of declaring class> (0x000000008c7c6348) 
thrown [t:\workspace\open\src\hotspot\share\runtime\reflection.cpp, line 983]
Event: 133.278 Thread 0x000001e464dfab50 Exception <a 'java/lang/ClassCastException'{0x000000008b83b998}: class org.springframework.security.web.servletapi.HttpServlet3RequestFactory$Servlet3SecurityContextHolderAwareRequestWrapper cannot be cast to class org.apache.catalina.connector.RequestFacade (org.springframework.security.web.servletapi.HttpServlet3RequestFactory$Servlet3SecurityContextHolderAwareRequestWrapper and org.apache.catalina.connector.RequestFacade are in unnamed module of loader 'app')> (0x000000008b83b998) 
thrown [t:\workspace\

VM Operations (20 events):
Event: 236.382 Executing VM operation: ChangeSingleStep
Event: 236.382 Executing VM operation: ChangeSingleStep done
Event: 236.409 Executing VM operation: RedefineClasses
Event: 236.469 Executing VM operation: RedefineClasses done
Event: 236.491 Executing VM operation: ChangeBreakpoints
Event: 236.494 Executing VM operation: ChangeBreakpoints done
Event: 236.500 Executing VM operation: ChangeSingleStep
Event: 236.500 Executing VM operation: ChangeSingleStep done
Event: 236.501 Executing VM operation: get/set locals
Event: 236.501 Executing VM operation: get/set locals done
Event: 236.503 Executing VM operation: ChangeSingleStep
Event: 236.503 Executing VM operation: ChangeSingleStep done
Event: 236.516 Executing VM operation: GetObjectMonitorUsage
Event: 236.516 Executing VM operation: GetObjectMonitorUsage done
Event: 236.516 Executing VM operation: GetObjectMonitorUsage
Event: 236.516 Executing VM operation: GetObjectMonitorUsage done
Event: 236.530 Executing VM operation: GetObjectMonitorUsage
Event: 236.530 Executing VM operation: GetObjectMonitorUsage done
Event: 236.531 Executing VM operation: GetObjectMonitorUsage
Event: 236.531 Executing VM operation: GetObjectMonitorUsage done

Events (20 events):
Event: 127.306 Thread 0x000001e461a37c40 flushing nmethod 0x000001e44c1d6790
Event: 127.306 Thread 0x000001e461a37c40 flushing nmethod 0x000001e44c1ec510
Event: 127.306 Thread 0x000001e461a37c40 flushing nmethod 0x000001e44c20ec90
Event: 127.306 Thread 0x000001e461a37c40 flushing nmethod 0x000001e44c2ed210
Event: 127.306 Thread 0x000001e461a37c40 flushing nmethod 0x000001e44c2ee010
Event: 127.306 Thread 0x000001e461a37c40 flushing nmethod 0x000001e44c329110
Event: 127.306 Thread 0x000001e461a37c40 flushing nmethod 0x000001e44c338090
Event: 127.306 Thread 0x000001e461a37c40 flushing nmethod 0x000001e44c343d90
Event: 127.306 Thread 0x000001e461a37c40 flushing nmethod 0x000001e44c345c90
Event: 127.306 Thread 0x000001e461a37c40 flushing nmethod 0x000001e44c34d190
Event: 127.306 Thread 0x000001e461a37c40 flushing nmethod 0x000001e44c353c90
Event: 127.307 Thread 0x000001e461a37c40 flushing nmethod 0x000001e44c3b4210
Event: 169.718 loading class jdk/internal/reflect/GeneratedMethodAccessor137
Event: 169.718 loading class jdk/internal/reflect/GeneratedMethodAccessor137 done
Event: 169.719 loading class jdk/internal/reflect/GeneratedMethodAccessor137
Event: 169.719 loading class jdk/internal/reflect/GeneratedMethodAccessor137 done
Event: 169.719 loading class jdk/internal/reflect/GeneratedMethodAccessor148
Event: 169.719 loading class jdk/internal/reflect/GeneratedMethodAccessor148 done
Event: 169.720 loading class jdk/internal/reflect/GeneratedMethodAccessor148
Event: 169.720 loading class jdk/internal/reflect/GeneratedMethodAccessor148 done


Dynamic libraries:
0x00007ff671f50000 - 0x00007ff671f60000 	C:\Program Files\Java\jdk-17.0.2\bin\javaw.exe
0x00007ffadf6d0000 - 0x00007ffadf8e7000 	C:\WINDOWS\SYSTEM32\ntdll.dll
0x00007ffadd580000 - 0x00007ffadd644000 	C:\WINDOWS\System32\KERNEL32.DLL
0x00007ffadcb60000 - 0x00007ffadcf06000 	C:\WINDOWS\System32\KERNELBASE.dll
0x00007ffadcfe0000 - 0x00007ffadd0f1000 	C:\WINDOWS\System32\ucrtbase.dll
0x00007ffab0490000 - 0x00007ffab04aa000 	C:\Program Files\Java\jdk-17.0.2\bin\VCRUNTIME140.dll
0x00007ffab04b0000 - 0x00007ffab04c8000 	C:\Program Files\Java\jdk-17.0.2\bin\jli.dll
0x00007ffadeb70000 - 0x00007ffadec23000 	C:\WINDOWS\System32\ADVAPI32.dll
0x00007ffadd650000 - 0x00007ffadd6f7000 	C:\WINDOWS\System32\msvcrt.dll
0x00007ffade0b0000 - 0x00007ffade158000 	C:\WINDOWS\System32\sechost.dll
0x00007ffadcb30000 - 0x00007ffadcb58000 	C:\WINDOWS\System32\bcrypt.dll
0x00007ffade420000 - 0x00007ffade537000 	C:\WINDOWS\System32\RPCRT4.dll
0x00007ffaddc50000 - 0x00007ffadddfe000 	C:\WINDOWS\System32\USER32.dll
0x00007ffadcfb0000 - 0x00007ffadcfd6000 	C:\WINDOWS\System32\win32u.dll
0x00007ffac7330000 - 0x00007ffac75c3000 	C:\WINDOWS\WinSxS\amd64_microsoft.windows.common-controls_6595b64144ccf1df_6.0.22621.2506_none_270c5ae97388e100\COMCTL32.dll
0x00007ffade5d0000 - 0x00007ffade5f9000 	C:\WINDOWS\System32\GDI32.dll
0x00007ffadca10000 - 0x00007ffadcb28000 	C:\WINDOWS\System32\gdi32full.dll
0x00007ffadcf10000 - 0x00007ffadcfaa000 	C:\WINDOWS\System32\msvcp_win.dll
0x00007ffad6f70000 - 0x00007ffad6f7a000 	C:\WINDOWS\SYSTEM32\VERSION.dll
0x00007ffadda90000 - 0x00007ffaddac1000 	C:\WINDOWS\System32\IMM32.DLL
0x00007ffab0480000 - 0x00007ffab048c000 	C:\Program Files\Java\jdk-17.0.2\bin\vcruntime140_1.dll
0x00007ffab03f0000 - 0x00007ffab047d000 	C:\Program Files\Java\jdk-17.0.2\bin\msvcp140.dll
0x00007ffaaf820000 - 0x00007ffab03e1000 	C:\Program Files\Java\jdk-17.0.2\bin\server\jvm.dll
0x00007ffade0a0000 - 0x00007ffade0a8000 	C:\WINDOWS\System32\PSAPI.DLL
0x00007ffaba650000 - 0x00007ffaba659000 	C:\WINDOWS\SYSTEM32\WSOCK32.dll
0x00007ffad69d0000 - 0x00007ffad6a04000 	C:\WINDOWS\SYSTEM32\WINMM.dll
0x00007ffade540000 - 0x00007ffade5b1000 	C:\WINDOWS\System32\WS2_32.dll
0x00007ffadbb00000 - 0x00007ffadbb18000 	C:\WINDOWS\SYSTEM32\kernel.appcore.dll
0x00007ffab0ab0000 - 0x00007ffab0aba000 	C:\Program Files\Java\jdk-17.0.2\bin\jimage.dll
0x00007ffad6730000 - 0x00007ffad6963000 	C:\WINDOWS\SYSTEM32\DBGHELP.DLL
0x00007ffadd700000 - 0x00007ffadda89000 	C:\WINDOWS\System32\combase.dll
0x00007ffadde00000 - 0x00007ffadded7000 	C:\WINDOWS\System32\OLEAUT32.dll
0x00007ffab6dd0000 - 0x00007ffab6e02000 	C:\WINDOWS\SYSTEM32\dbgcore.DLL
0x00007ffadd100000 - 0x00007ffadd17a000 	C:\WINDOWS\System32\bcryptPrimitives.dll
0x00007ffab3590000 - 0x00007ffab35cb000 	C:\Program Files\Java\jdk-17.0.2\bin\jdwp.dll
0x00007ffad8220000 - 0x00007ffad822e000 	C:\Program Files\Java\jdk-17.0.2\bin\instrument.dll
0x00007ffab0980000 - 0x00007ffab09a5000 	C:\Program Files\Java\jdk-17.0.2\bin\java.dll
0x00007ffaae420000 - 0x00007ffaae4f6000 	C:\Program Files\Java\jdk-17.0.2\bin\jsvml.dll
0x00007ffadec90000 - 0x00007ffadf4eb000 	C:\WINDOWS\System32\SHELL32.dll
0x00007ffada920000 - 0x00007ffadb216000 	C:\WINDOWS\SYSTEM32\windows.storage.dll
0x00007ffada7e0000 - 0x00007ffada91e000 	C:\WINDOWS\SYSTEM32\wintypes.dll
0x00007ffade230000 - 0x00007ffade323000 	C:\WINDOWS\System32\SHCORE.dll
0x00007ffaddaf0000 - 0x00007ffaddb4e000 	C:\WINDOWS\System32\shlwapi.dll
0x00007ffadc940000 - 0x00007ffadc966000 	C:\WINDOWS\SYSTEM32\profapi.dll
0x00007ffabea10000 - 0x00007ffabea1c000 	C:\Program Files\Java\jdk-17.0.2\bin\dt_socket.dll
0x00007ffadb470000 - 0x00007ffadb49d000 	C:\WINDOWS\SYSTEM32\IPHLPAPI.DLL
0x00007ffadbf80000 - 0x00007ffadbfe9000 	C:\WINDOWS\system32\mswsock.dll
0x00007ffadb4e0000 - 0x00007ffadb5d9000 	C:\WINDOWS\SYSTEM32\DNSAPI.dll
0x00007ffade330000 - 0x00007ffade339000 	C:\WINDOWS\System32\NSI.dll
0x00007ffac0f40000 - 0x00007ffac0f4a000 	C:\Windows\System32\rasadhlp.dll
0x00007ffad6080000 - 0x00007ffad6103000 	C:\WINDOWS\System32\fwpuclnt.dll
0x00007ffaa8b00000 - 0x00007ffaa8b18000 	C:\Program Files\Java\jdk-17.0.2\bin\zip.dll
0x00007ffaa8b50000 - 0x00007ffaa8b69000 	C:\Program Files\Java\jdk-17.0.2\bin\net.dll
0x00007ffad6e10000 - 0x00007ffad6f47000 	C:\WINDOWS\SYSTEM32\WINHTTP.dll
0x00007ffaa8b20000 - 0x00007ffaa8b36000 	C:\Program Files\Java\jdk-17.0.2\bin\nio.dll
0x00007ffad44d0000 - 0x00007ffad44e0000 	C:\Program Files\Java\jdk-17.0.2\bin\verify.dll
0x00007ffad5dc0000 - 0x00007ffad5dc9000 	C:\Program Files\Java\jdk-17.0.2\bin\management.dll
0x00007ffad5db0000 - 0x00007ffad5dbb000 	C:\Program Files\Java\jdk-17.0.2\bin\management_ext.dll
0x00007ffabb9a0000 - 0x00007ffabb9b7000 	C:\WINDOWS\system32\napinsp.dll
0x00007ffabb980000 - 0x00007ffabb99b000 	C:\WINDOWS\system32\pnrpnsp.dll
0x00007ffabb960000 - 0x00007ffabb971000 	C:\WINDOWS\System32\winrnr.dll
0x00007ffaa6f80000 - 0x00007ffaa6f95000 	C:\WINDOWS\system32\wshbth.dll
0x00007ffabb930000 - 0x00007ffabb951000 	C:\WINDOWS\system32\nlansp_c.dll
0x00007ffad6d10000 - 0x00007ffad6d29000 	C:\WINDOWS\SYSTEM32\dhcpcsvc6.DLL
0x00007ffad6cf0000 - 0x00007ffad6d0f000 	C:\WINDOWS\SYSTEM32\dhcpcsvc.DLL
0x00007ffadc1b0000 - 0x00007ffadc1cb000 	C:\WINDOWS\SYSTEM32\CRYPTSP.dll
0x00007ffadba10000 - 0x00007ffadba45000 	C:\WINDOWS\system32\rsaenh.dll
0x00007ffadc040000 - 0x00007ffadc06c000 	C:\WINDOWS\SYSTEM32\USERENV.dll
0x00007ffadc1d0000 - 0x00007ffadc1dc000 	C:\WINDOWS\SYSTEM32\CRYPTBASE.dll
0x00007ffab2e20000 - 0x00007ffab2e2e000 	C:\Program Files\Java\jdk-17.0.2\bin\sunmscapi.dll
0x00007ffadd2b0000 - 0x00007ffadd416000 	C:\WINDOWS\System32\CRYPT32.dll
0x00007ffadc3d0000 - 0x00007ffadc3fe000 	C:\WINDOWS\SYSTEM32\ncrypt.dll
0x00007ffadc390000 - 0x00007ffadc3c7000 	C:\WINDOWS\SYSTEM32\NTASN1.dll
0x00007ffad5dd0000 - 0x00007ffad5dd8000 	C:\WINDOWS\system32\wshunix.dll

dbghelp: loaded successfully - version: 4.0.5 - missing functions: none
symbol engine: initialized successfully - sym options: 0x614 - pdb path: .;C:\Program Files\Java\jdk-17.0.2\bin;C:\WINDOWS\SYSTEM32;C:\WINDOWS\WinSxS\amd64_microsoft.windows.common-controls_6595b64144ccf1df_6.0.22621.2506_none_270c5ae97388e100;C:\Program Files\Java\jdk-17.0.2\bin\server

VM Arguments:
jvm_args: -XX:+ShowCodeDetailsInExceptionMessages -agentlib:jdwp=transport=dt_socket,suspend=y,address=localhost:57860 -Dspring.profiles.active=local -javaagent:C:\Users\Hp\eclipse\java-2023-03\eclipse\configuration\org.eclipse.osgi\231\0\.cp\lib\javaagent-shaded.jar -Dfile.encoding=UTF-8 
java_command: com.arenella.recruit.RecruitApplication
java_class_path (initial): C:\eclipse-projects\recruit\recruit\target\classes;C:\Users\Hp\.p2\pool\plugins\org.junit_4.13.2.v20211018-1956.jar;C:\Users\Hp\.p2\pool\plugins\org.hamcrest.core_1.3.0.v20180420-1519.jar;C:\Users\Hp\.m2\repository\org\springframework\boot\spring-boot-starter-web\2.4.3\spring-boot-starter-web-2.4.3.jar;C:\Users\Hp\.m2\repository\org\springframework\boot\spring-boot-starter\2.4.3\spring-boot-starter-2.4.3.jar;C:\Users\Hp\.m2\repository\org\springframework\boot\spring-boot\2.4.3\spring-boot-2.4.3.jar;C:\Users\Hp\.m2\repository\org\springframework\boot\spring-boot-autoconfigure\2.4.3\spring-boot-autoconfigure-2.4.3.jar;C:\Users\Hp\.m2\repository\org\springframework\boot\spring-boot-starter-logging\2.4.3\spring-boot-starter-logging-2.4.3.jar;C:\Users\Hp\.m2\repository\ch\qos\logback\logback-classic\1.2.3\logback-classic-1.2.3.jar;C:\Users\Hp\.m2\repository\ch\qos\logback\logback-core\1.2.3\logback-core-1.2.3.jar;C:\Users\Hp\.m2\repository\org\yaml\snakeyaml\1.27\snakeyaml-1.27.jar;C:\Users\Hp\.m2\repository\org\springframework\boot\spring-boot-starter-json\2.4.3\spring-boot-starter-json-2.4.3.jar;C:\Users\Hp\.m2\repository\com\fasterxml\jackson\datatype\jackson-datatype-jdk8\2.11.4\jackson-datatype-jdk8-2.11.4.jar;C:\Users\Hp\.m2\repository\com\fasterxml\jackson\datatype\jackson-datatype-jsr310\2.11.4\jackson-datatype-jsr310-2.11.4.jar;C:\Users\Hp\.m2\repository\com\fasterxml\jackson\module\jackson-module-parameter-names\2.11.4\jackson-module-parameter-names-2.11.4.jar;C:\Users\Hp\.m2\repository\org\springframework\spring-web\5.3.4\spring-web-5.3.4.jar;C:\Users\Hp\.m2\repository\org\springframework\spring-beans\5.3.4\spring-beans-5.3.4.jar;C:\Users\Hp\.m2\repository\org\springframework\spring-webmvc\5.3.4\spring-webmvc-5.3.4.jar;C:\Users\Hp\.m2\repository\org\springframework\spring-context\5.3.4\spring-context-5.3.4.jar;C:\Users\Hp\.m2\repository\org\springframework\spring-expression\5.3.4\spring-expression-5.3.4.jar;C:\Users\Hp\.m2\reposito
Launcher Type: SUN_STANDARD

[Global flags]
     intx CICompilerCount                          = 4                                         {product} {ergonomic}
     uint ConcGCThreads                            = 2                                         {product} {ergonomic}
     uint G1ConcRefinementThreads                  = 8                                         {product} {ergonomic}
   size_t G1HeapRegionSize                         = 1048576                                   {product} {ergonomic}
    uintx GCDrainStackTargetSize                   = 64                                        {product} {ergonomic}
   size_t InitialHeapSize                          = 134217728                                 {product} {ergonomic}
   size_t MarkStackSize                            = 4194304                                   {product} {ergonomic}
   size_t MaxHeapSize                              = 2118123520                                {product} {ergonomic}
   size_t MaxNewSize                               = 1270874112                                {product} {ergonomic}
   size_t MinHeapDeltaBytes                        = 1048576                                   {product} {ergonomic}
   size_t MinHeapSize                              = 8388608                                   {product} {ergonomic}
    uintx NonNMethodCodeHeapSize                   = 5839372                                {pd product} {ergonomic}
    uintx NonProfiledCodeHeapSize                  = 122909434                              {pd product} {ergonomic}
    uintx ProfiledCodeHeapSize                     = 122909434                              {pd product} {ergonomic}
    uintx ReservedCodeCacheSize                    = 251658240                              {pd product} {ergonomic}
     bool SegmentedCodeCache                       = true                                      {product} {ergonomic}
     bool ShowCodeDetailsInExceptionMessages       = true                                   {manageable} {command line}
   size_t SoftMaxHeapSize                          = 2118123520                             {manageable} {ergonomic}
     bool UseCompressedClassPointers               = true                           {product lp64_product} {ergonomic}
     bool UseCompressedOops                        = true                           {product lp64_product} {ergonomic}
     bool UseG1GC                                  = true                                      {product} {ergonomic}
     bool UseLargePagesIndividualAllocation        = false                                  {pd product} {ergonomic}

Logging:
Log output configuration:
 #0: stdout all=warning uptime,level,tags
 #1: stderr all=off uptime,level,tags

Environment Variables:
PATH=C:/Program Files/Java/jdk-17.0.2/bin/server;C:/Program Files/Java/jdk-17.0.2/bin;C:\Program Files\Eclipse Adoptium\jdk-17.0.7.7-hotspot\bin;C:\Python311\Scripts\;C:\Python311\;C:\Program Files\Common Files\Oracle\Java\javapath;C:\Program Files (x86)\Common Files\Oracle\Java\javapath;C:\windows\system32;C:\windows;C:\windows\System32\Wbem;C:\windows\System32\WindowsPowerShell\v1.0\;C:\windows\System32\OpenSSH\;C:\Program Files (x86)\NVIDIA Corporation\PhysX\Common;C:\Program Files\NVIDIA Corporation\NVIDIA NvDLISR;C:\java\jdk-14\bin;C:\WINDOWS\system32;C:\WINDOWS;C:\WINDOWS\System32\Wbem;C:\WINDOWS\System32\WindowsPowerShell\v1.0\;C:\WINDOWS\System32\OpenSSH\;C:\ProgramData\chocolatey\bin;C:\Program Files\Git\cmd;C:\maven\bin;%NVM_HOME%;%NVM_SYMLINK%;C:\Program Files\Docker\Docker\resources\bin;C:\ProgramData\DockerDesktop\version-bin;C:\Program Files\nodejs\;C:\Program Files\PuTTY\;C:\Users\Hp\AppData\Local\Microsoft\WindowsApps;C:\Users\Hp\AppData\Local\Programs\Microsoft VS Code\bin;C:\Program Files\JetBrains\IntelliJ IDEA 2021.3.2\bin;;C:\Users\Hp\AppData\Roaming\nvm;C:\Program Files\nodejs;C:\Users\Hp\AppData\Roaming\npm;;C:\WINDOWS\system32;
USERNAME=Hp
OS=Windows_NT
PROCESSOR_IDENTIFIER=Intel64 Family 6 Model 142 Stepping 11, GenuineIntel



---------------  S Y S T E M  ---------------

OS:
 Windows 11 , 64 bit Build 22621 (10.0.22621.3085)
OS uptime: 19 days 16:29 hours
Hyper-V role detected

CPU: total 8 (initial active 8) (4 cores per cpu, 2 threads per core) family 6 model 142 stepping 11 microcode 0xde, cx8, cmov, fxsr, ht, mmx, 3dnowpref, sse, sse2, sse3, ssse3, sse4.1, sse4.2, popcnt, lzcnt, tsc, tscinvbit, avx, avx2, aes, erms, clmul, bmi1, bmi2, adx, fma, vzeroupper, clflush, clflushopt, hv

Memory: 4k page, system-wide physical 8079M (498M free)
TotalPageFile size 23912M (AvailPageFile size 4150M)
current process WorkingSet (physical memory assigned to process): 403M, peak: 427M
current process commit charge ("private bytes"): 486M, peak: 517M

vm_info: Java HotSpot(TM) 64-Bit Server VM (17.0.2+8-LTS-86) for windows-amd64 JRE (17.0.2+8-LTS-86), built on Dec  7 2021 21:51:03 by "mach5one" with MS VC++ 16.8 / 16.9 (VS2019)

END.
